Attempting to connect to A4:C1:38:8D:7D:4F
[[0;93mCHG[0m] Device A4:C1:38:8D:7D:4F Connected: yes
Connection successful
[[0;92mNEW[0m] Primary Service (Handle 0x0000)
	/org/bluez/hci0/dev_A4_C1_38_8D_7D_4F/service0008
	00001801-0000-1000-8000-00805f9b34fb
	Generic Attribute Profile
[[0;92mNEW[0m] Characteristic (Handle 0x0000)
	/org/bluez/hci0/dev_A4_C1_38_8D_7D_4F/service0008/char0009
	00002a05-0000-1000-8000-00805f9b34fb
	Service Changed
[[0;92mNEW[0m] Descriptor (Handle 0x0000)
	/org/bluez/hci0/dev_A4_C1_38_8D_7D_4F/service0008/char0009/desc000b
	00002902-0000-1000-8000-00805f9b34fb
	Client Characteristic Configuration
[[0;92mNEW[0m] Primary Service (Handle 0x0000)
	/org/bluez/hci0/dev_A4_C1_38_8D_7D_4F/service000c
	0000180f-0000-1000-8000-00805f9b34fb
	Battery Service
[[0;92mNEW[0m] Characteristic (Handle 0x0000)
	/org/bluez/hci0/dev_A4_C1_38_8D_7D_4F/service000c/char000d
	00002a19-0000-1000-8000-00805f9b34fb
	Battery Level
[[0;92mNEW[0m] Descriptor (Handle 0x0000)
	/org/bluez/hci0/dev_A4_C1_38_8D_7D_4F/service000c/char000d/desc000f
	00002902-0000-1000-8000-00805f9b34fb
	Client Characteristic Configuration
[[0;92mNEW[0m] Primary Service (Handle 0x0000)
	/org/bluez/hci0/dev_A4_C1_38_8D_7D_4F/service0010
	0000181a-0000-1000-8000-00805f9b34fb
	Environmental Sensing
[[0;92mNEW[0m] Characteristic (Handle 0x0000)
	/org/bluez/hci0/dev_A4_C1_38_8D_7D_4F/service0010/char0011
	00002a1f-0000-1000-8000-00805f9b34fb
	Unknown
[[0;92mNEW[0m] Descriptor (Handle 0x0000)
	/org/bluez/hci0/dev_A4_C1_38_8D_7D_4F/service0010/char0011/desc0013
	00002902-0000-1000-8000-00805f9b34fb
	Client Characteristic Configuration
[[0;92mNEW[0m] Characteristic (Handle 0x0000)
	/org/bluez/hci0/dev_A4_C1_38_8D_7D_4F/service0010/char0014
	00002a6f-0000-1000-8000-00805f9b34fb
	Humidity
[[0;92mNEW[0m] Descriptor (Handle 0x0000)
	/org/bluez/hci0/dev_A4_C1_38_8D_7D_4F/service0010/char0014/desc0016
	00002902-0000-1000-8000-00805f9b34fb
	Client Characteristic Configuration
[[0;92mNEW[0m] Primary Service (Handle 0x0000)
	/org/bluez/hci0/dev_A4_C1_38_8D_7D_4F/service0017
	00010203-0405-0607-0809-0a0b0c0d1912
	Vendor specific
[[0;92mNEW[0m] Characteristic (Handle 0x0000)
	/org/bluez/hci0/dev_A4_C1_38_8D_7D_4F/service0017/char0018
	00010203-0405-0607-0809-0a0b0c0d2b12
	Vendor specific
[[0;92mNEW[0m] Descriptor (Handle 0x0000)
	/org/bluez/hci0/dev_A4_C1_38_8D_7D_4F/service0017/char0018/desc001a
	00002901-0000-1000-8000-00805f9b34fb
	Characteristic User Description
[[0;92mNEW[0m] Primary Service (Handle 0x0000)
	/org/bluez/hci0/dev_A4_C1_38_8D_7D_4F/service001b
	00001f10-0000-1000-8000-00805f9b34fb
	Unknown
[[0;92mNEW[0m] Characteristic (Handle 0x0000)
	/org/bluez/hci0/dev_A4_C1_38_8D_7D_4F/service001b/char001c
	00001f1f-0000-1000-8000-00805f9b34fb
	Unknown
[[0;92mNEW[0m] Descriptor (Handle 0x0000)
	/org/bluez/hci0/dev_A4_C1_38_8D_7D_4F/service001b/char001c/desc001e
	00002902-0000-1000-8000-00805f9b34fb
	Client Characteristic Configuration
[[0;93mCHG[0m] Device A4:C1:38:8D:7D:4F UUIDs: 00001800-0000-1000-8000-00805f9b34fb
[[0;93mCHG[0m] Device A4:C1:38:8D:7D:4F UUIDs: 00001801-0000-1000-8000-00805f9b34fb
[[0;93mCHG[0m] Device A4:C1:38:8D:7D:4F UUIDs: 0000180f-0000-1000-8000-00805f9b34fb
[[0;93mCHG[0m] Device A4:C1:38:8D:7D:4F UUIDs: 0000181a-0000-1000-8000-00805f9b34fb
[[0;93mCHG[0m] Device A4:C1:38:8D:7D:4F UUIDs: 00001f10-0000-1000-8000-00805f9b34fb
[[0;93mCHG[0m] Device A4:C1:38:8D:7D:4F UUIDs: 00010203-0405-0607-0809-0a0b0c0d1912
[[0;93mCHG[0m] Device A4:C1:38:8D:7D:4F ServicesResolved: yes
