Device A4:C1:38:8D:7D:4F (public)
	Name: ATC_8D7D4F
	Alias: ATC_8D7D4F
	Paired: no
	Bonded: no
	Trusted: no
	Blocked: no
	Connected: no
	LegacyPairing: no
	UUID: Generic Access Profile    (00001800-0000-1000-8000-00805f9b34fb)
	UUID: Generic Attribute Profile (00001801-0000-1000-8000-00805f9b34fb)
	UUID: Battery Service           (0000180f-0000-1000-8000-00805f9b34fb)
	UUID: Environmental Sensing     (0000181a-0000-1000-8000-00805f9b34fb)
	UUID: Unknown                   (00001f10-0000-1000-8000-00805f9b34fb)
	UUID: Vendor specific           (00010203-0405-0607-0809-0a0b0c0d1912)
	ServiceData.0000181a-0000-1000-8000-00805f9b34fb:
  a4 c1 38 8d 7d 4f 00 bc 3c 51 0b 74 e4           ..8.}O..<Q.t.   
	RSSI: 0xffffffa2 (-94)
[[0;91mDEL[0m] Device 47:9C:15:8F:77:BC 47-9C-15-8F-77-BC
[[0;91mDEL[0m] Device 6D:47:D9:52:65:64 6D-47-D9-52-65-64
[[0;91mDEL[0m] Device 5C:A0:04:A6:75:BE XIAO-nRF54L15
