SetDiscoveryFilter success
Discovery started
[[0;92mNEW[0m] Device 5C:A0:04:A6:75:BE XIAO-nRF54L15
[[0;93mCHG[0m] Device 5C:A0:04:A6:75:BE RSSI: 0xffffffc3 (-61)
[[0;93mCHG[0m] Device 5C:A0:04:A6:75:BE RSSI: 0xffffffc2 (-62)
[[0;93mCHG[0m] Device 5C:A0:04:A6:75:BE RSSI: 0xffffffc3 (-61)
[[0;93mCHG[0m] Device 5C:A0:04:A6:75:BE RSSI: 0xffffffc3 (-61)
[[0;93mCHG[0m] Device 5C:A0:04:A6:75:BE RSSI: 0xffffffbf (-65)
[[0;93mCHG[0m] Device 5C:A0:04:A6:75:BE RSSI: 0xffffffc2 (-62)
[[0;93mCHG[0m] Device 5C:A0:04:A6:75:BE RSSI: 0xffffffc3 (-61)
[[0;93mCHG[0m] Device 5C:A0:04:A6:75:BE RSSI: 0xffffffbf (-65)
[[0;93mCHG[0m] Device 5C:A0:04:A6:75:BE RSSI: 0xffffffc3 (-61)
[[0;92mNEW[0m] Device 6D:47:D9:52:65:64 6D-47-D9-52-65-64
[[0;93mCHG[0m] Device 5C:A0:04:A6:75:BE RSSI: 0xffffffc2 (-62)
[[0;93mCHG[0m] Device 5C:A0:04:A6:75:BE RSSI: 0xffffffbf (-65)
[[0;93mCHG[0m] Device 5C:A0:04:A6:75:BE RSSI: 0xffffffc3 (-61)
[[0;92mNEW[0m] Device 47:9C:15:8F:77:BC 47-9C-15-8F-77-BC
[[0;93mCHG[0m] Device 6D:47:D9:52:65:64 RSSI: 0xffffffa5 (-91)
[[0;93mCHG[0m] Device 5C:A0:04:A6:75:BE RSSI: 0xffffffc2 (-62)
[[0;93mCHG[0m] Device 5C:A0:04:A6:75:BE RSSI: 0xffffffc3 (-61)
[[0;93mCHG[0m] Device 6D:47:D9:52:65:64 RSSI: 0xffffffa6 (-90)
[[0;93mCHG[0m] Device 5C:A0:04:A6:75:BE RSSI: 0xffffffc3 (-61)
[[0;92mNEW[0m] Device A4:C1:38:8D:7D:4F ATC_8D7D4F
[[0;93mCHG[0m] Device 47:9C:15:8F:77:BC RSSI: 0xffffffa6 (-90)
[[0;93mCHG[0m] Device 5C:A0:04:A6:75:BE RSSI: 0xffffffc3 (-61)
[[0;93mCHG[0m] Device 6D:47:D9:52:65:64 RSSI: 0xffffffa7 (-89)
[[0;93mCHG[0m] Device 5C:A0:04:A6:75:BE RSSI: 0xffffffbf (-65)
[[0;93mCHG[0m] Device 5C:A0:04:A6:75:BE RSSI: 0xffffffbf (-65)
[[0;93mCHG[0m] Device 5C:A0:04:A6:75:BE RSSI: 0xffffffc3 (-61)
[[0;93mCHG[0m] Device 5C:A0:04:A6:75:BE RSSI: 0xffffffbf (-65)
[[0;93mCHG[0m] Device 5C:A0:04:A6:75:BE RSSI: 0xffffffc2 (-62)
[[0;93mCHG[0m] Device 5C:A0:04:A6:75:BE RSSI: 0xffffffbf (-65)
[[0;93mCHG[0m] Device 5C:A0:04:A6:75:BE RSSI: 0xffffffc2 (-62)
[[0;93mCHG[0m] Device 5C:A0:04:A6:75:BE RSSI: 0xffffffc3 (-61)
[[0;93mCHG[0m] Device 5C:A0:04:A6:75:BE RSSI: 0xffffffbf (-65)
