Bluetooth monitor ver 5.72
btmon[2608816]: = Note: Linux version 6.17.0-14-generic (x86_64)       0.664106
btmon[2608816]: = Note: Bluetooth subsystem version 2.22               0.664108
= New Index: 68:34:21:E5:84:DF (Primary,USB,hci0)               [hci0] 0.664108
= Open Index: 68:34:21:E5:84:DF                                 [hci0] 0.664108
= Index Info: 68:34:21:E5:84:DF (Intel Corp.)                   [hci0] 0.664108
bluetoothctl[2608815]: @ MGMT Open: bluetooth.. version 1.23  {0x0002} 0.664109
bluetoothd[2915165]: @ MGMT Open.. (privileged) version 1.23  {0x0001} 0.664109
> HCI Event: Command Status (0x0f) plen 4                    #1 [hci0] 0.664965
      Inquiry (0x01|0x0001) ncmd 1
        Status: Success (0x00)
@ MGMT Event: Command Complete (0x0001) plen 4         {0x0001} [hci0] 0.665091
      Start Service Discovery (0x003a) plen 1
        Status: Success (0x00)
        Address type: 0x01
          BR/EDR
@ MGMT Event: Discovering (0x0013) plen 2              {0x0001} [hci0] 0.665096
        Address type: 0x01
          BR/EDR
        Discovery: Enabled (0x01)
bluetoothctl[2608815]: @ MGMT Close: bluetoothctl             {0x0002} 6.673960
bluetoothctl[2609373]: @ MGMT Open: bluetooth.. version 1.23  {0x0002} 6.682551
bluetoothd[2915165]: @ MGMT Command.. (0x0024) plen 1  {0x0001} [hci0] 8.722166
        Address type: 0x01
          BR/EDR
< HCI Command: Inquiry Cancel (0x01|0x0002) plen 0           #2 [hci0] 8.722353
> HCI Event: Command Complete (0x0e) plen 4                  #3 [hci0] 8.817127
      Inquiry Cancel (0x01|0x0002) ncmd 1
        Status: Success (0x00)
@ MGMT Event: Discovering (0x0013) plen 2              {0x0001} [hci0] 8.817150
        Address type: 0x01
          BR/EDR
        Discovery: Disabled (0x00)
@ MGMT Event: Command Complete (0x0001) plen 4         {0x0001} [hci0] 8.817286
      Stop Discovery (0x0024) plen 1
        Status: Success (0x00)
        Address type: 0x01
          BR/EDR
bluetoothctl[2609373]: @ MGMT Close: bluetoothctl            {0x0002} 14.694203
bluetoothctl[2610116]: @ MGMT Open: bluetoot.. version 1.23  {0x0002} 14.701468
bluetoothd[2915165]: @ MGMT Comman.. (0x003a) plen 4  {0x0001} [hci0] 28.729701
        Address type: 0x01
          BR/EDR
        RSSI: invalid (0x7f)
        UUIDs: 0
< HCI Command: Inquiry (0x01|0x0001) plen 5                 #4 [hci0] 28.729719
        Access code: 0x9e8b33 (General Inquiry)
        Length: 10.24s (0x08)
        Num responses: 0
> HCI Event: Command Status (0x0f) plen 4                   #5 [hci0] 28.824543
      Inquiry (0x01|0x0001) ncmd 1
        Status: Success (0x00)
@ MGMT Event: Command Complete (0x0001) plen 4        {0x0001} [hci0] 28.824578
      Start Service Discovery (0x003a) plen 1
        Status: Success (0x00)
        Address type: 0x01
          BR/EDR
@ MGMT Event: Discovering (0x0013) plen 2             {0x0001} [hci0] 28.824589
        Address type: 0x01
          BR/EDR
        Discovery: Enabled (0x01)
bluetoothctl[2610116]: @ MGMT Close: bluetoothctl            {0x0002} 34.709981
bluetoothctl[2611942]: @ MGMT Open: bluetoot.. version 1.23  {0x0002} 34.721151
> HCI Event: Inquiry Complete (0x01) plen 1                 #6 [hci0] 39.127759
        Status: Success (0x00)
@ MGMT Event: Discovering (0x0013) plen 2             {0x0001} [hci0] 39.127863
        Address type: 0x01
          BR/EDR
        Discovery: Disabled (0x00)
bluetoothd[2915165]: @ MGMT Comman.. (0x003a) plen 4  {0x0001} [hci0] 39.127943
        Address type: 0x01
          BR/EDR
        RSSI: invalid (0x7f)
        UUIDs: 0
< HCI Command: Inquiry (0x01|0x0001) plen 5                 #7 [hci0] 39.128064
        Access code: 0x9e8b33 (General Inquiry)
        Length: 10.24s (0x08)
        Num responses: 0
> HCI Event: Command Status (0x0f) plen 4                   #8 [hci0] 39.128751
      Inquiry (0x01|0x0001) ncmd 1
        Status: Success (0x00)
@ MGMT Event: Command Complete (0x0001) plen 4        {0x0001} [hci0] 39.128881
      Start Service Discovery (0x003a) plen 1
        Status: Success (0x00)
        Address type: 0x01
          BR/EDR
@ MGMT Event: Discovering (0x0013) plen 2             {0x0001} [hci0] 39.128889
        Address type: 0x01
          BR/EDR
        Discovery: Enabled (0x01)
bluetoothctl[2611942]: @ MGMT Close: bluetoothctl            {0x0002} 42.731238
