SetDiscoveryFilter success
Discovery started
[[0;92mNEW[0m] Device A4:C1:38:8D:7D:4F ATC_8D7D4F
[[0;92mNEW[0m] Device 4B:9E:B7:C1:74:83 XIAO-nRF54-LED
[[0;93mCHG[0m] Device 4B:9E:B7:C1:74:83 RSSI: 0xffffffc0 (-64)
[[0;93mCHG[0m] Device 4B:9E:B7:C1:74:83 RSSI: 0xffffffc1 (-63)
[[0;93mCHG[0m] Device 4B:9E:B7:C1:74:83 RSSI: 0xffffffc1 (-63)
[[0;93mCHG[0m] Device 4B:9E:B7:C1:74:83 RSSI: 0xffffffc6 (-58)
[[0;93mCHG[0m] Device 4B:9E:B7:C1:74:83 RSSI: 0xffffffc1 (-63)
[[0;93mCHG[0m] Device 4B:9E:B7:C1:74:83 RSSI: 0xffffffc0 (-64)
[[0;92mNEW[0m] Device A4:C1:38:D0:E4:84 ATC_D0E484
[[0;93mCHG[0m] Device 4B:9E:B7:C1:74:83 RSSI: 0xffffffc1 (-63)
[[0;93mCHG[0m] Device 4B:9E:B7:C1:74:83 RSSI: 0xffffffc6 (-58)
[[0;93mCHG[0m] Device 4B:9E:B7:C1:74:83 RSSI: 0xffffffc0 (-64)
[[0;93mCHG[0m] Device 4B:9E:B7:C1:74:83 RSSI: 0xffffffc0 (-64)
[[0;93mCHG[0m] Device 4B:9E:B7:C1:74:83 RSSI: 0xffffffc2 (-62)
[[0;93mCHG[0m] Device 4B:9E:B7:C1:74:83 RSSI: 0xffffffc7 (-57)
[[0;93mCHG[0m] Device A4:C1:38:8D:7D:4F RSSI: 0xffffff9e (-98)
[[0;93mCHG[0m] Device 4B:9E:B7:C1:74:83 RSSI: 0xffffffc5 (-59)
[[0;93mCHG[0m] Device 4B:9E:B7:C1:74:83 RSSI: 0xffffffbf (-65)
[[0;93mCHG[0m] Device 4B:9E:B7:C1:74:83 RSSI: 0xffffffc5 (-59)
[[0;93mCHG[0m] Device 4B:9E:B7:C1:74:83 RSSI: 0xffffffc5 (-59)
[[0;93mCHG[0m] Device 4B:9E:B7:C1:74:83 RSSI: 0xffffffbe (-66)
[[0;92mNEW[0m] Device F8:42:16:BA:CD:63 F8-42-16-BA-CD-63
[[0;93mCHG[0m] Device 4B:9E:B7:C1:74:83 RSSI: 0xffffffbf (-65)
[[0;92mNEW[0m] Device 58:50:45:11:3B:C0 58-50-45-11-3B-C0
[[0;93mCHG[0m] Device 4B:9E:B7:C1:74:83 RSSI: 0xffffffbf (-65)
[[0;92mNEW[0m] Device 5F:27:1A:05:A6:39 5F-27-1A-05-A6-39
[[0;93mCHG[0m] Device 4B:9E:B7:C1:74:83 RSSI: 0xffffffc5 (-59)
[[0;93mCHG[0m] Device 4B:9E:B7:C1:74:83 RSSI: 0xffffffc5 (-59)
[[0;93mCHG[0m] Device 4B:9E:B7:C1:74:83 RSSI: 0xffffffbe (-66)
[[0;93mCHG[0m] Device 4B:9E:B7:C1:74:83 RSSI: 0xffffffbf (-65)
[[0;93mCHG[0m] Device 4B:9E:B7:C1:74:83 RSSI: 0xffffffc5 (-59)
