SetDiscoveryFilter success
hci0 type 1 discovering off
hci0 type 7 discovering on
Discovery started
[[0;92mNEW[0m] Device C0:DE:54:15:00:51 X54-PAIR
[[0;92mNEW[0m] Device 6F:08:D4:A0:CE:84 6F-08-D4-A0-CE-84
[[0;93mCHG[0m] Device 6F:08:D4:A0:CE:84 RSSI: 0xffffffa9 (-87)
[[0;92mNEW[0m] Device A4:C1:38:8D:7D:4F ATC_8D7D4F
[[0;93mCHG[0m] Device A4:C1:38:8D:7D:4F RSSI: 0xffffffa8 (-88)
[[0;92mNEW[0m] Device A4:C1:38:26:4E:DA ATC_264EDA
[[0;93mCHG[0m] Device C0:DE:54:15:00:51 RSSI: 0xffffffb5 (-75)
[[0;93mCHG[0m] Device 6F:08:D4:A0:CE:84 RSSI: 0xffffffa6 (-90)
[[0;93mCHG[0m] Device C0:DE:54:15:00:51 RSSI: 0xffffffb8 (-72)
[[0;93mCHG[0m] Device 6F:08:D4:A0:CE:84 RSSI: 0xffffffa5 (-91)
[[0;93mCHG[0m] Device 6F:08:D4:A0:CE:84 RSSI: 0xffffffa6 (-90)
[[0;93mCHG[0m] Device 6F:08:D4:A0:CE:84 RSSI: 0xffffffa8 (-88)
[[0;93mCHG[0m] Device 6F:08:D4:A0:CE:84 RSSI: 0xffffffa5 (-91)
[[0;93mCHG[0m] Device 6F:08:D4:A0:CE:84 RSSI: 0xffffffa5 (-91)
[[0;92mNEW[0m] Device 73:01:16:B1:70:95 73-01-16-B1-70-95
[[0;93mCHG[0m] Device 6F:08:D4:A0:CE:84 RSSI: 0xffffffa8 (-88)
[[0;93mCHG[0m] Device A4:C1:38:8D:7D:4F RSSI: 0xffffffa4 (-92)
[[0;93mCHG[0m] Device 6F:08:D4:A0:CE:84 RSSI: 0xffffffa5 (-91)
[[0;93mCHG[0m] Device 73:01:16:B1:70:95 RSSI: 0xffffffac (-84)
[[0;92mNEW[0m] Device FB:81:00:8F:DD:DB FB-81-00-8F-DD-DB
[[0;93mCHG[0m] Device 6F:08:D4:A0:CE:84 RSSI: 0xffffffa8 (-88)
