Attempting to disconnect from C0:DE:54:15:00:41
[[0;91mDEL[0m] Device A4:C1:38:D0:E4:84 ATC_D0E484
[[0;91mDEL[0m] Device A4:C1:38:75:8A:D6 LYWSD03MMC
hci0 C0:DE:54:15:00:41 type LE Random disconnected with reason 2
[[0;93mCHG[0m] Device C0:DE:54:15:00:41 ServicesResolved: no
Successful disconnected
[[0;91mDEL[0m] Descriptor (Handle 0x0000)
	/org/bluez/hci0/dev_C0_DE_54_15_00_41/service0008/char0009/desc000b
	00002902-0000-1000-8000-00805f9b34fb
	Client Characteristic Configuration
[[0;91mDEL[0m] Characteristic (Handle 0x0000)
	/org/bluez/hci0/dev_C0_DE_54_15_00_41/service0008/char0009
	00002a05-0000-1000-8000-00805f9b34fb
	Service Changed
[[0;91mDEL[0m] Primary Service (Handle 0x0000)
	/org/bluez/hci0/dev_C0_DE_54_15_00_41/service0008
	00001801-0000-1000-8000-00805f9b34fb
	Generic Attribute Profile
[[0;91mDEL[0m] Descriptor (Handle 0x0000)
	/org/bluez/hci0/dev_C0_DE_54_15_00_41/service0010/char0011/desc0013
	00002902-0000-1000-8000-00805f9b34fb
	Client Characteristic Configuration
[[0;91mDEL[0m] Characteristic (Handle 0x0000)
	/org/bluez/hci0/dev_C0_DE_54_15_00_41/service0010/char0011
	00002a19-0000-1000-8000-00805f9b34fb
	Battery Level
[[0;91mDEL[0m] Primary Service (Handle 0x0000)
	/org/bluez/hci0/dev_C0_DE_54_15_00_41/service0010
	0000180f-0000-1000-8000-00805f9b34fb
	Battery Service
[[0;91mDEL[0m] Media /org/bluez/hci0 
	SupportedUUIDs: 0000110a-0000-1000-8000-00805f9b34fb
	SupportedUUIDs: 0000110b-0000-1000-8000-00805f9b34fb
No agent is registered
[[0;91mDEL[0m] Controller 68:34:21:E5:84:DF lolren-ms7e34 [default]
No default controller available
[[0;92mNEW[0m] Media /org/bluez/hci0 
	SupportedUUIDs: 0000110a-0000-1000-8000-00805f9b34fb
	SupportedUUIDs: 0000110b-0000-1000-8000-00805f9b34fb
[[0;92mNEW[0m] Controller 68:34:21:E5:84:DF BlueZ 5.72 [default]
[[0;92mNEW[0m] Device C0:DE:54:15:00:41 XIAO nRF54L15 Battery
[[0;92mNEW[0m] Device 40:5E:F6:0D:B8:15 Galaxy Buds Live (B815)
[[0;93mCHG[0m] Controller 68:34:21:E5:84:DF UUIDs: 0000110e-0000-1000-8000-00805f9b34fb
[[0;93mCHG[0m] Controller 68:34:21:E5:84:DF UUIDs: 00001200-0000-1000-8000-00805f9b34fb
[[0;93mCHG[0m] Controller 68:34:21:E5:84:DF UUIDs: 00001132-0000-1000-8000-00805f9b34fb
[[0;93mCHG[0m] Controller 68:34:21:E5:84:DF UUIDs: 00001133-0000-1000-8000-00805f9b34fb
[[0;93mCHG[0m] Controller 68:34:21:E5:84:DF UUIDs: 0000110c-0000-1000-8000-00805f9b34fb
[[0;93mCHG[0m] Controller 68:34:21:E5:84:DF UUIDs: 00001800-0000-1000-8000-00805f9b34fb
[[0;93mCHG[0m] Controller 68:34:21:E5:84:DF UUIDs: 0000112f-0000-1000-8000-00805f9b34fb
[[0;93mCHG[0m] Controller 68:34:21:E5:84:DF UUIDs: 00001801-0000-1000-8000-00805f9b34fb
[[0;93mCHG[0m] Controller 68:34:21:E5:84:DF UUIDs: 00001106-0000-1000-8000-00805f9b34fb
[[0;93mCHG[0m] Controller 68:34:21:E5:84:DF UUIDs: 0000180a-0000-1000-8000-00805f9b34fb
[[0;93mCHG[0m] Controller 68:34:21:E5:84:DF UUIDs: 00001104-0000-1000-8000-00805f9b34fb
[[0;93mCHG[0m] Controller 68:34:21:E5:84:DF UUIDs: 00001105-0000-1000-8000-00805f9b34fb
[[0;93mCHG[0m] Controller 68:34:21:E5:84:DF UUIDs: 00005005-0000-1000-8000-0002ee000001
[[0;93mCHG[0m] Controller 68:34:21:E5:84:DF UUIDs: 0000110e-0000-1000-8000-00805f9b34fb
[[0;93mCHG[0m] Controller 68:34:21:E5:84:DF UUIDs: 00001200-0000-1000-8000-00805f9b34fb
[[0;93mCHG[0m] Controller 68:34:21:E5:84:DF UUIDs: 00001132-0000-1000-8000-00805f9b34fb
[[0;93mCHG[0m] Controller 68:34:21:E5:84:DF UUIDs: 00001133-0000-1000-8000-00805f9b34fb
[[0;93mCHG[0m] Controller 68:34:21:E5:84:DF UUIDs: 0000110c-0000-1000-8000-00805f9b34fb
[[0;93mCHG[0m] Controller 68:34:21:E5:84:DF UUIDs: 00001800-0000-1000-8000-00805f9b34fb
[[0;93mCHG[0m] Controller 68:34:21:E5:84:DF UUIDs: 0000112f-0000-1000-8000-00805f9b34fb
[[0;93mCHG[0m] Controller 68:34:21:E5:84:DF UUIDs: 00001801-0000-1000-8000-00805f9b34fb
[[0;93mCHG[0m] Controller 68:34:21:E5:84:DF UUIDs: 00001106-0000-1000-8000-00805f9b34fb
[[0;93mCHG[0m] Controller 68:34:21:E5:84:DF UUIDs: 0000180a-0000-1000-8000-00805f9b34fb
[[0;93mCHG[0m] Controller 68:34:21:E5:84:DF UUIDs: 00001104-0000-1000-8000-00805f9b34fb
[[0;93mCHG[0m] Controller 68:34:21:E5:84:DF UUIDs: 00001105-0000-1000-8000-00805f9b34fb
[[0;93mCHG[0m] Controller 68:34:21:E5:84:DF UUIDs: 00005005-0000-1000-8000-0002ee000001
[[0;93mCHG[0m] Controller 68:34:21:E5:84:DF UUIDs: 0000110e-0000-1000-8000-00805f9b34fb
[[0;93mCHG[0m] Controller 68:34:21:E5:84:DF UUIDs: 00001200-0000-1000-8000-00805f9b34fb
[[0;93mCHG[0m] Controller 68:34:21:E5:84:DF UUIDs: 00001132-0000-1000-8000-00805f9b34fb
[[0;93mCHG[0m] Controller 68:34:21:E5:84:DF UUIDs: 00001133-0000-1000-8000-00805f9b34fb
[[0;93mCHG[0m] Controller 68:34:21:E5:84:DF UUIDs: 0000110c-0000-1000-8000-00805f9b34fb
[[0;93mCHG[0m] Controller 68:34:21:E5:84:DF UUIDs: 00001800-0000-1000-8000-00805f9b34fb
[[0;93mCHG[0m] Controller 68:34:21:E5:84:DF UUIDs: 0000112f-0000-1000-8000-00805f9b34fb
[[0;93mCHG[0m] Controller 68:34:21:E5:84:DF UUIDs: 00001801-0000-1000-8000-00805f9b34fb
[[0;93mCHG[0m] Controller 68:34:21:E5:84:DF UUIDs: 00001106-0000-1000-8000-00805f9b34fb
[[0;93mCHG[0m] Controller 68:34:21:E5:84:DF UUIDs: 0000180a-0000-1000-8000-00805f9b34fb
[[0;93mCHG[0m] Controller 68:34:21:E5:84:DF UUIDs: 00001104-0000-1000-8000-00805f9b34fb
[[0;93mCHG[0m] Controller 68:34:21:E5:84:DF UUIDs: 00001105-0000-1000-8000-00805f9b34fb
[[0;93mCHG[0m] Controller 68:34:21:E5:84:DF UUIDs: 00005005-0000-1000-8000-0002ee000001
hci0 class of device changed: 0x000104
[[0;93mCHG[0m] Controller 68:34:21:E5:84:DF Class: 0x00000104 (260)
[[0;93mCHG[0m] Controller 68:34:21:E5:84:DF UUIDs: 0000110e-0000-1000-8000-00805f9b34fb
[[0;93mCHG[0m] Controller 68:34:21:E5:84:DF UUIDs: 00001200-0000-1000-8000-00805f9b34fb
[[0;93mCHG[0m] Controller 68:34:21:E5:84:DF UUIDs: 00001132-0000-1000-8000-00805f9b34fb
[[0;93mCHG[0m] Controller 68:34:21:E5:84:DF UUIDs: 00001133-0000-1000-8000-00805f9b34fb
[[0;93mCHG[0m] Controller 68:34:21:E5:84:DF UUIDs: 0000110c-0000-1000-8000-00805f9b34fb
[[0;93mCHG[0m] Controller 68:34:21:E5:84:DF UUIDs: 00001800-0000-1000-8000-00805f9b34fb
[[0;93mCHG[0m] Controller 68:34:21:E5:84:DF UUIDs: 0000112f-0000-1000-8000-00805f9b34fb
[[0;93mCHG[0m] Controller 68:34:21:E5:84:DF UUIDs: 00001801-0000-1000-8000-00805f9b34fb
[[0;93mCHG[0m] Controller 68:34:21:E5:84:DF UUIDs: 00001106-0000-1000-8000-00805f9b34fb
[[0;93mCHG[0m] Controller 68:34:21:E5:84:DF UUIDs: 0000180a-0000-1000-8000-00805f9b34fb
[[0;93mCHG[0m] Controller 68:34:21:E5:84:DF UUIDs: 00001104-0000-1000-8000-00805f9b34fb
[[0;93mCHG[0m] Controller 68:34:21:E5:84:DF UUIDs: 0000111e-0000-1000-8000-00805f9b34fb
[[0;93mCHG[0m] Controller 68:34:21:E5:84:DF UUIDs: 00001105-0000-1000-8000-00805f9b34fb
[[0;93mCHG[0m] Controller 68:34:21:E5:84:DF UUIDs: 0000111f-0000-1000-8000-00805f9b34fb
[[0;93mCHG[0m] Controller 68:34:21:E5:84:DF UUIDs: 00005005-0000-1000-8000-0002ee000001
[[0;93mCHG[0m] Controller 68:34:21:E5:84:DF UUIDs: 00001133-0000-1000-8000-00805f9b34fb
[[0;93mCHG[0m] Controller 68:34:21:E5:84:DF UUIDs: 0000110e-0000-1000-8000-00805f9b34fb
[[0;93mCHG[0m] Controller 68:34:21:E5:84:DF UUIDs: 03b80e5a-ede8-4b33-a751-6ce34ec4c700
[[0;93mCHG[0m] Controller 68:34:21:E5:84:DF UUIDs: 00001105-0000-1000-8000-00805f9b34fb
[[0;93mCHG[0m] Controller 68:34:21:E5:84:DF UUIDs: 00001132-0000-1000-8000-00805f9b34fb
[[0;93mCHG[0m] Controller 68:34:21:E5:84:DF UUIDs: 00001200-0000-1000-8000-00805f9b34fb
[[0;93mCHG[0m] Controller 68:34:21:E5:84:DF UUIDs: 00001104-0000-1000-8000-00805f9b34fb
[[0;93mCHG[0m] Controller 68:34:21:E5:84:DF UUIDs: 00005005-0000-1000-8000-0002ee000001
[[0;93mCHG[0m] Controller 68:34:21:E5:84:DF UUIDs: 0000110c-0000-1000-8000-00805f9b34fb
[[0;93mCHG[0m] Controller 68:34:21:E5:84:DF UUIDs: 00001801-0000-1000-8000-00805f9b34fb
[[0;93mCHG[0m] Controller 68:34:21:E5:84:DF UUIDs: 0000112f-0000-1000-8000-00805f9b34fb
[[0;93mCHG[0m] Controller 68:34:21:E5:84:DF UUIDs: 0000180a-0000-1000-8000-00805f9b34fb
[[0;93mCHG[0m] Controller 68:34:21:E5:84:DF UUIDs: 00001800-0000-1000-8000-00805f9b34fb
[[0;93mCHG[0m] Controller 68:34:21:E5:84:DF UUIDs: 0000111f-0000-1000-8000-00805f9b34fb
[[0;93mCHG[0m] Controller 68:34:21:E5:84:DF UUIDs: 00001106-0000-1000-8000-00805f9b34fb
[[0;93mCHG[0m] Controller 68:34:21:E5:84:DF UUIDs: 0000111e-0000-1000-8000-00805f9b34fb
[[0;93mCHG[0m] Controller 68:34:21:E5:84:DF UUIDs: 00001133-0000-1000-8000-00805f9b34fb
[[0;93mCHG[0m] Controller 68:34:21:E5:84:DF UUIDs: 0000110e-0000-1000-8000-00805f9b34fb
[[0;93mCHG[0m] Controller 68:34:21:E5:84:DF UUIDs: 03b80e5a-ede8-4b33-a751-6ce34ec4c700
[[0;93mCHG[0m] Controller 68:34:21:E5:84:DF UUIDs: 00001105-0000-1000-8000-00805f9b34fb
[[0;93mCHG[0m] Controller 68:34:21:E5:84:DF UUIDs: 00001132-0000-1000-8000-00805f9b34fb
[[0;93mCHG[0m] Controller 68:34:21:E5:84:DF UUIDs: 00001200-0000-1000-8000-00805f9b34fb
[[0;93mCHG[0m] Controller 68:34:21:E5:84:DF UUIDs: 00001104-0000-1000-8000-00805f9b34fb
[[0;93mCHG[0m] Controller 68:34:21:E5:84:DF UUIDs: 00005005-0000-1000-8000-0002ee000001
[[0;93mCHG[0m] Controller 68:34:21:E5:84:DF UUIDs: 0000110c-0000-1000-8000-00805f9b34fb
[[0;93mCHG[0m] Controller 68:34:21:E5:84:DF UUIDs: 00001801-0000-1000-8000-00805f9b34fb
[[0;93mCHG[0m] Controller 68:34:21:E5:84:DF UUIDs: 0000112f-0000-1000-8000-00805f9b34fb
[[0;93mCHG[0m] Controller 68:34:21:E5:84:DF UUIDs: 0000180a-0000-1000-8000-00805f9b34fb
[[0;93mCHG[0m] Controller 68:34:21:E5:84:DF UUIDs: 0000110b-0000-1000-8000-00805f9b34fb
[[0;93mCHG[0m] Controller 68:34:21:E5:84:DF UUIDs: 00001800-0000-1000-8000-00805f9b34fb
[[0;93mCHG[0m] Controller 68:34:21:E5:84:DF UUIDs: 0000111f-0000-1000-8000-00805f9b34fb
[[0;93mCHG[0m] Controller 68:34:21:E5:84:DF UUIDs: 0000110a-0000-1000-8000-00805f9b34fb
[[0;93mCHG[0m] Controller 68:34:21:E5:84:DF UUIDs: 00001106-0000-1000-8000-00805f9b34fb
[[0;93mCHG[0m] Controller 68:34:21:E5:84:DF UUIDs: 0000111e-0000-1000-8000-00805f9b34fb
[[0;93mCHG[0m] Controller 68:34:21:E5:84:DF UUIDs: 00001133-0000-1000-8000-00805f9b34fb
[[0;93mCHG[0m] Controller 68:34:21:E5:84:DF UUIDs: 0000110e-0000-1000-8000-00805f9b34fb
[[0;93mCHG[0m] Controller 68:34:21:E5:84:DF UUIDs: 03b80e5a-ede8-4b33-a751-6ce34ec4c700
[[0;93mCHG[0m] Controller 68:34:21:E5:84:DF UUIDs: 00001105-0000-1000-8000-00805f9b34fb
[[0;93mCHG[0m] Controller 68:34:21:E5:84:DF UUIDs: 00001132-0000-1000-8000-00805f9b34fb
[[0;93mCHG[0m] Controller 68:34:21:E5:84:DF UUIDs: 00001200-0000-1000-8000-00805f9b34fb
[[0;93mCHG[0m] Controller 68:34:21:E5:84:DF UUIDs: 00001104-0000-1000-8000-00805f9b34fb
[[0;93mCHG[0m] Controller 68:34:21:E5:84:DF UUIDs: 00005005-0000-1000-8000-0002ee000001
[[0;93mCHG[0m] Controller 68:34:21:E5:84:DF UUIDs: 0000110c-0000-1000-8000-00805f9b34fb
[[0;93mCHG[0m] Controller 68:34:21:E5:84:DF UUIDs: 00001801-0000-1000-8000-00805f9b34fb
[[0;93mCHG[0m] Controller 68:34:21:E5:84:DF UUIDs: 0000112f-0000-1000-8000-00805f9b34fb
[[0;93mCHG[0m] Controller 68:34:21:E5:84:DF UUIDs: 0000180a-0000-1000-8000-00805f9b34fb
[[0;93mCHG[0m] Controller 68:34:21:E5:84:DF UUIDs: 0000110b-0000-1000-8000-00805f9b34fb
[[0;93mCHG[0m] Controller 68:34:21:E5:84:DF UUIDs: 00001800-0000-1000-8000-00805f9b34fb
[[0;93mCHG[0m] Controller 68:34:21:E5:84:DF UUIDs: 0000111f-0000-1000-8000-00805f9b34fb
[[0;93mCHG[0m] Controller 68:34:21:E5:84:DF UUIDs: 0000110a-0000-1000-8000-00805f9b34fb
[[0;93mCHG[0m] Controller 68:34:21:E5:84:DF UUIDs: 00001106-0000-1000-8000-00805f9b34fb
[[0;93mCHG[0m] Controller 68:34:21:E5:84:DF UUIDs: 0000111e-0000-1000-8000-00805f9b34fb
[[0;93mCHG[0m] Controller 68:34:21:E5:84:DF UUIDs: 00001133-0000-1000-8000-00805f9b34fb
[[0;93mCHG[0m] Controller 68:34:21:E5:84:DF UUIDs: 0000110e-0000-1000-8000-00805f9b34fb
[[0;93mCHG[0m] Controller 68:34:21:E5:84:DF UUIDs: 03b80e5a-ede8-4b33-a751-6ce34ec4c700
[[0;93mCHG[0m] Controller 68:34:21:E5:84:DF UUIDs: 00001105-0000-1000-8000-00805f9b34fb
[[0;93mCHG[0m] Controller 68:34:21:E5:84:DF UUIDs: 00001132-0000-1000-8000-00805f9b34fb
[[0;93mCHG[0m] Controller 68:34:21:E5:84:DF UUIDs: 00001200-0000-1000-8000-00805f9b34fb
[[0;93mCHG[0m] Controller 68:34:21:E5:84:DF UUIDs: 00001104-0000-1000-8000-00805f9b34fb
[[0;93mCHG[0m] Controller 68:34:21:E5:84:DF UUIDs: 00005005-0000-1000-8000-0002ee000001
[[0;93mCHG[0m] Controller 68:34:21:E5:84:DF UUIDs: 0000110c-0000-1000-8000-00805f9b34fb
[[0;93mCHG[0m] Controller 68:34:21:E5:84:DF UUIDs: 00001801-0000-1000-8000-00805f9b34fb
[[0;93mCHG[0m] Controller 68:34:21:E5:84:DF UUIDs: 0000112f-0000-1000-8000-00805f9b34fb
[[0;93mCHG[0m] Controller 68:34:21:E5:84:DF UUIDs: 0000180a-0000-1000-8000-00805f9b34fb
[[0;93mCHG[0m] Controller 68:34:21:E5:84:DF UUIDs: 0000110b-0000-1000-8000-00805f9b34fb
[[0;93mCHG[0m] Controller 68:34:21:E5:84:DF UUIDs: 00001800-0000-1000-8000-00805f9b34fb
[[0;93mCHG[0m] Controller 68:34:21:E5:84:DF UUIDs: 0000111f-0000-1000-8000-00805f9b34fb
[[0;93mCHG[0m] Controller 68:34:21:E5:84:DF UUIDs: 0000110a-0000-1000-8000-00805f9b34fb
[[0;93mCHG[0m] Controller 68:34:21:E5:84:DF UUIDs: 00001106-0000-1000-8000-00805f9b34fb
[[0;93mCHG[0m] Controller 68:34:21:E5:84:DF UUIDs: 0000111e-0000-1000-8000-00805f9b34fb
hci0 class of device changed: 0x100104
[[0;93mCHG[0m] Controller 68:34:21:E5:84:DF Class: 0x00100104 (1048836)
[[0;93mCHG[0m] Controller 68:34:21:E5:84:DF UUIDs: 00001133-0000-1000-8000-00805f9b34fb
[[0;93mCHG[0m] Controller 68:34:21:E5:84:DF UUIDs: 0000110e-0000-1000-8000-00805f9b34fb
[[0;93mCHG[0m] Controller 68:34:21:E5:84:DF UUIDs: 03b80e5a-ede8-4b33-a751-6ce34ec4c700
[[0;93mCHG[0m] Controller 68:34:21:E5:84:DF UUIDs: 00001105-0000-1000-8000-00805f9b34fb
[[0;93mCHG[0m] Controller 68:34:21:E5:84:DF UUIDs: 00001132-0000-1000-8000-00805f9b34fb
[[0;93mCHG[0m] Controller 68:34:21:E5:84:DF UUIDs: 00001200-0000-1000-8000-00805f9b34fb
[[0;93mCHG[0m] Controller 68:34:21:E5:84:DF UUIDs: 00001104-0000-1000-8000-00805f9b34fb
[[0;93mCHG[0m] Controller 68:34:21:E5:84:DF UUIDs: 00005005-0000-1000-8000-0002ee000001
[[0;93mCHG[0m] Controller 68:34:21:E5:84:DF UUIDs: 0000110c-0000-1000-8000-00805f9b34fb
[[0;93mCHG[0m] Controller 68:34:21:E5:84:DF UUIDs: 00001801-0000-1000-8000-00805f9b34fb
[[0;93mCHG[0m] Controller 68:34:21:E5:84:DF UUIDs: 0000112f-0000-1000-8000-00805f9b34fb
[[0;93mCHG[0m] Controller 68:34:21:E5:84:DF UUIDs: 0000180a-0000-1000-8000-00805f9b34fb
[[0;93mCHG[0m] Controller 68:34:21:E5:84:DF UUIDs: 0000110b-0000-1000-8000-00805f9b34fb
[[0;93mCHG[0m] Controller 68:34:21:E5:84:DF UUIDs: 00001800-0000-1000-8000-00805f9b34fb
[[0;93mCHG[0m] Controller 68:34:21:E5:84:DF UUIDs: 0000111f-0000-1000-8000-00805f9b34fb
[[0;93mCHG[0m] Controller 68:34:21:E5:84:DF UUIDs: 0000110a-0000-1000-8000-00805f9b34fb
[[0;93mCHG[0m] Controller 68:34:21:E5:84:DF UUIDs: 00001106-0000-1000-8000-00805f9b34fb
[[0;93mCHG[0m] Controller 68:34:21:E5:84:DF UUIDs: 0000111e-0000-1000-8000-00805f9b34fb
[[0;93mCHG[0m] Controller 68:34:21:E5:84:DF UUIDs: 00001133-0000-1000-8000-00805f9b34fb
[[0;93mCHG[0m] Controller 68:34:21:E5:84:DF UUIDs: 0000110e-0000-1000-8000-00805f9b34fb
[[0;93mCHG[0m] Controller 68:34:21:E5:84:DF UUIDs: 03b80e5a-ede8-4b33-a751-6ce34ec4c700
[[0;93mCHG[0m] Controller 68:34:21:E5:84:DF UUIDs: 00001105-0000-1000-8000-00805f9b34fb
[[0;93mCHG[0m] Controller 68:34:21:E5:84:DF UUIDs: 00001132-0000-1000-8000-00805f9b34fb
[[0;93mCHG[0m] Controller 68:34:21:E5:84:DF UUIDs: 00001200-0000-1000-8000-00805f9b34fb
[[0;93mCHG[0m] Controller 68:34:21:E5:84:DF UUIDs: 00001104-0000-1000-8000-00805f9b34fb
[[0;93mCHG[0m] Controller 68:34:21:E5:84:DF UUIDs: 00005005-0000-1000-8000-0002ee000001
[[0;93mCHG[0m] Controller 68:34:21:E5:84:DF UUIDs: 0000110c-0000-1000-8000-00805f9b34fb
[[0;93mCHG[0m] Controller 68:34:21:E5:84:DF UUIDs: 00001801-0000-1000-8000-00805f9b34fb
[[0;93mCHG[0m] Controller 68:34:21:E5:84:DF UUIDs: 0000112f-0000-1000-8000-00805f9b34fb
[[0;93mCHG[0m] Controller 68:34:21:E5:84:DF UUIDs: 0000180a-0000-1000-8000-00805f9b34fb
[[0;93mCHG[0m] Controller 68:34:21:E5:84:DF UUIDs: 0000110b-0000-1000-8000-00805f9b34fb
[[0;93mCHG[0m] Controller 68:34:21:E5:84:DF UUIDs: 00001800-0000-1000-8000-00805f9b34fb
[[0;93mCHG[0m] Controller 68:34:21:E5:84:DF UUIDs: 0000111f-0000-1000-8000-00805f9b34fb
[[0;93mCHG[0m] Controller 68:34:21:E5:84:DF UUIDs: 0000110a-0000-1000-8000-00805f9b34fb
[[0;93mCHG[0m] Controller 68:34:21:E5:84:DF UUIDs: 00001106-0000-1000-8000-00805f9b34fb
[[0;93mCHG[0m] Controller 68:34:21:E5:84:DF UUIDs: 0000111e-0000-1000-8000-00805f9b34fb
[[0;93mCHG[0m] Controller 68:34:21:E5:84:DF UUIDs: 00001133-0000-1000-8000-00805f9b34fb
[[0;93mCHG[0m] Controller 68:34:21:E5:84:DF UUIDs: 0000110e-0000-1000-8000-00805f9b34fb
[[0;93mCHG[0m] Controller 68:34:21:E5:84:DF UUIDs: 03b80e5a-ede8-4b33-a751-6ce34ec4c700
[[0;93mCHG[0m] Controller 68:34:21:E5:84:DF UUIDs: 00001105-0000-1000-8000-00805f9b34fb
[[0;93mCHG[0m] Controller 68:34:21:E5:84:DF UUIDs: 00001132-0000-1000-8000-00805f9b34fb
[[0;93mCHG[0m] Controller 68:34:21:E5:84:DF UUIDs: 00001200-0000-1000-8000-00805f9b34fb
[[0;93mCHG[0m] Controller 68:34:21:E5:84:DF UUIDs: 00001104-0000-1000-8000-00805f9b34fb
[[0;93mCHG[0m] Controller 68:34:21:E5:84:DF UUIDs: 00005005-0000-1000-8000-0002ee000001
[[0;93mCHG[0m] Controller 68:34:21:E5:84:DF UUIDs: 0000110c-0000-1000-8000-00805f9b34fb
[[0;93mCHG[0m] Controller 68:34:21:E5:84:DF UUIDs: 00001801-0000-1000-8000-00805f9b34fb
[[0;93mCHG[0m] Controller 68:34:21:E5:84:DF UUIDs: 0000112f-0000-1000-8000-00805f9b34fb
[[0;93mCHG[0m] Controller 68:34:21:E5:84:DF UUIDs: 0000180a-0000-1000-8000-00805f9b34fb
[[0;93mCHG[0m] Controller 68:34:21:E5:84:DF UUIDs: 0000110b-0000-1000-8000-00805f9b34fb
[[0;93mCHG[0m] Controller 68:34:21:E5:84:DF UUIDs: 00001800-0000-1000-8000-00805f9b34fb
[[0;93mCHG[0m] Controller 68:34:21:E5:84:DF UUIDs: 0000111f-0000-1000-8000-00805f9b34fb
[[0;93mCHG[0m] Controller 68:34:21:E5:84:DF UUIDs: 0000110a-0000-1000-8000-00805f9b34fb
[[0;93mCHG[0m] Controller 68:34:21:E5:84:DF UUIDs: 00001106-0000-1000-8000-00805f9b34fb
[[0;93mCHG[0m] Controller 68:34:21:E5:84:DF UUIDs: 0000111e-0000-1000-8000-00805f9b34fb
[[0;93mCHG[0m] Controller 68:34:21:E5:84:DF UUIDs: 00001133-0000-1000-8000-00805f9b34fb
[[0;93mCHG[0m] Controller 68:34:21:E5:84:DF UUIDs: 0000110e-0000-1000-8000-00805f9b34fb
[[0;93mCHG[0m] Controller 68:34:21:E5:84:DF UUIDs: 03b80e5a-ede8-4b33-a751-6ce34ec4c700
[[0;93mCHG[0m] Controller 68:34:21:E5:84:DF UUIDs: 00001105-0000-1000-8000-00805f9b34fb
[[0;93mCHG[0m] Controller 68:34:21:E5:84:DF UUIDs: 00001132-0000-1000-8000-00805f9b34fb
[[0;93mCHG[0m] Controller 68:34:21:E5:84:DF UUIDs: 00001200-0000-1000-8000-00805f9b34fb
[[0;93mCHG[0m] Controller 68:34:21:E5:84:DF UUIDs: 00001104-0000-1000-8000-00805f9b34fb
[[0;93mCHG[0m] Controller 68:34:21:E5:84:DF UUIDs: 00005005-0000-1000-8000-0002ee000001
[[0;93mCHG[0m] Controller 68:34:21:E5:84:DF UUIDs: 0000110c-0000-1000-8000-00805f9b34fb
[[0;93mCHG[0m] Controller 68:34:21:E5:84:DF UUIDs: 00001801-0000-1000-8000-00805f9b34fb
[[0;93mCHG[0m] Controller 68:34:21:E5:84:DF UUIDs: 0000112f-0000-1000-8000-00805f9b34fb
[[0;93mCHG[0m] Controller 68:34:21:E5:84:DF UUIDs: 0000180a-0000-1000-8000-00805f9b34fb
[[0;93mCHG[0m] Controller 68:34:21:E5:84:DF UUIDs: 0000110b-0000-1000-8000-00805f9b34fb
[[0;93mCHG[0m] Controller 68:34:21:E5:84:DF UUIDs: 00001800-0000-1000-8000-00805f9b34fb
[[0;93mCHG[0m] Controller 68:34:21:E5:84:DF UUIDs: 0000111f-0000-1000-8000-00805f9b34fb
[[0;93mCHG[0m] Controller 68:34:21:E5:84:DF UUIDs: 0000110a-0000-1000-8000-00805f9b34fb
[[0;93mCHG[0m] Controller 68:34:21:E5:84:DF UUIDs: 00001106-0000-1000-8000-00805f9b34fb
[[0;93mCHG[0m] Controller 68:34:21:E5:84:DF UUIDs: 0000111e-0000-1000-8000-00805f9b34fb
hci0 device_flags_changed: 40:5E:F6:0D:B8:15 (BR/EDR)
     supp: 0x00000007  curr: 0x00000000
[[0;93mCHG[0m] Controller 68:34:21:E5:84:DF UUIDs: 00001133-0000-1000-8000-00805f9b34fb
[[0;93mCHG[0m] Controller 68:34:21:E5:84:DF UUIDs: 0000110e-0000-1000-8000-00805f9b34fb
[[0;93mCHG[0m] Controller 68:34:21:E5:84:DF UUIDs: 03b80e5a-ede8-4b33-a751-6ce34ec4c700
[[0;93mCHG[0m] Controller 68:34:21:E5:84:DF UUIDs: 00001105-0000-1000-8000-00805f9b34fb
[[0;93mCHG[0m] Controller 68:34:21:E5:84:DF UUIDs: 00001132-0000-1000-8000-00805f9b34fb
[[0;93mCHG[0m] Controller 68:34:21:E5:84:DF UUIDs: 00001200-0000-1000-8000-00805f9b34fb
[[0;93mCHG[0m] Controller 68:34:21:E5:84:DF UUIDs: 00001104-0000-1000-8000-00805f9b34fb
[[0;93mCHG[0m] Controller 68:34:21:E5:84:DF UUIDs: 00005005-0000-1000-8000-0002ee000001
[[0;93mCHG[0m] Controller 68:34:21:E5:84:DF UUIDs: 0000110c-0000-1000-8000-00805f9b34fb
[[0;93mCHG[0m] Controller 68:34:21:E5:84:DF UUIDs: 00001801-0000-1000-8000-00805f9b34fb
[[0;93mCHG[0m] Controller 68:34:21:E5:84:DF UUIDs: 0000112f-0000-1000-8000-00805f9b34fb
[[0;93mCHG[0m] Controller 68:34:21:E5:84:DF UUIDs: 0000180a-0000-1000-8000-00805f9b34fb
[[0;93mCHG[0m] Controller 68:34:21:E5:84:DF UUIDs: 0000110b-0000-1000-8000-00805f9b34fb
[[0;93mCHG[0m] Controller 68:34:21:E5:84:DF UUIDs: 00001800-0000-1000-8000-00805f9b34fb
[[0;93mCHG[0m] Controller 68:34:21:E5:84:DF UUIDs: 0000111f-0000-1000-8000-00805f9b34fb
[[0;93mCHG[0m] Controller 68:34:21:E5:84:DF UUIDs: 0000110a-0000-1000-8000-00805f9b34fb
[[0;93mCHG[0m] Controller 68:34:21:E5:84:DF UUIDs: 00001106-0000-1000-8000-00805f9b34fb
[[0;93mCHG[0m] Controller 68:34:21:E5:84:DF UUIDs: 0000111e-0000-1000-8000-00805f9b34fb
[[0;93mCHG[0m] Controller 68:34:21:E5:84:DF UUIDs: 00001133-0000-1000-8000-00805f9b34fb
[[0;93mCHG[0m] Controller 68:34:21:E5:84:DF UUIDs: 0000110e-0000-1000-8000-00805f9b34fb
[[0;93mCHG[0m] Controller 68:34:21:E5:84:DF UUIDs: 03b80e5a-ede8-4b33-a751-6ce34ec4c700
[[0;93mCHG[0m] Controller 68:34:21:E5:84:DF UUIDs: 00001105-0000-1000-8000-00805f9b34fb
[[0;93mCHG[0m] Controller 68:34:21:E5:84:DF UUIDs: 00001132-0000-1000-8000-00805f9b34fb
[[0;93mCHG[0m] Controller 68:34:21:E5:84:DF UUIDs: 00001200-0000-1000-8000-00805f9b34fb
[[0;93mCHG[0m] Controller 68:34:21:E5:84:DF UUIDs: 00001104-0000-1000-8000-00805f9b34fb
[[0;93mCHG[0m] Controller 68:34:21:E5:84:DF UUIDs: 00005005-0000-1000-8000-0002ee000001
[[0;93mCHG[0m] Controller 68:34:21:E5:84:DF UUIDs: 0000110c-0000-1000-8000-00805f9b34fb
[[0;93mCHG[0m] Controller 68:34:21:E5:84:DF UUIDs: 00001801-0000-1000-8000-00805f9b34fb
[[0;93mCHG[0m] Controller 68:34:21:E5:84:DF UUIDs: 0000112f-0000-1000-8000-00805f9b34fb
[[0;93mCHG[0m] Controller 68:34:21:E5:84:DF UUIDs: 0000180a-0000-1000-8000-00805f9b34fb
[[0;93mCHG[0m] Controller 68:34:21:E5:84:DF UUIDs: 0000110b-0000-1000-8000-00805f9b34fb
[[0;93mCHG[0m] Controller 68:34:21:E5:84:DF UUIDs: 00001800-0000-1000-8000-00805f9b34fb
[[0;93mCHG[0m] Controller 68:34:21:E5:84:DF UUIDs: 0000111f-0000-1000-8000-00805f9b34fb
[[0;93mCHG[0m] Controller 68:34:21:E5:84:DF UUIDs: 0000110a-0000-1000-8000-00805f9b34fb
[[0;93mCHG[0m] Controller 68:34:21:E5:84:DF UUIDs: 00001106-0000-1000-8000-00805f9b34fb
[[0;93mCHG[0m] Controller 68:34:21:E5:84:DF UUIDs: 0000111e-0000-1000-8000-00805f9b34fb
[[0;93mCHG[0m] Controller 68:34:21:E5:84:DF Name: lolren-ms7e34
[[0;93mCHG[0m] Controller 68:34:21:E5:84:DF Alias: lolren-ms7e34
hci0 name changed: BlueZ 5.72
[[0;93mCHG[0m] Controller 68:34:21:E5:84:DF Alias: BlueZ 5.72
hci0 class of device changed: 0x500104
[[0;93mCHG[0m] Controller 68:34:21:E5:84:DF Class: 0x00500104 (5243140)
[[0;93mCHG[0m] Controller 68:34:21:E5:84:DF UUIDs: 00001133-0000-1000-8000-00805f9b34fb
[[0;93mCHG[0m] Controller 68:34:21:E5:84:DF UUIDs: 0000110e-0000-1000-8000-00805f9b34fb
[[0;93mCHG[0m] Controller 68:34:21:E5:84:DF UUIDs: 03b80e5a-ede8-4b33-a751-6ce34ec4c700
[[0;93mCHG[0m] Controller 68:34:21:E5:84:DF UUIDs: 00001105-0000-1000-8000-00805f9b34fb
[[0;93mCHG[0m] Controller 68:34:21:E5:84:DF UUIDs: 00001132-0000-1000-8000-00805f9b34fb
[[0;93mCHG[0m] Controller 68:34:21:E5:84:DF UUIDs: 00001200-0000-1000-8000-00805f9b34fb
[[0;93mCHG[0m] Controller 68:34:21:E5:84:DF UUIDs: 00001104-0000-1000-8000-00805f9b34fb
[[0;93mCHG[0m] Controller 68:34:21:E5:84:DF UUIDs: 00005005-0000-1000-8000-0002ee000001
[[0;93mCHG[0m] Controller 68:34:21:E5:84:DF UUIDs: 0000110c-0000-1000-8000-00805f9b34fb
[[0;93mCHG[0m] Controller 68:34:21:E5:84:DF UUIDs: 00001801-0000-1000-8000-00805f9b34fb
[[0;93mCHG[0m] Controller 68:34:21:E5:84:DF UUIDs: 0000112f-0000-1000-8000-00805f9b34fb
[[0;93mCHG[0m] Controller 68:34:21:E5:84:DF UUIDs: 0000180a-0000-1000-8000-00805f9b34fb
[[0;93mCHG[0m] Controller 68:34:21:E5:84:DF UUIDs: 0000110b-0000-1000-8000-00805f9b34fb
[[0;93mCHG[0m] Controller 68:34:21:E5:84:DF UUIDs: 00001800-0000-1000-8000-00805f9b34fb
[[0;93mCHG[0m] Controller 68:34:21:E5:84:DF UUIDs: 0000111f-0000-1000-8000-00805f9b34fb
[[0;93mCHG[0m] Controller 68:34:21:E5:84:DF UUIDs: 0000110a-0000-1000-8000-00805f9b34fb
[[0;93mCHG[0m] Controller 68:34:21:E5:84:DF UUIDs: 00001106-0000-1000-8000-00805f9b34fb
[[0;93mCHG[0m] Controller 68:34:21:E5:84:DF UUIDs: 0000111e-0000-1000-8000-00805f9b34fb
hci0 class of device changed: 0x700104
[[0;93mCHG[0m] Controller 68:34:21:E5:84:DF Class: 0x00700104 (7340292)
[[0;93mCHG[0m] Controller 68:34:21:E5:84:DF UUIDs: 00001133-0000-1000-8000-00805f9b34fb
[[0;93mCHG[0m] Controller 68:34:21:E5:84:DF UUIDs: 0000110e-0000-1000-8000-00805f9b34fb
[[0;93mCHG[0m] Controller 68:34:21:E5:84:DF UUIDs: 03b80e5a-ede8-4b33-a751-6ce34ec4c700
[[0;93mCHG[0m] Controller 68:34:21:E5:84:DF UUIDs: 00001105-0000-1000-8000-00805f9b34fb
[[0;93mCHG[0m] Controller 68:34:21:E5:84:DF UUIDs: 00001132-0000-1000-8000-00805f9b34fb
[[0;93mCHG[0m] Controller 68:34:21:E5:84:DF UUIDs: 00001200-0000-1000-8000-00805f9b34fb
[[0;93mCHG[0m] Controller 68:34:21:E5:84:DF UUIDs: 00001104-0000-1000-8000-00805f9b34fb
[[0;93mCHG[0m] Controller 68:34:21:E5:84:DF UUIDs: 00005005-0000-1000-8000-0002ee000001
[[0;93mCHG[0m] Controller 68:34:21:E5:84:DF UUIDs: 0000110c-0000-1000-8000-00805f9b34fb
[[0;93mCHG[0m] Controller 68:34:21:E5:84:DF UUIDs: 00001801-0000-1000-8000-00805f9b34fb
[[0;93mCHG[0m] Controller 68:34:21:E5:84:DF UUIDs: 0000112f-0000-1000-8000-00805f9b34fb
[[0;93mCHG[0m] Controller 68:34:21:E5:84:DF UUIDs: 0000180a-0000-1000-8000-00805f9b34fb
[[0;93mCHG[0m] Controller 68:34:21:E5:84:DF UUIDs: 0000110b-0000-1000-8000-00805f9b34fb
[[0;93mCHG[0m] Controller 68:34:21:E5:84:DF UUIDs: 00001800-0000-1000-8000-00805f9b34fb
[[0;93mCHG[0m] Controller 68:34:21:E5:84:DF UUIDs: 0000111f-0000-1000-8000-00805f9b34fb
[[0;93mCHG[0m] Controller 68:34:21:E5:84:DF UUIDs: 0000110a-0000-1000-8000-00805f9b34fb
[[0;93mCHG[0m] Controller 68:34:21:E5:84:DF UUIDs: 00001106-0000-1000-8000-00805f9b34fb
[[0;93mCHG[0m] Controller 68:34:21:E5:84:DF UUIDs: 0000111e-0000-1000-8000-00805f9b34fb
[[0;93mCHG[0m] Controller 68:34:21:E5:84:DF UUIDs: 00001133-0000-1000-8000-00805f9b34fb
[[0;93mCHG[0m] Controller 68:34:21:E5:84:DF UUIDs: 0000110e-0000-1000-8000-00805f9b34fb
[[0;93mCHG[0m] Controller 68:34:21:E5:84:DF UUIDs: 03b80e5a-ede8-4b33-a751-6ce34ec4c700
[[0;93mCHG[0m] Controller 68:34:21:E5:84:DF UUIDs: 00001105-0000-1000-8000-00805f9b34fb
[[0;93mCHG[0m] Controller 68:34:21:E5:84:DF UUIDs: 00001132-0000-1000-8000-00805f9b34fb
[[0;93mCHG[0m] Controller 68:34:21:E5:84:DF UUIDs: 00001200-0000-1000-8000-00805f9b34fb
[[0;93mCHG[0m] Controller 68:34:21:E5:84:DF UUIDs: 00001104-0000-1000-8000-00805f9b34fb
[[0;93mCHG[0m] Controller 68:34:21:E5:84:DF UUIDs: 00005005-0000-1000-8000-0002ee000001
[[0;93mCHG[0m] Controller 68:34:21:E5:84:DF UUIDs: 0000110c-0000-1000-8000-00805f9b34fb
[[0;93mCHG[0m] Controller 68:34:21:E5:84:DF UUIDs: 00001801-0000-1000-8000-00805f9b34fb
[[0;93mCHG[0m] Controller 68:34:21:E5:84:DF UUIDs: 0000112f-0000-1000-8000-00805f9b34fb
[[0;93mCHG[0m] Controller 68:34:21:E5:84:DF UUIDs: 0000180a-0000-1000-8000-00805f9b34fb
[[0;93mCHG[0m] Controller 68:34:21:E5:84:DF UUIDs: 0000110b-0000-1000-8000-00805f9b34fb
[[0;93mCHG[0m] Controller 68:34:21:E5:84:DF UUIDs: 00001800-0000-1000-8000-00805f9b34fb
[[0;93mCHG[0m] Controller 68:34:21:E5:84:DF UUIDs: 0000111f-0000-1000-8000-00805f9b34fb
[[0;93mCHG[0m] Controller 68:34:21:E5:84:DF UUIDs: 0000110a-0000-1000-8000-00805f9b34fb
[[0;93mCHG[0m] Controller 68:34:21:E5:84:DF UUIDs: 00001106-0000-1000-8000-00805f9b34fb
[[0;93mCHG[0m] Controller 68:34:21:E5:84:DF UUIDs: 0000111e-0000-1000-8000-00805f9b34fb
hci0 class of device changed: 0x780104
[[0;93mCHG[0m] Controller 68:34:21:E5:84:DF Class: 0x00780104 (7864580)
[[0;93mCHG[0m] Controller 68:34:21:E5:84:DF UUIDs: 00001133-0000-1000-8000-00805f9b34fb
[[0;93mCHG[0m] Controller 68:34:21:E5:84:DF UUIDs: 0000110e-0000-1000-8000-00805f9b34fb
[[0;93mCHG[0m] Controller 68:34:21:E5:84:DF UUIDs: 03b80e5a-ede8-4b33-a751-6ce34ec4c700
[[0;93mCHG[0m] Controller 68:34:21:E5:84:DF UUIDs: 00001105-0000-1000-8000-00805f9b34fb
[[0;93mCHG[0m] Controller 68:34:21:E5:84:DF UUIDs: 00001132-0000-1000-8000-00805f9b34fb
[[0;93mCHG[0m] Controller 68:34:21:E5:84:DF UUIDs: 00001200-0000-1000-8000-00805f9b34fb
[[0;93mCHG[0m] Controller 68:34:21:E5:84:DF UUIDs: 00001104-0000-1000-8000-00805f9b34fb
[[0;93mCHG[0m] Controller 68:34:21:E5:84:DF UUIDs: 00005005-0000-1000-8000-0002ee000001
[[0;93mCHG[0m] Controller 68:34:21:E5:84:DF UUIDs: 0000110c-0000-1000-8000-00805f9b34fb
[[0;93mCHG[0m] Controller 68:34:21:E5:84:DF UUIDs: 00001801-0000-1000-8000-00805f9b34fb
[[0;93mCHG[0m] Controller 68:34:21:E5:84:DF UUIDs: 0000112f-0000-1000-8000-00805f9b34fb
[[0;93mCHG[0m] Controller 68:34:21:E5:84:DF UUIDs: 0000180a-0000-1000-8000-00805f9b34fb
[[0;93mCHG[0m] Controller 68:34:21:E5:84:DF UUIDs: 0000110b-0000-1000-8000-00805f9b34fb
[[0;93mCHG[0m] Controller 68:34:21:E5:84:DF UUIDs: 00001800-0000-1000-8000-00805f9b34fb
[[0;93mCHG[0m] Controller 68:34:21:E5:84:DF UUIDs: 0000111f-0000-1000-8000-00805f9b34fb
[[0;93mCHG[0m] Controller 68:34:21:E5:84:DF UUIDs: 0000110a-0000-1000-8000-00805f9b34fb
[[0;93mCHG[0m] Controller 68:34:21:E5:84:DF UUIDs: 00001106-0000-1000-8000-00805f9b34fb
[[0;93mCHG[0m] Controller 68:34:21:E5:84:DF UUIDs: 0000111e-0000-1000-8000-00805f9b34fb
hci0 class of device changed: 0x7c0104
[[0;93mCHG[0m] Controller 68:34:21:E5:84:DF Class: 0x007c0104 (8126724)
[[0;93mCHG[0m] Controller 68:34:21:E5:84:DF UUIDs: 00001133-0000-1000-8000-00805f9b34fb
[[0;93mCHG[0m] Controller 68:34:21:E5:84:DF UUIDs: 0000110e-0000-1000-8000-00805f9b34fb
[[0;93mCHG[0m] Controller 68:34:21:E5:84:DF UUIDs: 03b80e5a-ede8-4b33-a751-6ce34ec4c700
[[0;93mCHG[0m] Controller 68:34:21:E5:84:DF UUIDs: 00001105-0000-1000-8000-00805f9b34fb
[[0;93mCHG[0m] Controller 68:34:21:E5:84:DF UUIDs: 00001132-0000-1000-8000-00805f9b34fb
[[0;93mCHG[0m] Controller 68:34:21:E5:84:DF UUIDs: 00001200-0000-1000-8000-00805f9b34fb
[[0;93mCHG[0m] Controller 68:34:21:E5:84:DF UUIDs: 00001104-0000-1000-8000-00805f9b34fb
[[0;93mCHG[0m] Controller 68:34:21:E5:84:DF UUIDs: 00005005-0000-1000-8000-0002ee000001
[[0;93mCHG[0m] Controller 68:34:21:E5:84:DF UUIDs: 0000110c-0000-1000-8000-00805f9b34fb
[[0;93mCHG[0m] Controller 68:34:21:E5:84:DF UUIDs: 00001801-0000-1000-8000-00805f9b34fb
[[0;93mCHG[0m] Controller 68:34:21:E5:84:DF UUIDs: 0000112f-0000-1000-8000-00805f9b34fb
[[0;93mCHG[0m] Controller 68:34:21:E5:84:DF UUIDs: 0000180a-0000-1000-8000-00805f9b34fb
[[0;93mCHG[0m] Controller 68:34:21:E5:84:DF UUIDs: 0000110b-0000-1000-8000-00805f9b34fb
[[0;93mCHG[0m] Controller 68:34:21:E5:84:DF UUIDs: 00001800-0000-1000-8000-00805f9b34fb
[[0;93mCHG[0m] Controller 68:34:21:E5:84:DF UUIDs: 0000111f-0000-1000-8000-00805f9b34fb
[[0;93mCHG[0m] Controller 68:34:21:E5:84:DF UUIDs: 0000110a-0000-1000-8000-00805f9b34fb
[[0;93mCHG[0m] Controller 68:34:21:E5:84:DF UUIDs: 00001106-0000-1000-8000-00805f9b34fb
[[0;93mCHG[0m] Controller 68:34:21:E5:84:DF UUIDs: 0000111e-0000-1000-8000-00805f9b34fb
hci0 name changed: lolren-ms7e34
[[0;93mCHG[0m] Controller 68:34:21:E5:84:DF Alias: lolren-ms7e34
hci0 type 1 discovering off
