Attempting to disconnect from C0:DE:54:15:00:31
[[0;91mDEL[0m] Device A4:C1:38:75:8A:D6 LYWSD03MMC
[[0;91mDEL[0m] Device C7:0F:17:1E:42:45 C7-0F-17-1E-42-45
[[0;91mDEL[0m] Device A4:C1:38:9D:41:32 ATC_9D4132
[[0;91mDEL[0m] Device A4:C1:38:D0:E4:84 ATC_D0E484
hci0 C0:DE:54:15:00:31 type LE Random disconnected with reason 2
[[0;93mCHG[0m] Device C0:DE:54:15:00:31 ServicesResolved: no
Successful disconnected
[[0;91mDEL[0m] Descriptor (Handle 0x0000)
	/org/bluez/hci0/dev_C0_DE_54_15_00_31/service0008/char0009/desc000b
	00002902-0000-1000-8000-00805f9b34fb
	Client Characteristic Configuration
[[0;91mDEL[0m] Characteristic (Handle 0x0000)
	/org/bluez/hci0/dev_C0_DE_54_15_00_31/service0008/char0009
	00002a05-0000-1000-8000-00805f9b34fb
	Service Changed
[[0;91mDEL[0m] Primary Service (Handle 0x0000)
	/org/bluez/hci0/dev_C0_DE_54_15_00_31/service0008
	00001801-0000-1000-8000-00805f9b34fb
	Generic Attribute Profile
[[0;91mDEL[0m] Descriptor (Handle 0x0000)
	/org/bluez/hci0/dev_C0_DE_54_15_00_31/service0010/char0011/desc0013
	00002902-0000-1000-8000-00805f9b34fb
	Client Characteristic Configuration
[[0;91mDEL[0m] Characteristic (Handle 0x0000)
	/org/bluez/hci0/dev_C0_DE_54_15_00_31/service0010/char0011
	00002a19-0000-1000-8000-00805f9b34fb
	Battery Level
[[0;91mDEL[0m] Primary Service (Handle 0x0000)
	/org/bluez/hci0/dev_C0_DE_54_15_00_31/service0010
	0000180f-0000-1000-8000-00805f9b34fb
	Battery Service
[[0;93mCHG[0m] Device C0:DE:54:15:00:31 Connected: no
hci0 type 1 discovering off
hci0 type 1 discovering on
