Waiting to connect to bluetoothd...[0;94m[bluetooth][0m#            power on
[0;94m[bluetooth][0m# pairable on
[0;94m[bluetooth][0m# connect C0:DE:54:15:00:51
Attempting to connect to C0:DE:54:15:00:51
[0;94m[bluetooth][0m# pair C0:DE:54:15:00:51
Attempting to pair with C0:DE:54:15:00:51
[0;94m[bluetooth][0m# info C0:DE:54:15:00:51
Device C0:DE:54:15:00:51 (random)
	Name: X54-PAIR
	Alias: X54-PAIR
	Paired: no
	Bonded: no
	Trusted: yes
	Blocked: no
	Connected: no
	LegacyPairing: no
	UUID: Generic Access Profile    (00001800-0000-1000-8000-00805f9b34fb)
	UUID: Generic Attribute Profile (00001801-0000-1000-8000-00805f9b34fb)
	UUID: Battery Service           (0000180f-0000-1000-8000-00805f9b34fb)
	RSSI: 0xffffffb1 (-79)
[0;94m[bluetooth][0m# disconnect C0:DE:54:15:00:51
Attempting to disconnect from C0:DE:54:15:00:51
[0;94m[bluetooth][0m#                         