Attempting to pair with C0:DE:54:15:00:51
[[0;92mNEW[0m] Primary Service (Handle 0x0000)
	/org/bluez/hci0/dev_C0_DE_54_15_00_51/service0008
	00001801-0000-1000-8000-00805f9b34fb
	Generic Attribute Profile
[[0;92mNEW[0m] Characteristic (Handle 0x0000)
	/org/bluez/hci0/dev_C0_DE_54_15_00_51/service0008/char0009
	00002a05-0000-1000-8000-00805f9b34fb
	Service Changed
[[0;92mNEW[0m] Descriptor (Handle 0x0000)
	/org/bluez/hci0/dev_C0_DE_54_15_00_51/service0008/char0009/desc000b
	00002902-0000-1000-8000-00805f9b34fb
	Client Characteristic Configuration
[[0;92mNEW[0m] Primary Service (Handle 0x0000)
	/org/bluez/hci0/dev_C0_DE_54_15_00_51/service0010
	0000180f-0000-1000-8000-00805f9b34fb
	Battery Service
[[0;92mNEW[0m] Characteristic (Handle 0x0000)
	/org/bluez/hci0/dev_C0_DE_54_15_00_51/service0010/char0011
	00002a19-0000-1000-8000-00805f9b34fb
	Battery Level
[[0;92mNEW[0m] Descriptor (Handle 0x0000)
	/org/bluez/hci0/dev_C0_DE_54_15_00_51/service0010/char0011/desc0013
	00002902-0000-1000-8000-00805f9b34fb
	Client Characteristic Configuration
[[0;93mCHG[0m] Device C0:DE:54:15:00:51 UUIDs: 00001800-0000-1000-8000-00805f9b34fb
[[0;93mCHG[0m] Device C0:DE:54:15:00:51 UUIDs: 00001801-0000-1000-8000-00805f9b34fb
[[0;93mCHG[0m] Device C0:DE:54:15:00:51 UUIDs: 0000180f-0000-1000-8000-00805f9b34fb
[[0;93mCHG[0m] Device C0:DE:54:15:00:51 ServicesResolved: yes
Failed to pair: org.bluez.Error.AuthenticationTimeout
[[0;93mCHG[0m] Device C0:DE:54:15:00:51 ServicesResolved: no
[[0;93mCHG[0m] Device C0:DE:54:15:00:51 Connected: no
[[0;91mDEL[0m] Device A4:C1:38:26:4E:DA ATC_264EDA
[[0;91mDEL[0m] Device CA:E6:28:F7:18:17 CA-E6-28-F7-18-17
[[0;91mDEL[0m] Device A4:C1:38:8D:7D:4F ATC_8D7D4F
[[0;91mDEL[0m] Device 41:93:C6:5C:11:CF 41-93-C6-5C-11-CF
[[0;91mDEL[0m] Device A4:C1:38:D0:E4:84 ATC_D0E484
[[0;91mDEL[0m] Device 7C:9C:39:CA:D1:A8 7C-9C-39-CA-D1-A8
[[0;91mDEL[0m] Descriptor (Handle 0x0000)
	/org/bluez/hci0/dev_C0_DE_54_15_00_51/service0008/char0009/desc000b
	00002902-0000-1000-8000-00805f9b34fb
	Client Characteristic Configuration
[[0;91mDEL[0m] Characteristic (Handle 0x0000)
	/org/bluez/hci0/dev_C0_DE_54_15_00_51/service0008/char0009
	00002a05-0000-1000-8000-00805f9b34fb
	Service Changed
[[0;91mDEL[0m] Primary Service (Handle 0x0000)
	/org/bluez/hci0/dev_C0_DE_54_15_00_51/service0008
	00001801-0000-1000-8000-00805f9b34fb
	Generic Attribute Profile
[[0;91mDEL[0m] Descriptor (Handle 0x0000)
	/org/bluez/hci0/dev_C0_DE_54_15_00_51/service0010/char0011/desc0013
	00002902-0000-1000-8000-00805f9b34fb
	Client Characteristic Configuration
[[0;91mDEL[0m] Characteristic (Handle 0x0000)
	/org/bluez/hci0/dev_C0_DE_54_15_00_51/service0010/char0011
	00002a19-0000-1000-8000-00805f9b34fb
	Battery Level
[[0;91mDEL[0m] Primary Service (Handle 0x0000)
	/org/bluez/hci0/dev_C0_DE_54_15_00_51/service0010
	0000180f-0000-1000-8000-00805f9b34fb
	Battery Service
[[0;91mDEL[0m] Device C0:DE:54:15:00:51 X54-PAIR
