Bluetooth monitor ver 5.72
btmon[1205742]: = Note: Linux version 6.17.0-14-generic (x86_64)       0.924332
btmon[1205742]: = Note: Bluetooth subsystem version 2.22               0.924334
= New Index: 68:34:21:E5:84:DF (Primary,USB,hci0)               [hci0] 0.924335
= Open Index: 68:34:21:E5:84:DF                                 [hci0] 0.924335
= Index Info: 68:34:21:E5:84:DF (Intel Corp.)                   [hci0] 0.924335
bluetoothd[2915165]: @ MGMT Open.. (privileged) version 1.23  {0x0001} 0.924336
bluetoothctl[1205901]: @ MGMT Op.. (privileged) version 1.23  {0x0002} 2.927992
bluetoothctl[1205901]: @ MGMT Close: bluetoothctl             {0x0002} 2.932289
bluetoothctl[1205904]: @ MGMT Op.. (privileged) version 1.23  {0x0002} 2.954195
bluetoothd[2915165]: @ MGMT Command.. (0x0024) plen 1  {0x0001} [hci0] 2.958419
        Address type: 0x01
          BR/EDR
bluetoothctl[1205904]: @ MGMT Close: bluetoothctl             {0x0002} 2.958459
< HCI Command: Inquiry Cancel (0x01|0x0002) plen 0           #1 [hci0] 2.958647
bluetoothctl[1205907]: @ MGMT Op.. (privileged) version 1.23  {0x0002} 2.967350
bluetoothctl[1205907]: @ MGMT Close: bluetoothctl             {0x0002} 2.978471
bluetoothctl[1205910]: @ MGMT Op.. (privileged) version 1.23  {0x0002} 2.985943
bluetoothctl[1205910]: @ MGMT Close: bluetoothctl             {0x0002} 2.989110
bluetoothctl[1205913]: @ MGMT Op.. (privileged) version 1.23  {0x0002} 2.997701
bluetoothctl[1205913]: @ MGMT Close: bluetoothctl             {0x0002} 3.004194
bluetoothctl[1205916]: @ MGMT Op.. (privileged) version 1.23  {0x0002} 3.012378
bluetoothctl[1205916]: @ MGMT Close: bluetoothctl             {0x0002} 3.016651
bluetoothctl[1205919]: @ MGMT Op.. (privileged) version 1.23  {0x0002} 3.024810
bluetoothctl[1205919]: @ MGMT Close: bluetoothctl             {0x0002} 3.029070
bluetoothctl[1205925]: @ MGMT Op.. (privileged) version 1.23  {0x0002} 3.036932
bluetoothctl[1205925]: @ MGMT Close: bluetoothctl             {0x0002} 3.039912
bluetoothctl[1205939]: @ MGMT Op.. (privileged) version 1.23  {0x0002} 3.048181
bluetoothctl[1205939]: @ MGMT Close: bluetoothctl             {0x0002} 3.051949
> HCI Event: Command Complete (0x0e) plen 4                  #2 [hci0] 3.052264
      Inquiry Cancel (0x01|0x0002) ncmd 1
        Status: Success (0x00)
@ MGMT Event: Discovering (0x0013) plen 2              {0x0001} [hci0] 3.052425
        Address type: 0x01
          BR/EDR
        Discovery: Disabled (0x00)
@ MGMT Event: Command Complete (0x0001) plen 4         {0x0001} [hci0] 3.052436
      Stop Discovery (0x0024) plen 1
        Status: Success (0x00)
        Address type: 0x01
          BR/EDR
bluetoothd[2915165]: @ MGMT Command.. (0x0024) plen 1  {0x0001} [hci0] 3.052591
        Address type: 0x01
          BR/EDR
@ MGMT Event: Command Complete (0x0001) plen 4         {0x0001} [hci0] 3.052595
      Stop Discovery (0x0024) plen 1
        Status: Rejected (0x0b)
        Address type: 0x01
          BR/EDR
bluetoothd[2915165]: @ MGMT Command.. (0x003a) plen 4  {0x0001} [hci0] 3.052625
        Address type: 0x01
          BR/EDR
        RSSI: invalid (0x7f)
        UUIDs: 0
< HCI Command: Inquiry (0x01|0x0001) plen 5                  #3 [hci0] 3.052634
        Access code: 0x9e8b33 (General Inquiry)
        Length: 10.24s (0x08)
        Num responses: 0
> HCI Event: Command Status (0x0f) plen 4                    #4 [hci0] 3.053265
      Inquiry (0x01|0x0001) ncmd 1
        Status: Success (0x00)
@ MGMT Event: Command Complete (0x0001) plen 4         {0x0001} [hci0] 3.053366
      Start Service Discovery (0x003a) plen 1
        Status: Success (0x00)
        Address type: 0x01
          BR/EDR
@ MGMT Event: Discovering (0x0013) plen 2              {0x0001} [hci0] 3.053368
        Address type: 0x01
          BR/EDR
        Discovery: Enabled (0x01)
bluetoothctl[1205954]: @ MGMT Op.. (privileged) version 1.23  {0x0002} 3.061290
bluetoothctl[1205954]: @ MGMT Close: bluetoothctl             {0x0002} 3.064016
bluetoothctl[1205960]: @ MGMT Op.. (privileged) version 1.23  {0x0002} 3.071588
bluetoothctl[1205960]: @ MGMT Close: bluetoothctl             {0x0002} 3.074448
bluetoothd[2915165]: @ MGMT Command.. (0x0024) plen 1  {0x0001} [hci0] 3.722283
        Address type: 0x01
          BR/EDR
< HCI Command: Inquiry Cancel (0x01|0x0002) plen 0           #5 [hci0] 3.722411
> HCI Event: Command Complete (0x0e) plen 4                  #6 [hci0] 3.723371
      Inquiry Cancel (0x01|0x0002) ncmd 1
        Status: Success (0x00)
@ MGMT Event: Discovering (0x0013) plen 2              {0x0001} [hci0] 3.723536
        Address type: 0x01
          BR/EDR
        Discovery: Disabled (0x00)
@ MGMT Event: Command Complete (0x0001) plen 4         {0x0001} [hci0] 3.723549
      Stop Discovery (0x0024) plen 1
        Status: Success (0x00)
        Address type: 0x01
          BR/EDR
