advertising
advertising
advertising
advertising
advertising
advertising
advertising
advertising
advertising
advertising
advertising
advertising
advertising
advertising
advertising
advertising
[trace] CONNECTED
connected peer=68:34:21:E5:84:DF int=36
ll_ctrl op=0x08 new=1 tx_ok=1 tx_llid=1 tx_len=0 ce=1
ll_ctrl op=0x0C new=1 tx_ok=1 tx_llid=1 tx_len=0 ce=3
[trace] SMP_PAIRING_REQUEST_RX
rx_smp code=0x01 l2len=7 rx_len=11 new=1 ce=49
tx_smp code=0x02 l2len=7 tx_len=11 ce=50
[trace] SMP_CONFIRM_RX
rx_smp code=0x03 l2len=17 rx_len=21 new=1 ce=51
tx_smp code=0x03 l2len=17 tx_len=21 ce=52
tx_smp code=0x03 l2len=17 tx_len=21 ce=53
[trace] SMP_RANDOM_RX
rx_smp code=0x04 l2len=17 rx_len=21 new=1 ce=54
tx_smp code=0x04 l2len=17 tx_len=21 ce=55
[trace] LL_ENC_REQ_ACCEPTED
ll_ctrl op=0x03 new=1 tx_ok=1 tx_llid=3 tx_len=13 tx_op=0x04 ce=56
ll_ctrl op=0x03 new=0 tx_ok=1 tx_llid=3 tx_len=13 tx_op=0x04 ce=57
[trace] EVT_RX_TIMEOUT
[trace] EVT_RX_TIMEOUT
[trace] EVT_RX_TIMEOUT
[trace] EVT_RX_TIMEOUT
[trace] EVT_RX_TIMEOUT
[trace] EVT_RX_TIMEOUT
[trace] EVT_RX_TIMEOUT
[trace] EVT_RX_TIMEOUT
[trace] EVT_RX_TIMEOUT
[trace] EVT_RX_TIMEOUT
[trace] EVT_RX_TIMEOUT
[trace] EVT_RX_TIMEOUT
[trace] EVT_RX_TIMEOUT
[trace] EVT_RX_TIMEOUT
[trace] EVT_RX_TIMEOUT
[trace] EVT_RX_TIMEOUT
[trace] EVT_RX_TIMEOUT
[trace] EVT_RX_TIMEOUT
[trace] EVT_RX_TIMEOUT
[trace] EVT_RX_TIMEOUT
[trace] EVT_RX_TIMEOUT
[trace] EVT_RX_TIMEOUT
[trace] EVT_RX_TIMEOUT
[trace] EVT_RX_TIMEOUT
[trace] EVT_RX_TIMEOUT
[trace] EVT_RX_TIMEOUT
[trace] EVT_RX_TIMEOUT
[trace] EVT_RX_TIMEOUT
[trace] EVT_RX_TIMEOUT
[trace] EVT_RX_TIMEOUT
[trace] EVT_RX_TIMEOUT
[trace] EVT_RX_TIMEOUT
[trace] EVT_RX_TIMEOUT
[trace] EVT_RX_TIMEOUT
[trace] EVT_RX_TIMEOUT
[trace] EVT_RX_TIMEOUT
[trace] EVT_RX_TIMEOUT
[trace] EVT_RX_TIMEOUT
[trace] EVT_RX_TIMEOUT
[trace] EVT_RX_TIMEOUT
[trace] EVT_RX_TIMEOUT
[trace] EVT_RX_TIMEOUT
[trace] EVT_RX_TIMEOUT
[trace] EVT_RX_TIMEOUT
[trace] EVT_RX_TIMEOUT
[trace] EVT_RX_TIMEOUT
[trace] EVT_RX_TIMEOUT
[trace] EVT_RX_TIMEOUT
[trace] EVT_RX_TIMEOUT
[trace] EVT_RX_TIMEOUT
[trace] EVT_RX_TIMEOUT
[trace] EVT_RX_TIMEOUT
[trace] EVT_RX_TIMEOUT
[trace] EVT_RX_TIMEOUT
[trace] EVT_RX_TIMEOUT
[trace] EVT_RX_TIMEOUT
[trace] EVT_RX_TIMEOUT
[trace] EVT_RX_TIMEOUT
[trace] EVT_RX_TIMEOUT
[trace] EVT_RX_TIMEOUT
[trace] EVT_RX_TIMEOUT
[trace] EVT_RX_TIMEOUT
[trace] EVT_RX_TIMEOUT
[trace] EVT_RX_TIMEOUT
[trace] EVT_RX_TIMEOUT
[trace] EVT_RX_TIMEOUT
[trace] EVT_RX_TIMEOUT
[trace] EVT_RX_TIMEOUT
[trace] EVT_RX_TIMEOUT
[trace] EVT_RX_TIMEOUT
[trace] EVT_RX_TIMEOUT
[trace] EVT_RX_TIMEOUT
[trace] EVT_RX_TIMEOUT
[trace] EVT_RX_TIMEOUT
[trace] EVT_RX_TIMEOUT
[trace] EVT_RX_TIMEOUT
[trace] EVT_RX_TIMEOUT
[trace] EVT_RX_TIMEOUT
[trace] EVT_RX_TIMEOUT
[trace] EVT_RX_TIMEOUT
[trace] EVT_RX_TIMEOUT
[trace] EVT_RX_TIMEOUT
[trace] EVT_RX_TIMEOUT
[trace] EVT_RX_TIMEOUT
[trace] EVT_RX_TIMEOUT
[trace] EVT_RX_TIMEOUT
[trace] EVT_RX_TIMEOUT
[trace] EVT_RX_TIMEOUT
[trace] EVT_RX_TIMEOUT
[trace] EVT_RX_TIMEOUT
[trace] EVT_RX_TIMEOUT
[trace] EVT_RX_TIMEOUT
[trace] EVT_RX_TIMEOUT
[trace] EVT_RX_TIMEOUT
[trace] EVT_RX_TIMEOUT
[trace] EVT_RX_TIMEOUT
[trace] EVT_RX_TIMEOUT
[trace] EVT_RX_TIMEOUT
[trace] EVT_RX_TIMEOUT
[trace] EVT_RX_TIMEOUT
[trace] EVT_RX_TIMEOUT
[trace] EVT_RX_TIMEOUT
[trace] EVT_RX_TIMEOUT
[trace] EVT_RX_TIMEOUT
[trace] EVT_RX_TIMEOUT
[trace] EVT_RX_TIMEOUT
[trace] EVT_RX_TIMEOUT
[trace] EVT_RX_TIMEOUT
[trace] EVT_RX_TIMEOUT
[trace] EVT_RX_TIMEOUT
[trace] EVT_RX_TIMEOUT
[trace] EVT_RX_TIMEOUT
[trace] EVT_RX_TIMEOUT
[trace] EVT_RX_TIMEOUT
[trace] EVT_RX_TIMEOUT
[trace] EVT_RX_TIMEOUT
[trace] EVT_RX_TIMEOUT
[trace] EVT_RX_TIMEOUT
[trace] EVT_RX_TIMEOUT
[trace] EVT_RX_TIMEOUT
[trace] EVT_RX_TIMEOUT
[trace] EVT_RX_TIMEOUT
[trace] EVT_RX_TIMEOUT
[trace] EVT_RX_TIMEOUT
[trace] EVT_RX_TIMEOUT
[trace] EVT_RX_TIMEOUT
[trace] EVT_RX_TIMEOUT
[trace] EVT_RX_TIMEOUT
[trace] EVT_RX_TIMEOUT
[trace] EVT_RX_TIMEOUT
[trace] EVT_RX_TIMEOUT
[trace] EVT_RX_TIMEOUT
[trace] EVT_RX_TIMEOUT
[trace] EVT_RX_TIMEOUT
[trace] EVT_RX_TIMEOUT
[trace] EVT_RX_TIMEOUT
[trace] EVT_RX_TIMEOUT
[trace] EVT_RX_TIMEOUT
[trace] EVT_RX_TIMEOUT
[trace] EVT_RX_TIMEOUT
[trace] EVT_RX_TIMEOUT
[trace] EVT_RX_TIMEOUT
[trace] EVT_RX_TIMEOUT
[trace] EVT_RX_TIMEOUT
[trace] EVT_RX_TIMEOUT
[trace] EVT_RX_TIMEOUT
[trace] EVT_RX_TIMEOUT
[trace] EVT_RX_TIMEOUT
[trace] EVT_RX_TIMEOUT
[trace] EVT_RX_TIMEOUT
[trace] EVT_RX_TIMEOUT
[trace] EVT_RX_TIMEOUT
[trace] EVT_RX_TIMEOUT
[trace] EVT_RX_TIMEOUT
[trace] EVT_RX_TIMEOUT
[trace] EVT_RX_TIMEOUT
[trace] EVT_RX_TIMEOUT
[trace] EVT_RX_TIMEOUT
[trace] EVT_RX_TIMEOUT
[trace] EVT_RX_TIMEOUT
[trace] EVT_RX_TIMEOUT
[trace] EVT_RX_TIMEOUT
[trace] EVT_RX_TIMEOUT
[trace] EVT_RX_TIMEOUT
[trace] EVT_RX_TIMEOUT
[trace] EVT_RX_TIMEOUT
[trace] EVT_RX_TIMEOUT
[trace] EVT_RX_TIMEOUT
[trace] EVT_RX_TIMEOUT
[trace] EVT_RX_TIMEOUT
[trace] EVT_RX_TIMEOUT
[trace] EVT_RX_TIMEOUT
[trace] EVT_RX_TIMEOUT
[trace] EVT_RX_TIMEOUT
[trace] EVT_RX_TIMEOUT
[trace] EVT_RX_TIMEOUT
[trace] EVT_RX_TIMEOUT
[trace] EVT_RX_TIMEOUT
[trace] EVT_RX_TIMEOUT
[trace] EVT_RX_TIMEOUT
[trace] EVT_RX_TIMEOUT
[trace] EVT_RX_TIMEOUT
[trace] EVT_RX_TIMEOUT
[trace] EVT_RX_TIMEOUT
[trace] EVT_RX_TIMEOUT
[trace] EVT_RX_TIMEOUT
[trace] EVT_RX_TIMEOUT
[trace] EVT_RX_TIMEOUT
[trace] EVT_RX_TIMEOUT
[trace] EVT_RX_TIMEOUT
[trace] EVT_RX_TIMEOUT
[trace] EVT_RX_TIMEOUT
[trace] EVT_RX_TIMEOUT
[trace] EVT_RX_TIMEOUT
[trace] EVT_RX_TIMEOUT
[trace] EVT_RX_TIMEOUT
[trace] EVT_RX_TIMEOUT
[trace] EVT_RX_TIMEOUT
[trace] EVT_RX_TIMEOUT
[trace] EVT_RX_TIMEOUT
[trace] EVT_RX_TIMEOUT
[trace] EVT_RX_TIMEOUT
[trace] EVT_RX_TIMEOUT
[trace] EVT_RX_TIMEOUT
[trace] EVT_RX_TIMEOUT
[trace] EVT_RX_TIMEOUT
[trace] EVT_RX_TIMEOUT
[trace] EVT_RX_TIMEOUT
[trace] EVT_RX_TIMEOUT
[trace] EVT_RX_TIMEOUT
[trace] EVT_RX_TIMEOUT
[trace] EVT_RX_TIMEOUT
[trace] EVT_RX_TIMEOUT
[trace] EVT_RX_TIMEOUT
[trace] EVT_RX_TIMEOUT
[trace] EVT_RX_TIMEOUT
[trace] EVT_RX_TIMEOUT
[trace] EVT_RX_TIMEOUT
[trace] EVT_RX_TIMEOUT
[trace] EVT_RX_TIMEOUT
[trace] EVT_RX_TIMEOUT
[trace] EVT_RX_TIMEOUT
[trace] EVT_RX_TIMEOUT
[trace] EVT_RX_TIMEOUT
[trace] EVT_RX_TIMEOUT
[trace] EVT_RX_TIMEOUT
[trace] EVT_RX_TIMEOUT
[trace] EVT_RX_TIMEOUT
[trace] EVT_RX_TIMEOUT
[trace] EVT_RX_TIMEOUT
[trace] EVT_RX_TIMEOUT
[trace] EVT_RX_TIMEOUT
[trace] EVT_RX_TIMEOUT
[trace] EVT_RX_TIMEOUT
[trace] EVT_RX_TIMEOUT
[trace] EVT_RX_TIMEOUT
[trace] EVT_RX_TIMEOUT
[trace] EVT_RX_TIMEOUT
[trace] EVT_RX_TIMEOUT
[trace] EVT_RX_TIMEOUT
[trace] EVT_RX_TIMEOUT
[trace] EVT_RX_TIMEOUT
[trace] EVT_RX_TIMEOUT
[trace] EVT_RX_TIMEOUT
[trace] EVT_RX_TIMEOUT
[trace] EVT_RX_TIMEOUT
[trace] EVT_RX_TIMEOUT
[trace] EVT_RX_TIMEOUT
[trace] EVT_RX_TIMEOUT
[trace] EVT_RX_TIMEOUT
[trace] EVT_RX_TIMEOUT
[trace] EVT_RX_TIMEOUT
[trace] EVT_RX_TIMEOUT
[trace] EVT_RX_TIMEOUT
[trace] EVT_RX_TIMEOUT
[trace] EVT_RX_TIMEOUT
[trace] EVT_RX_TIMEOUT
[trace] EVT_RX_TIMEOUT
[trace] EVT_RX_TIMEOUT
[trace] EVT_RX_TIMEOUT
[trace] EVT_RX_TIMEOUT
[trace] EVT_RX_TIMEOUT
[trace] EVT_RX_TIMEOUT
[trace] EVT_RX_TIMEOUT
[trace] EVT_RX_TIMEOUT
[trace] EVT_RX_TIMEOUT
[trace] EVT_RX_TIMEOUT
[trace] EVT_RX_TIMEOUT
[trace] EVT_RX_TIMEOUT
[trace] EVT_RX_TIMEOUT
[trace] EVT_RX_TIMEOUT
[trace] EVT_RX_TIMEOUT
[trace] EVT_RX_TIMEOUT
[trace] EVT_RX_TIMEOUT
[trace] EVT_RX_TIMEOUT
[trace] EVT_RX_TIMEOUT
[trace] EVT_RX_TIMEOUT
[trace] EVT_RX_TIMEOUT
[trace] EVT_RX_TIMEOUT
[trace] EVT_RX_TIMEOUT
[trace] EVT_RX_TIMEOUT
[trace] EVT_RX_TIMEOUT
[trace] EVT_RX_TIMEOUT
[trace] EVT_RX_TIMEOUT
[trace] EVT_RX_TIMEOUT
[trace] EVT_RX_TIMEOUT
[trace] EVT_RX_TIMEOUT
[trace] EVT_RX_TIMEOUT
[trace] EVT_RX_TIMEOUT
[trace] EVT_RX_TIMEOUT
[trace] EVT_RX_TIMEOUT
[trace] EVT_RX_TIMEOUT
[trace] EVT_RX_TIMEOUT
[trace] EVT_RX_TIMEOUT
[trace] EVT_RX_TIMEOUT
[trace] EVT_RX_TIMEOUT
[trace] EVT_RX_TIMEOUT
[trace] EVT_RX_TIMEOUT
[trace] EVT_RX_TIMEOUT
[trace] EVT_RX_TIMEOUT
[trace] EVT_RX_TIMEOUT
[trace] EVT_RX_TIMEOUT
[trace] EVT_RX_TIMEOUT
[trace] EVT_RX_TIMEOUT
ll_ctrl op=0x02 new=1 tx_ok=1 tx_llid=1 tx_len=0 ce=729
link terminated
advertising
advertising
advertising
advertising
advertising
advertising
advertising
advertising
advertising
advertising
advertising
advertising
advertising
