Waiting to connect to bluetoothd...[0;94m[bluetooth][0m# agent NoInputNoOutput
Failed to register agent object
[0;94m[bluetooth][0m# default-agent
No agent is registered
[0;94m[bluetooth][0m# scan on
[0;94m[bluetooth][0m# menu scan
[1;39mMenu scan:[0m
[1;39mAvailable commands:[0m
[1;39m-------------------[0m
[1;39muuids [all/uuid1 uuid2 ...]                       [0mSet/Get UUIDs filter
[1;39mrssi [rssi]                                       [0mSet/Get RSSI filter, and clears pathloss
[1;39mpathloss [pathloss]                               [0mSet/Get Pathloss filter, and clears RSSI
[1;39mtransport [transport]                             [0mSet/Get transport filter
[1;39mduplicate-data [on/off]                           [0mSet/Get duplicate data filter
[1;39mdiscoverable [on/off]                             [0mSet/Get discoverable filter
[1;39mpattern [value]                                   [0mSet/Get pattern filter
[1;39mclear [uuids/rssi/pathloss/transport/duplicate-data/discoverable/pattern] [0mClears discovery filter.
[1;39mback                                              [0mReturn to main menu
[1;39mversion                                           [0mDisplay version
[1;39mquit                                              [0mQuit program
[1;39mexit                                              [0mQuit program
[1;39mhelp                                              [0mDisplay help about this program
[1;39mexport                                            [0mPrint environment variables
[0;94m[bluetooth][0m# discovery on
[1;39mInvalid command in menu scan: discovery[0m
[1;39m
Use "help" for a list of available commands in a menu.
Use "menu <submenu>" if you want to enter any submenu.
Use "back" if you want to return to menu main.[0m
[0;94m[bluetooth][0m# back
[1;39mMenu main:[0m
[1;39mAvailable commands:[0m
[1;39m-------------------[0m
[0;94madvertise                                         [0mAdvertise Options Submenu
[0;94mmonitor                                           [0mAdvertisement Monitor Options Submenu
[0;94mscan                                              [0mScan Options Submenu
[0;94mgatt                                              [0mGeneric Attribute Submenu
[0;94madmin                                             [0mAdmin Policy Submenu
[0;94mplayer                                            [0mMedia Player Submenu
[0;94mendpoint                                          [0mMedia Endpoint Submenu
[0;94mtransport                                         [0mMedia Transport Submenu
[0;94mmgmt                                              [0mManagement Submenu
[0;94mmonitor                                           [0mAdvertisement Monitor Submenu
[1;39mlist                                              [0mList available controllers
[1;39mshow [ctrl]                                       [0mController information
[1;39mselect <ctrl>                                     [0mSelect default controller
[1;39mdevices [Paired/Bonded/Trusted/Connected]         [0mList available devices, with an optional property as the filter
[1;39msystem-alias <name>                               [0mSet controller alias
[1;39mreset-alias                                       [0mReset controller alias
[1;39mpower <on/off>                                    [0mSet controller power
[1;39mpairable <on/off>                                 [0mSet controller pairable mode
[1;39mdiscoverable <on/off>                             [0mSet controller discoverable mode
[1;39mdiscoverable-timeout [value]                      [0mSet discoverable timeout
[1;39magent <on/off/auto/capability>                    [0mEnable/disable agent with given capability
[1;39mdefault-agent                                     [0mSet agent as the default one
[1;39madvertise <on/off/type>                           [0mEnable/disable advertising with given type
[1;39mset-alias <alias>                                 [0mSet device alias
[1;39mscan <on/off/bredr/le>                            [0mScan for devices
[1;39minfo [dev/set]                                    [0mDevice/Set information
[1;39mpair [dev]                                        [0mPair with device
[1;39mcancel-pairing [dev]                              [0mCancel pairing with device
[1;39mtrust [dev]                                       [0mTrust device
[1;39muntrust [dev]                                     [0mUntrust device
[1;39mblock [dev]                                       [0mBlock device
[1;39munblock [dev]                                     [0mUnblock device
[1;39mremove <dev>                                      [0mRemove device
[1;39mconnect <dev>                                     [0mConnect device
[1;39mdisconnect [dev]                                  [0mDisconnect device
[1;39mmenu <name>                                       [0mSelect submenu
[1;39mversion                                           [0mDisplay version
[1;39mquit                                              [0mQuit program
[1;39mexit                                              [0mQuit program
[1;39mhelp                                              [0mDisplay help about this program
[1;39mexport                                            [0mPrint environment variables
[0;94m[bluetooth][0m# connect C0:DE:54:15:00:51
Device C0:DE:54:15:00:51 not available
[0;94m[bluetooth][0m# pair C0:DE:54:15:00:51
Device C0:DE:54:15:00:51 not available
[0;94m[bluetooth][0m# info C0:DE:54:15:00:51
Device C0:DE:54:15:00:51 not available
DeviceSet C0:DE:54:15:00:51 not available
[0;94m[bluetooth][0m# disconnect C0:DE:54:15:00:51
Device C0:DE:54:15:00:51 not available
[0;94m[bluetooth][0m# quit
[0;94m[bluetooth][0m# 