SetDiscoveryFilter success
Discovery started
[[0;92mNEW[0m] Device 40:70:67:32:C9:DE 40-70-67-32-C9-DE
[[0;92mNEW[0m] Device 76:E8:DC:3F:2D:69 76-E8-DC-3F-2D-69
[[0;92mNEW[0m] Device A4:C1:38:D0:E4:84 ATC_D0E484
[[0;93mCHG[0m] Device A4:C1:38:D0:E4:84 RSSI: 0xffffffb0 (-80)
[[0;92mNEW[0m] Device DB:6C:AB:81:14:2C DB-6C-AB-81-14-2C
[[0;93mCHG[0m] Device 40:70:67:32:C9:DE RSSI: 0xffffffa3 (-93)
[[0;93mCHG[0m] Device 76:E8:DC:3F:2D:69 RSSI: 0xffffffa2 (-94)
[[0;93mCHG[0m] Device 76:E8:DC:3F:2D:69 RSSI: 0xffffffa5 (-91)
[[0;93mCHG[0m] Device 76:E8:DC:3F:2D:69 RSSI: 0xffffffa5 (-91)
[[0;93mCHG[0m] Device 40:70:67:32:C9:DE RSSI: 0xffffffa3 (-93)
[[0;93mCHG[0m] Device 76:E8:DC:3F:2D:69 RSSI: 0xffffffa7 (-89)
[[0;93mCHG[0m] Device 40:70:67:32:C9:DE RSSI: 0xffffffa3 (-93)
[[0;92mNEW[0m] Device A4:C1:38:26:4E:DA ATC_264EDA
[[0;93mCHG[0m] Device 40:70:67:32:C9:DE RSSI: 0xffffffa2 (-94)
[[0;92mNEW[0m] Device E9:CA:A2:61:3F:50 E9-CA-A2-61-3F-50
[[0;93mCHG[0m] Device A4:C1:38:26:4E:DA RSSI: 0xffffffbe (-66)
[[0;93mCHG[0m] Device A4:C1:38:26:4E:DA RSSI: 0xffffffbe (-66)
[[0;93mCHG[0m] Device A4:C1:38:D0:E4:84 RSSI: 0xffffffb2 (-78)
