SetDiscoveryFilter success
Discovery started
[[0;92mNEW[0m] Device 46:8D:71:EC:56:EF 46-8D-71-EC-56-EF
[[0;93mCHG[0m] Device 46:8D:71:EC:56:EF RSSI: 0xffffffb1 (-79)
[[0;92mNEW[0m] Device 79:B1:6C:07:68:1E 79-B1-6C-07-68-1E
[[0;93mCHG[0m] Device 79:B1:6C:07:68:1E RSSI: 0xffffffa3 (-93)
[[0;93mCHG[0m] Device 46:8D:71:EC:56:EF RSSI: 0xffffffb0 (-80)
[[0;93mCHG[0m] Device 79:B1:6C:07:68:1E RSSI: 0xffffffa3 (-93)
[[0;92mNEW[0m] Device E9:50:5E:FD:D2:44 E9-50-5E-FD-D2-44
[[0;93mCHG[0m] Device 46:8D:71:EC:56:EF RSSI: 0xffffffb0 (-80)
[[0;93mCHG[0m] Device 79:B1:6C:07:68:1E RSSI: 0xffffffa6 (-90)
[[0;92mNEW[0m] Device A4:C1:38:26:4E:DA ATC_264EDA
[[0;93mCHG[0m] Device 46:8D:71:EC:56:EF RSSI: 0xffffffad (-83)
[[0;92mNEW[0m] Device A4:C1:38:75:8A:D6 LYWSD03MMC
[[0;92mNEW[0m] Device A4:C1:38:D0:E4:84 ATC_D0E484
[[0;93mCHG[0m] Device 46:8D:71:EC:56:EF RSSI: 0xffffffb1 (-79)
[[0;93mCHG[0m] Device 46:8D:71:EC:56:EF RSSI: 0xffffffb3 (-77)
[[0;93mCHG[0m] Device 46:8D:71:EC:56:EF RSSI: 0xffffffaa (-86)
[[0;93mCHG[0m] Device 46:8D:71:EC:56:EF RSSI: 0xffffffae (-82)
[[0;93mCHG[0m] Device 79:B1:6C:07:68:1E RSSI: 0xffffffa6 (-90)
[[0;92mNEW[0m] Device FA:A9:E9:67:F9:C8 FA-A9-E9-67-F9-C8
[[0;93mCHG[0m] Device E9:50:5E:FD:D2:44 RSSI: 0xffffffa3 (-93)
[[0;93mCHG[0m] Device 79:B1:6C:07:68:1E RSSI: 0xffffffa6 (-90)
[[0;93mCHG[0m] Device 79:B1:6C:07:68:1E RSSI: 0xffffffa3 (-93)
[[0;93mCHG[0m] Device 46:8D:71:EC:56:EF RSSI: 0xffffffaf (-81)
[[0;92mNEW[0m] Device C0:DE:54:15:00:51 X54-PAIR
[[0;93mCHG[0m] Device 79:B1:6C:07:68:1E RSSI: 0xffffffa3 (-93)
[[0;93mCHG[0m] Device 79:B1:6C:07:68:1E RSSI: 0xffffffa6 (-90)
[[0;93mCHG[0m] Device 79:B1:6C:07:68:1E RSSI: 0xffffffa6 (-90)
[[0;93mCHG[0m] Device 46:8D:71:EC:56:EF RSSI: 0xffffffa9 (-87)
[[0;93mCHG[0m] Device 46:8D:71:EC:56:EF RSSI: 0xffffffac (-84)
[[0;93mCHG[0m] Device FA:A9:E9:67:F9:C8 RSSI: 0xffffffa8 (-88)
[[0;93mCHG[0m] Device 79:B1:6C:07:68:1E RSSI: 0xffffffa6 (-90)
[[0;93mCHG[0m] Device 79:B1:6C:07:68:1E RSSI: 0xffffffa7 (-89)
[[0;93mCHG[0m] Device 46:8D:71:EC:56:EF RSSI: 0xffffffb0 (-80)
[[0;93mCHG[0m] Device 79:B1:6C:07:68:1E RSSI: 0xffffffa3 (-93)
