advertising
advertising
advertising
advertising
advertising
advertising
advertising
connected peer=68:34:21:E5:84:DF int=36
ce=1 rx=1 crc=1 new=1 llid=3 len=9 tx=1 txllid=1 txlen=0 term=0
ce=2 rx=1 crc=1 new=1 llid=1 len=0 tx=1 txllid=3 txlen=9 term=0
ce=3 rx=1 crc=1 new=1 llid=3 len=6 tx=1 txllid=1 txlen=0 term=0
ce=4 rx=1 crc=1 new=1 llid=2 len=11 tx=1 txllid=3 txlen=6 term=0
ce=5 rx=1 crc=1 new=0 llid=2 len=11 tx=1 txllid=3 txlen=6 term=0
ce=6 rx=1 crc=1 new=1 llid=2 len=7 tx=1 txllid=2 txlen=11 term=0
ce=7 rx=1 crc=1 new=1 llid=2 len=21 tx=1 txllid=2 txlen=7 term=0
ce=8 rx=1 crc=1 new=1 llid=2 len=11 tx=1 txllid=2 txlen=21 term=0
ce=9 rx=1 crc=1 new=1 llid=2 len=21 tx=1 txllid=2 txlen=9 term=0
ce=10 rx=0 crc=0 new=0 llid=0 len=0 tx=0 txllid=1 txlen=0 term=0
ce=11 rx=1 crc=1 new=1 llid=2 len=11 tx=1 txllid=2 txlen=21 term=0
ce=12 rx=1 crc=1 new=0 llid=2 len=11 tx=1 txllid=2 txlen=21 term=0
ce=13 rx=1 crc=1 new=1 llid=3 len=23 tx=1 txllid=3 txlen=13 term=0
encryption=ON ce=14
ce=14 rx=1 crc=1 new=1 llid=1 len=0 tx=1 txllid=3 txlen=1 term=0
ce=15 rx=1 crc=1 new=1 llid=3 len=1 tx=1 txllid=3 txlen=1 term=0
ce=16 rx=0 crc=0 new=0 llid=0 len=0 tx=0 txllid=1 txlen=0 term=0
ce=17 rx=1 crc=1 new=0 llid=3 len=1 tx=1 txllid=3 txlen=1 term=0
ce=18 rx=1 crc=1 new=0 llid=3 len=1 tx=1 txllid=3 txlen=1 term=0
ce=19 rx=1 crc=1 new=0 llid=3 len=1 tx=1 txllid=3 txlen=1 term=0
ce=20 rx=1 crc=1 new=0 llid=3 len=1 tx=1 txllid=3 txlen=1 term=0
ce=21 rx=1 crc=1 new=0 llid=3 len=1 tx=1 txllid=3 txlen=1 term=0
ce=22 rx=1 crc=1 new=0 llid=3 len=1 tx=1 txllid=3 txlen=1 term=0
ce=23 rx=1 crc=1 new=0 llid=3 len=1 tx=1 txllid=3 txlen=1 term=0
ce=24 rx=0 crc=0 new=0 llid=0 len=0 tx=0 txllid=1 txlen=0 term=0
ce=25 rx=0 crc=0 new=0 llid=0 len=0 tx=0 txllid=1 txlen=0 term=0
ce=26 rx=0 crc=0 new=0 llid=0 len=0 tx=0 txllid=1 txlen=0 term=0
ce=27 rx=0 crc=0 new=0 llid=0 len=0 tx=0 txllid=1 txlen=0 term=0
ce=28 rx=0 crc=0 new=0 llid=0 len=0 tx=0 txllid=1 txlen=0 term=0
ce=29 rx=0 crc=0 new=0 llid=0 len=0 tx=0 txllid=1 txlen=0 term=0
ce=31 rx=0 crc=0 new=0 llid=0 len=0 tx=0 txllid=1 txlen=0 term=0
ce=32 rx=0 crc=0 new=0 llid=0 len=0 tx=0 txllid=1 txlen=0 term=0
encryption=OFF ce=33
ce=33 rx=0 crc=0 new=0 llid=0 len=0 tx=0 txllid=1 txlen=0 term=1
link terminated
enc_dbg followup_armed=1 end_seen=0 crc_ok=0 start_req=0 start_rsp_tx_ok=0 rx_llid1=0 rx_llid2=0 rx_llid3=0 last_hdr=0x00 last_llid=0 last_len=0 last_b0=0x00 main_enc_req=1 main_enc_rsp_tx_ok=1 main_start_req=0 main_start_req_dec=0 main_start_rsp_tx_ok=8 pend_ctrl_rx=0 pend_last_hdr=0x00 pend_last_len_raw=0 pend_last_b0=0x00 pend_last_dec=0 enc_rsp_txen_lag_last_us=0 enc_rsp_txen_lag_max_us=0 mic_fail=0 short_pdu=0 mic_ctr_lo=0 mic_hdr=0x00 mic_len_raw=0 mic_dir=0 mic_state=0x00 mic_b=0x00,00,00,00,00 start_rsp_rx=1 pause_req=0 pause_rsp=0 enc_clear=0 clear_reason=0x00 tx_lag_last=3173 tx_lag_max=3173 enc_tx_cnt=8 enc_tx_lag_last=3173 enc_tx_lag_max=3173 skdm=91F353421DB1AF01 ivm=E1718577 skds=5A61261354397F0D ivs=301E41EA sk=559209653CEFF641DCA291DCACF62610 sk_alt=7B5697B220EC518F800312C14247704E sk_ok=1 sk_alt_ok=1 rx_dir=1 tx_dir=1
advertising
advertising
advertising
advertising
advertising
advertising
advertising
advertising
advertising
advertising
advertising
advertising
advertising
advertising
advertising
advertising
advertising
advertising
advertising
advertising
advertising
advertising
advertising
advertising
advertising
advertising
advertising
advertising
advertising
advertising
advertising
advertising
advertising
advertising
