Attempting to pair with 5B:40:82:EE:70:5E
[[0;93mCHG[0m] Device 5B:40:82:EE:70:5E ServicesResolved: no
[[0;93mCHG[0m] Device 5B:40:82:EE:70:5E Connected: no
Failed to pair: org.bluez.Error.AuthenticationCanceled
[[0;91mDEL[0m] Device 47:9C:15:8F:77:BC 47-9C-15-8F-77-BC
[[0;91mDEL[0m] Device C7:F9:6F:16:65:0A C7-F9-6F-16-65-0A
[[0;91mDEL[0m] Device A4:C1:38:75:8A:D6 LYWSD03MMC
[[0;91mDEL[0m] Device 71:BD:CF:B1:C8:D4 71-BD-CF-B1-C8-D4
[[0;91mDEL[0m] Device 7D:3A:27:49:7C:A9 7D-3A-27-49-7C-A9
[[0;91mDEL[0m] Descriptor (Handle 0x0000)
	/org/bluez/hci0/dev_5B_40_82_EE_70_5E/service0001/char0002/desc0004
	00002902-0000-1000-8000-00805f9b34fb
	Client Characteristic Configuration
[[0;91mDEL[0m] Characteristic (Handle 0x0000)
	/org/bluez/hci0/dev_5B_40_82_EE_70_5E/service0001/char0002
	00002a05-0000-1000-8000-00805f9b34fb
	Service Changed
[[0;91mDEL[0m] Characteristic (Handle 0x0000)
	/org/bluez/hci0/dev_5B_40_82_EE_70_5E/service0001/char0005
	00002b29-0000-1000-8000-00805f9b34fb
	Client Supported Features
[[0;91mDEL[0m] Characteristic (Handle 0x0000)
	/org/bluez/hci0/dev_5B_40_82_EE_70_5E/service0001/char0007
	00002b2a-0000-1000-8000-00805f9b34fb
	Database Hash
[[0;91mDEL[0m] Primary Service (Handle 0x0000)
	/org/bluez/hci0/dev_5B_40_82_EE_70_5E/service0001
	00001801-0000-1000-8000-00805f9b34fb
	Generic Attribute Profile
[[0;91mDEL[0m] Device 5B:40:82:EE:70:5E XIAO-nRF54L15
