SetDiscoveryFilter success
Discovery started
[[0;92mNEW[0m] Device 5B:40:82:EE:70:5E XIAO-nRF54L15
[[0;93mCHG[0m] Device 5B:40:82:EE:70:5E RSSI: 0xffffffc4 (-60)
[[0;93mCHG[0m] Device 5B:40:82:EE:70:5E RSSI: 0xffffffbf (-65)
[[0;93mCHG[0m] Device 5B:40:82:EE:70:5E RSSI: 0xffffffc2 (-62)
[[0;93mCHG[0m] Device 5B:40:82:EE:70:5E RSSI: 0xffffffc2 (-62)
[[0;93mCHG[0m] Device 5B:40:82:EE:70:5E RSSI: 0xffffffbf (-65)
[[0;92mNEW[0m] Device 47:9C:15:8F:77:BC 47-9C-15-8F-77-BC
[[0;93mCHG[0m] Device 5B:40:82:EE:70:5E RSSI: 0xffffffc2 (-62)
[[0;93mCHG[0m] Device 5B:40:82:EE:70:5E RSSI: 0xffffffc4 (-60)
[[0;93mCHG[0m] Device 47:9C:15:8F:77:BC RSSI: 0xffffffad (-83)
[[0;93mCHG[0m] Device 5B:40:82:EE:70:5E RSSI: 0xffffffc4 (-60)
[[0;93mCHG[0m] Device 5B:40:82:EE:70:5E RSSI: 0xffffffc4 (-60)
[[0;92mNEW[0m] Device 7D:3A:27:49:7C:A9 7D-3A-27-49-7C-A9
[[0;93mCHG[0m] Device 5B:40:82:EE:70:5E RSSI: 0xffffffbf (-65)
[[0;93mCHG[0m] Device 5B:40:82:EE:70:5E RSSI: 0xffffffbf (-65)
[[0;92mNEW[0m] Device 71:BD:CF:B1:C8:D4 71-BD-CF-B1-C8-D4
[[0;92mNEW[0m] Device C7:F9:6F:16:65:0A C7-F9-6F-16-65-0A
[[0;93mCHG[0m] Device 5B:40:82:EE:70:5E RSSI: 0xffffffc2 (-62)
[[0;93mCHG[0m] Device 5B:40:82:EE:70:5E RSSI: 0xffffffc2 (-62)
[[0;93mCHG[0m] Device 5B:40:82:EE:70:5E RSSI: 0xffffffc2 (-62)
[[0;93mCHG[0m] Device 71:BD:CF:B1:C8:D4 RSSI: 0xffffffa5 (-91)
[[0;93mCHG[0m] Device 5B:40:82:EE:70:5E RSSI: 0xffffffbf (-65)
[[0;93mCHG[0m] Device 5B:40:82:EE:70:5E RSSI: 0xffffffbf (-65)
[[0;93mCHG[0m] Device 5B:40:82:EE:70:5E RSSI: 0xffffffc4 (-60)
[[0;93mCHG[0m] Device 5B:40:82:EE:70:5E RSSI: 0xffffffc4 (-60)
[[0;93mCHG[0m] Device 5B:40:82:EE:70:5E RSSI: 0xffffffc4 (-60)
[[0;93mCHG[0m] Device 71:BD:CF:B1:C8:D4 RSSI: 0xffffffa6 (-90)
[[0;93mCHG[0m] Device 5B:40:82:EE:70:5E RSSI: 0xffffffbf (-65)
[[0;93mCHG[0m] Device 5B:40:82:EE:70:5E RSSI: 0xffffffbf (-65)
[[0;93mCHG[0m] Device 5B:40:82:EE:70:5E RSSI: 0xffffffc2 (-62)
[[0;93mCHG[0m] Device 71:BD:CF:B1:C8:D4 RSSI: 0xffffffa4 (-92)
[[0;93mCHG[0m] Device 5B:40:82:EE:70:5E RSSI: 0xffffffc0 (-64)
[[0;93mCHG[0m] Device 5B:40:82:EE:70:5E RSSI: 0xffffffc2 (-62)
[[0;93mCHG[0m] Device 5B:40:82:EE:70:5E RSSI: 0xffffffbf (-65)
[[0;93mCHG[0m] Device 5B:40:82:EE:70:5E RSSI: 0xffffffbf (-65)
[[0;93mCHG[0m] Device 71:BD:CF:B1:C8:D4 RSSI: 0xffffffa4 (-92)
[[0;93mCHG[0m] Device 5B:40:82:EE:70:5E RSSI: 0xffffffc3 (-61)
[[0;93mCHG[0m] Device 7D:3A:27:49:7C:A9 RSSI: 0xffffffab (-85)
[[0;93mCHG[0m] Device 5B:40:82:EE:70:5E RSSI: 0xffffffc2 (-62)
[[0;93mCHG[0m] Device 7D:3A:27:49:7C:A9 RSSI: 0xffffffab (-85)
[[0;93mCHG[0m] Device 5B:40:82:EE:70:5E RSSI: 0xffffffc0 (-64)
[[0;93mCHG[0m] Device 5B:40:82:EE:70:5E RSSI: 0xffffffc2 (-62)
[[0;93mCHG[0m] Device 71:BD:CF:B1:C8:D4 RSSI: 0xffffffa7 (-89)
[[0;93mCHG[0m] Device 7D:3A:27:49:7C:A9 RSSI: 0xffffffa9 (-87)
[[0;93mCHG[0m] Device 7D:3A:27:49:7C:A9 RSSI: 0xffffffa9 (-87)
[[0;93mCHG[0m] Device 5B:40:82:EE:70:5E RSSI: 0xffffffbf (-65)
[[0;93mCHG[0m] Device 5B:40:82:EE:70:5E RSSI: 0xffffffc2 (-62)
[[0;92mNEW[0m] Device A4:C1:38:75:8A:D6 LYWSD03MMC
[[0;93mCHG[0m] Device 5B:40:82:EE:70:5E RSSI: 0xffffffbf (-65)
[[0;93mCHG[0m] Device 5B:40:82:EE:70:5E RSSI: 0xffffffc2 (-62)
[[0;93mCHG[0m] Device 5B:40:82:EE:70:5E RSSI: 0xffffffc3 (-61)
[[0;93mCHG[0m] Device 7D:3A:27:49:7C:A9 RSSI: 0xffffffa8 (-88)
[[0;93mCHG[0m] Device 71:BD:CF:B1:C8:D4 RSSI: 0xffffffa6 (-90)
[[0;93mCHG[0m] Device 7D:3A:27:49:7C:A9 RSSI: 0xffffffab (-85)
[[0;93mCHG[0m] Device 5B:40:82:EE:70:5E RSSI: 0xffffffc3 (-61)
[[0;93mCHG[0m] Device 5B:40:82:EE:70:5E RSSI: 0xffffffbf (-65)
