SetDiscoveryFilter success
hci0 type 1 discovering off
hci0 type 7 discovering on
Discovery started
[[0;92mNEW[0m] Device C0:DE:54:15:00:01 XIAO-54-CLN
[[0;93mCHG[0m] Device C0:DE:54:15:00:01 RSSI: 0xffffffad (-83)
[[0;92mNEW[0m] Device 5C:B2:62:7F:41:17 5C-B2-62-7F-41-17
[[0;93mCHG[0m] Device C0:DE:54:15:00:01 RSSI: 0xffffffa2 (-94)
[[0;93mCHG[0m] Device C0:DE:54:15:00:01 RSSI: 0xffffffac (-84)
[[0;93mCHG[0m] Device C0:DE:54:15:00:01 RSSI: 0xffffffaa (-86)
[[0;93mCHG[0m] Device C0:DE:54:15:00:01 RSSI: 0xffffffa2 (-94)
[[0;93mCHG[0m] Device C0:DE:54:15:00:01 RSSI: 0xffffffac (-84)
[[0;93mCHG[0m] Device C0:DE:54:15:00:01 RSSI: 0xffffffaa (-86)
[[0;92mNEW[0m] Device 44:50:16:9D:EA:4C 44-50-16-9D-EA-4C
[[0;93mCHG[0m] Device C0:DE:54:15:00:01 RSSI: 0xffffffa2 (-94)
[[0;92mNEW[0m] Device A4:C1:38:D0:E4:84 ATC_D0E484
[[0;93mCHG[0m] Device 44:50:16:9D:EA:4C RSSI: 0xffffff9f (-97)
[[0;93mCHG[0m] Device C0:DE:54:15:00:01 RSSI: 0xffffffa1 (-95)
[[0;93mCHG[0m] Device 5C:B2:62:7F:41:17 RSSI: 0xffffffa9 (-87)
[[0;93mCHG[0m] Device 5C:B2:62:7F:41:17 RSSI: 0xffffffaa (-86)
[[0;93mCHG[0m] Device 5C:B2:62:7F:41:17 RSSI: 0xffffffa8 (-88)
[[0;93mCHG[0m] Device C0:DE:54:15:00:01 RSSI: 0xffffffa2 (-94)
[[0;93mCHG[0m] Device 5C:B2:62:7F:41:17 RSSI: 0xffffffaa (-86)
[[0;93mCHG[0m] Device C0:DE:54:15:00:01 RSSI: 0xffffffac (-84)
[[0;93mCHG[0m] Device C0:DE:54:15:00:01 RSSI: 0xffffffaa (-86)
[[0;93mCHG[0m] Device 5C:B2:62:7F:41:17 RSSI: 0xffffffa7 (-89)
[[0;93mCHG[0m] Device C0:DE:54:15:00:01 RSSI: 0xffffffa2 (-94)
[[0;93mCHG[0m] Device C0:DE:54:15:00:01 RSSI: 0xffffffac (-84)
[[0;92mNEW[0m] Device F1:DD:C8:87:F4:42 F1-DD-C8-87-F4-42
[[0;93mCHG[0m] Device C0:DE:54:15:00:01 RSSI: 0xffffffa4 (-92)
[[0;93mCHG[0m] Device C0:DE:54:15:00:01 RSSI: 0xffffffa1 (-95)
hci0 type 7 discovering off
hci0 type 7 discovering on
[[0;93mCHG[0m] Device 5C:B2:62:7F:41:17 RSSI: 0xffffffae (-82)
[[0;93mCHG[0m] Device C0:DE:54:15:00:01 RSSI: 0xffffffac (-84)
[[0;93mCHG[0m] Device 5C:B2:62:7F:41:17 RSSI: 0xffffffae (-82)
