SetDiscoveryFilter success
hci0 type 1 discovering off
hci0 type 7 discovering on
Discovery started
[[0;92mNEW[0m] Device 5C:B2:62:7F:41:17 5C-B2-62-7F-41-17
[[0;92mNEW[0m] Device C0:DE:54:15:00:11 XIAO-54
[[0;92mNEW[0m] Device 44:50:16:9D:EA:4C 44-50-16-9D-EA-4C
[[0;93mCHG[0m] Device 5C:B2:62:7F:41:17 RSSI: 0xffffffae (-82)
[[0;92mNEW[0m] Device A4:C1:38:8D:7D:4F ATC_8D7D4F
[[0;93mCHG[0m] Device 5C:B2:62:7F:41:17 RSSI: 0xffffffad (-83)
[[0;93mCHG[0m] Device C0:DE:54:15:00:11 RSSI: 0xffffffa2 (-94)
[[0;93mCHG[0m] Device 44:50:16:9D:EA:4C RSSI: 0xffffff9e (-98)
[[0;92mNEW[0m] Device C6:91:1D:C9:80:CC C6-91-1D-C9-80-CC
[[0;93mCHG[0m] Device 5C:B2:62:7F:41:17 RSSI: 0xffffffac (-84)
[[0;93mCHG[0m] Device 44:50:16:9D:EA:4C RSSI: 0xffffff9e (-98)
[[0;93mCHG[0m] Device 44:50:16:9D:EA:4C UUIDs: 0000fe2c-0000-1000-8000-00805f9b34fb
[[0;93mCHG[0m] Device 44:50:16:9D:EA:4C UUIDs: 0000fd82-0000-1000-8000-00805f9b34fb
[[0;93mCHG[0m] Device 44:50:16:9D:EA:4C ManufacturerData.Key: 0x012d (301)
[[0;93mCHG[0m] Device 44:50:16:9D:EA:4C ManufacturerData.Value:
  04 00 02 02 b0 31 09 0b d4 66 98 41 07 00 02 00  .....1...f.A....
  33 00 00 00                                      3...            
hci0 type 7 discovering off
hci0 type 7 discovering on
