#9 ch=37 rssi=-81 type=ADV_IND txAddr=public len=23 advA=A4:C1:38:26:4E:DA
#10 ch=38 rssi=-104 type=ADV_NONCONN txAddr=random len=37 advA=C6:91:1D:C9:80:CC
#11 ch=38 rssi=-98 type=ADV_IND txAddr=public len=27 advA=A4:C1:38:75:8A:D6
#12 ch=38 rssi=-90 type=SCAN_REQ txAddr=public len=12 advA=B4:3A:45:89:65:FA
#13 ch=39 rssi=-85 type=ADV_IND txAddr=public len=23 advA=A4:C1:38:26:4E:DA
#14 ch=38 rssi=-90 type=SCAN_REQ txAddr=public len=12 advA=B4:3A:45:89:65:FA
#15 ch=37 rssi=-100 type=ADV_IND txAddr=public len=27 advA=A4:C1:38:75:8A:D6
#16 ch=38 rssi=-90 type=SCAN_REQ txAddr=public len=12 advA=B4:3A:45:89:65:FA
#17 ch=37 rssi=-81 type=ADV_IND txAddr=public len=23 advA=A4:C1:38:26:4E:DA
#18 ch=38 rssi=-99 type=ADV_IND txAddr=public len=27 advA=A4:C1:38:75:8A:D6
#19 ch=37 rssi=-92 type=SCAN_REQ txAddr=public len=12 advA=B4:3A:45:89:65:FA
#20 ch=38 rssi=-99 type=ADV_IND txAddr=public len=27 advA=A4:C1:38:75:8A:D6
#21 ch=39 rssi=-103 type=SCAN_REQ txAddr=public len=12 advA=B4:3A:45:89:65:FA
#22 ch=37 rssi=-105 type=ADV_IND txAddr=random len=23 advA=5C:B2:62:7F:41:17
#23 ch=38 rssi=-90 type=SCAN_REQ txAddr=public len=12 advA=B4:3A:45:89:65:FA
#24 ch=39 rssi=-85 type=ADV_IND txAddr=public len=23 advA=A4:C1:38:26:4E:DA
#25 ch=37 rssi=-100 type=ADV_IND txAddr=public len=27 advA=A4:C1:38:75:8A:D6
#26 ch=38 rssi=-90 type=SCAN_REQ txAddr=public len=12 advA=B4:3A:45:89:65:FA
#27 ch=38 rssi=-90 type=SCAN_REQ txAddr=public len=12 advA=B4:3A:45:89:65:FA
#28 ch=38 rssi=-99 type=ADV_IND txAddr=public len=27 advA=A4:C1:38:75:8A:D6
