Bluetooth monitor ver 5.72
btmon[3164590]: = Note: Linux version 6.17.0-14-generic (x86_64)       0.954460
btmon[3164590]: = Note: Bluetooth subsystem version 2.22               0.954462
= New Index: 68:34:21:E5:84:DF (Primary,USB,hci0)               [hci0] 0.954463
= Open Index: 68:34:21:E5:84:DF                                 [hci0] 0.954463
= Index Info: 68:34:21:E5:84:DF (Intel Corp.)                   [hci0] 0.954464
bluetoothd[3155986]: @ MGMT Open.. (privileged) version 1.23  {0x0001} 0.954464
btmgmt[2437324]: @ MGMT Open: btmgmt version 1.23             {0x0002} 0.954465
bluetoothctl[3164697]: @ MGMT Op.. (privileged) version 1.23  {0x0003} 1.957281
> HCI Event: Inquiry Complete (0x01) plen 1                  #1 [hci0] 4.204034
        Status: Success (0x00)
@ MGMT Event: Discovering (0x0013) plen 2              {0x0003} [hci0] 4.204138
        Address type: 0x01
          BR/EDR
        Discovery: Disabled (0x00)
@ MGMT Event: Discovering (0x0013) plen 2              {0x0001} [hci0] 4.204138
        Address type: 0x01
          BR/EDR
        Discovery: Disabled (0x00)
bluetoothd[3155986]: @ MGMT Command.. (0x003a) plen 4  {0x0001} [hci0] 4.204408
        Address type: 0x01
          BR/EDR
        RSSI: invalid (0x7f)
        UUIDs: 0
< HCI Command: Inquiry (0x01|0x0001) plen 5                  #2 [hci0] 4.204647
        Access code: 0x9e8b33 (General Inquiry)
        Length: 10.24s (0x08)
        Num responses: 0
> HCI Event: Command Status (0x0f) plen 4                    #3 [hci0] 4.206025
      Inquiry (0x01|0x0001) ncmd 1
        Status: Success (0x00)
@ MGMT Event: Command Complete (0x0001) plen 4         {0x0001} [hci0] 4.206222
      Start Service Discovery (0x003a) plen 1
        Status: Success (0x00)
        Address type: 0x01
          BR/EDR
@ MGMT Event: Discovering (0x0013) plen 2              {0x0003} [hci0] 4.206225
        Address type: 0x01
          BR/EDR
        Discovery: Enabled (0x01)
@ MGMT Event: Discovering (0x0013) plen 2              {0x0001} [hci0] 4.206225
        Address type: 0x01
          BR/EDR
        Discovery: Enabled (0x01)
bluetoothctl[3164697]: @ MGMT Close: bluetoothctl             {0x0003} 9.973173
bluetoothctl[3165715]: @ MGMT O..n (privileged) version 1.23  {0x0003} 12.988256
> HCI Event: Inquiry Complete (0x01) plen 1                 #4 [hci0] 14.510329
        Status: Success (0x00)
@ MGMT Event: Discovering (0x0013) plen 2             {0x0003} [hci0] 14.510463
        Address type: 0x01
          BR/EDR
        Discovery: Disabled (0x00)
@ MGMT Event: Discovering (0x0013) plen 2             {0x0001} [hci0] 14.510463
        Address type: 0x01
          BR/EDR
        Discovery: Disabled (0x00)
bluetoothd[3155986]: @ MGMT Comman.. (0x003a) plen 4  {0x0001} [hci0] 14.510776
        Address type: 0x01
          BR/EDR
        RSSI: invalid (0x7f)
        UUIDs: 0
< HCI Command: Inquiry (0x01|0x0001) plen 5                 #5 [hci0] 14.511070
        Access code: 0x9e8b33 (General Inquiry)
        Length: 10.24s (0x08)
        Num responses: 0
> HCI Event: Command Status (0x0f) plen 4                   #6 [hci0] 14.512315
      Inquiry (0x01|0x0001) ncmd 1
        Status: Success (0x00)
@ MGMT Event: Command Complete (0x0001) plen 4        {0x0001} [hci0] 14.512593
      Start Service Discovery (0x003a) plen 1
        Status: Success (0x00)
        Address type: 0x01
          BR/EDR
@ MGMT Event: Discovering (0x0013) plen 2             {0x0003} [hci0] 14.512603
        Address type: 0x01
          BR/EDR
        Discovery: Enabled (0x01)
@ MGMT Event: Discovering (0x0013) plen 2             {0x0001} [hci0] 14.512603
        Address type: 0x01
          BR/EDR
        Discovery: Enabled (0x01)
bluetoothctl[3165715]: @ MGMT Close: bluetoothctl            {0x0003} 18.990415
