SetDiscoveryFilter success
Discovery started
[[0;92mNEW[0m] Device A4:C1:38:75:8A:D6 LYWSD03MMC
[[0;92mNEW[0m] Device C4:5F:62:0A:3F:8C C4-5F-62-0A-3F-8C
[[0;92mNEW[0m] Device C0:DE:54:15:00:51 X54-PAIR
[[0;92mNEW[0m] Device 40:08:88:8B:CF:A5 40-08-88-8B-CF-A5
[[0;93mCHG[0m] Device 40:08:88:8B:CF:A5 RSSI: 0xffffffa0 (-96)
[[0;92mNEW[0m] Device 62:BB:7B:08:F9:AE 62-BB-7B-08-F9-AE
[[0;92mNEW[0m] Device A4:C1:38:9D:41:32 ATC_9D4132
[[0;92mNEW[0m] Device A4:C1:38:8D:7D:4F ATC_8D7D4F
[[0;92mNEW[0m] Device A4:C1:38:D0:E4:84 ATC_D0E484
[[0;93mCHG[0m] Device C0:DE:54:15:00:51 RSSI: 0xffffffaf (-81)
[[0;93mCHG[0m] Device 40:08:88:8B:CF:A5 RSSI: 0xffffffa2 (-94)
[[0;93mCHG[0m] Device 62:BB:7B:08:F9:AE RSSI: 0xffffffa4 (-92)
[[0;93mCHG[0m] Device A4:C1:38:9D:41:32 RSSI: 0xffffffa7 (-89)
[[0;93mCHG[0m] Device A4:C1:38:9D:41:32 ServiceData.0000181a-0000-1000-8000-00805f9b34fb:
  a4 c1 38 9d 41 32 00 c2 3a 53 0b 83 43           ..8.A2..:S..C   
[[0;93mCHG[0m] Device 40:08:88:8B:CF:A5 RSSI: 0xffffffa3 (-93)
[[0;93mCHG[0m] Device C4:5F:62:0A:3F:8C RSSI: 0xffffffaa (-86)
[[0;93mCHG[0m] Device 40:08:88:8B:CF:A5 RSSI: 0xffffffa5 (-91)
