SetDiscoveryFilter success
Discovery started
[[0;92mNEW[0m] Device A4:C1:38:75:8A:D6 LYWSD03MMC
[[0;91mDEL[0m] Device A4:C1:38:8D:7D:4F ATC_8D7D4F
[[0;93mCHG[0m] Device A4:C1:38:75:8A:D6 RSSI: 0xffffffb5 (-75)
[[0;93mCHG[0m] Device 58:BB:A9:61:00:85 RSSI: 0xffffffa7 (-89)
[[0;92mNEW[0m] Device 7B:97:C1:23:22:A5 7B-97-C1-23-22-A5
[[0;93mCHG[0m] Device A4:C1:38:75:8A:D6 RSSI: 0xffffffb5 (-75)
[[0;93mCHG[0m] Device 58:BB:A9:61:00:85 RSSI: 0xffffffa6 (-90)
[[0;93mCHG[0m] Device 7B:97:C1:23:22:A5 RSSI: 0xffffffa0 (-96)
[[0;91mDEL[0m] Device EB:77:C7:03:BC:F3 EB-77-C7-03-BC-F3
[[0;93mCHG[0m] Device 7B:97:C1:23:22:A5 RSSI: 0xffffffa3 (-93)
[[0;91mDEL[0m] Device A4:C1:38:26:4E:DA ATC_264EDA
[[0;91mDEL[0m] Device 63:47:C1:F8:E8:E8 63-47-C1-F8-E8-E8
[[0;93mCHG[0m] Device 58:BB:A9:61:00:85 RSSI: 0xffffffac (-84)
[[0;93mCHG[0m] Device 58:BB:A9:61:00:85 RSSI: 0xffffffab (-85)
[[0;93mCHG[0m] Device 7B:97:C1:23:22:A5 RSSI: 0xffffffa3 (-93)
[[0;93mCHG[0m] Device 7B:97:C1:23:22:A5 RSSI: 0xffffffa2 (-94)
[[0;92mNEW[0m] Device C0:DE:54:15:00:51 X54-PAIR
[[0;93mCHG[0m] Device 58:BB:A9:61:00:85 RSSI: 0xffffffab (-85)
[[0;93mCHG[0m] Device 7B:97:C1:23:22:A5 RSSI: 0xffffffa1 (-95)
[[0;93mCHG[0m] Device 7B:97:C1:23:22:A5 RSSI: 0xffffffa3 (-93)
