advertising
advertising
advertising
advertising
advertising
advertising
advertising
advertising
advertising
advertising
advertising
advertising
advertising
advertising
advertising
advertising
[trace] CONNECTED
connected peer=68:34:21:E5:84:DF int=36
ce=1 rx=1 crc=1 new=0 llid=3 len=9 tx=1 txllid=1 txlen=0 term=0
ce=2 rx=1 crc=1 new=1 llid=3 len=9 tx=1 txllid=1 txlen=0 term=0
ce=3 rx=1 crc=1 new=1 llid=1 len=0 tx=1 txllid=3 txlen=9 term=0
ce=4 rx=1 crc=1 new=1 llid=3 len=6 tx=1 txllid=1 txlen=0 term=0
ce=5 rx=1 crc=1 new=1 llid=2 len=7 tx=1 txllid=3 txlen=6 term=0
ce=6 rx=1 crc=1 new=1 llid=1 len=0 tx=1 txllid=2 txlen=7 term=0
ce=7 rx=1 crc=1 new=1 llid=2 len=11 tx=1 txllid=1 txlen=0 term=0
ce=8 rx=1 crc=1 new=1 llid=1 len=0 tx=1 txllid=2 txlen=9 term=0
ce=9 rx=1 crc=1 new=1 llid=2 len=11 tx=1 txllid=1 txlen=0 term=0
ce=10 rx=1 crc=1 new=0 llid=2 len=11 tx=1 txllid=1 txlen=0 term=0
ce=11 rx=1 crc=1 new=1 llid=3 len=8 tx=1 txllid=2 txlen=24 term=0
ce=12 rx=1 crc=1 new=1 llid=2 len=11 tx=1 txllid=1 txlen=0 term=0
ce=13 rx=1 crc=1 new=1 llid=1 len=0 tx=1 txllid=2 txlen=9 term=0
ce=14 rx=1 crc=1 new=1 llid=2 len=11 tx=1 txllid=1 txlen=0 term=0
ce=15 rx=1 crc=1 new=1 llid=1 len=0 tx=1 txllid=2 txlen=9 term=0
ce=16 rx=1 crc=1 new=1 llid=2 len=11 tx=1 txllid=1 txlen=0 term=0
ce=17 rx=1 crc=1 new=1 llid=1 len=0 tx=1 txllid=2 txlen=9 term=0
ce=18 rx=1 crc=1 new=1 llid=2 len=11 tx=1 txllid=1 txlen=0 term=0
ce=19 rx=1 crc=1 new=1 llid=1 len=0 tx=1 txllid=2 txlen=27 term=0
ce=20 rx=1 crc=1 new=1 llid=2 len=11 tx=1 txllid=1 txlen=0 term=0
[trace] EVT_RX_TIMEOUT
ce=21 rx=0 crc=0 new=0 llid=0 len=0 tx=0 txllid=1 txlen=0 term=0
ce=22 rx=1 crc=1 new=1 llid=1 len=0 tx=1 txllid=2 txlen=20 term=0
ce=23 rx=1 crc=1 new=1 llid=2 len=11 tx=1 txllid=1 txlen=0 term=0
ce=24 rx=1 crc=1 new=1 llid=1 len=0 tx=1 txllid=2 txlen=9 term=0
ce=25 rx=1 crc=1 new=1 llid=2 len=9 tx=1 txllid=1 txlen=0 term=0
ce=26 rx=1 crc=1 new=1 llid=1 len=0 tx=1 txllid=2 txlen=5 term=0
ce=27 rx=1 crc=1 new=1 llid=2 len=7 tx=1 txllid=2 txlen=11 term=0
ce=28 rx=1 crc=1 new=1 llid=2 len=5 tx=1 txllid=2 txlen=22 term=0
ce=29 rx=1 crc=1 new=1 llid=2 len=7 tx=1 txllid=1 txlen=0 term=0
[trace] SMP_PAIRING_REQUEST_RX
ce=30 rx=1 crc=1 new=1 llid=2 len=11 tx=1 txllid=2 txlen=7 term=0
ce=31 rx=1 crc=1 new=1 llid=2 len=7 tx=1 txllid=2 txlen=11 term=0
[trace] SMP_CONFIRM_RX
ce=32 rx=1 crc=1 new=1 llid=2 len=21 tx=1 txllid=2 txlen=6 term=0
ce=33 rx=1 crc=1 new=1 llid=2 len=11 tx=1 txllid=2 txlen=21 term=0
[trace] SMP_RANDOM_RX
ce=34 rx=1 crc=1 new=1 llid=2 len=21 tx=1 txllid=2 txlen=24 term=0
ce=35 rx=1 crc=1 new=1 llid=2 len=9 tx=1 txllid=2 txlen=21 term=0
[trace] LL_ENC_REQ_ACCEPTED
ce=36 rx=1 crc=1 new=1 llid=3 len=23 tx=1 txllid=3 txlen=13 term=0
ce=37 rx=1 crc=1 new=0 llid=3 len=23 tx=1 txllid=3 txlen=13 term=0
[trace] LL_START_ENC_REQ_TX
ce=38 rx=1 crc=1 new=1 llid=1 len=0 tx=1 txllid=3 txlen=1 term=0
[trace] ENC_DIR_SWAP
[trace] LL_START_ENC_RSP_RX_POSTTX
[trace] LL_START_ENC_RSP_RX
encryption=ON ce=39
ce=39 rx=1 crc=1 new=1 llid=3 len=5 tx=1 txllid=1 txlen=0 term=0
[trace] ENC_RX_SHORT_PDU
encryption=OFF ce=40
ce=40 rx=1 crc=1 new=1 llid=1 len=0 tx=1 txllid=3 txlen=2 term=1
link terminated
enc_dbg followup_armed=1 end_seen=0 crc_ok=0 start_req=0 start_rsp_tx_ok=0 rx_llid1=0 rx_llid2=0 rx_llid3=0 last_hdr=0x00 last_llid=0 last_len=0 last_b0=0x00 main_enc_req=1 main_enc_rsp_tx_ok=2 main_start_req=0 main_start_req_dec=0 main_start_rsp_tx_ok=0 pend_ctrl_rx=0 pend_last_hdr=0x00 pend_last_len_raw=0 pend_last_b0=0x00 pend_last_dec=0 enc_rsp_txen_lag_last_us=0 enc_rsp_txen_lag_max_us=2544 mic_fail=0 short_pdu=1 mic_ctr_lo=1 mic_hdr=0x09 mic_len_raw=0 mic_dir=1 mic_state=0x07 mic_b=0x00,00,00,00,00 start_rsp_rx=1 start_rsp_raw_len=0 start_rsp_dec=0 start_rsp_hdr=0x00 pause_req=0 pause_rsp=0 enc_clear=1 clear_reason=0x05 tx_lag_last=2206 tx_lag_max=2544 enc_tx_cnt=0 enc_tx_lag_last=0 enc_tx_lag_max=0 tx_ctr_lo=0 tx_hdr=0x03 tx_plen=2 tx_alen=2 tx_fresh=0 tx_enc=0 rx_ctr_lo=1 rx_hdr=0x09 rx_len_raw=0 rx_new=1 rx_dec=0 skdm=A2C93E460C746DE9 ivm=149B31BA skds=8649C9B0D01610A3 ivs=EC36AE49 sk=769AF53A95313CE9E5DC16C82E9166AE sk_alt=C84F21F297887AB4CF68C5EA2E697407 sk_ok=1 sk_alt_ok=1 rx_dir=0 tx_dir=1
advertising
advertising
advertising
advertising
advertising
advertising
advertising
advertising
advertising
