advertising
advertising
advertising
advertising
advertising
advertising
advertising
advertising
advertising
[trace] CONNECTED
connected peer=68:34:21:E5:84:DF int=36
[trace] EVT_RX_TIMEOUT
[trace] EVT_RX_TIMEOUT
[trace] EVT_RX_TIMEOUT
[trace] EVT_RX_TIMEOUT
[trace] EVT_RX_TIMEOUT
[trace] EVT_RX_TIMEOUT
[trace] EVT_RX_TIMEOUT
[trace] EVT_RX_TIMEOUT
[trace] EVT_RX_TIMEOUT
[trace] EVT_RX_TIMEOUT
[trace] EVT_RX_TIMEOUT
[trace] EVT_RX_TIMEOUT
[trace] EVT_RX_TIMEOUT
[trace] EVT_RX_TIMEOUT
[trace] EVT_RX_TIMEOUT
[trace] EVT_RX_TIMEOUT
[trace] EVT_RX_TIMEOUT
[trace] EVT_RX_TIMEOUT
[trace] EVT_RX_TIMEOUT
[trace] EVT_RX_TIMEOUT
[trace] EVT_RX_TIMEOUT
[trace] EVT_RX_TIMEOUT
[trace] EVT_RX_TIMEOUT
[trace] EVT_RX_TIMEOUT
[trace] EVT_RX_TIMEOUT
[trace] EVT_RX_TIMEOUT
[trace] EVT_RX_TIMEOUT
[trace] EVT_RX_TIMEOUT
[trace] EVT_RX_TIMEOUT
[trace] EVT_RX_TIMEOUT
[trace] EVT_RX_TIMEOUT
[trace] EVT_RX_TIMEOUT
[trace] EVT_RX_TIMEOUT
[trace] EVT_RX_TIMEOUT
[trace] EVT_RX_TIMEOUT
[trace] EVT_RX_TIMEOUT
[trace] EVT_RX_TIMEOUT
[trace] EVT_RX_TIMEOUT
[trace] EVT_RX_TIMEOUT
[trace] EVT_RX_TIMEOUT
[trace] EVT_RX_TIMEOUT
[trace] EVT_RX_TIMEOUT
[trace] EVT_RX_TIMEOUT
[trace] EVT_RX_TIMEOUT
[trace] EVT_RX_TIMEOUT
[trace] EVT_RX_TIMEOUT
[trace] EVT_RX_TIMEOUT
[trace] EVT_RX_TIMEOUT
[trace] EVT_RX_TIMEOUT
[trace] SMP_PAIRING_REQUEST_RX
[trace] EVT_RX_TIMEOUT
[trace] SMP_PAIRING_FAILED_RX
[trace] EVT_RX_TIMEOUT
[trace] EVT_RX_TIMEOUT
[trace] EVT_RX_TIMEOUT
[trace] EVT_RX_TIMEOUT
[trace] EVT_RX_TIMEOUT
[trace] EVT_RX_TIMEOUT
[trace] EVT_RX_TIMEOUT
[trace] EVT_RX_TIMEOUT
[trace] EVT_RX_TIMEOUT
[trace] EVT_RX_TIMEOUT
[trace] EVT_RX_TIMEOUT
[trace] EVT_RX_TIMEOUT
[trace] EVT_RX_TIMEOUT
[trace] EVT_RX_TIMEOUT
[trace] EVT_RX_TIMEOUT
[trace] EVT_RX_TIMEOUT
[trace] EVT_RX_TIMEOUT
[trace] EVT_RX_TIMEOUT
[trace] EVT_RX_TIMEOUT
[trace] EVT_RX_TIMEOUT
link terminated
enc_dbg followup_armed=0 end_seen=0 crc_ok=0 start_req=0 start_rsp_tx_ok=0 rx_llid1=0 rx_llid2=0 rx_llid3=0 last_hdr=0x00 last_llid=0 last_len=0 last_b0=0x00 main_enc_req=0 main_enc_rsp_tx_ok=0 main_start_req=0 main_start_req_dec=0 main_start_rsp_tx_ok=0 pend_ctrl_rx=0 pend_last_hdr=0x00 pend_last_len_raw=0 pend_last_b0=0x00 pend_last_dec=0 enc_rsp_txen_lag_last_us=0 enc_rsp_txen_lag_max_us=0
advertising
advertising
advertising
advertising
advertising
advertising
advertising
advertising
advertising
advertising
advertising
advertising
advertising
advertising
advertising
advertising
advertising
advertising
advertising
advertising
