Bluetooth monitor ver 5.72
btmon[1081966]: = Note: Linux version 6.17.0-14-generic (x86_64)       0.797808
btmon[1081966]: = Note: Bluetooth subsystem version 2.22               0.797809
= New Index: 68:34:21:E5:84:DF (Primary,USB,hci0)               [hci0] 0.797810
= Open Index: 68:34:21:E5:84:DF                                 [hci0] 0.797810
= Index Info: 68:34:21:E5:84:DF (Intel Corp.)                   [hci0] 0.797810
btmgmt[609008]: @ MGMT Open: btmgmt version 1.23              {0x0002} 0.797811
bluetoothd[2915165]: @ MGMT Open.. (privileged) version 1.23  {0x0001} 0.797811
bluetoothctl[1082071]: @ MGMT Open: bluetooth.. version 1.23  {0x0003} 1.799440
bluetoothctl[1082071]: @ MGMT Close: bluetoothctl             {0x0003} 7.809009
bluetoothctl[1082614]: @ MGMT Open: bluetooth.. version 1.23  {0x0003} 7.813364
> HCI Event: Inquiry Complete (0x01) plen 1                 #1 [hci0] 11.098518
        Status: Success (0x00)
@ MGMT Event: Discovering (0x0013) plen 2             {0x0001} [hci0] 11.098534
        Address type: 0x01
          BR/EDR
        Discovery: Disabled (0x00)
bluetoothd[2915165]: @ MGMT Comman.. (0x003a) plen 4  {0x0001} [hci0] 11.098827
        Address type: 0x01
          BR/EDR
        RSSI: invalid (0x7f)
        UUIDs: 0
< HCI Command: Inquiry (0x01|0x0001) plen 5                 #2 [hci0] 11.098851
        Access code: 0x9e8b33 (General Inquiry)
        Length: 10.24s (0x08)
        Num responses: 0
> HCI Event: Command Status (0x0f) plen 4                   #3 [hci0] 11.099500
      Inquiry (0x01|0x0001) ncmd 1
        Status: Success (0x00)
@ MGMT Event: Command Complete (0x0001) plen 4        {0x0001} [hci0] 11.099728
      Start Service Discovery (0x003a) plen 1
        Status: Success (0x00)
        Address type: 0x01
          BR/EDR
@ MGMT Event: Discovering (0x0013) plen 2             {0x0001} [hci0] 11.099732
        Address type: 0x01
          BR/EDR
        Discovery: Enabled (0x01)
bluetoothctl[1082614]: @ MGMT Close: bluetoothctl            {0x0003} 17.826058
bluetoothctl[1083532]: @ MGMT Open: bluetoot.. version 1.23  {0x0003} 17.830480
bluetoothctl[1083532]: @ MGMT Close: bluetoothctl            {0x0003} 17.831853
bluetoothctl[1083694]: @ MGMT Open: bluetoot.. version 1.23  {0x0003} 19.836285
> HCI Event: Inquiry Complete (0x01) plen 1                 #4 [hci0] 21.403801
        Status: Success (0x00)
@ MGMT Event: Discovering (0x0013) plen 2             {0x0001} [hci0] 21.403819
        Address type: 0x01
          BR/EDR
        Discovery: Disabled (0x00)
bluetoothd[2915165]: @ MGMT Comman.. (0x003a) plen 4  {0x0001} [hci0] 21.403917
        Address type: 0x01
          BR/EDR
        RSSI: invalid (0x7f)
        UUIDs: 0
< HCI Command: Inquiry (0x01|0x0001) plen 5                 #5 [hci0] 21.403940
        Access code: 0x9e8b33 (General Inquiry)
        Length: 10.24s (0x08)
        Num responses: 0
> HCI Event: Command Status (0x0f) plen 4                   #6 [hci0] 21.404787
      Inquiry (0x01|0x0001) ncmd 1
        Status: Success (0x00)
@ MGMT Event: Command Complete (0x0001) plen 4        {0x0001} [hci0] 21.404796
      Start Service Discovery (0x003a) plen 1
        Status: Success (0x00)
        Address type: 0x01
          BR/EDR
@ MGMT Event: Discovering (0x0013) plen 2             {0x0001} [hci0] 21.404800
        Address type: 0x01
          BR/EDR
        Discovery: Enabled (0x01)
bluetoothctl[1083694]: @ MGMT Close: bluetoothctl            {0x0003} 25.838847
> HCI Event: Inquiry Complete (0x01) plen 1                 #7 [hci0] 31.709219
        Status: Success (0x00)
@ MGMT Event: Discovering (0x0013) plen 2             {0x0001} [hci0] 31.709234
        Address type: 0x01
          BR/EDR
        Discovery: Disabled (0x00)
bluetoothd[2915165]: @ MGMT Comman.. (0x003a) plen 4  {0x0001} [hci0] 31.709314
        Address type: 0x01
          BR/EDR
        RSSI: invalid (0x7f)
        UUIDs: 0
< HCI Command: Inquiry (0x01|0x0001) plen 5                 #8 [hci0] 31.709336
        Access code: 0x9e8b33 (General Inquiry)
        Length: 10.24s (0x08)
        Num responses: 0
> HCI Event: Command Status (0x0f) plen 4                   #9 [hci0] 31.710065
      Inquiry (0x01|0x0001) ncmd 1
        Status: Success (0x00)
@ MGMT Event: Command Complete (0x0001) plen 4        {0x0001} [hci0] 31.710161
      Start Service Discovery (0x003a) plen 1
        Status: Success (0x00)
        Address type: 0x01
          BR/EDR
@ MGMT Event: Discovering (0x0013) plen 2             {0x0001} [hci0] 31.710166
        Address type: 0x01
          BR/EDR
        Discovery: Enabled (0x01)
> HCI Event: Inquiry Complete (0x01) plen 1                #10 [hci0] 42.013359
        Status: Success (0x00)
@ MGMT Event: Discovering (0x0013) plen 2             {0x0001} [hci0] 42.013488
        Address type: 0x01
          BR/EDR
        Discovery: Disabled (0x00)
bluetoothd[2915165]: @ MGMT Comman.. (0x003a) plen 4  {0x0001} [hci0] 42.013662
        Address type: 0x01
          BR/EDR
        RSSI: invalid (0x7f)
        UUIDs: 0
< HCI Command: Inquiry (0x01|0x0001) plen 5                #11 [hci0] 42.014034
        Access code: 0x9e8b33 (General Inquiry)
        Length: 10.24s (0x08)
        Num responses: 0
> HCI Event: Command Status (0x0f) plen 4                  #12 [hci0] 42.015351
      Inquiry (0x01|0x0001) ncmd 1
        Status: Success (0x00)
@ MGMT Event: Command Complete (0x0001) plen 4        {0x0001} [hci0] 42.015508
      Start Service Discovery (0x003a) plen 1
        Status: Success (0x00)
        Address type: 0x01
          BR/EDR
@ MGMT Event: Discovering (0x0013) plen 2             {0x0001} [hci0] 42.015514
        Address type: 0x01
          BR/EDR
        Discovery: Enabled (0x01)
> HCI Event: Inquiry Complete (0x01) plen 1                #13 [hci0] 52.318646
        Status: Success (0x00)
@ MGMT Event: Discovering (0x0013) plen 2             {0x0001} [hci0] 52.318669
        Address type: 0x01
          BR/EDR
        Discovery: Disabled (0x00)
bluetoothd[2915165]: @ MGMT Comman.. (0x003a) plen 4  {0x0001} [hci0] 52.318941
        Address type: 0x01
          BR/EDR
        RSSI: invalid (0x7f)
        UUIDs: 0
< HCI Command: Inquiry (0x01|0x0001) plen 5                #14 [hci0] 52.319039
        Access code: 0x9e8b33 (General Inquiry)
        Length: 10.24s (0x08)
        Num responses: 0
> HCI Event: Command Status (0x0f) plen 4                  #15 [hci0] 52.319631
      Inquiry (0x01|0x0001) ncmd 1
        Status: Success (0x00)
@ MGMT Event: Command Complete (0x0001) plen 4        {0x0001} [hci0] 52.319719
      Start Service Discovery (0x003a) plen 1
        Status: Success (0x00)
        Address type: 0x01
          BR/EDR
@ MGMT Event: Discovering (0x0013) plen 2             {0x0001} [hci0] 52.319730
        Address type: 0x01
          BR/EDR
        Discovery: Enabled (0x01)
