SetDiscoveryFilter success
Discovery started
[[0;91mDEL[0m] Device A4:C1:38:75:8A:D6 LYWSD03MMC
[[0;91mDEL[0m] Device A4:C1:38:26:4E:DA ATC_264EDA
[[0;91mDEL[0m] Device F3:7B:9C:DB:48:AD F3-7B-9C-DB-48-AD
[[0;93mCHG[0m] Device 56:9F:90:56:68:E2 RSSI: 0xffffffa1 (-95)
[[0;92mNEW[0m] Device A4:C1:38:D0:E4:84 ATC_D0E484
[[0;92mNEW[0m] Device F3:7B:9C:DB:48:AD F3-7B-9C-DB-48-AD
[[0;93mCHG[0m] Device 66:FE:E7:5D:3A:8B RSSI: 0xffffffae (-82)
[[0;92mNEW[0m] Device A4:C1:38:75:8A:D6 LYWSD03MMC
[[0;93mCHG[0m] Device F3:7B:9C:DB:48:AD RSSI: 0xffffffaf (-81)
[[0;93mCHG[0m] Device 56:9F:90:56:68:E2 RSSI: 0xffffffa2 (-94)
[[0;92mNEW[0m] Device C0:DE:54:15:00:51 X54-PAIR
[[0;93mCHG[0m] Device 56:9F:90:56:68:E2 RSSI: 0xffffffa0 (-96)
[[0;93mCHG[0m] Device 56:9F:90:56:68:E2 RSSI: 0xffffffa4 (-92)
[[0;93mCHG[0m] Device C0:DE:54:15:00:51 RSSI: 0xffffffaa (-86)
[[0;93mCHG[0m] Device 56:9F:90:56:68:E2 RSSI: 0xffffffa3 (-93)
[[0;93mCHG[0m] Device C0:DE:54:15:00:51 RSSI: 0xffffffac (-84)
[[0;92mNEW[0m] Device C5:82:42:E5:E8:4F C5-82-42-E5-E8-4F
[[0;93mCHG[0m] Device 66:FE:E7:5D:3A:8B RSSI: 0xffffffa8 (-88)
[[0;93mCHG[0m] Device 56:9F:90:56:68:E2 RSSI: 0xffffffa2 (-94)
