SetDiscoveryFilter success
Discovery started
[[0;92mNEW[0m] Device 40:08:88:8B:CF:A5 40-08-88-8B-CF-A5
[[0;93mCHG[0m] Device 40:08:88:8B:CF:A5 RSSI: 0xffffffa2 (-94)
[[0;92mNEW[0m] Device A4:C1:38:26:4E:DA ATC_264EDA
[[0;93mCHG[0m] Device 40:08:88:8B:CF:A5 RSSI: 0xffffffa6 (-90)
[[0;92mNEW[0m] Device 62:BB:7B:08:F9:AE 62-BB-7B-08-F9-AE
[[0;93mCHG[0m] Device 40:08:88:8B:CF:A5 RSSI: 0xffffffa4 (-92)
[[0;93mCHG[0m] Device 62:BB:7B:08:F9:AE RSSI: 0xffffffad (-83)
[[0;93mCHG[0m] Device 40:08:88:8B:CF:A5 RSSI: 0xffffffa5 (-91)
[[0;92mNEW[0m] Device C0:DE:54:15:00:51 X54-PAIR
[[0;93mCHG[0m] Device 40:08:88:8B:CF:A5 RSSI: 0xffffffa7 (-89)
[[0;93mCHG[0m] Device 40:08:88:8B:CF:A5 RSSI: 0xffffffa5 (-91)
[[0;93mCHG[0m] Device A4:C1:38:26:4E:DA RSSI: 0xffffffc8 (-56)
[[0;93mCHG[0m] Device 40:08:88:8B:CF:A5 RSSI: 0xffffffa5 (-91)
[[0;93mCHG[0m] Device 40:08:88:8B:CF:A5 RSSI: 0xffffffa7 (-89)
[[0;93mCHG[0m] Device C0:DE:54:15:00:51 RSSI: 0xffffffaa (-86)
[[0;93mCHG[0m] Device 62:BB:7B:08:F9:AE RSSI: 0xffffffa9 (-87)
[[0;93mCHG[0m] Device 40:08:88:8B:CF:A5 RSSI: 0xffffffa4 (-92)
[[0;93mCHG[0m] Device 40:08:88:8B:CF:A5 RSSI: 0xffffffa3 (-93)
[[0;93mCHG[0m] Device 40:08:88:8B:CF:A5 RSSI: 0xffffffa1 (-95)
