advertising
advertising
advertising
advertising
advertising
advertising
advertising
advertising
advertising
advertising
advertising
advertising
advertising
connected peer=68:34:21:E5:84:DF int=36
ll_ctrl op=0x08 ce=1
ll_ctrl op=0x01 ce=3
ll_ctrl op=0x0C ce=11
ll_ctrl op=0x01 ce=58
ll_ctrl op=0x01 ce=114
ll_ctrl op=0x01 ce=171
ll_ctrl op=0x03 ce=213
ll_ctrl op=0x02 ce=882
link terminated
advertising
advertising
advertising
advertising
advertising
advertising
advertising
advertising
advertising
advertising
advertising
advertising
advertising
advertising
advertising
