=== 2026-02-23T09:11:41+00:00 pairing attempt to C0:DE:54:15:00:51 ===
Changing power on succeeded
Agent registered
hci0 type 1 discovering off
hci0 type 1 discovering on
No agent is registered
Device C0:DE:54:15:00:51 not available
--- scan ---
SetDiscoveryFilter success
hci0 type 1 discovering off
hci0 type 7 discovering on
Discovery started
[[0;92mNEW[0m] Device C0:DE:54:15:00:51 X54-PAIR
[[0;92mNEW[0m] Device A4:C1:38:9D:41:32 ATC_9D4132
--- connect ---
Attempting to connect to C0:DE:54:15:00:51
hci0 type 1 discovering on
hci0 type 1 discovering off
hci0 type 1 discovering on
[[0;93mCHG[0m] Device A4:C1:38:9D:41:32 RSSI: 0xffffffa9 (-87)
hci0 C0:DE:54:15:00:51 type LE Random connected eir_len 13
[[0;93mCHG[0m] Device C0:DE:54:15:00:51 Connected: yes
Connection successful
--- pair ---
Attempting to pair with C0:DE:54:15:00:51
hci0 type 1 discovering off
[[0;92mNEW[0m] Primary Service (Handle 0x0000)
	/org/bluez/hci0/dev_C0_DE_54_15_00_51/service0008
	00001801-0000-1000-8000-00805f9b34fb
	Generic Attribute Profile
[[0;92mNEW[0m] Characteristic (Handle 0x0000)
	/org/bluez/hci0/dev_C0_DE_54_15_00_51/service0008/char0009
	00002a05-0000-1000-8000-00805f9b34fb
	Service Changed
[[0;92mNEW[0m] Descriptor (Handle 0x0000)
	/org/bluez/hci0/dev_C0_DE_54_15_00_51/service0008/char0009/desc000b
	00002902-0000-1000-8000-00805f9b34fb
	Client Characteristic Configuration
[[0;92mNEW[0m] Primary Service (Handle 0x0000)
	/org/bluez/hci0/dev_C0_DE_54_15_00_51/service0010
	0000180f-0000-1000-8000-00805f9b34fb
	Battery Service
[[0;92mNEW[0m] Characteristic (Handle 0x0000)
	/org/bluez/hci0/dev_C0_DE_54_15_00_51/service0010/char0011
	00002a19-0000-1000-8000-00805f9b34fb
	Battery Level
[[0;92mNEW[0m] Descriptor (Handle 0x0000)
	/org/bluez/hci0/dev_C0_DE_54_15_00_51/service0010/char0011/desc0013
	00002902-0000-1000-8000-00805f9b34fb
	Client Characteristic Configuration
[[0;93mCHG[0m] Device C0:DE:54:15:00:51 UUIDs: 00001800-0000-1000-8000-00805f9b34fb
[[0;93mCHG[0m] Device C0:DE:54:15:00:51 UUIDs: 00001801-0000-1000-8000-00805f9b34fb
[[0;93mCHG[0m] Device C0:DE:54:15:00:51 UUIDs: 0000180f-0000-1000-8000-00805f9b34fb
[[0;93mCHG[0m] Device C0:DE:54:15:00:51 ServicesResolved: yes
[[0;93mCHG[0m] Device C0:DE:54:15:00:51 Name: X54 Pairing Probe
[[0;93mCHG[0m] Device C0:DE:54:15:00:51 Alias: X54 Pairing Probe
[[0;91mDEL[0m] Device A4:C1:38:9D:41:32 ATC_9D4132
hci0 C0:DE:54:15:00:51 type LE Random disconnected with reason 2
[[0;93mCHG[0m] Device C0:DE:54:15:00:51 ServicesResolved: no
[[0;93mCHG[0m] Device C0:DE:54:15:00:51 Connected: no
Failed to pair: org.bluez.Error.AuthenticationCanceled
hci0 type 1 discovering on
--- info ---
Device C0:DE:54:15:00:51 (random)
	Name: X54 Pairing Probe
	Alias: X54 Pairing Probe
	Paired: no
	Bonded: no
	Trusted: no
	Blocked: no
	Connected: no
	LegacyPairing: no
	UUID: Generic Access Profile    (00001800-0000-1000-8000-00805f9b34fb)
	UUID: Generic Attribute Profile (00001801-0000-1000-8000-00805f9b34fb)
	UUID: Battery Service           (0000180f-0000-1000-8000-00805f9b34fb)
	RSSI: 0xffffffae (-82)
hci0 type 1 discovering off
hci0 type 1 discovering on
--- disconnect ---
Attempting to disconnect from C0:DE:54:15:00:51
Successful disconnected
=== done 2026-02-23T09:13:15+00:00 ===
