advertising
advertising
advertising
advertising
advertising
advertising
advertising
advertising
advertising
advertising
advertising
advertising
advertising
advertising
advertising
advertising
advertising
advertising
[trace] CONNECTED
connected peer=68:34:21:E5:84:DF int=36
ll_ctrl op=0x08 new=1 tx_ok=1 tx_llid=1 tx_len=0 ce=1
ll_ctrl op=0x0C new=1 tx_ok=1 tx_llid=1 tx_len=0 ce=3
ll_ctrl op=0x01 new=1 tx_ok=1 tx_llid=1 tx_len=0 ce=6
[trace] SMP_PAIRING_REQUEST_RX
[trace] SMP_CONFIRM_RX
ll_ctrl op=0x01 new=1 tx_ok=1 tx_llid=1 tx_len=0 ce=62
[trace] EVT_RX_TIMEOUT
[trace] EVT_RX_TIMEOUT
[trace] EVT_RX_TIMEOUT
[trace] EVT_RX_TIMEOUT
[trace] EVT_RX_TIMEOUT
[trace] EVT_RX_TIMEOUT
[trace] EVT_RX_TIMEOUT
[trace] EVT_RX_TIMEOUT
[trace] EVT_RX_TIMEOUT
[trace] EVT_RX_TIMEOUT
[trace] EVT_RX_TIMEOUT
[trace] EVT_RX_TIMEOUT
ll_ctrl op=0x01 new=1 tx_ok=1 tx_llid=1 tx_len=0 ce=119
[trace] EVT_RX_TIMEOUT
[trace] EVT_RX_TIMEOUT
[trace] EVT_RX_TIMEOUT
[trace] EVT_RX_TIMEOUT
[trace] EVT_RX_TIMEOUT
[trace] EVT_RX_TIMEOUT
[trace] EVT_RX_TIMEOUT
[trace] EVT_RX_TIMEOUT
[trace] EVT_RX_TIMEOUT
[trace] EVT_RX_TIMEOUT
[trace] EVT_RX_TIMEOUT
[trace] EVT_RX_TIMEOUT
[trace] EVT_RX_TIMEOUT
[trace] EVT_RX_TIMEOUT
[trace] EVT_RX_TIMEOUT
[trace] EVT_RX_TIMEOUT
[trace] EVT_RX_TIMEOUT
[trace] EVT_RX_TIMEOUT
[trace] EVT_RX_TIMEOUT
[trace] EVT_RX_TIMEOUT
[trace] EVT_RX_TIMEOUT
[trace] EVT_RX_TIMEOUT
[trace] EVT_RX_TIMEOUT
[trace] EVT_RX_TIMEOUT
[trace] EVT_RX_TIMEOUT
[trace] EVT_RX_TIMEOUT
[trace] EVT_RX_TIMEOUT
[trace] EVT_RX_TIMEOUT
[trace] EVT_RX_TIMEOUT
[trace] EVT_RX_TIMEOUT
[trace] EVT_RX_TIMEOUT
[trace] EVT_RX_TIMEOUT
[trace] EVT_RX_TIMEOUT
[trace] EVT_RX_TIMEOUT
[trace] EVT_RX_TIMEOUT
[trace] EVT_RX_TIMEOUT
[trace] EVT_RX_TIMEOUT
[trace] EVT_RX_TIMEOUT
[trace] EVT_RX_TIMEOUT
[trace] EVT_RX_TIMEOUT
[trace] EVT_RX_TIMEOUT
[trace] EVT_RX_TIMEOUT
[trace] EVT_RX_TIMEOUT
ll_ctrl op=0x01 new=1 tx_ok=1 tx_llid=1 tx_len=0 ce=205
[trace] EVT_RX_TIMEOUT
[trace] EVT_RX_TIMEOUT
[trace] EVT_RX_TIMEOUT
[trace] EVT_RX_TIMEOUT
[trace] EVT_RX_TIMEOUT
[trace] EVT_RX_TIMEOUT
[trace] EVT_RX_TIMEOUT
[trace] EVT_RX_TIMEOUT
[trace] EVT_RX_TIMEOUT
[trace] EVT_RX_TIMEOUT
[trace] EVT_RX_TIMEOUT
[trace] EVT_RX_TIMEOUT
[trace] EVT_RX_TIMEOUT
[trace] EVT_RX_TIMEOUT
[trace] EVT_RX_TIMEOUT
[trace] EVT_RX_TIMEOUT
[trace] EVT_RX_TIMEOUT
[trace] EVT_RX_TIMEOUT
[trace] EVT_RX_TIMEOUT
[trace] EVT_RX_TIMEOUT
[trace] EVT_RX_TIMEOUT
[trace] EVT_RX_TIMEOUT
[trace] EVT_RX_TIMEOUT
[trace] EVT_RX_TIMEOUT
[trace] EVT_RX_TIMEOUT
[trace] EVT_RX_TIMEOUT
[trace] EVT_RX_TIMEOUT
[trace] EVT_RX_TIMEOUT
[trace] EVT_RX_TIMEOUT
[trace] EVT_RX_TIMEOUT
ll_ctrl op=0x01 new=1 tx_ok=1 tx_llid=1 tx_len=0 ce=266
[trace] EVT_RX_TIMEOUT
[trace] EVT_RX_TIMEOUT
[trace] EVT_RX_TIMEOUT
[trace] EVT_RX_TIMEOUT
[trace] EVT_RX_TIMEOUT
[trace] EVT_RX_TIMEOUT
[trace] EVT_RX_TIMEOUT
[trace] EVT_RX_TIMEOUT
[trace] EVT_RX_TIMEOUT
[trace] EVT_RX_TIMEOUT
[trace] EVT_RX_TIMEOUT
[trace] EVT_RX_TIMEOUT
[trace] EVT_RX_TIMEOUT
[trace] EVT_RX_TIMEOUT
[trace] EVT_RX_TIMEOUT
[trace] EVT_RX_TIMEOUT
[trace] EVT_RX_TIMEOUT
[trace] EVT_RX_TIMEOUT
[trace] EVT_RX_TIMEOUT
[trace] EVT_RX_TIMEOUT
[trace] EVT_RX_TIMEOUT
[trace] EVT_RX_TIMEOUT
[trace] EVT_RX_TIMEOUT
[trace] EVT_RX_TIMEOUT
[trace] EVT_RX_TIMEOUT
[trace] EVT_RX_TIMEOUT
[trace] EVT_RX_TIMEOUT
ll_ctrl op=0x01 new=1 tx_ok=1 tx_llid=1 tx_len=0 ce=322
[trace] EVT_RX_TIMEOUT
[trace] EVT_RX_TIMEOUT
[trace] EVT_RX_TIMEOUT
[trace] EVT_RX_TIMEOUT
[trace] EVT_RX_TIMEOUT
[trace] EVT_RX_TIMEOUT
[trace] EVT_RX_TIMEOUT
[trace] EVT_RX_TIMEOUT
[trace] EVT_RX_TIMEOUT
[trace] EVT_RX_TIMEOUT
[trace] EVT_RX_TIMEOUT
[trace] EVT_RX_TIMEOUT
[trace] EVT_RX_TIMEOUT
[trace] EVT_RX_TIMEOUT
[trace] EVT_RX_TIMEOUT
[trace] EVT_RX_TIMEOUT
[trace] EVT_RX_TIMEOUT
[trace] EVT_RX_TIMEOUT
[trace] EVT_RX_TIMEOUT
[trace] EVT_RX_TIMEOUT
[trace] EVT_RX_TIMEOUT
[trace] EVT_RX_TIMEOUT
[trace] EVT_RX_TIMEOUT
[trace] EVT_RX_TIMEOUT
[trace] EVT_RX_TIMEOUT
[trace] EVT_RX_TIMEOUT
[trace] EVT_RX_TIMEOUT
[trace] EVT_RX_TIMEOUT
[trace] EVT_RX_TIMEOUT
[trace] EVT_RX_TIMEOUT
[trace] EVT_RX_TIMEOUT
[trace] EVT_RX_TIMEOUT
[trace] EVT_RX_TIMEOUT
[trace] EVT_RX_TIMEOUT
[trace] EVT_RX_TIMEOUT
[trace] EVT_RX_TIMEOUT
[trace] EVT_RX_TIMEOUT
[trace] EVT_RX_TIMEOUT
[trace] EVT_RX_TIMEOUT
[trace] EVT_RX_TIMEOUT
[trace] EVT_RX_TIMEOUT
[trace] EVT_RX_TIMEOUT
[trace] EVT_RX_TIMEOUT
[trace] EVT_RX_TIMEOUT
[trace] EVT_RX_TIMEOUT
[trace] EVT_RX_TIMEOUT
[trace] EVT_RX_TIMEOUT
[trace] EVT_RX_TIMEOUT
[trace] EVT_RX_TIMEOUT
[trace] EVT_RX_TIMEOUT
[trace] EVT_RX_TIMEOUT
[trace] EVT_RX_TIMEOUT
[trace] EVT_RX_TIMEOUT
[trace] EVT_RX_TIMEOUT
[trace] EVT_RX_TIMEOUT
[trace] EVT_RX_TIMEOUT
[trace] EVT_RX_TIMEOUT
[trace] EVT_RX_TIMEOUT
[trace] EVT_RX_TIMEOUT
ll_ctrl op=0x01 new=1 tx_ok=1 tx_llid=1 tx_len=0 ce=443
[trace] EVT_RX_TIMEOUT
[trace] EVT_RX_TIMEOUT
[trace] EVT_RX_TIMEOUT
[trace] EVT_RX_TIMEOUT
[trace] EVT_RX_TIMEOUT
[trace] EVT_RX_TIMEOUT
[trace] EVT_RX_TIMEOUT
[trace] EVT_RX_TIMEOUT
[trace] EVT_RX_TIMEOUT
[trace] EVT_RX_TIMEOUT
[trace] EVT_RX_TIMEOUT
[trace] EVT_RX_TIMEOUT
[trace] EVT_RX_TIMEOUT
[trace] EVT_RX_TIMEOUT
[trace] EVT_RX_TIMEOUT
[trace] EVT_RX_TIMEOUT
[trace] EVT_RX_TIMEOUT
[trace] EVT_RX_TIMEOUT
[trace] EVT_RX_TIMEOUT
ll_ctrl op=0x02 new=1 tx_ok=1 tx_llid=1 tx_len=0 ce=683
link terminated
advertising
advertising
advertising
advertising
advertising
advertising
advertising
advertising
advertising
advertising
advertising
advertising
advertising
