SetDiscoveryFilter success
Discovery started
[[0;92mNEW[0m] Device 67:83:F5:E5:30:B1 67-83-F5-E5-30-B1
[[0;92mNEW[0m] Device 56:3D:E0:65:C5:1F 56-3D-E0-65-C5-1F
[[0;92mNEW[0m] Device A4:C1:38:75:8A:D6 LYWSD03MMC
[[0;92mNEW[0m] Device C0:DE:54:15:00:51 X54-PAIR
[[0;93mCHG[0m] Device 56:3D:E0:65:C5:1F RSSI: 0xffffffa2 (-94)
[[0;93mCHG[0m] Device 67:83:F5:E5:30:B1 RSSI: 0xffffffa2 (-94)
[[0;93mCHG[0m] Device 67:83:F5:E5:30:B1 RSSI: 0xffffffa9 (-87)
[[0;93mCHG[0m] Device 56:3D:E0:65:C5:1F RSSI: 0xffffffa4 (-92)
[[0;93mCHG[0m] Device 67:83:F5:E5:30:B1 RSSI: 0xffffffaa (-86)
[[0;92mNEW[0m] Device A4:C1:38:8D:7D:4F ATC_8D7D4F
[[0;93mCHG[0m] Device 56:3D:E0:65:C5:1F RSSI: 0xffffffa0 (-96)
[[0;93mCHG[0m] Device 56:3D:E0:65:C5:1F RSSI: 0xffffffa2 (-94)
[[0;93mCHG[0m] Device C0:DE:54:15:00:51 RSSI: 0xffffffaf (-81)
[[0;93mCHG[0m] Device 67:83:F5:E5:30:B1 RSSI: 0xffffffb1 (-79)
[[0;93mCHG[0m] Device C0:DE:54:15:00:51 RSSI: 0xffffffaa (-86)
[[0;92mNEW[0m] Device C4:5F:62:0A:3F:8C C4-5F-62-0A-3F-8C
[[0;93mCHG[0m] Device 56:3D:E0:65:C5:1F RSSI: 0xffffff9f (-97)
[[0;92mNEW[0m] Device A4:C1:38:D0:E4:84 ATC_D0E484
[[0;92mNEW[0m] Device A4:C1:38:26:4E:DA ATC_264EDA
