advertising
advertising
advertising
advertising
advertising
advertising
advertising
connected peer=68:34:21:E5:84:DF int=36
encryption=ON ce=14
encryption=OFF ce=30
link terminated
enc_dbg followup_armed=1 end_seen=0 crc_ok=0 start_req=0 start_rsp_tx_ok=0 rx_llid1=0 rx_llid2=0 rx_llid3=0 last_hdr=0x00 last_llid=0 last_len=0 last_b0=0x00 main_enc_req=1 main_enc_rsp_tx_ok=1 main_start_req=0 main_start_req_dec=0 main_start_rsp_tx_ok=8 pend_ctrl_rx=0 pend_last_hdr=0x00 pend_last_len_raw=0 pend_last_b0=0x00 pend_last_dec=0 enc_rsp_txen_lag_last_us=0 enc_rsp_txen_lag_max_us=0 mic_fail=0 short_pdu=0 mic_ctr_lo=0 mic_hdr=0x00 mic_len_raw=0 mic_dir=0 mic_state=0x00 mic_b=0x00,00,00,00,00 start_rsp_rx=1 pause_req=0 pause_rsp=0 enc_clear=0 clear_reason=0x00 tx_lag_last=3182 tx_lag_max=3203 enc_tx_cnt=0 enc_tx_lag_last=0 enc_tx_lag_max=0 skdm=986F3C1B79A08F91 ivm=041A7AD8 skds=5F9EE60F8FB2A54D ivs=35E181F6 sk=D32C0D6429BD6D55B8CF5A1CD32FEFE2 sk_alt=26B93284282100235D222C4786084ADF sk_ok=1 sk_alt_ok=1 rx_dir=1 tx_dir=0
advertising
advertising
advertising
advertising
advertising
advertising
advertising
advertising
advertising
advertising
advertising
advertising
advertising
advertising
advertising
advertising
advertising
advertising
advertising
advertising
advertising
advertising
advertising
advertising
advertising
advertising
advertising
advertising
advertising
advertising
advertising
advertising
advertising
advertising
advertising
advertising
advertising
