SetDiscoveryFilter success
[[0;92mNEW[0m] Device 4D:1D:A9:BC:B6:46 4D-1D-A9-BC-B6-46
Discovery started
[[0;92mNEW[0m] Device 67:83:F5:E5:30:B1 67-83-F5-E5-30-B1
[[0;92mNEW[0m] Device A4:C1:38:D0:E4:84 ATC_D0E484
[[0;92mNEW[0m] Device F7:67:E7:7D:AE:1F F7-67-E7-7D-AE-1F
[[0;93mCHG[0m] Device 67:83:F5:E5:30:B1 RSSI: 0xffffffaf (-81)
[[0;93mCHG[0m] Device 67:83:F5:E5:30:B1 RSSI: 0xffffffae (-82)
[[0;93mCHG[0m] Device 67:83:F5:E5:30:B1 RSSI: 0xffffffaf (-81)
[[0;92mNEW[0m] Device C4:5F:62:0A:3F:8C C4-5F-62-0A-3F-8C
[[0;93mCHG[0m] Device 4D:1D:A9:BC:B6:46 RSSI: 0xffffffa2 (-94)
[[0;93mCHG[0m] Device 4D:1D:A9:BC:B6:46 RSSI: 0xffffffa2 (-94)
[[0;92mNEW[0m] Device A4:C1:38:75:8A:D6 LYWSD03MMC
[[0;93mCHG[0m] Device 67:83:F5:E5:30:B1 RSSI: 0xffffffac (-84)
[[0;93mCHG[0m] Device 4D:1D:A9:BC:B6:46 RSSI: 0xffffffa3 (-93)
[[0;93mCHG[0m] Device 67:83:F5:E5:30:B1 RSSI: 0xffffffac (-84)
[[0;93mCHG[0m] Device 67:83:F5:E5:30:B1 RSSI: 0xffffffad (-83)
[[0;93mCHG[0m] Device 67:83:F5:E5:30:B1 RSSI: 0xffffffac (-84)
[[0;93mCHG[0m] Device 67:83:F5:E5:30:B1 RSSI: 0xffffffab (-85)
[[0;93mCHG[0m] Device F7:67:E7:7D:AE:1F RSSI: 0xffffffac (-84)
[[0;93mCHG[0m] Device 67:83:F5:E5:30:B1 RSSI: 0xffffffae (-82)
[[0;92mNEW[0m] Device C0:DE:54:15:00:51 X54-PAIR
[[0;93mCHG[0m] Device 4D:1D:A9:BC:B6:46 RSSI: 0xffffffa2 (-94)
[[0;93mCHG[0m] Device C0:DE:54:15:00:51 RSSI: 0xffffffb0 (-80)
[[0;93mCHG[0m] Device C0:DE:54:15:00:51 RSSI: 0xffffffb1 (-79)
[[0;93mCHG[0m] Device 67:83:F5:E5:30:B1 RSSI: 0xffffffac (-84)
[[0;92mNEW[0m] Device A4:C1:38:26:4E:DA ATC_264EDA
[[0;93mCHG[0m] Device 4D:1D:A9:BC:B6:46 RSSI: 0xffffffa3 (-93)
