=== 2026-02-23T09:38:31+00:00 pairing attempt to C0:DE:54:15:00:51 ===
Changing power on succeeded
Device C0:DE:54:15:00:51 not available
--- scan ---
SetDiscoveryFilter success
hci0 type 1 discovering off
hci0 type 7 discovering on
Discovery started
[[0;92mNEW[0m] Device A4:C1:38:26:4E:DA ATC_264EDA
[[0;92mNEW[0m] Device A4:C1:38:D0:E4:84 ATC_D0E484
[[0;92mNEW[0m] Device F8:80:01:50:7B:AC F8-80-01-50-7B-AC
[[0;92mNEW[0m] Device DC:17:F8:9D:B8:36 DC-17-F8-9D-B8-36
[[0;92mNEW[0m] Device 56:7C:9D:A0:01:77 56-7C-9D-A0-01-77
--- connect ---
Device C0:DE:54:15:00:51 not available
hci0 type 7 discovering off
hci0 type 1 discovering on
hci0 type 1 discovering off
hci0 type 1 discovering on
--- pair ---
Device C0:DE:54:15:00:51 not available
hci0 type 1 discovering off
hci0 type 1 discovering on
[[0;91mDEL[0m] Device A4:C1:38:26:4E:DA ATC_264EDA
[[0;91mDEL[0m] Device A4:C1:38:D0:E4:84 ATC_D0E484
[[0;91mDEL[0m] Device F8:80:01:50:7B:AC F8-80-01-50-7B-AC
[[0;91mDEL[0m] Device DC:17:F8:9D:B8:36 DC-17-F8-9D-B8-36
[[0;91mDEL[0m] Device 56:7C:9D:A0:01:77 56-7C-9D-A0-01-77
hci0 type 1 discovering off
hci0 type 1 discovering on
hci0 type 1 discovering off
hci0 type 1 discovering on
hci0 type 1 discovering off
hci0 type 1 discovering on
--- info ---
Device C0:DE:54:15:00:51 not available
DeviceSet C0:DE:54:15:00:51 not available
hci0 type 1 discovering off
hci0 type 1 discovering on
--- disconnect ---
Device C0:DE:54:15:00:51 not available
=== done 2026-02-23T09:39:57+00:00 ===
