Waiting to connect to bluetoothd...[0;94m[bluetooth][0m#            power on
[0;94m[bluetooth][0m# scan on
[0;94m[bluetooth][0m#                         Agent registered
[0;94m[bluetooth][0m#                         Changing power on succeeded
[0;94m[bluetooth][0m#                         SetDiscoveryFilter success
[0;94m[bluetooth][0m#                         Discovery started
[0;94m[bluetooth][0m#                         [[0;92mNEW[0m] Device 65:0B:BD:35:ED:2E 65-0B-BD-35-ED-2E
                        [[0;93mCHG[0m] Device 65:0B:BD:35:ED:2E RSSI: 0xffffffa1 (-95)
                        [[0;92mNEW[0m] Device C0:DE:54:15:00:51 X54-PAIR
[0;94m[bluetooth][0m#                         [[0;93mCHG[0m] Device 65:0B:BD:35:ED:2E RSSI: 0xffffffa2 (-94)
[0;94m[bluetooth][0m# pair C0:DE:54:15:00:51
Attempting to pair with C0:DE:54:15:00:51
[0;94m[bluetooth][0m# trust C0:DE:54:15:00:51
[0;94m[bluetooth][0m# connect C0:DE:54:15:00:51
Attempting to connect to C0:DE:54:15:00:51
[0;94m[bluetooth][0m# scan off
[0;94m[bluetooth][0m# info C0:DE:54:15:00:51
Device C0:DE:54:15:00:51 (random)
	Name: X54-PAIR
	Alias: X54-PAIR
	Paired: no
	Bonded: no
	Trusted: no
	Blocked: no
	Connected: no
	LegacyPairing: no
	RSSI: 0xffffffae (-82)
[0;94m[bluetooth][0m# quit
