Attempting to pair with C0:DE:54:15:00:51
hci0 type 1 discovering off
[[0;93mCHG[0m] Device C0:DE:54:15:00:51 Bonded: yes
[[0;93mCHG[0m] Device C0:DE:54:15:00:51 Paired: yes
Pairing successful
hci0 class of device changed: 0x000000
hci0 new_settings: bondable ssp br/edr le secure-conn cis-central cis-peripheral 
[[0;93mCHG[0m] Device 7B:D9:E9:4E:3A:35 RSSI is nil
[[0;91mDEL[0m] Device 7B:D9:E9:4E:3A:35 7B-D9-E9-4E-3A-35
[[0;93mCHG[0m] Device A4:C1:38:9D:41:32 RSSI is nil
[[0;93mCHG[0m] Device A4:C1:38:75:8A:D6 RSSI is nil
[[0;93mCHG[0m] Device A4:C1:38:8D:7D:4F RSSI is nil
[[0;93mCHG[0m] Device 46:34:B5:FF:67:F4 TxPower is nil
[[0;93mCHG[0m] Device 46:34:B5:FF:67:F4 RSSI is nil
[[0;93mCHG[0m] Controller 68:34:21:E5:84:DF Class: 0x00000000 (0)
[[0;93mCHG[0m] Controller 68:34:21:E5:84:DF Powered: no
[[0;93mCHG[0m] Controller 68:34:21:E5:84:DF Discovering: no
[[0;93mCHG[0m] Device C0:DE:54:15:00:51 ServicesResolved: no
[[0;93mCHG[0m] Device C0:DE:54:15:00:51 Connected: no
[[0;93mCHG[0m] Device C0:DE:54:15:00:51 RSSI is nil
hci0 class of device changed: 0x7c0104
[[0;93mCHG[0m] Controller 68:34:21:E5:84:DF Class: 0x007c0104 (8126724)
hci0 name changed: lolren-ms7e34
hci0 new_settings: powered bondable ssp br/edr le secure-conn cis-central cis-peripheral 
[[0;93mCHG[0m] Controller 68:34:21:E5:84:DF Powered: yes
[[0;91mDEL[0m] Device A4:C1:38:8D:7D:4F ATC_8D7D4F
[[0;91mDEL[0m] Device A4:C1:38:75:8A:D6 LYWSD03MMC
[[0;91mDEL[0m] Device A4:C1:38:9D:41:32 ATC_9D4132
[[0;91mDEL[0m] Device 46:34:B5:FF:67:F4 46-34-B5-FF-67-F4
hci0 type 1 discovering on
[[0;93mCHG[0m] Controller 68:34:21:E5:84:DF Discovering: yes
hci0 type 1 discovering off
hci0 type 1 discovering on
