advertising
advertising
advertising
advertising
advertising
advertising
advertising
advertising
advertising
advertising
advertising
advertising
advertising
advertising
advertising
[trace] CONNECTED
connected peer=68:34:21:E5:84:DF int=36
ce=1 rx=1 crc=1 new=0 llid=3 len=9 tx=1 txllid=1 txlen=0 term=0
ce=2 rx=1 crc=1 new=1 llid=3 len=9 tx=1 txllid=1 txlen=0 term=0
ce=3 rx=1 crc=1 new=1 llid=1 len=0 tx=1 txllid=3 txlen=9 term=0
ce=4 rx=1 crc=1 new=1 llid=3 len=6 tx=1 txllid=1 txlen=0 term=0
ce=5 rx=1 crc=1 new=1 llid=2 len=7 tx=1 txllid=3 txlen=6 term=0
ce=6 rx=1 crc=1 new=1 llid=1 len=0 tx=1 txllid=2 txlen=7 term=0
ce=7 rx=1 crc=1 new=1 llid=2 len=11 tx=1 txllid=1 txlen=0 term=0
ce=8 rx=1 crc=1 new=1 llid=1 len=0 tx=1 txllid=2 txlen=9 term=0
ce=9 rx=1 crc=1 new=1 llid=2 len=11 tx=1 txllid=1 txlen=0 term=0
ce=10 rx=1 crc=1 new=0 llid=2 len=11 tx=1 txllid=1 txlen=0 term=0
ce=11 rx=1 crc=1 new=1 llid=1 len=0 tx=1 txllid=2 txlen=24 term=0
ce=12 rx=1 crc=1 new=1 llid=2 len=11 tx=1 txllid=1 txlen=0 term=0
ce=13 rx=1 crc=1 new=1 llid=1 len=0 tx=1 txllid=2 txlen=9 term=0
ce=14 rx=1 crc=1 new=1 llid=2 len=11 tx=1 txllid=1 txlen=0 term=0
ce=15 rx=1 crc=1 new=1 llid=1 len=0 tx=1 txllid=2 txlen=9 term=0
ce=16 rx=1 crc=1 new=1 llid=2 len=11 tx=1 txllid=1 txlen=0 term=0
ce=17 rx=1 crc=1 new=1 llid=1 len=0 tx=1 txllid=2 txlen=9 term=0
ce=18 rx=1 crc=1 new=1 llid=2 len=11 tx=1 txllid=1 txlen=0 term=0
ce=19 rx=1 crc=1 new=1 llid=1 len=0 tx=1 txllid=2 txlen=27 term=0
ce=20 rx=1 crc=1 new=1 llid=2 len=11 tx=1 txllid=1 txlen=0 term=0
ce=21 rx=1 crc=1 new=1 llid=1 len=0 tx=1 txllid=2 txlen=20 term=0
ce=22 rx=1 crc=1 new=1 llid=2 len=11 tx=1 txllid=1 txlen=0 term=0
ce=23 rx=1 crc=1 new=1 llid=1 len=0 tx=1 txllid=2 txlen=9 term=0
ce=24 rx=1 crc=1 new=1 llid=2 len=9 tx=1 txllid=1 txlen=0 term=0
ce=25 rx=1 crc=1 new=1 llid=1 len=0 tx=1 txllid=2 txlen=5 term=0
ce=26 rx=1 crc=1 new=1 llid=2 len=7 tx=1 txllid=2 txlen=11 term=0
ce=27 rx=1 crc=1 new=1 llid=2 len=5 tx=1 txllid=2 txlen=22 term=0
ce=28 rx=1 crc=1 new=1 llid=2 len=7 tx=1 txllid=1 txlen=0 term=0
ce=29 rx=1 crc=1 new=1 llid=1 len=0 tx=1 txllid=2 txlen=7 term=0
ce=30 rx=1 crc=1 new=1 llid=2 len=7 tx=1 txllid=1 txlen=0 term=0
ce=31 rx=1 crc=1 new=1 llid=1 len=0 tx=1 txllid=2 txlen=6 term=0
ce=32 rx=1 crc=1 new=1 llid=2 len=11 tx=1 txllid=1 txlen=0 term=0
ce=33 rx=1 crc=1 new=1 llid=1 len=0 tx=1 txllid=2 txlen=24 term=0
ce=34 rx=1 crc=1 new=1 llid=2 len=9 tx=1 txllid=1 txlen=0 term=0
ce=35 rx=1 crc=1 new=1 llid=1 len=0 tx=1 txllid=2 txlen=5 term=0
ce=36 rx=1 crc=1 new=1 llid=2 len=11 tx=1 txllid=2 txlen=8 term=0
ce=37 rx=1 crc=1 new=1 llid=1 len=0 tx=1 txllid=2 txlen=9 term=0
ce=38 rx=1 crc=1 new=1 llid=1 len=0 tx=1 txllid=1 txlen=0 term=0
ce=39 rx=1 crc=1 new=1 llid=1 len=0 tx=1 txllid=1 txlen=0 term=0
ce=40 rx=1 crc=1 new=1 llid=1 len=0 tx=1 txllid=1 txlen=0 term=0
ce=41 rx=1 crc=1 new=1 llid=1 len=0 tx=1 txllid=1 txlen=0 term=0
ce=42 rx=1 crc=1 new=1 llid=1 len=0 tx=1 txllid=1 txlen=0 term=0
ce=43 rx=1 crc=1 new=1 llid=1 len=0 tx=1 txllid=1 txlen=0 term=0
ce=44 rx=1 crc=1 new=1 llid=1 len=0 tx=1 txllid=1 txlen=0 term=0
ce=45 rx=1 crc=1 new=1 llid=1 len=0 tx=1 txllid=1 txlen=0 term=0
ce=46 rx=1 crc=1 new=1 llid=1 len=0 tx=1 txllid=1 txlen=0 term=0
ce=47 rx=1 crc=1 new=1 llid=1 len=0 tx=1 txllid=1 txlen=0 term=0
ce=48 rx=1 crc=1 new=1 llid=1 len=0 tx=1 txllid=1 txlen=0 term=0
ce=49 rx=1 crc=1 new=1 llid=1 len=0 tx=1 txllid=1 txlen=0 term=0
ce=50 rx=1 crc=1 new=1 llid=1 len=0 tx=1 txllid=1 txlen=0 term=0
ce=51 rx=1 crc=1 new=0 llid=1 len=0 tx=1 txllid=1 txlen=0 term=0
ce=52 rx=1 crc=1 new=1 llid=1 len=0 tx=1 txllid=1 txlen=0 term=0
ce=53 rx=1 crc=1 new=1 llid=1 len=0 tx=1 txllid=1 txlen=0 term=0
ce=54 rx=1 crc=1 new=1 llid=1 len=0 tx=1 txllid=1 txlen=0 term=0
ce=55 rx=1 crc=1 new=1 llid=1 len=0 tx=1 txllid=1 txlen=0 term=0
ce=56 rx=1 crc=1 new=1 llid=1 len=0 tx=1 txllid=1 txlen=0 term=0
ce=57 rx=1 crc=1 new=1 llid=1 len=0 tx=1 txllid=1 txlen=0 term=0
ce=58 rx=1 crc=1 new=1 llid=1 len=0 tx=1 txllid=1 txlen=0 term=0
ce=59 rx=1 crc=1 new=1 llid=1 len=0 tx=1 txllid=1 txlen=0 term=0
[trace] SMP_PAIRING_REQUEST_RX
ce=60 rx=1 crc=1 new=1 llid=2 len=11 tx=1 txllid=1 txlen=0 term=0
ce=61 rx=1 crc=1 new=1 llid=1 len=0 tx=1 txllid=2 txlen=11 term=0
[trace] SMP_CONFIRM_RX
ce=62 rx=1 crc=1 new=1 llid=2 len=21 tx=1 txllid=1 txlen=0 term=0
ce=63 rx=1 crc=1 new=1 llid=1 len=0 tx=1 txllid=2 txlen=21 term=0
[trace] SMP_RANDOM_RX
ce=64 rx=1 crc=1 new=1 llid=2 len=21 tx=1 txllid=1 txlen=0 term=0
ce=65 rx=1 crc=1 new=1 llid=1 len=0 tx=1 txllid=2 txlen=21 term=0
[trace] LL_ENC_REQ_ACCEPTED
ce=66 rx=1 crc=1 new=1 llid=3 len=23 tx=1 txllid=3 txlen=13 term=0
ce=67 rx=1 crc=1 new=0 llid=3 len=23 tx=1 txllid=3 txlen=13 term=0
[trace] LL_START_ENC_REQ_TX
ce=68 rx=1 crc=1 new=1 llid=1 len=0 tx=1 txllid=3 txlen=1 term=0
[trace] ENC_DIR_SWAP
[trace] LL_START_ENC_RSP_RX_POSTTX
[trace] LL_START_ENC_RSP_RX
encryption=ON ce=69
ce=69 rx=1 crc=1 new=1 llid=3 len=5 tx=1 txllid=1 txlen=0 term=0
ce=70 rx=1 crc=1 new=1 llid=1 len=0 tx=1 txllid=3 txlen=1 term=0
ce=71 rx=1 crc=1 new=0 llid=1 len=0 tx=1 txllid=3 txlen=1 term=0
[trace] SMP_ENC_INFO_RX
ce=72 rx=1 crc=1 new=1 llid=2 len=0 tx=1 txllid=1 txlen=0 term=0
[trace] EVT_RX_TIMEOUT
ce=73 rx=0 crc=0 new=0 llid=0 len=0 tx=0 txllid=1 txlen=0 term=0
[trace] EVT_RX_TIMEOUT
ce=74 rx=0 crc=0 new=0 llid=0 len=0 tx=0 txllid=1 txlen=0 term=0
[trace] EVT_RX_TIMEOUT
ce=75 rx=0 crc=0 new=0 llid=0 len=0 tx=0 txllid=1 txlen=0 term=0
[trace] EVT_RX_TIMEOUT
ce=76 rx=0 crc=0 new=0 llid=0 len=0 tx=0 txllid=1 txlen=0 term=0
[trace] EVT_RX_TIMEOUT
ce=77 rx=0 crc=0 new=0 llid=0 len=0 tx=0 txllid=1 txlen=0 term=0
[trace] EVT_RX_TIMEOUT
ce=78 rx=0 crc=0 new=0 llid=0 len=0 tx=0 txllid=1 txlen=0 term=0
[trace] EVT_RX_TIMEOUT
ce=80 rx=0 crc=0 new=0 llid=0 len=0 tx=0 txllid=1 txlen=0 term=0
[trace] EVT_RX_TIMEOUT
ce=81 rx=0 crc=0 new=0 llid=0 len=0 tx=0 txllid=1 txlen=0 term=0
[trace] SUPERVISION_TIMEOUT
[trace] DISCONNECT
[trace] EVT_RX_TIMEOUT
encryption=OFF ce=82
ce=82 rx=0 crc=0 new=0 llid=0 len=0 tx=0 txllid=1 txlen=0 term=1
link terminated
enc_dbg followup_armed=1 end_seen=0 crc_ok=0 start_req=0 start_rsp_tx_ok=0 rx_llid1=0 rx_llid2=0 rx_llid3=0 last_hdr=0x00 last_llid=0 last_len=0 last_b0=0x00 main_enc_req=1 main_enc_rsp_tx_ok=2 main_start_req=0 main_start_req_dec=0 main_start_rsp_tx_ok=2 pend_ctrl_rx=0 pend_last_hdr=0x00 pend_last_len_raw=0 pend_last_b0=0x00 pend_last_dec=0 enc_rsp_txen_lag_last_us=0 enc_rsp_txen_lag_max_us=2540 mic_fail=0 short_pdu=0 mic_ctr_lo=0 mic_hdr=0x00 mic_len_raw=0 mic_dir=0 mic_state=0x00 mic_b=0x00,00,00,00,00 start_rsp_rx=1 start_rsp_raw_len=0 start_rsp_dec=0 start_rsp_hdr=0x00 pause_req=0 pause_rsp=0 enc_clear=0 clear_reason=0x00 tx_lag_last=1 tx_lag_max=3175 enc_tx_cnt=3 enc_tx_lag_last=1 enc_tx_lag_max=3175 tx_ctr_lo=1 tx_hdr=0x0D tx_plen=0 tx_alen=4 tx_fresh=1 tx_enc=1 rx_ctr_lo=2 rx_hdr=0x16 rx_len_raw=25 rx_new=1 rx_dec=1 skdm=E3276017F4905D1B ivm=7AED4C92 skds=BBAE980279EC5D52 ivs=D1D1FFFB sk=272756B0BD67D765633290DE7A077E6D sk_alt=F7968617E4EAD2B9E34EDA62857C2E6F sk_ok=1 sk_alt_ok=1 rx_dir=0 tx_dir=1
advertising
advertising
advertising
advertising
advertising
advertising
advertising
advertising
