SetDiscoveryFilter success
Discovery started
[[0;93mCHG[0m] Device C0:DE:54:15:00:01 RSSI: 0xffffffa1 (-95)
[[0;93mCHG[0m] Device C0:DE:54:15:00:01 RSSI: 0xffffffad (-83)
[[0;93mCHG[0m] Device 4E:D7:98:D7:EE:51 RSSI: 0xffffffad (-83)
[[0;93mCHG[0m] Device C0:DE:54:15:00:01 RSSI: 0xffffffab (-85)
[[0;93mCHG[0m] Device C0:DE:54:15:00:01 RSSI: 0xffffffad (-83)
[[0;93mCHG[0m] Device C0:DE:54:15:00:01 RSSI: 0xffffffad (-83)
[[0;93mCHG[0m] Device C0:DE:54:15:00:01 RSSI: 0xffffffa1 (-95)
[[0;91mDEL[0m] Device A4:C1:38:9D:41:32 ATC_9D4132
[[0;93mCHG[0m] Device C0:DE:54:15:00:01 RSSI: 0xffffffad (-83)
[[0;93mCHG[0m] Device C0:DE:54:15:00:01 RSSI: 0xffffffad (-83)
hci0 type 7 discovering off
hci0 type 7 discovering on
[[0;93mCHG[0m] Device 4E:D7:98:D7:EE:51 RSSI: 0xffffffac (-84)
[[0;93mCHG[0m] Device C0:DE:54:15:00:01 RSSI: 0xffffffad (-83)
[[0;93mCHG[0m] Device C0:DE:54:15:00:01 RSSI: 0xffffffa1 (-95)
[[0;93mCHG[0m] Device C0:DE:54:15:00:01 RSSI: 0xffffffad (-83)
[[0;93mCHG[0m] Device 4E:D7:98:D7:EE:51 RSSI: 0xffffffac (-84)
[[0;93mCHG[0m] Device C0:DE:54:15:00:01 RSSI: 0xffffffab (-85)
[[0;92mNEW[0m] Device 68:0E:11:85:74:1D 68-0E-11-85-74-1D
[[0;93mCHG[0m] Device C0:DE:54:15:00:01 RSSI: 0xffffffa2 (-94)
[[0;92mNEW[0m] Device A4:C1:38:8D:7D:4F ATC_8D7D4F
[[0;93mCHG[0m] Device 4E:D7:98:D7:EE:51 RSSI: 0xffffffb1 (-79)
[[0;93mCHG[0m] Device C0:DE:54:15:00:01 RSSI: 0xffffffad (-83)
[[0;93mCHG[0m] Device C0:DE:54:15:00:01 RSSI: 0xffffffa1 (-95)
[[0;93mCHG[0m] Device C0:DE:54:15:00:01 RSSI: 0xffffffad (-83)
[[0;93mCHG[0m] Device A4:C1:38:8D:7D:4F RSSI: 0xffffff9e (-98)
[[0;93mCHG[0m] Device C0:DE:54:15:00:01 RSSI: 0xffffffad (-83)
[[0;93mCHG[0m] Device C0:DE:54:15:00:01 RSSI: 0xffffffab (-85)
