Device C0:DE:54:15:00:41 (random)
	Name: XIAO nRF54L15 Battery
	Alias: XIAO nRF54L15 Battery
	Paired: no
	Bonded: no
	Trusted: no
	Blocked: no
	Connected: yes
	LegacyPairing: no
	UUID: Generic Access Profile    (00001800-0000-1000-8000-00805f9b34fb)
	UUID: Generic Attribute Profile (00001801-0000-1000-8000-00805f9b34fb)
	UUID: Battery Service           (0000180f-0000-1000-8000-00805f9b34fb)
	RSSI: 0xffffffad (-83)
	Battery Percentage: 0x62 (98)
[[0;93mCHG[0m] Device C5:68:44:B3:43:BF RSSI: 0xffffffb1 (-79)
[[0;93mCHG[0m] Device C5:68:44:B3:43:BF RSSI: 0xffffffb1 (-79)
[[0;92mNEW[0m] Device A4:C1:38:26:4E:DA ATC_264EDA
[[0;93mCHG[0m] Device 4E:D7:98:D7:EE:51 RSSI: 0xffffffab (-85)
[[0;93mCHG[0m] Device 4E:D7:98:D7:EE:51 RSSI: 0xffffffb2 (-78)
hci0 type 7 discovering off
hci0 type 7 discovering on
[[0;92mNEW[0m] Device A4:C1:38:8D:7D:4F ATC_8D7D4F
[[0;93mCHG[0m] Device C8:FC:4A:C5:8B:10 RSSI: 0xffffffb2 (-78)
