Device C0:DE:54:15:00:61 (random)
	Name: X54 Bond Probe
	Alias: X54 Bond Probe
	Paired: no
	Bonded: no
	Trusted: no
	Blocked: no
	Connected: yes
	LegacyPairing: no
	UUID: Generic Access Profile    (00001800-0000-1000-8000-00805f9b34fb)
	UUID: Generic Attribute Profile (00001801-0000-1000-8000-00805f9b34fb)
	UUID: Battery Service           (0000180f-0000-1000-8000-00805f9b34fb)
	RSSI: 0xffffffb4 (-76)
[[0;93mCHG[0m] Device A4:C1:38:D0:E4:84 RSSI: 0xffffffb3 (-77)
[[0;93mCHG[0m] Device 4E:D7:98:D7:EE:51 RSSI: 0xffffffa2 (-94)
[[0;93mCHG[0m] Device 68:0E:11:85:74:1D RSSI: 0xffffff9c (-100)
[[0;93mCHG[0m] Device C5:68:44:B3:43:BF RSSI: 0xffffffb2 (-78)
[[0;93mCHG[0m] Device 4E:D7:98:D7:EE:51 RSSI: 0xffffffae (-82)
hci0 type 7 discovering off
hci0 type 7 discovering on
[[0;93mCHG[0m] Device 4E:D7:98:D7:EE:51 RSSI: 0xffffffa5 (-91)
[[0;91mDEL[0m] Device A4:C1:38:26:4E:DA ATC_264EDA
[[0;93mCHG[0m] Device A4:C1:38:75:8A:D6 RSSI: 0xffffffb3 (-77)
