Device A4:C1:38:75:8A:D6 LYWSD03MMC
Device A4:C1:38:8D:7D:4F ATC_8D7D4F
Device C5:68:44:B3:43:BF C5-68-44-B3-43-BF
Device A4:C1:38:26:4E:DA ATC_264EDA
Device C0:DE:54:15:00:61 X54-BOND
Device C8:FC:4A:C5:8B:10 C8-FC-4A-C5-8B-10
Device A4:C1:38:D0:E4:84 ATC_D0E484
Device C0:DE:54:15:00:51 X54 Pairing Probe
Device 68:0E:11:85:74:1D 68-0E-11-85-74-1D
Device 4E:D7:98:D7:EE:51 4E-D7-98-D7-EE-51
Device 40:5E:F6:0D:B8:15 Galaxy Buds Live (B815)
[[0;93mCHG[0m] Device 4E:D7:98:D7:EE:51 RSSI: 0xffffffaf (-81)
[[0;93mCHG[0m] Device 4E:D7:98:D7:EE:51 RSSI: 0xffffffa3 (-93)
[[0;93mCHG[0m] Device 4E:D7:98:D7:EE:51 RSSI: 0xffffffa2 (-94)
hci0 type 7 discovering off
hci0 type 7 discovering on
[[0;91mDEL[0m] Device A4:C1:38:D0:E4:84 ATC_D0E484
[[0;93mCHG[0m] Device C0:DE:54:15:00:61 RSSI: 0xffffffaa (-86)
[[0;93mCHG[0m] Device 4E:D7:98:D7:EE:51 RSSI: 0xffffffaf (-81)
[[0;93mCHG[0m] Device 4E:D7:98:D7:EE:51 RSSI: 0xffffffb0 (-80)
[[0;91mDEL[0m] Descriptor (Handle 0x0000)
	/org/bluez/hci0/dev_C0_DE_54_15_00_51/service0008/char0009/desc000b
	00002902-0000-1000-8000-00805f9b34fb
	Client Characteristic Configuration
[[0;91mDEL[0m] Characteristic (Handle 0x0000)
	/org/bluez/hci0/dev_C0_DE_54_15_00_51/service0008/char0009
	00002a05-0000-1000-8000-00805f9b34fb
	Service Changed
[[0;91mDEL[0m] Primary Service (Handle 0x0000)
	/org/bluez/hci0/dev_C0_DE_54_15_00_51/service0008
	00001801-0000-1000-8000-00805f9b34fb
	Generic Attribute Profile
[[0;91mDEL[0m] Descriptor (Handle 0x0000)
	/org/bluez/hci0/dev_C0_DE_54_15_00_51/service0010/char0011/desc0013
	00002902-0000-1000-8000-00805f9b34fb
	Client Characteristic Configuration
[[0;91mDEL[0m] Characteristic (Handle 0x0000)
	/org/bluez/hci0/dev_C0_DE_54_15_00_51/service0010/char0011
	00002a19-0000-1000-8000-00805f9b34fb
	Battery Level
[[0;91mDEL[0m] Primary Service (Handle 0x0000)
	/org/bluez/hci0/dev_C0_DE_54_15_00_51/service0010
	0000180f-0000-1000-8000-00805f9b34fb
	Battery Service
[[0;91mDEL[0m] Device C0:DE:54:15:00:51 X54 Pairing Probe
[[0;93mCHG[0m] Device 4E:D7:98:D7:EE:51 RSSI: 0xffffffaf (-81)
