Device 68:0E:11:85:74:1D 68-0E-11-85-74-1D
Device C0:DE:54:15:00:41 X54-BATT
Device C5:68:44:B3:43:BF C5-68-44-B3-43-BF
Device A4:C1:38:8D:7D:4F ATC_8D7D4F
Device A4:C1:38:D0:E4:84 ATC_D0E484
Device C0:DE:54:15:00:31 X54-GATT
Device C8:FC:4A:C5:8B:10 C8-FC-4A-C5-8B-10
Device A4:C1:38:75:8A:D6 LYWSD03MMC
Device A4:C1:38:26:4E:DA ATC_264EDA
Device 4E:D7:98:D7:EE:51 4E-D7-98-D7-EE-51
Device 40:5E:F6:0D:B8:15 Galaxy Buds Live (B815)
hci0 type 7 discovering off
hci0 type 7 discovering on
[[0;93mCHG[0m] Device 4E:D7:98:D7:EE:51 RSSI: 0xffffffac (-84)
[[0;93mCHG[0m] Device C0:DE:54:15:00:41 RSSI: 0xffffffa1 (-95)
[[0;91mDEL[0m] Device C5:68:44:B3:43:BF C5-68-44-B3-43-BF
[[0;93mCHG[0m] Device 4E:D7:98:D7:EE:51 RSSI: 0xffffffb2 (-78)
[[0;91mDEL[0m] Device C0:DE:54:15:00:31 X54-GATT
[[0;91mDEL[0m] Device A4:C1:38:D0:E4:84 ATC_D0E484
[[0;91mDEL[0m] Device A4:C1:38:8D:7D:4F ATC_8D7D4F
[[0;93mCHG[0m] Device A4:C1:38:75:8A:D6 RSSI: 0xffffffb4 (-76)
