Device C0:DE:54:15:00:11 (random)
	Name: XIAO-nRF54L15
	Alias: XIAO-nRF54L15
	Appearance: 0x0080 (128)
	Icon: computer
	Paired: no
	Bonded: no
	Trusted: no
	Blocked: no
	Connected: no
	LegacyPairing: no
	UUID: Generic Access Profile    (00001800-0000-1000-8000-00805f9b34fb)
	UUID: Generic Attribute Profile (00001801-0000-1000-8000-00805f9b34fb)
	UUID: Battery Service           (0000180f-0000-1000-8000-00805f9b34fb)
	RSSI: 0xffffffab (-85)
hci0 type 7 discovering off
hci0 type 7 discovering on
[[0;93mCHG[0m] Device 4E:D7:98:D7:EE:51 RSSI: 0xffffffb2 (-78)
[[0;93mCHG[0m] Device A4:C1:38:D0:E4:84 RSSI: 0xffffffb3 (-77)
[[0;93mCHG[0m] Device 4E:D7:98:D7:EE:51 RSSI: 0xffffffb2 (-78)
