Device C0:DE:54:15:00:21 (random)
	Name: XIAO54-LINK
	Alias: XIAO54-LINK
	Paired: no
	Bonded: no
	Trusted: no
	Blocked: no
	Connected: yes
	LegacyPairing: no
	UUID: Generic Access Profile    (00001800-0000-1000-8000-00805f9b34fb)
	UUID: Generic Attribute Profile (00001801-0000-1000-8000-00805f9b34fb)
	UUID: Battery Service           (0000180f-0000-1000-8000-00805f9b34fb)
	RSSI: 0xffffffa1 (-95)
[[0;93mCHG[0m] Device 4E:D7:98:D7:EE:51 RSSI: 0xffffffa0 (-96)
[[0;93mCHG[0m] Device A4:C1:38:8D:7D:4F RSSI: 0xffffffa1 (-95)
[[0;93mCHG[0m] Device 4E:D7:98:D7:EE:51 RSSI: 0xffffffab (-85)
hci0 type 7 discovering off
hci0 type 7 discovering on
[[0;93mCHG[0m] Device A4:C1:38:75:8A:D6 RSSI: 0xffffffb3 (-77)
[[0;93mCHG[0m] Device 4E:D7:98:D7:EE:51 RSSI: 0xffffff9f (-97)
[[0;93mCHG[0m] Device A4:C1:38:26:4E:DA RSSI: 0xffffffc6 (-58)
[[0;93mCHG[0m] Device A4:C1:38:26:4E:DA ServiceData.0000181a-0000-1000-8000-00805f9b34fb:
  a4 c1 38 26 4e da 00 d6 32 25 0a 07 ef           ..8&N...2%...   
