Waiting to connect to bluetoothd...[0;94m[bluetooth][0m# [C[C[C[C[C[C[C[CX54-GATTconnect C0:DE:54:15:00:31
Attempting to connect to C0:DE:54:15:00:31
[0;94m[X54-GATT][0m# menu gatt
[1;39mMenu gatt:[0m
[1;39mAvailable commands:[0m
[1;39m-------------------[0m
[1;39mlist-attributes [dev/local]                       [0mList attributes
[1;39mselect-attribute <attribute/UUID/local> [attribute/UUID] [0mSelect attribute
[1;39mattribute-info [attribute/UUID]                   [0mSelect attribute
[1;39mread [offset]                                     [0mRead attribute value
[1;39mwrite <data=xx xx ...> [offset] [type]            [0mWrite attribute value
[1;39macquire-write                                     [0mAcquire Write file descriptor
[1;39mrelease-write                                     [0mRelease Write file descriptor
[1;39macquire-notify                                    [0mAcquire Notify file descriptor
[1;39mrelease-notify                                    [0mRelease Notify file descriptor
[1;39mnotify <on/off>                                   [0mNotify attribute value
[1;39mclone [dev/attribute/UUID]                        [0mClone a device or attribute
[1;39mregister-application [UUID ...]                   [0mRegister profile to connect
[1;39munregister-application                            [0mUnregister profile
[1;39mregister-service <UUID> [handle]                  [0mRegister application service.
[1;39munregister-service <UUID/object>                  [0mUnregister application service
[1;39mregister-includes <UUID> [handle]                 [0mRegister as Included service in.
[1;39munregister-includes <Service-UUID><Inc-UUID>      [0mUnregister Included service.
[1;39mregister-characteristic <UUID> <Flags=read,write,notify...> [handle] [0mRegister application characteristic
[1;39munregister-characteristic <UUID/object>           [0mUnregister application characteristic
[1;39mregister-descriptor <UUID> <Flags=read,write...> [handle] [0mRegister application descriptor
[1;39munregister-descriptor <UUID/object>               [0mUnregister application descriptor
[1;39mback                                              [0mReturn to main menu
[1;39mversion                                           [0mDisplay version
[1;39mquit                                              [0mQuit program
[1;39mexit                                              [0mQuit program
[1;39mhelp                                              [0mDisplay help about this program
[1;39mexport                                            [0mPrint environment variables
[0;94m[X54-GATT][0m# list-attributes
Primary Service (Handle 0x0000)
	/org/bluez/hci0/dev_C0_DE_54_15_00_31/service0010
	0000180f-0000-1000-8000-00805f9b34fb
	Battery Service
Characteristic (Handle 0x0000)
	/org/bluez/hci0/dev_C0_DE_54_15_00_31/service0010/char0011
	00002a19-0000-1000-8000-00805f9b34fb
	Battery Level
Descriptor (Handle 0x0000)
	/org/bluez/hci0/dev_C0_DE_54_15_00_31/service0010/char0011/desc0013
	00002902-0000-1000-8000-00805f9b34fb
	Client Characteristic Configuration
Primary Service (Handle 0x0000)
	/org/bluez/hci0/dev_C0_DE_54_15_00_31/service0008
	00001801-0000-1000-8000-00805f9b34fb
	Generic Attribute Profile
Characteristic (Handle 0x0000)
	/org/bluez/hci0/dev_C0_DE_54_15_00_31/service0008/char0009
	00002a05-0000-1000-8000-00805f9b34fb
	Service Changed
Descriptor (Handle 0x0000)
	/org/bluez/hci0/dev_C0_DE_54_15_00_31/service0008/char0009/desc000b
	00002902-0000-1000-8000-00805f9b34fb
	Client Characteristic Configuration
[0;94m[X54-GATT][0m# 