Device C0:DE:54:15:00:31 (random)
	Name: X54-GATT
	Alias: X54-GATT
	Paired: no
	Bonded: no
	Trusted: no
	Blocked: no
	Connected: yes
	LegacyPairing: no
	UUID: Generic Access Profile    (00001800-0000-1000-8000-00805f9b34fb)
	UUID: Generic Attribute Profile (00001801-0000-1000-8000-00805f9b34fb)
	UUID: Battery Service           (0000180f-0000-1000-8000-00805f9b34fb)
	RSSI: 0xffffffa3 (-93)
[[0;93mCHG[0m] Device 4E:D7:98:D7:EE:51 RSSI: 0xffffffa2 (-94)
[[0;92mNEW[0m] Device A4:C1:38:8D:7D:4F ATC_8D7D4F
[[0;93mCHG[0m] Device 68:0E:11:85:74:1D RSSI: 0xffffff9e (-98)
[[0;93mCHG[0m] Device 4E:D7:98:D7:EE:51 RSSI: 0xffffffaf (-81)
[[0;93mCHG[0m] Device A4:C1:38:8D:7D:4F RSSI: 0xffffffa3 (-93)
hci0 type 7 discovering off
hci0 type 7 discovering on
[[0;93mCHG[0m] Device A4:C1:38:26:4E:DA RSSI: 0xffffffc9 (-55)
[[0;93mCHG[0m] Device A4:C1:38:26:4E:DA ServiceData.0000181a-0000-1000-8000-00805f9b34fb:
  a4 c1 38 26 4e da 00 d6 32 25 0a 06 f0           ..8&N...2%...   
[[0;93mCHG[0m] Device 4E:D7:98:D7:EE:51 RSSI: 0xffffffa6 (-90)
