SetDiscoveryFilter success
Discovery started
hci0 type 7 discovering off
hci0 type 7 discovering on
[[0;93mCHG[0m] Device C0:DE:54:15:00:51 RSSI: 0xffffffb4 (-76)
[[0;93mCHG[0m] Device A4:C1:38:D0:E4:84 RSSI: 0xffffffb2 (-78)
[[0;93mCHG[0m] Device A4:C1:38:26:4E:DA RSSI: 0xffffffc6 (-58)
[[0;93mCHG[0m] Device C0:DE:54:15:00:51 RSSI: 0xffffffb6 (-74)
[[0;92mNEW[0m] Device A4:C1:38:75:8A:D6 LYWSD03MMC
[[0;93mCHG[0m] Device 68:0E:11:85:74:1D RSSI: 0xffffff9e (-98)
[[0;93mCHG[0m] Device 68:0E:11:85:74:1D UUIDs: 0000fe2c-0000-1000-8000-00805f9b34fb
[[0;93mCHG[0m] Device 68:0E:11:85:74:1D UUIDs: 0000fd82-0000-1000-8000-00805f9b34fb
[[0;93mCHG[0m] Device 68:0E:11:85:74:1D ManufacturerData.Key: 0x012d (301)
[[0;93mCHG[0m] Device 68:0E:11:85:74:1D ManufacturerData.Value:
  04 00 02 02 b0 31 09 0b d4 66 98 41 07 00 02 00  .....1...f.A....
  33 00 00 00                                      3...            
[[0;93mCHG[0m] Device 4E:D7:98:D7:EE:51 RSSI: 0xffffff9f (-97)
[[0;93mCHG[0m] Device 4E:D7:98:D7:EE:51 RSSI: 0xffffff9f (-97)
[[0;93mCHG[0m] Device C5:68:44:B3:43:BF RSSI: 0xffffffaf (-81)
[[0;93mCHG[0m] Device 4E:D7:98:D7:EE:51 RSSI: 0xffffff9f (-97)
[[0;93mCHG[0m] Device 4E:D7:98:D7:EE:51 RSSI: 0xffffff9f (-97)
[[0;93mCHG[0m] Device 4E:D7:98:D7:EE:51 RSSI: 0xffffffa0 (-96)
[[0;93mCHG[0m] Device 4E:D7:98:D7:EE:51 RSSI: 0xffffffa0 (-96)
