#16 ch=37 rssi=-83 type=ADV_IND txAddr=public len=23 advA=A4:C1:38:26:4E:DA
#17 ch=38 rssi=-100 type=ADV_IND txAddr=public len=27 advA=A4:C1:38:75:8A:D6
#18 ch=37 rssi=-99 type=ADV_NONCONN txAddr=random len=37 advA=C5:68:44:B3:43:BF
#19 ch=38 rssi=-90 type=SCAN_REQ txAddr=public len=12 advA=B4:3A:45:89:65:FA
#20 ch=37 rssi=-91 type=SCAN_REQ txAddr=public len=12 advA=B4:3A:45:89:65:FA
#21 ch=38 rssi=-90 type=SCAN_REQ txAddr=public len=12 advA=B4:3A:45:89:65:FA
#22 ch=39 rssi=-86 type=ADV_IND txAddr=public len=23 advA=A4:C1:38:26:4E:DA
#23 ch=37 rssi=-98 type=ADV_NONCONN txAddr=random len=37 advA=C5:68:44:B3:43:BF
#24 ch=38 rssi=-76 type=SCAN_REQ txAddr=random len=12 advA=1C:0A:85:3F:5B:3F
#25 ch=37 rssi=-98 type=ADV_IND txAddr=public len=27 advA=A4:C1:38:75:8A:D6
#26 ch=38 rssi=-90 type=SCAN_REQ txAddr=public len=12 advA=B4:3A:45:89:65:FA
#27 ch=39 rssi=-86 type=SCAN_REQ txAddr=random len=12 advA=1C:0A:85:3F:5B:3F
#28 ch=38 rssi=-90 type=SCAN_REQ txAddr=public len=12 advA=B4:3A:45:89:65:FA
#29 ch=37 rssi=-90 type=SCAN_REQ txAddr=public len=12 advA=B4:3A:45:89:65:FA
#30 ch=38 rssi=-100 type=ADV_IND txAddr=public len=27 advA=A4:C1:38:75:8A:D6
#31 ch=39 rssi=-86 type=ADV_IND txAddr=public len=23 advA=A4:C1:38:26:4E:DA
#32 ch=37 rssi=-90 type=SCAN_REQ txAddr=public len=12 advA=B4:3A:45:89:65:FA
#33 ch=38 rssi=-103 type=ADV_IND txAddr=public len=23 advA=A4:C1:38:D0:E4:84
#34 ch=38 rssi=-85 type=ADV_IND txAddr=public len=23 advA=A4:C1:38:26:4E:DA
#35 ch=38 rssi=-90 type=SCAN_REQ txAddr=public len=12 advA=B4:3A:45:89:65:FA
#36 ch=39 rssi=-102 type=ADV_IND txAddr=public len=27 advA=A4:C1:38:75:8A:D6
#37 ch=37 rssi=-90 type=SCAN_REQ txAddr=public len=12 advA=B4:3A:45:89:65:FA
