thread_router role=disabled rloc16=0xFFFE req=0/0 router=0 ping=0/0 pong=0/0 ok=0 last= err=0/0
thread_router role=disabled rloc16=0xFFFE req=0/0 router=0 ping=0/0 pong=0/0 ok=0 last= err=0/0
thread_router role=disabled rloc16=0xFFFE req=0/0 router=0 ping=0/0 pong=0/0 ok=0 last= err=0/0
thread_router role=disabled rloc16=0xFFFE req=0/0 router=0 ping=0/0 pong=0/0 ok=0 last= err=0/0
thread_router role=disabled rloc16=0xFFFE req=0/0 router=0 ping=0/0 pong=0/0 ok=0 last= err=0/0
thread_router role=disabled rloc16=0xFFFE req=0/0 router=0 ping=0/0 pong=0/0 ok=0 last= err=0/0
thread_router role=detached rloc16=0xFFFE req=0/0 router=0 ping=0/0 pong=0/0 ok=0 last= err=0/0
thread_router role=detached rloc16=0xFFFE req=0/0 router=0 ping=0/0 pong=0/0 ok=0 last= err=0/0
thread_router role=detached rloc16=0xFFFE req=0/0 router=0 ping=0/0 pong=0/0 ok=0 last= err=0/0
thread_router role=detached rloc16=0xFFFE req=0/0 router=0 ping=0/0 pong=0/0 ok=0 last= err=0/0
thread_router role=detached rloc16=0xFFFE req=0/0 router=0 ping=0/0 pong=0/0 ok=0 last= err=0/0
thread_router role=detached rloc16=0xFFFE req=0/0 router=0 ping=0/0 pong=0/0 ok=0 last= err=0/0
thread_router role=detached rloc16=0xFFFE req=0/0 router=0 ping=0/0 pong=0/0 ok=0 last= err=0/0
thread_router role=leader rloc16=0x6C00 req=0/0 router=0 ping=0/0 pong=0/0 ok=0 last= err=0/0
thread_router role=leader rloc16=0x6C00 req=0/0 router=0 ping=0/0 pong=0/0 ok=0 last= err=0/0
thread_router role=leader rloc16=0x6C00 req=0/0 router=0 ping=0/0 pong=0/0 ok=0 last= err=0/0
thread_router role=leader rloc16=0x6C00 req=0/0 router=0 ping=0/0 pong=0/0 ok=0 last= err=0/0
thread_router role=child rloc16=0x8401 req=0/0 router=0 ping=0/0 pong=0/0 ok=0 last= err=0/0
thread_router role=child rloc16=0x8401 req=0/0 router=0 ping=0/0 pong=0/0 ok=0 last= err=0/0
thread_router role=child rloc16=0x8401 req=0/0 router=0 ping=0/0 pong=0/0 ok=0 last= err=0/0
thread_router role=child rloc16=0x8401 req=1/1 router=0 ping=0/0 pong=0/0 ok=0 last= err=0/0
thread_router role=router rloc16=0x6C00 req=1/1 router=1 ping=0/0 pong=0/0 ok=0 last= err=0/0
thread_router role=router rloc16=0x6C00 req=1/1 router=1 ping=1/0 pong=0/1 ok=1 last=router-pong err=0/0
thread_router role=router rloc16=0x6C00 req=1/1 router=1 ping=1/0 pong=0/1 ok=1 last=router-pong err=0/0
thread_router role=router rloc16=0x6C00 req=1/1 router=1 ping=1/0 pong=0/1 ok=1 last=router-pong err=0/0
thread_router role=router rloc16=0x6C00 req=1/1 router=1 ping=1/0 pong=0/1 ok=1 last=router-pong err=0/0
thread_router role=router rloc16=0x6C00 req=1/1 router=1 ping=1/0 pong=0/1 ok=1 last=router-pong err=0/0
thread_router role=router rloc16=0x6C00 req=1/1 router=1 ping=1/0 pong=0/1 ok=1 last=router-pong err=0/0
thread_router role=router rloc16=0x6C00 req=1/1 router=1 ping=1/0 pong=0/1 ok=1 last=router-pong err=0/0
thread_router role=router rloc16=0x6C00 req=1/1 router=1 ping=1/0 pong=0/1 ok=1 last=router-pong err=0/0
thread_router role=router rloc16=0x6C00 req=1/1 router=1 ping=1/0 pong=0/1 ok=1 last=router-pong err=0/0
thread_router role=router rloc16=0x6C00 req=1/1 router=1 ping=1/0 pong=0/1 ok=1 last=router-pong err=0/0
thread_router role=router rloc16=0x6C00 req=1/1 router=1 ping=1/0 pong=0/1 ok=1 last=router-pong err=0/0
thread_router role=router rloc16=0x6C00 req=1/1 router=1 ping=1/0 pong=0/1 ok=1 last=router-pong err=0/0
