advertising
bond: none
advertising
advertising
advertising
advertising
bond: none
advertising
advertising
advertising
advertising
advertising
bond: none
advertising
advertising
advertising
advertising
connected peer=68:34:21:E5:84:DF
encryption=ON ce=84
bond: none
encryption=OFF ce=101
link terminated
advertising
bond: none
advertising
advertising
advertising
advertising
bond: none
advertising
advertising
advertising
advertising
advertising
bond: none
advertising
advertising
advertising
advertising
bond: none
advertising
advertising
advertising
advertising
advertising
bond: none
advertising
advertising
