SetDiscoveryFilter success
Discovery started
[[0;92mNEW[0m] Device 76:E8:DC:3F:2D:69 76-E8-DC-3F-2D-69
[[0;92mNEW[0m] Device A4:C1:38:26:4E:DA ATC_264EDA
[[0;93mCHG[0m] Device 76:E8:DC:3F:2D:69 RSSI: 0xffffffa7 (-89)
[[0;92mNEW[0m] Device 40:70:67:32:C9:DE 40-70-67-32-C9-DE
[[0;92mNEW[0m] Device C0:DE:54:15:00:51 X54-PAIR
[[0;92mNEW[0m] Device A4:C1:38:9D:41:32 ATC_9D4132
[[0;93mCHG[0m] Device 76:E8:DC:3F:2D:69 RSSI: 0xffffffa5 (-91)
[[0;93mCHG[0m] Device 76:E8:DC:3F:2D:69 RSSI: 0xffffffa5 (-91)
[[0;93mCHG[0m] Device 76:E8:DC:3F:2D:69 RSSI: 0xffffffa2 (-94)
[[0;93mCHG[0m] Device 76:E8:DC:3F:2D:69 RSSI: 0xffffffa7 (-89)
[[0;93mCHG[0m] Device 76:E8:DC:3F:2D:69 RSSI: 0xffffffa5 (-91)
[[0;93mCHG[0m] Device 76:E8:DC:3F:2D:69 RSSI: 0xffffffa5 (-91)
[[0;93mCHG[0m] Device C0:DE:54:15:00:51 RSSI: 0xffffffac (-84)
[[0;93mCHG[0m] Device 40:70:67:32:C9:DE RSSI: 0xffffffa3 (-93)
[[0;92mNEW[0m] Device A4:C1:38:75:8A:D6 LYWSD03MMC
[[0;93mCHG[0m] Device C0:DE:54:15:00:51 RSSI: 0xffffffa8 (-88)
[[0;93mCHG[0m] Device 40:70:67:32:C9:DE RSSI: 0xffffffad (-83)
[[0;93mCHG[0m] Device A4:C1:38:75:8A:D6 RSSI: 0xffffffba (-70)
[[0;93mCHG[0m] Device C0:DE:54:15:00:51 RSSI: 0xffffffa7 (-89)
[[0;93mCHG[0m] Device 40:70:67:32:C9:DE RSSI: 0xffffffac (-84)
