Changing power on succeeded
hci0 type 1 discovering off
hci0 type 1 discovering on
Device C0:DE:54:15:00:51 not available
SetDiscoveryFilter success
hci0 type 1 discovering off
hci0 type 7 discovering on
Discovery started
[[0;92mNEW[0m] Device C0:DE:54:15:00:51 X54-PAIR
[[0;92mNEW[0m] Device A4:C1:38:75:8A:D6 LYWSD03MMC
[[0;92mNEW[0m] Device A4:C1:38:26:4E:DA ATC_264EDA
[[0;93mCHG[0m] Device A4:C1:38:26:4E:DA RSSI: 0xffffffb8 (-72)
[[0;92mNEW[0m] Device A4:C1:38:9D:41:32 ATC_9D4132
[[0;92mNEW[0m] Device 58:B4:9C:BC:B9:BF 58-B4-9C-BC-B9-BF
[[0;93mCHG[0m] Device A4:C1:38:26:4E:DA RSSI: 0xffffffc8 (-56)
[[0;93mCHG[0m] Device 58:B4:9C:BC:B9:BF RSSI: 0xffffffae (-82)
[[0;93mCHG[0m] Device 58:B4:9C:BC:B9:BF RSSI: 0xffffffae (-82)
[[0;92mNEW[0m] Device A4:C1:38:D0:E4:84 ATC_D0E484
[[0;93mCHG[0m] Device A4:C1:38:75:8A:D6 RSSI: 0xffffffb2 (-78)
[[0;93mCHG[0m] Device A4:C1:38:75:8A:D6 RSSI: 0xffffffb2 (-78)
[[0;93mCHG[0m] Device C0:DE:54:15:00:51 RSSI: 0xffffffa3 (-93)
[[0;93mCHG[0m] Device 58:B4:9C:BC:B9:BF RSSI: 0xffffffab (-85)
[[0;93mCHG[0m] Device A4:C1:38:75:8A:D6 RSSI: 0xffffffb2 (-78)
[[0;93mCHG[0m] Device 58:B4:9C:BC:B9:BF RSSI: 0xffffffab (-85)
hci0 type 7 discovering off
hci0 type 7 discovering on
[[0;93mCHG[0m] Device 58:B4:9C:BC:B9:BF RSSI: 0xffffffb0 (-80)
Attempting to connect to C0:DE:54:15:00:51
hci0 type 1 discovering off
hci0 type 1 discovering on
[[0;93mCHG[0m] Device C0:DE:54:15:00:51 RSSI: 0xffffffa3 (-93)
hci0 C0:DE:54:15:00:51 type LE Random connected eir_len 13
[[0;93mCHG[0m] Device C0:DE:54:15:00:51 Connected: yes
Attempting to pair with C0:DE:54:15:00:51
hci0 type 1 discovering off
hci0 C0:DE:54:15:00:51 auth failed with status 0x05 (Authentication Failed)
hci0 type 1 discovering on
[[0;91mDEL[0m] Device A4:C1:38:9D:41:32 ATC_9D4132
[[0;91mDEL[0m] Device A4:C1:38:26:4E:DA ATC_264EDA
[[0;91mDEL[0m] Device A4:C1:38:D0:E4:84 ATC_D0E484
[[0;91mDEL[0m] Device A4:C1:38:75:8A:D6 LYWSD03MMC
[[0;91mDEL[0m] Device 58:B4:9C:BC:B9:BF 58-B4-9C-BC-B9-BF
hci0 type 1 discovering off
hci0 type 1 discovering on
hci0 type 1 discovering off
hci0 type 1 discovering on
hci0 type 1 discovering off
hci0 type 1 discovering on
Device C0:DE:54:15:00:51 (random)
	Name: X54-PAIR
	Alias: X54-PAIR
	Paired: yes
	Bonded: no
	Trusted: no
	Blocked: no
	Connected: yes
	LegacyPairing: no
	RSSI: 0xffffffa3 (-93)
hci0 type 1 discovering off
hci0 type 1 discovering on
Attempting to disconnect from C0:DE:54:15:00:51
hci0 C0:DE:54:15:00:51 type LE Random disconnected with reason 2
Successful disconnected
[[0;93mCHG[0m] Device C0:DE:54:15:00:51 Paired: no
[[0;93mCHG[0m] Device C0:DE:54:15:00:51 Connected: no
hci0 type 1 discovering off
hci0 type 1 discovering on
