advertising
advertising
advertising
advertising
advertising
advertising
advertising
advertising
advertising
advertising
advertising
advertising
advertising
advertising
advertising
advertising
advertising
connected peer=68:34:21:E5:84:DF int=36
ll_ctrl op=0x08 new=1 tx_ok=1 tx_llid=1 tx_len=0 ce=1
ll_ctrl op=0x01 new=1 tx_ok=1 tx_llid=1 tx_len=0 ce=3
rx_smp code=0x01 l2len=7 rx_len=11 new=1 ce=4
tx_smp code=0x02 l2len=7 tx_len=11 ce=5
rx_smp code=0x05 l2len=2 rx_len=6 new=1 ce=6
ll_ctrl op=0x0C new=1 tx_ok=1 tx_llid=1 tx_len=0 ce=11
ll_ctrl op=0x01 new=1 tx_ok=1 tx_llid=1 tx_len=0 ce=265
ll_ctrl op=0x01 new=1 tx_ok=1 tx_llid=1 tx_len=0 ce=320
ll_ctrl op=0x01 new=1 tx_ok=1 tx_llid=1 tx_len=0 ce=376
ll_ctrl op=0x01 new=1 tx_ok=1 tx_llid=1 tx_len=0 ce=432
ll_ctrl op=0x01 new=1 tx_ok=1 tx_llid=1 tx_len=0 ce=670
ll_ctrl op=0x01 new=1 tx_ok=1 tx_llid=1 tx_len=0 ce=781
ll_ctrl op=0x01 new=1 tx_ok=1 tx_llid=1 tx_len=0 ce=838
ll_ctrl op=0x01 new=1 tx_ok=1 tx_llid=1 tx_len=0 ce=894
ll_ctrl op=0x02 new=1 tx_ok=1 tx_llid=1 tx_len=0 ce=1125
link terminated
advertising
advertising
advertising
