SetDiscoveryFilter success
Discovery started
[[0;92mNEW[0m] Device 4F:47:6B:25:A8:6E 4F-47-6B-25-A8-6E
[[0;92mNEW[0m] Device C0:DE:54:15:00:51 X54-PAIR
[[0;92mNEW[0m] Device E9:CA:A2:61:3F:50 E9-CA-A2-61-3F-50
[[0;93mCHG[0m] Device 4F:47:6B:25:A8:6E RSSI: 0xffffffa0 (-96)
[[0;92mNEW[0m] Device A4:C1:38:26:4E:DA ATC_264EDA
[[0;93mCHG[0m] Device C0:DE:54:15:00:51 RSSI: 0xffffffaa (-86)
[[0;93mCHG[0m] Device 4F:47:6B:25:A8:6E RSSI: 0xffffffa7 (-89)
[[0;92mNEW[0m] Device A4:C1:38:75:8A:D6 LYWSD03MMC
[[0;92mNEW[0m] Device CA:E6:28:F7:18:17 CA-E6-28-F7-18-17
[[0;93mCHG[0m] Device A4:C1:38:75:8A:D6 RSSI: 0xffffffb5 (-75)
[[0;93mCHG[0m] Device E9:CA:A2:61:3F:50 RSSI: 0xffffffac (-84)
[[0;93mCHG[0m] Device C0:DE:54:15:00:51 RSSI: 0xffffffaa (-86)
[[0;92mNEW[0m] Device 7C:9C:39:CA:D1:A8 7C-9C-39-CA-D1-A8
[[0;93mCHG[0m] Device CA:E6:28:F7:18:17 RSSI: 0xffffffa1 (-95)
[[0;93mCHG[0m] Device 4F:47:6B:25:A8:6E RSSI: 0xffffffa2 (-94)
[[0;93mCHG[0m] Device 4F:47:6B:25:A8:6E RSSI: 0xffffffa5 (-91)
[[0;93mCHG[0m] Device 7C:9C:39:CA:D1:A8 RSSI: 0xffffffa5 (-91)
[[0;93mCHG[0m] Device 7C:9C:39:CA:D1:A8 RSSI: 0xffffffa5 (-91)
