SetDiscoveryFilter success
Discovery started
[[0;92mNEW[0m] Device 77:F3:06:B2:74:77 77-F3-06-B2-74-77
[[0;92mNEW[0m] Device C0:DE:54:15:00:51 X54-PAIR
[[0;93mCHG[0m] Device 77:F3:06:B2:74:77 RSSI: 0xffffffa0 (-96)
[[0;93mCHG[0m] Device 77:F3:06:B2:74:77 RSSI: 0xffffffa0 (-96)
[[0;92mNEW[0m] Device C4:5F:62:0A:3F:8C C4-5F-62-0A-3F-8C
[[0;93mCHG[0m] Device C0:DE:54:15:00:51 RSSI: 0xffffffaf (-81)
[[0;92mNEW[0m] Device 62:BB:7B:08:F9:AE 62-BB-7B-08-F9-AE
[[0;93mCHG[0m] Device 77:F3:06:B2:74:77 RSSI: 0xffffffa0 (-96)
[[0;93mCHG[0m] Device 77:F3:06:B2:74:77 RSSI: 0xffffff9e (-98)
[[0;93mCHG[0m] Device 62:BB:7B:08:F9:AE RSSI: 0xffffffaf (-81)
[[0;92mNEW[0m] Device A4:C1:38:8D:7D:4F ATC_8D7D4F
[[0;93mCHG[0m] Device C4:5F:62:0A:3F:8C RSSI: 0xffffffb3 (-77)
[[0;93mCHG[0m] Device C0:DE:54:15:00:51 RSSI: 0xffffffaa (-86)
[[0;93mCHG[0m] Device 77:F3:06:B2:74:77 RSSI: 0xffffffa1 (-95)
[[0;93mCHG[0m] Device 77:F3:06:B2:74:77 RSSI: 0xffffffa1 (-95)
[[0;93mCHG[0m] Device C4:5F:62:0A:3F:8C RSSI: 0xffffffb5 (-75)
[[0;93mCHG[0m] Device 77:F3:06:B2:74:77 RSSI: 0xffffffa1 (-95)
[[0;93mCHG[0m] Device 77:F3:06:B2:74:77 RSSI: 0xffffffa3 (-93)
