advertising
advertising
advertising
advertising
advertising
advertising
advertising
connected peer=68:34:21:E5:84:DF int=36
encryption=ON ce=13
encryption=OFF ce=30
link terminated
enc_dbg followup_armed=1 end_seen=0 crc_ok=0 start_req=0 start_rsp_tx_ok=0 rx_llid1=0 rx_llid2=0 rx_llid3=0 last_hdr=0x00 last_llid=0 last_len=0 last_b0=0x00 main_enc_req=1 main_enc_rsp_tx_ok=1 main_start_req=0 main_start_req_dec=0 main_start_rsp_tx_ok=0 pend_ctrl_rx=0 pend_last_hdr=0x00 pend_last_len_raw=0 pend_last_b0=0x00 pend_last_dec=0 enc_rsp_txen_lag_last_us=0 enc_rsp_txen_lag_max_us=0 mic_fail=0 short_pdu=0 mic_ctr_lo=0 mic_hdr=0x00 mic_len_raw=0 mic_dir=0 mic_state=0x00 mic_b=0x00,00,00,00,00 start_rsp_rx=1 pause_req=0 pause_rsp=0 enc_clear=0 clear_reason=0x00 tx_lag_last=5131 tx_lag_max=5132 enc_tx_cnt=8 enc_tx_lag_last=5131 enc_tx_lag_max=5132 skdm=A3095BF42D164964 ivm=3D399A28 skds=AB29D0DDEC641BB2 ivs=C156B724 sk=F54CE7259AE333DFFF187588E9E0C13C sk_alt=F8B00EB4CAF2050A22F9F9865D797E46 sk_ok=1 sk_alt_ok=1 rx_dir=1 tx_dir=0
advertising
advertising
advertising
advertising
advertising
advertising
advertising
advertising
advertising
advertising
advertising
advertising
advertising
advertising
advertising
advertising
advertising
advertising
advertising
advertising
advertising
advertising
advertising
advertising
advertising
advertising
advertising
advertising
advertising
advertising
advertising
advertising
advertising
advertising
advertising
