advertising
advertising
advertising
advertising
advertising
advertising
advertising
advertising
advertising
advertising
advertising
advertising
advertising
advertising
advertising
advertising
connected peer=68:34:21:E5:84:DF int=36
ll_ctrl op=0x08 new=1 tx_ok=1 tx_llid=1 tx_len=0 ce=1
ll_ctrl op=0x0C new=1 tx_ok=1 tx_llid=1 tx_len=0 ce=3
rx_smp code=0x01 l2len=7 rx_len=11 new=1 ce=4
rx_smp code=0x01 l2len=7 rx_len=11 new=0 ce=5
tx_smp code=0x02 l2len=7 tx_len=11 ce=6
rx_smp code=0x03 l2len=17 rx_len=21 new=1 ce=7
tx_smp code=0x03 l2len=17 tx_len=21 ce=8
rx_smp code=0x04 l2len=17 rx_len=21 new=1 ce=9
tx_smp code=0x04 l2len=17 tx_len=21 ce=10
ll_ctrl op=0x03 new=1 tx_ok=1 tx_llid=3 tx_len=13 tx_op=0x04 ce=11
link terminated
advertising
advertising
advertising
advertising
advertising
advertising
advertising
advertising
advertising
advertising
advertising
advertising
advertising
advertising
advertising
advertising
advertising
advertising
advertising
advertising
advertising
advertising
