Device FB:46:AC:C2:AB:22 FB-46-AC-C2-AB-22
Device C2:39:22:FC:DA:E4 C2-39-22-FC-DA-E4
Device A4:C1:38:75:8A:D6 LYWSD03MMC
Device C0:DE:54:15:00:51 X54-PAIR
Device 46:34:B5:FF:67:F4 46-34-B5-FF-67-F4
Device 7B:D9:E9:4E:3A:35 7B-D9-E9-4E-3A-35
Device C0:DE:54:15:00:61 X54 Bond Probe
Device C0:DE:54:15:00:71 XIAO54-TIMING
Device C0:DE:54:15:00:21 XIAO54-LINK
Device C0:DE:54:15:00:11 XIAO-54
Device 40:5E:F6:0D:B8:15 Galaxy Buds Live (B815)
Device C0:DE:54:15:00:41 XIAO nRF54L15 Battery
hci0 type 7 discovering off
[[0;93mCHG[0m] Device 7B:D9:E9:4E:3A:35 RSSI is nil
[[0;91mDEL[0m] Device 7B:D9:E9:4E:3A:35 7B-D9-E9-4E-3A-35
[[0;93mCHG[0m] Device C2:39:22:FC:DA:E4 RSSI is nil
[[0;91mDEL[0m] Device C2:39:22:FC:DA:E4 C2-39-22-FC-DA-E4
[[0;93mCHG[0m] Device FB:46:AC:C2:AB:22 RSSI is nil
[[0;91mDEL[0m] Device FB:46:AC:C2:AB:22 FB-46-AC-C2-AB-22
[[0;93mCHG[0m] Device A4:C1:38:75:8A:D6 RSSI is nil
[[0;93mCHG[0m] Device C0:DE:54:15:00:51 RSSI is nil
[[0;93mCHG[0m] Device 46:34:B5:FF:67:F4 TxPower is nil
[[0;93mCHG[0m] Device 46:34:B5:FF:67:F4 RSSI is nil
[[0;93mCHG[0m] Controller 68:34:21:E5:84:DF Discovering: no
