SetDiscoveryFilter success
Discovery started
[[0;92mNEW[0m] Device 4F:47:6B:25:A8:6E 4F-47-6B-25-A8-6E
[[0;92mNEW[0m] Device 40:70:67:32:C9:DE 40-70-67-32-C9-DE
[[0;92mNEW[0m] Device ED:FA:80:CF:9C:23 ED-FA-80-CF-9C-23
[[0;93mCHG[0m] Device 4F:47:6B:25:A8:6E RSSI: 0xffffffa6 (-90)
[[0;93mCHG[0m] Device 4F:47:6B:25:A8:6E RSSI: 0xffffffa4 (-92)
[[0;93mCHG[0m] Device 4F:47:6B:25:A8:6E RSSI: 0xffffffa6 (-90)
[[0;93mCHG[0m] Device 4F:47:6B:25:A8:6E RSSI: 0xffffffa6 (-90)
[[0;93mCHG[0m] Device 4F:47:6B:25:A8:6E RSSI: 0xffffffa6 (-90)
[[0;93mCHG[0m] Device 4F:47:6B:25:A8:6E RSSI: 0xffffffa5 (-91)
[[0;92mNEW[0m] Device C0:DE:54:15:00:51 X54-PAIR
[[0;93mCHG[0m] Device 4F:47:6B:25:A8:6E RSSI: 0xffffffa5 (-91)
[[0;93mCHG[0m] Device 4F:47:6B:25:A8:6E RSSI: 0xffffffa5 (-91)
[[0;93mCHG[0m] Device C0:DE:54:15:00:51 RSSI: 0xffffffaa (-86)
[[0;93mCHG[0m] Device 4F:47:6B:25:A8:6E RSSI: 0xffffffa1 (-95)
[[0;93mCHG[0m] Device 4F:47:6B:25:A8:6E RSSI: 0xffffffa5 (-91)
[[0;93mCHG[0m] Device 40:70:67:32:C9:DE RSSI: 0xffffffa6 (-90)
[[0;93mCHG[0m] Device 4F:47:6B:25:A8:6E RSSI: 0xffffffa6 (-90)
[[0;93mCHG[0m] Device 40:70:67:32:C9:DE RSSI: 0xffffffa5 (-91)
[[0;93mCHG[0m] Device C0:DE:54:15:00:51 RSSI: 0xffffffaa (-86)
[[0;92mNEW[0m] Device A4:C1:38:75:8A:D6 LYWSD03MMC
[[0;93mCHG[0m] Device 4F:47:6B:25:A8:6E RSSI: 0xffffffa5 (-91)
[[0;93mCHG[0m] Device C0:DE:54:15:00:51 RSSI: 0xffffffac (-84)
[[0;92mNEW[0m] Device A4:C1:38:9D:41:32 ATC_9D4132
[[0;93mCHG[0m] Device A4:C1:38:75:8A:D6 RSSI: 0xffffffba (-70)
