advertising
advertising
advertising
advertising
advertising
advertising
advertising
advertising
advertising
advertising
advertising
advertising
[trace] CONNECTED
connected peer=68:34:21:E5:84:DF int=36
[trace] EVT_RX_TIMEOUT
[trace] EVT_RX_TIMEOUT
[trace] EVT_RX_TIMEOUT
[trace] EVT_RX_TIMEOUT
[trace] EVT_RX_TIMEOUT
[trace] EVT_RX_TIMEOUT
[trace] EVT_RX_TIMEOUT
[trace] EVT_RX_TIMEOUT
[trace] EVT_RX_TIMEOUT
[trace] EVT_RX_TIMEOUT
[trace] EVT_RX_TIMEOUT
[trace] EVT_RX_TIMEOUT
[trace] EVT_RX_TIMEOUT
[trace] EVT_RX_TIMEOUT
[trace] EVT_RX_TIMEOUT
[trace] EVT_RX_TIMEOUT
[trace] EVT_RX_TIMEOUT
[trace] EVT_RX_TIMEOUT
[trace] EVT_RX_TIMEOUT
[trace] EVT_RX_TIMEOUT
[trace] EVT_RX_TIMEOUT
[trace] EVT_RX_TIMEOUT
[trace] EVT_RX_TIMEOUT
[trace] EVT_RX_TIMEOUT
[trace] EVT_RX_TIMEOUT
[trace] EVT_RX_TIMEOUT
[trace] EVT_RX_TIMEOUT
[trace] EVT_RX_TIMEOUT
[trace] EVT_RX_TIMEOUT
[trace] EVT_RX_TIMEOUT
[trace] EVT_RX_TIMEOUT
[trace] EVT_RX_TIMEOUT
[trace] EVT_RX_TIMEOUT
[trace] EVT_RX_TIMEOUT
[trace] EVT_RX_TIMEOUT
[trace] EVT_RX_TIMEOUT
[trace] EVT_RX_TIMEOUT
[trace] EVT_RX_TIMEOUT
[trace] EVT_RX_TIMEOUT
[trace] EVT_RX_TIMEOUT
[trace] EVT_RX_TIMEOUT
[trace] EVT_RX_TIMEOUT
[trace] EVT_RX_TIMEOUT
[trace] EVT_RX_TIMEOUT
[trace] EVT_RX_TIMEOUT
[trace] EVT_RX_TIMEOUT
[trace] EVT_RX_TIMEOUT
[trace] EVT_RX_TIMEOUT
[trace] EVT_RX_TIMEOUT
[trace] EVT_RX_TIMEOUT
[trace] EVT_RX_TIMEOUT
[trace] EVT_RX_TIMEOUT
[trace] EVT_RX_TIMEOUT
[trace] EVT_RX_TIMEOUT
[trace] EVT_RX_TIMEOUT
[trace] EVT_RX_TIMEOUT
[trace] EVT_RX_TIMEOUT
[trace] EVT_RX_TIMEOUT
[trace] EVT_RX_TIMEOUT
[trace] EVT_RX_TIMEOUT
[trace] EVT_RX_TIMEOUT
[trace] EVT_RX_TIMEOUT
[trace] EVT_RX_TIMEOUT
[trace] EVT_RX_TIMEOUT
[trace] EVT_RX_TIMEOUT
[trace] EVT_RX_TIMEOUT
[trace] EVT_RX_TIMEOUT
[trace] EVT_RX_TIMEOUT
[trace] EVT_RX_TIMEOUT
[trace] EVT_RX_TIMEOUT
[trace] EVT_RX_TIMEOUT
[trace] EVT_RX_TIMEOUT
[trace] EVT_RX_TIMEOUT
[trace] EVT_RX_TIMEOUT
[trace] EVT_RX_TIMEOUT
[trace] EVT_RX_TIMEOUT
[trace] EVT_RX_TIMEOUT
[trace] EVT_RX_TIMEOUT
[trace] EVT_RX_TIMEOUT
[trace] EVT_RX_TIMEOUT
[trace] EVT_RX_TIMEOUT
[trace] EVT_RX_TIMEOUT
[trace] EVT_RX_TIMEOUT
[trace] EVT_RX_TIMEOUT
[trace] EVT_RX_TIMEOUT
[trace] EVT_RX_TIMEOUT
[trace] EVT_RX_TIMEOUT
[trace] EVT_RX_TIMEOUT
[trace] EVT_RX_TIMEOUT
[trace] EVT_RX_TIMEOUT
[trace] EVT_RX_TIMEOUT
[trace] EVT_RX_TIMEOUT
[trace] EVT_RX_TIMEOUT
[trace] EVT_RX_TIMEOUT
[trace] EVT_RX_TIMEOUT
[trace] EVT_RX_TIMEOUT
[trace] EVT_RX_TIMEOUT
[trace] EVT_RX_TIMEOUT
[trace] EVT_RX_TIMEOUT
[trace] EVT_RX_TIMEOUT
[trace] EVT_RX_TIMEOUT
[trace] EVT_RX_TIMEOUT
[trace] EVT_RX_TIMEOUT
[trace] SMP_PAIRING_REQUEST_RX
[trace] EVT_RX_TIMEOUT
[trace] SMP_CONFIRM_RX
[trace] SMP_RANDOM_RX
[trace] LL_ENC_REQ_ACCEPTED
[trace] LL_START_ENC_REQ_TX
[trace] ENC_RX_MIC_FAIL
link terminated
enc_dbg followup_armed=0 end_seen=0 crc_ok=0 start_req=0 start_rsp_tx_ok=0 rx_llid1=0 rx_llid2=0 rx_llid3=0 last_hdr=0x00 last_llid=0 last_len=0 last_b0=0x00 main_enc_req=1 main_enc_rsp_tx_ok=2 main_start_req=0 main_start_req_dec=0 main_start_rsp_tx_ok=0 pend_ctrl_rx=0 pend_last_hdr=0x00 pend_last_len_raw=0 pend_last_b0=0x00 pend_last_dec=0 enc_rsp_txen_lag_last_us=1 enc_rsp_txen_lag_max_us=2531
advertising
advertising
advertising
advertising
advertising
advertising
advertising
advertising
advertising
advertising
advertising
advertising
advertising
advertising
advertising
advertising
advertising
advertising
advertising
advertising
advertising
advertising
advertising
advertising
advertising
advertising
advertising
