SetDiscoveryFilter success
Discovery started
[[0;92mNEW[0m] Device A4:C1:38:9D:41:32 ATC_9D4132
[[0;92mNEW[0m] Device 77:F3:06:B2:74:77 77-F3-06-B2-74-77
[[0;92mNEW[0m] Device C0:DE:54:15:00:51 X54-PAIR
[[0;92mNEW[0m] Device 62:BB:7B:08:F9:AE 62-BB-7B-08-F9-AE
[[0;93mCHG[0m] Device 77:F3:06:B2:74:77 RSSI: 0xffffffa1 (-95)
[[0;93mCHG[0m] Device C0:DE:54:15:00:51 RSSI: 0xffffffa9 (-87)
[[0;93mCHG[0m] Device 77:F3:06:B2:74:77 RSSI: 0xffffffa2 (-94)
[[0;93mCHG[0m] Device 77:F3:06:B2:74:77 RSSI: 0xffffffa2 (-94)
[[0;92mNEW[0m] Device D9:7D:37:57:7C:5A D9-7D-37-57-7C-5A
[[0;93mCHG[0m] Device 62:BB:7B:08:F9:AE RSSI: 0xffffffad (-83)
[[0;92mNEW[0m] Device A4:C1:38:26:4E:DA ATC_264EDA
[[0;93mCHG[0m] Device 62:BB:7B:08:F9:AE RSSI: 0xffffffa6 (-90)
[[0;93mCHG[0m] Device 62:BB:7B:08:F9:AE ManufacturerData.Key: 0x004c (76)
[[0;93mCHG[0m] Device 62:BB:7B:08:F9:AE ManufacturerData.Value:
  10 05 34 1c c2 e0 1e                             ..4....         
[[0;92mNEW[0m] Device A4:C1:38:D0:E4:84 ATC_D0E484
[[0;93mCHG[0m] Device 77:F3:06:B2:74:77 RSSI: 0xffffffa4 (-92)
[[0;93mCHG[0m] Device D9:7D:37:57:7C:5A RSSI: 0xffffffb1 (-79)
[[0;93mCHG[0m] Device 77:F3:06:B2:74:77 RSSI: 0xffffffa4 (-92)
