Attempting to pair with C0:DE:54:15:00:61
hci0 type 1 discovering off
[[0;93mCHG[0m] Device C0:DE:54:15:00:61 Bonded: yes
[[0;93mCHG[0m] Device C0:DE:54:15:00:61 Paired: yes
Pairing successful
hci0 class of device changed: 0x000000
hci0 new_settings: bondable ssp br/edr le secure-conn cis-central cis-peripheral 
[[0;93mCHG[0m] Device 58:4B:27:38:45:ED RSSI is nil
[[0;91mDEL[0m] Device 58:4B:27:38:45:ED 58-4B-27-38-45-ED
[[0;93mCHG[0m] Device A4:C1:38:26:4E:DA RSSI is nil
[[0;93mCHG[0m] Device 73:01:16:B1:70:95 TxPower is nil
[[0;93mCHG[0m] Device 73:01:16:B1:70:95 RSSI is nil
[[0;93mCHG[0m] Device C0:DE:54:15:00:51 RSSI is nil
[[0;93mCHG[0m] Controller 68:34:21:E5:84:DF Class: 0x00000000 (0)
[[0;93mCHG[0m] Controller 68:34:21:E5:84:DF Powered: no
[[0;93mCHG[0m] Controller 68:34:21:E5:84:DF Discovering: no
[[0;93mCHG[0m] Device C0:DE:54:15:00:61 ServicesResolved: no
[[0;93mCHG[0m] Device C0:DE:54:15:00:61 Connected: no
[[0;93mCHG[0m] Device C0:DE:54:15:00:61 RSSI is nil
hci0 class of device changed: 0x7c0104
[[0;93mCHG[0m] Controller 68:34:21:E5:84:DF Class: 0x007c0104 (8126724)
hci0 name changed: lolren-ms7e34
hci0 new_settings: powered bondable ssp br/edr le secure-conn cis-central cis-peripheral 
[[0;93mCHG[0m] Controller 68:34:21:E5:84:DF Powered: yes
[[0;91mDEL[0m] Device A4:C1:38:26:4E:DA ATC_264EDA
[[0;91mDEL[0m] Device 73:01:16:B1:70:95 73-01-16-B1-70-95
