SetDiscoveryFilter success
hci0 type 1 discovering off
hci0 type 7 discovering on
Discovery started
[[0;92mNEW[0m] Device 73:01:16:B1:70:95 73-01-16-B1-70-95
[[0;92mNEW[0m] Device 58:4B:27:38:45:ED 58-4B-27-38-45-ED
[[0;92mNEW[0m] Device FB:81:00:8F:DD:DB FB-81-00-8F-DD-DB
[[0;93mCHG[0m] Device 58:4B:27:38:45:ED RSSI: 0xffffffa6 (-90)
[[0;92mNEW[0m] Device A4:C1:38:26:4E:DA ATC_264EDA
[[0;93mCHG[0m] Device 73:01:16:B1:70:95 RSSI: 0xffffffb1 (-79)
[[0;93mCHG[0m] Device 73:01:16:B1:70:95 RSSI: 0xffffffb1 (-79)
[[0;93mCHG[0m] Device 73:01:16:B1:70:95 RSSI: 0xffffffb0 (-80)
[[0;93mCHG[0m] Device 73:01:16:B1:70:95 RSSI: 0xffffffb1 (-79)
[[0;92mNEW[0m] Device F9:6E:B2:8C:EF:3F F9-6E-B2-8C-EF-3F
[[0;93mCHG[0m] Device A4:C1:38:26:4E:DA RSSI: 0xffffffc3 (-61)
[[0;92mNEW[0m] Device A4:C1:38:8D:7D:4F ATC_8D7D4F
[[0;93mCHG[0m] Device 58:4B:27:38:45:ED RSSI: 0xffffffa8 (-88)
[[0;92mNEW[0m] Device C0:DE:54:15:00:61 X54-BOND
[[0;93mCHG[0m] Device 58:4B:27:38:45:ED RSSI: 0xffffffa8 (-88)
[[0;93mCHG[0m] Device 73:01:16:B1:70:95 RSSI: 0xffffffa8 (-88)
[[0;93mCHG[0m] Device A4:C1:38:26:4E:DA RSSI: 0xffffffc8 (-56)
[[0;93mCHG[0m] Device 58:4B:27:38:45:ED RSSI: 0xffffffa5 (-91)
[[0;93mCHG[0m] Device 73:01:16:B1:70:95 RSSI: 0xffffffa8 (-88)
[[0;93mCHG[0m] Device 58:4B:27:38:45:ED RSSI: 0xffffffa8 (-88)
