advertising
bond: none
advertising
advertising
advertising
advertising
advertising
bond: none
advertising
advertising
advertising
advertising
bond: none
advertising
advertising
advertising
advertising
advertising
bond: none
advertising
connected peer=68:34:21:E5:84:DF
encryption=ON ce=71
bond: none
encryption=OFF ce=81
link terminated
advertising
advertising
bond: none
advertising
advertising
advertising
advertising
advertising
bond: none
advertising
advertising
advertising
advertising
bond: none
advertising
advertising
advertising
advertising
advertising
bond: none
advertising
