Attempting to pair with C0:DE:54:15:00:51
Failed to pair: org.bluez.Error.AuthenticationTimeout
[[0;93mCHG[0m] Device C0:DE:54:15:00:51 ServicesResolved: no
[[0;93mCHG[0m] Device C0:DE:54:15:00:51 Connected: no
[[0;91mDEL[0m] Device A4:C1:38:75:8A:D6 LYWSD03MMC
[[0;91mDEL[0m] Device 5D:5D:DE:91:AF:4B 5D-5D-DE-91-AF-4B
[[0;91mDEL[0m] Device E9:CA:A2:61:3F:50 E9-CA-A2-61-3F-50
[[0;91mDEL[0m] Device A4:C1:38:26:4E:DA ATC_264EDA
[[0;91mDEL[0m] Device 7C:9C:39:CA:D1:A8 7C-9C-39-CA-D1-A8
[[0;91mDEL[0m] Descriptor (Handle 0x0000)
	/org/bluez/hci0/dev_C0_DE_54_15_00_51/service0008/char0009/desc000b
	00002902-0000-1000-8000-00805f9b34fb
	Client Characteristic Configuration
[[0;91mDEL[0m] Characteristic (Handle 0x0000)
	/org/bluez/hci0/dev_C0_DE_54_15_00_51/service0008/char0009
	00002a05-0000-1000-8000-00805f9b34fb
	Service Changed
[[0;91mDEL[0m] Primary Service (Handle 0x0000)
	/org/bluez/hci0/dev_C0_DE_54_15_00_51/service0008
	00001801-0000-1000-8000-00805f9b34fb
	Generic Attribute Profile
[[0;91mDEL[0m] Descriptor (Handle 0x0000)
	/org/bluez/hci0/dev_C0_DE_54_15_00_51/service0010/char0011/desc0013
	00002902-0000-1000-8000-00805f9b34fb
	Client Characteristic Configuration
[[0;91mDEL[0m] Characteristic (Handle 0x0000)
	/org/bluez/hci0/dev_C0_DE_54_15_00_51/service0010/char0011
	00002a19-0000-1000-8000-00805f9b34fb
	Battery Level
[[0;91mDEL[0m] Primary Service (Handle 0x0000)
	/org/bluez/hci0/dev_C0_DE_54_15_00_51/service0010
	0000180f-0000-1000-8000-00805f9b34fb
	Battery Service
[[0;91mDEL[0m] Device C0:DE:54:15:00:51 X54 Pairing Probe
