SetDiscoveryFilter success
Discovery started
[[0;92mNEW[0m] Device 79:7C:05:F4:0A:FF XIAO-nRF54L15
[[0;93mCHG[0m] Device 79:7C:05:F4:0A:FF RSSI: 0xffffffc2 (-62)
[[0;93mCHG[0m] Device 79:7C:05:F4:0A:FF RSSI: 0xffffffc6 (-58)
[[0;93mCHG[0m] Device 79:7C:05:F4:0A:FF RSSI: 0xffffffbf (-65)
[[0;93mCHG[0m] Device 79:7C:05:F4:0A:FF RSSI: 0xffffffc6 (-58)
[[0;92mNEW[0m] Device 58:BB:A9:61:00:85 58-BB-A9-61-00-85
[[0;93mCHG[0m] Device 79:7C:05:F4:0A:FF RSSI: 0xffffffc2 (-62)
[[0;93mCHG[0m] Device 79:7C:05:F4:0A:FF RSSI: 0xffffffc6 (-58)
[[0;93mCHG[0m] Device 79:7C:05:F4:0A:FF RSSI: 0xffffffc2 (-62)
[[0;92mNEW[0m] Device EB:77:C7:03:BC:F3 EB-77-C7-03-BC-F3
[[0;93mCHG[0m] Device 79:7C:05:F4:0A:FF RSSI: 0xffffffbf (-65)
[[0;92mNEW[0m] Device 7B:97:C1:23:22:A5 7B-97-C1-23-22-A5
[[0;93mCHG[0m] Device 79:7C:05:F4:0A:FF RSSI: 0xffffffbf (-65)
[[0;93mCHG[0m] Device 79:7C:05:F4:0A:FF RSSI: 0xffffffbf (-65)
[[0;93mCHG[0m] Device 79:7C:05:F4:0A:FF RSSI: 0xffffffc2 (-62)
[[0;93mCHG[0m] Device 79:7C:05:F4:0A:FF RSSI: 0xffffffbf (-65)
[[0;93mCHG[0m] Device 7B:97:C1:23:22:A5 RSSI: 0xffffffa3 (-93)
[[0;93mCHG[0m] Device 79:7C:05:F4:0A:FF RSSI: 0xffffffbf (-65)
[[0;93mCHG[0m] Device 79:7C:05:F4:0A:FF RSSI: 0xffffffbf (-65)
[[0;93mCHG[0m] Device 79:7C:05:F4:0A:FF RSSI: 0xffffffc6 (-58)
[[0;93mCHG[0m] Device 7B:97:C1:23:22:A5 RSSI: 0xffffffa4 (-92)
[[0;93mCHG[0m] Device 79:7C:05:F4:0A:FF RSSI: 0xffffffbf (-65)
[[0;93mCHG[0m] Device 79:7C:05:F4:0A:FF RSSI: 0xffffffbf (-65)
[[0;93mCHG[0m] Device 79:7C:05:F4:0A:FF RSSI: 0xffffffc2 (-62)
[[0;93mCHG[0m] Device 79:7C:05:F4:0A:FF RSSI: 0xffffffbf (-65)
[[0;93mCHG[0m] Device 79:7C:05:F4:0A:FF RSSI: 0xffffffc2 (-62)
[[0;93mCHG[0m] Device 79:7C:05:F4:0A:FF RSSI: 0xffffffc6 (-58)
[[0;93mCHG[0m] Device 79:7C:05:F4:0A:FF RSSI: 0xffffffc6 (-58)
[[0;93mCHG[0m] Device 79:7C:05:F4:0A:FF RSSI: 0xffffffbf (-65)
[[0;93mCHG[0m] Device 79:7C:05:F4:0A:FF RSSI: 0xffffffc6 (-58)
[[0;93mCHG[0m] Device 79:7C:05:F4:0A:FF RSSI: 0xffffffbf (-65)
[[0;93mCHG[0m] Device 79:7C:05:F4:0A:FF RSSI: 0xffffffbf (-65)
[[0;92mNEW[0m] Device C4:5F:62:0A:3F:8C C4-5F-62-0A-3F-8C
[[0;93mCHG[0m] Device 79:7C:05:F4:0A:FF RSSI: 0xffffffc6 (-58)
[[0;93mCHG[0m] Device 79:7C:05:F4:0A:FF RSSI: 0xffffffc6 (-58)
[[0;93mCHG[0m] Device 79:7C:05:F4:0A:FF RSSI: 0xffffffbf (-65)
[[0;93mCHG[0m] Device 79:7C:05:F4:0A:FF RSSI: 0xffffffbf (-65)
[[0;93mCHG[0m] Device 79:7C:05:F4:0A:FF RSSI: 0xffffffbf (-65)
[[0;93mCHG[0m] Device 79:7C:05:F4:0A:FF RSSI: 0xffffffbf (-65)
[[0;93mCHG[0m] Device 79:7C:05:F4:0A:FF RSSI: 0xffffffc2 (-62)
[[0;93mCHG[0m] Device 79:7C:05:F4:0A:FF RSSI: 0xffffffc2 (-62)
[[0;93mCHG[0m] Device 79:7C:05:F4:0A:FF RSSI: 0xffffffc6 (-58)
[[0;93mCHG[0m] Device 79:7C:05:F4:0A:FF RSSI: 0xffffffbf (-65)
[[0;93mCHG[0m] Device 7B:97:C1:23:22:A5 RSSI: 0xffffffa1 (-95)
[[0;93mCHG[0m] Device 7B:97:C1:23:22:A5 RSSI: 0xffffffa1 (-95)
[[0;93mCHG[0m] Device 79:7C:05:F4:0A:FF RSSI: 0xffffffbf (-65)
[[0;93mCHG[0m] Device 79:7C:05:F4:0A:FF RSSI: 0xffffffbf (-65)
[[0;93mCHG[0m] Device 79:7C:05:F4:0A:FF RSSI: 0xffffffc2 (-62)
[[0;93mCHG[0m] Device 79:7C:05:F4:0A:FF RSSI: 0xffffffc6 (-58)
[[0;93mCHG[0m] Device 58:BB:A9:61:00:85 RSSI: 0xffffffab (-85)
[[0;93mCHG[0m] Device 79:7C:05:F4:0A:FF RSSI: 0xffffffc6 (-58)
[[0;93mCHG[0m] Device 79:7C:05:F4:0A:FF RSSI: 0xffffffbf (-65)
[[0;93mCHG[0m] Device 79:7C:05:F4:0A:FF RSSI: 0xffffffc2 (-62)
[[0;93mCHG[0m] Device 79:7C:05:F4:0A:FF RSSI: 0xffffffc2 (-62)
[[0;93mCHG[0m] Device 79:7C:05:F4:0A:FF RSSI: 0xffffffc6 (-58)
[[0;93mCHG[0m] Device 79:7C:05:F4:0A:FF RSSI: 0xffffffc6 (-58)
[[0;93mCHG[0m] Device 79:7C:05:F4:0A:FF RSSI: 0xffffffbf (-65)
[[0;93mCHG[0m] Device 79:7C:05:F4:0A:FF RSSI: 0xffffffc2 (-62)
[[0;93mCHG[0m] Device 58:BB:A9:61:00:85 RSSI: 0xffffffab (-85)
[[0;93mCHG[0m] Device 7B:97:C1:23:22:A5 RSSI: 0xffffff9e (-98)
[[0;93mCHG[0m] Device C4:5F:62:0A:3F:8C RSSI: 0xffffffb2 (-78)
