advertising
advertising
advertising
advertising
advertising
advertising
advertising
advertising
advertising
advertising
advertising
connected peer=68:34:21:E5:84:DF int=36
encryption=ON ce=13
encryption=OFF ce=30
link terminated
enc_dbg followup_armed=1 end_seen=0 crc_ok=0 start_req=0 start_rsp_tx_ok=0 rx_llid1=0 rx_llid2=0 rx_llid3=0 last_hdr=0x00 last_llid=0 last_len=0 last_b0=0x00 main_enc_req=1 main_enc_rsp_tx_ok=1 main_start_req=0 main_start_req_dec=0 main_start_rsp_tx_ok=9 pend_ctrl_rx=0 pend_last_hdr=0x00 pend_last_len_raw=0 pend_last_b0=0x00 pend_last_dec=0 enc_rsp_txen_lag_last_us=1 enc_rsp_txen_lag_max_us=1 mic_fail=0 short_pdu=0 mic_ctr_lo=0 mic_hdr=0x00 mic_len_raw=0 mic_dir=0 mic_state=0x00 mic_b=0x00,00,00,00,00 start_rsp_rx=1 pause_req=0 pause_rsp=0 enc_clear=0 clear_reason=0x00 tx_lag_last=3182 tx_lag_max=6440 enc_tx_cnt=9 enc_tx_lag_last=3182 enc_tx_lag_max=6440 skdm=960ECDE68B880F52 ivm=38B72208 skds=95274CE9D4B0DABE ivs=FF582B10 sk=099CD8C9D36E77A81225651B3F6AE03A sk_alt=16C96A7F25EE79C938CF72F1F9183A30 sk_ok=1 sk_alt_ok=1 rx_dir=1 tx_dir=0
advertising
advertising
advertising
advertising
advertising
advertising
advertising
advertising
advertising
advertising
advertising
advertising
advertising
advertising
advertising
advertising
advertising
advertising
advertising
advertising
advertising
advertising
advertising
advertising
advertising
advertising
advertising
advertising
advertising
advertising
advertising
advertising
