Bluetooth monitor ver 5.72
btmon[1470454]: = Note: Linux version 6.17.0-14-generic (x86_64)       0.859761
btmon[1470454]: = Note: Bluetooth subsystem version 2.22               0.859763
= New Index: 68:34:21:E5:84:DF (Primary,USB,hci0)               [hci0] 0.859764
= Open Index: 68:34:21:E5:84:DF                                 [hci0] 0.859764
= Index Info: 68:34:21:E5:84:DF (Intel Corp.)                   [hci0] 0.859764
bluetoothd[2915165]: @ MGMT Open.. (privileged) version 1.23  {0x0001} 0.859765
bluetoothctl[1470559]: @ MGMT Open: bluetooth.. version 1.23  {0x0002} 1.862418
> HCI Event: Inquiry Complete (0x01) plen 1                  #1 [hci0] 6.732051
        Status: Success (0x00)
@ MGMT Event: Discovering (0x0013) plen 2              {0x0001} [hci0] 6.732143
        Address type: 0x01
          BR/EDR
        Discovery: Disabled (0x00)
< HCI Command: LE Remove Device From.. (0x08|0x0012) plen 7  #2 [hci0] 6.732268
        Address type: Public (0x00)
        Address: A4:C1:38:8D:7D:4F (Telink Semiconductor (Taipei) Co. Ltd.)
bluetoothd[2915165]: @ MGMT Command.. (0x003a) plen 4  {0x0001} [hci0] 6.732414
        Address type: 0x01
          BR/EDR
        RSSI: invalid (0x7f)
        UUIDs: 0
> HCI Event: Command Complete (0x0e) plen 4                  #3 [hci0] 6.732968
      LE Remove Device From Accept List (0x08|0x0012) ncmd 1
        Status: Success (0x00)
< HCI Command: LE Add Device To Acce.. (0x08|0x0011) plen 7  #4 [hci0] 6.733108
        Address type: Random (0x01)
        Address: 5C:A0:04:A6:75:BE (Resolvable)
> HCI Event: Command Complete (0x0e) plen 4                  #5 [hci0] 6.733967
      LE Add Device To Accept List (0x08|0x0011) ncmd 1
        Status: Success (0x00)
< HCI Command: LE Set Address Resolu.. (0x08|0x002d) plen 1  #6 [hci0] 6.734125
        Address resolution: Enabled (0x01)
> HCI Event: Command Complete (0x0e) plen 4                  #7 [hci0] 6.734966
      LE Set Address Resolution Enable (0x08|0x002d) ncmd 1
        Status: Success (0x00)
< HCI Command: LE Set Extended Scan.. (0x08|0x0041) plen 13  #8 [hci0] 6.735081
        Own address type: Public (0x00)
        Filter policy: Ignore not in accept list (0x01)
        PHYs: 0x05
        Entry 0: LE 1M
          Type: Passive (0x00)
          Interval: 60.000 msec (0x0060)
          Window: 60.000 msec (0x0060)
        Entry 1: LE Coded
          Type: Passive (0x00)
          Interval: 180.000 msec (0x0120)
          Window: 180.000 msec (0x0120)
> HCI Event: Command Complete (0x0e) plen 4                  #9 [hci0] 6.736073
      LE Set Extended Scan Parameters (0x08|0x0041) ncmd 1
        Status: Success (0x00)
< HCI Command: LE Set Extended Scan.. (0x08|0x0042) plen 6  #10 [hci0] 6.736457
        Extended scan: Enabled (0x01)
        Filter duplicates: Enabled (0x01)
        Duration: 0 msec (0x0000)
        Period: 0.00 sec (0x0000)
> HCI Event: Command Complete (0x0e) plen 4                 #11 [hci0] 6.737085
      LE Set Extended Scan Enable (0x08|0x0042) ncmd 1
        Status: Success (0x00)
< HCI Command: Inquiry (0x01|0x0001) plen 5                 #12 [hci0] 6.737222
        Access code: 0x9e8b33 (General Inquiry)
        Length: 10.24s (0x08)
        Num responses: 0
> HCI Event: LE Meta Event (0x3e) plen 44                   #13 [hci0] 6.749138
      LE Extended Advertising Report (0x0d)
        Num reports: 1
        Entry 0
          Event type: 0x0013
            Props: 0x0013
              Connectable
              Scannable
              Use legacy advertising PDUs
            Data status: [0;32mComplete[0m
          Legacy PDU Type: ADV_IND (0x0013)
          Address type: Random (0x01)
          Address: 5C:A0:04:A6:75:BE (Resolvable)
          Primary PHY: LE 1M
          Secondary PHY: No packets
          SID: no ADI field (0xff)
          TX power: 127 dBm
          RSSI: -65 dBm (0xbf)
          Periodic advertising interval: 0.00 msec (0x0000)
          Direct address type: Public (0x00)
          Direct address: 00:00:00:00:00:00 (OUI 00-00-00)
          Data length: 0x12
        02 01 06 0e 09 58 49 41 4f 2d 6e 52 46 35 34 4c  .....XIAO-nRF54L
        31 35                                            15              
        Flags: 0x06
          LE General Discoverable Mode
          BR/EDR Not Supported
        Name (complete): XIAO-nRF54L15
> HCI Event: Command Status (0x0f) plen 4                   #14 [hci0] 6.750065
      Inquiry (0x01|0x0001) ncmd 1
        Status: Success (0x00)
@ MGMT Event: Command Complete (0x0001) plen 4         {0x0001} [hci0] 6.750224
      Start Service Discovery (0x003a) plen 1
        Status: Success (0x00)
        Address type: 0x01
          BR/EDR
@ MGMT Event: Discovering (0x0013) plen 2              {0x0001} [hci0] 6.750240
        Address type: 0x01
          BR/EDR
        Discovery: Enabled (0x01)
< HCI Command: LE Set Extended Scan.. (0x08|0x0042) plen 6  #15 [hci0] 6.750297
        Extended scan: Disabled (0x00)
        Filter duplicates: Disabled (0x00)
        Duration: 0 msec (0x0000)
        Period: 0.00 sec (0x0000)
> HCI Event: Command Complete (0x0e) plen 4                 #16 [hci0] 6.779061
      LE Set Extended Scan Enable (0x08|0x0042) ncmd 1
        Status: Success (0x00)
< HCI Command: LE Extended Create... (0x08|0x0043) plen 26  #17 [hci0] 6.779482
        Filter policy: Accept list is not used (0x00)
        Own address type: Public (0x00)
        Peer address type: Random (0x01)
        Peer address: 5C:A0:04:A6:75:BE (Resolvable)
        Initiating PHYs: 0x01
        Entry 0: LE 1M
          Scan interval: 60.000 msec (0x0060)
          Scan window: 60.000 msec (0x0060)
          Min connection interval: 30.00 msec (0x0018)
          Max connection interval: 50.00 msec (0x0028)
          Connection latency: 0 (0x0000)
          Supervision timeout: 420 msec (0x002a)
          Min connection length: 0.000 msec (0x0000)
          Max connection length: 0.000 msec (0x0000)
> HCI Event: Command Status (0x0f) plen 4                   #18 [hci0] 6.780971
      LE Extended Create Connection (0x08|0x0043) ncmd 1
        Status: Success (0x00)
> HCI Event: LE Meta Event (0x3e) plen 31                   #19 [hci0] 6.869076
      LE Enhanced Connection Complete (0x0a)
        Status: Success (0x00)
        Handle: 2048
        Role: Central (0x00)
        Peer address type: Random (0x01)
        Peer address: 5C:A0:04:A6:75:BE (Resolvable)
        Local resolvable private address: 00:00:00:00:00:00 (Non-Resolvable)
        Peer resolvable private address: 00:00:00:00:00:00 (Non-Resolvable)
        Connection interval: 45.00 msec (0x0024)
        Connection latency: 0 (0x0000)
        Supervision timeout: 420 msec (0x002a)
        Central clock accuracy: 0x00
@ MGMT Event: Device Connected (0x000b) plen 31        {0x0001} [hci0] 6.869186
        LE Address: 5C:A0:04:A6:75:BE (Resolvable)
        Flags: 0x00000008
          Connection Locally Initiated
        Data length: 18
        Flags: 0x06
          LE General Discoverable Mode
          BR/EDR Not Supported
        Name (complete): XIAO-nRF54L15
btmon[1470454]: @ RAW Open: btmon (privileged) version 2.22   {0x0003} 6.869328
btmon[1470454]: @ RAW Close: btmon                            {0x0003} 6.869339
> HCI Event: LE Meta Event (0x3e) plen 4                    #20 [hci0] 6.869979
      LE Channel Selection Algorithm (0x14)
        Handle: 2048 Address: 5C:A0:04:A6:75:BE (Resolvable)
        Algorithm: #2 (0x01)
< HCI Command: LE Read Remote Used... (0x08|0x0016) plen 2  #21 [hci0] 6.875795
        Handle: 2048 Address: 5C:A0:04:A6:75:BE (Resolvable)
> HCI Event: Command Status (0x0f) plen 4                   #22 [hci0] 6.876982
      LE Read Remote Used Features (0x08|0x0016) ncmd 1
        Status: Success (0x00)
> HCI Event: LE Meta Event (0x3e) plen 12                   #23 [hci0] 6.996010
      LE Read Remote Used Features (0x04)
        Status: Success (0x00)
        Handle: 2048 Address: 5C:A0:04:A6:75:BE (Resolvable)
        Features: 0xff 0x41 0x01 0x00 0x00 0x00 0x00 0x00
          LE Encryption
          Connection Parameter Request Procedure
          Extended Reject Indication
          Peripheral-initiated Features Exchange
          LE Ping
          LE Data Packet Length Extension
          LL Privacy
          Extended Scanner Filter Policies
          LE 2M PHY
          Channel Selection Algorithm #2
          Minimum Number of Used Channels Procedure
bluetoothd[2915165]: < ACL Data TX: Ha.. flags 0x00 dlen 7  #24 [hci0] 6.996640
      ATT: Exchange MTU Request (0x02) len 2
        Client RX MTU: 517
> HCI Event: Number of Completed Packets (0x13) plen 5      #25 [hci0] 7.042095
        Num handles: 1
        Handle: 2048 Address: 5C:A0:04:A6:75:BE (Resolvable)
        Count: 1
        #24: len 7 (1 Kb/s)
        Latency: 45 msec (45-45 msec ~45 msec)
> HCI Event: LE Meta Event (0x3e) plen 11                   #26 [hci0] 7.086069
      LE Data Length Change (0x07)
        Handle: 2048 Address: 5C:A0:04:A6:75:BE (Resolvable)
        Max TX octets: 69
        Max TX time: 664
        Max RX octets: 27
        Max RX time: 328
> ACL Data RX: Handle 2048 flags 0x02 dlen 7                #27 [hci0] 7.176820
      ATT: Exchange MTU Response (0x03) len 2
        Server RX MTU: 65
bluetoothd[2915165]: < ACL Data TX: H.. flags 0x00 dlen 11  #28 [hci0] 7.177281
      ATT: Read By Type Request (0x08) len 6
        Handle range: 0x0001-0xffff
        Attribute type: Server Supported Features (0x2b3a)
> HCI Event: Number of Completed Packets (0x13) plen 5      #29 [hci0] 7.222082
        Num handles: 1
        Handle: 2048 Address: 5C:A0:04:A6:75:BE (Resolvable)
        Count: 1
        #28: len 11 (2 Kb/s)
        Latency: 44 msec (44-45 msec ~45 msec)
> ACL Data RX: Handle 2048 flags 0x02 dlen 9                #30 [hci0] 7.401802
      ATT: Error Response (0x01) len 4
        Read By Type Request (0x08)
        Handle: 0x0001
        Error: Attribute Not Found (0x0a)
bluetoothd[2915165]: < ACL Data TX: H.. flags 0x00 dlen 11  #31 [hci0] 7.402312
      ATT: Read By Group Type Request (0x10) len 6
        Handle range: 0x0001-0xffff
        Attribute group type: Primary Service (0x2800)
> HCI Event: Number of Completed Packets (0x13) plen 5      #32 [hci0] 7.446071
        Num handles: 1
        Handle: 2048 Address: 5C:A0:04:A6:75:BE (Resolvable)
        Count: 1
        #31: len 11 (2 Kb/s)
        Latency: 43 msec (43-45 msec ~44 msec)
> ACL Data RX: Handle 2048 flags 0x02 dlen 18               #33 [hci0] 7.492837
      ATT: Read By Group Type Response (0x11) len 13
        Attribute data length: 6
        Attribute group list: 2 entries
        Handle range: 0x0001-0x0008
        UUID: Generic Attribute Profile (0x1801)
        Handle range: 0x0009-0x0011
        UUID: Generic Access Profile (0x1800)
bluetoothd[2915165]: < ACL Data TX: H.. flags 0x00 dlen 11  #34 [hci0] 7.493310
      ATT: Read By Group Type Request (0x10) len 6
        Handle range: 0x0012-0xffff
        Attribute group type: Primary Service (0x2800)
> HCI Event: Number of Completed Packets (0x13) plen 5      #35 [hci0] 7.536115
        Num handles: 1
        Handle: 2048 Address: 5C:A0:04:A6:75:BE (Resolvable)
        Count: 1
        #34: len 11 (2 Kb/s)
        Latency: 42 msec (42-45 msec ~43 msec)
> ACL Data RX: Handle 2048 flags 0x02 dlen 9                #36 [hci0] 7.581843
      ATT: Error Response (0x01) len 4
        Read By Group Type Request (0x10)
        Handle: 0x0012
        Error: Attribute Not Found (0x0a)
bluetoothd[2915165]: < ACL Data TX: H.. flags 0x00 dlen 11  #37 [hci0] 7.582348
      ATT: Read By Group Type Request (0x10) len 6
        Handle range: 0x0001-0xffff
        Attribute group type: Secondary Service (0x2801)
> HCI Event: Number of Completed Packets (0x13) plen 5      #38 [hci0] 7.626083
        Num handles: 1
        Handle: 2048 Address: 5C:A0:04:A6:75:BE (Resolvable)
        Count: 1
        #37: len 11 (2 Kb/s)
        Latency: 43 msec (42-45 msec ~43 msec)
> HCI Event: LE Meta Event (0x3e) plen 6                    #39 [hci0] 7.671062
      LE PHY Update Complete (0x0c)
        Status: Success (0x00)
        Handle: 2048 Address: 5C:A0:04:A6:75:BE (Resolvable)
        TX PHY: LE 2M (0x02)
        RX PHY: LE 2M (0x02)
> ACL Data RX: Handle 2048 flags 0x02 dlen 9                #40 [hci0] 7.671815
      ATT: Error Response (0x01) len 4
        Read By Group Type Request (0x10)
        Handle: 0x0001
        Error: Attribute Not Found (0x0a)
bluetoothd[2915165]: < ACL Data TX: H.. flags 0x00 dlen 11  #41 [hci0] 7.672288
      ATT: Read By Type Request (0x08) len 6
        Handle range: 0x0001-0x0011
        Attribute type: Include (0x2802)
> HCI Event: Number of Completed Packets (0x13) plen 5      #42 [hci0] 7.716060
        Num handles: 1
        Handle: 2048 Address: 5C:A0:04:A6:75:BE (Resolvable)
        Count: 1
        #41: len 11 (2 Kb/s)
        Latency: 43 msec (42-45 msec ~43 msec)
> ACL Data RX: Handle 2048 flags 0x02 dlen 9                #43 [hci0] 7.761797
      ATT: Error Response (0x01) len 4
        Read By Type Request (0x08)
        Handle: 0x0001
        Error: Attribute Not Found (0x0a)
bluetoothd[2915165]: < ACL Data TX: H.. flags 0x00 dlen 11  #44 [hci0] 7.762257
      ATT: Read By Type Request (0x08) len 6
        Handle range: 0x0001-0x0011
        Attribute type: Characteristic (0x2803)
> HCI Event: Number of Completed Packets (0x13) plen 5      #45 [hci0] 7.806077
        Num handles: 1
        Handle: 2048 Address: 5C:A0:04:A6:75:BE (Resolvable)
        Count: 1
        #44: len 11 (2 Kb/s)
        Latency: 43 msec (42-45 msec ~43 msec)
> ACL Data RX: Handle 2048 flags 0x02 dlen 27               #46 [hci0] 7.851755
> ACL Data RX: Handle 2048 flags 0x01 dlen 27               #47 [hci0] 7.851758
> ACL Data RX: Handle 2048 flags 0x01 dlen 1                #48 [hci0] 7.851758
      ATT: Read By Type Response (0x09) len 50
        Attribute data length: 7
        Attribute data list: 7 entries
        Handle: 0x0002
        Value: 200300052a
            Properties: 0x20
              Indicate (0x20)
            Value Handle: 0x0003
            Value UUID: Service Changed (0x2a05)
        Handle: 0x0005
        Value: 0a0600292b
            Properties: 0x0a
              Read (0x02)
              Write (0x08)
            Value Handle: 0x0006
            Value UUID: Client Supported Features (0x2b29)
        Handle: 0x0007
        Value: 0208002a2b
            Properties: 0x02
              Read (0x02)
            Value Handle: 0x0008
            Value UUID: Database Hash (0x2b2a)
        Handle: 0x000a
        Value: 0a0b00002a
            Properties: 0x0a
              Read (0x02)
              Write (0x08)
            Value Handle: 0x000b
            Value UUID: Device Name (0x2a00)
        Handle: 0x000c
        Value: 020d00012a
            Properties: 0x02
              Read (0x02)
            Value Handle: 0x000d
            Value UUID: Appearance (0x2a01)
        Handle: 0x000e
        Value: 020f00a62a
            Properties: 0x02
              Read (0x02)
            Value Handle: 0x000f
            Value UUID: Central Address Resolution (0x2aa6)
        Handle: 0x0010
        Value: 021100042a
            Properties: 0x02
              Read (0x02)
            Value Handle: 0x0011
            Value UUID: Peripheral Preferred Connection Parameters (0x2a04)
bluetoothd[2915165]: < ACL Data TX: H.. flags 0x00 dlen 11  #49 [hci0] 7.852147
      ATT: Read By Type Request (0x08) len 6
        Handle range: 0x0011-0x0011
        Attribute type: Characteristic (0x2803)
> HCI Event: Number of Completed Packets (0x13) plen 5      #50 [hci0] 7.941080
        Num handles: 1
        Handle: 2048 Address: 5C:A0:04:A6:75:BE (Resolvable)
        Count: 1
        #49: len 11 (1 Kb/s)
        Latency: 88 msec (42-88 msec ~66 msec)
> ACL Data RX: Handle 2048 flags 0x02 dlen 9                #51 [hci0] 7.986790
      ATT: Error Response (0x01) len 4
        Read By Type Request (0x08)
        Handle: 0x0011
        Error: Attribute Not Found (0x0a)
bluetoothd[2915165]: < ACL Data TX: H.. flags 0x00 dlen 11  #52 [hci0] 7.987246
      ATT: Read By Type Request (0x08) len 6
        Handle range: 0x0001-0xffff
        Attribute type: Database Hash (0x2b2a)
> HCI Event: Number of Completed Packets (0x13) plen 5      #53 [hci0] 8.031072
        Num handles: 1
        Handle: 2048 Address: 5C:A0:04:A6:75:BE (Resolvable)
        Count: 1
        #52: len 11 (2 Kb/s)
        Latency: 43 msec (42-88 msec ~55 msec)
> ACL Data RX: Handle 2048 flags 0x02 dlen 24               #54 [hci0] 8.076819
      ATT: Read By Type Response (0x09) len 19
        Attribute data length: 18
        Attribute data list: 1 entry
        Handle: 0x0008
        Value: 74822c08a3f1c9a633be5dbaa577e880
bluetoothd[2915165]: < ACL Data TX: H.. flags 0x00 dlen 11  #55 [hci0] 8.077252
      ATT: Read By Type Request (0x08) len 6
        Handle range: 0x0009-0xffff
        Attribute type: Database Hash (0x2b2a)
> HCI Event: Number of Completed Packets (0x13) plen 5      #56 [hci0] 8.121077
        Num handles: 1
        Handle: 2048 Address: 5C:A0:04:A6:75:BE (Resolvable)
        Count: 1
        #55: len 11 (2 Kb/s)
        Latency: 43 msec (42-88 msec ~49 msec)
> ACL Data RX: Handle 2048 flags 0x02 dlen 9                #57 [hci0] 8.166861
      ATT: Error Response (0x01) len 4
        Read By Type Request (0x08)
        Handle: 0x0009
        Error: Attribute Not Found (0x0a)
bluetoothd[2915165]: < ACL Data TX: Ha.. flags 0x00 dlen 8  #58 [hci0] 8.167399
      ATT: Write Request (0x12) len 3
        Handle: 0x0006 Type: Client Supported Features (0x2b29)
          Data: 05
> HCI Event: Number of Completed Packets (0x13) plen 5      #59 [hci0] 8.211116
        Num handles: 1
        Handle: 2048 Address: 5C:A0:04:A6:75:BE (Resolvable)
        Count: 1
        #58: len 8 (1 Kb/s)
        Latency: 43 msec (42-88 msec ~46 msec)
> ACL Data RX: Handle 2048 flags 0x02 dlen 5                #60 [hci0] 8.256811
      ATT: Write Response (0x13) len 0
bluetoothd[2915165]: < ACL Data TX: Ha.. flags 0x00 dlen 9  #61 [hci0] 8.257235
      ATT: Write Request (0x12) len 4
        Handle: 0x0004
          Data: 0200
> HCI Event: Number of Completed Packets (0x13) plen 5      #62 [hci0] 8.301084
        Num handles: 1
        Handle: 2048 Address: 5C:A0:04:A6:75:BE (Resolvable)
        Count: 1
        #61: len 9 (1 Kb/s)
        Latency: 43 msec (42-88 msec ~45 msec)
> ACL Data RX: Handle 2048 flags 0x02 dlen 5                #63 [hci0] 8.346812
      ATT: Write Response (0x13) len 0
bluetoothd[2915165]: < ACL Data TX: Ha.. flags 0x00 dlen 7  #64 [hci0] 8.347226
      ATT: Read Request (0x0a) len 2
        Handle: 0x000b Type: Device Name (0x2a00)
> HCI Event: Number of Completed Packets (0x13) plen 5      #65 [hci0] 8.391086
        Num handles: 1
        Handle: 2048 Address: 5C:A0:04:A6:75:BE (Resolvable)
        Count: 1
        #64: len 7 (1 Kb/s)
        Latency: 43 msec (42-88 msec ~44 msec)
> ACL Data RX: Handle 2048 flags 0x02 dlen 18               #66 [hci0] 8.436794
      ATT: Read Response (0x0b) len 13
bluetoothd[2915165]: < ACL Data TX: Ha.. flags 0x00 dlen 7  #67 [hci0] 8.437211
      ATT: Read Request (0x0a) len 2
        Handle: 0x000d Type: Appearance (0x2a01)
> HCI Event: Number of Completed Packets (0x13) plen 5      #68 [hci0] 8.481103
        Num handles: 1
        Handle: 2048 Address: 5C:A0:04:A6:75:BE (Resolvable)
        Count: 1
        #67: len 7 (1 Kb/s)
        Latency: 43 msec (42-88 msec ~44 msec)
> ACL Data RX: Handle 2048 flags 0x02 dlen 7                #69 [hci0] 8.571804
      ATT: Read Response (0x0b) len 2
bluetoothctl[1470559]: @ MGMT Close: bluetoothctl             {0x0002} 9.870341
bluetoothctl[1471254]: @ MGMT Open: bluetooth.. version 1.23  {0x0002} 9.882807
bluetoothd[2915165]: @ MGMT Command.. (0x0024) plen 1  {0x0001} [hci0] 9.888185
        Address type: 0x01
          BR/EDR
< HCI Command: Inquiry Cancel (0x01|0x0002) plen 0          #70 [hci0] 9.888359
> HCI Event: Command Complete (0x0e) plen 4                 #71 [hci0] 9.890047
      Inquiry Cancel (0x01|0x0002) ncmd 1
        Status: Success (0x00)
@ MGMT Event: Discovering (0x0013) plen 2              {0x0001} [hci0] 9.890063
        Address type: 0x01
          BR/EDR
        Discovery: Disabled (0x00)
@ MGMT Event: Command Complete (0x0001) plen 4         {0x0001} [hci0] 9.890210
      Stop Discovery (0x0024) plen 1
        Status: Success (0x00)
        Address type: 0x01
          BR/EDR
bluetoothd[2915165]: @ MGMT Command.. (0x0019) plen 8  {0x0001} [hci0] 9.890279
        LE Address: 5C:A0:04:A6:75:BE (Resolvable)
        Capability: DisplayYesNo (0x01)
< ACL Data TX: Handle 2048 flags 0x00 dlen 11               #72 [hci0] 9.890403
      SMP: Pairing Request (0x01) len 6
        IO capability: DisplayYesNo (0x01)
        OOB data: Authentication data not present (0x00)
        Authentication requirement: Bonding, MITM, SC, No Keypresses, CT2 (0x2d)
        Max encryption key size: 16
        Initiator key distribution: EncKey Sign LinkKey (0x0d)
        Responder key distribution: EncKey IdKey Sign LinkKey (0x0f)
> HCI Event: Number of Completed Packets (0x13) plen 5      #73 [hci0] 9.921132
        Num handles: 1
        Handle: 2048 Address: 5C:A0:04:A6:75:BE (Resolvable)
        Count: 1
        #72: len 11 (2 Kb/s)
        Latency: 30 msec (30-88 msec ~37 msec)
> ACL Data RX: Handle 2048 flags 0x02 dlen 11               #74 [hci0] 9.967733
      SMP: Pairing Response (0x02) len 6
        IO capability: NoInputNoOutput (0x03)
        OOB data: Authentication data not present (0x00)
        Authentication requirement: Bonding, No MITM, SC, No Keypresses (0x09)
        Max encryption key size: 16
        Initiator key distribution: <none> (0x00)
        Responder key distribution: IdKey (0x02)
< ACL Data TX: Handle 2048 flags 0x00 dlen 69               #75 [hci0] 9.970530
      SMP: Pairing Public Key (0x0c) len 64
        X: 02ceda575489137f9eb6f79f7a6ec84000e5a5165225d4ae8368e85475b68aa0
        Y: 0b8580158a89a1a3ab5b3dc04ba8db530826bc0b334d7c093f5875ca3daabbf9
> HCI Event: Number of Completed Packets (0x13) plen 5     #76 [hci0] 10.011124
        Num handles: 1
        Handle: 2048 Address: 5C:A0:04:A6:75:BE (Resolvable)
        Count: 1
        #75: len 69 (13 Kb/s)
        Latency: 40 msec (30-88 msec ~39 msec)
> ACL Data RX: Handle 2048 flags 0x02 dlen 27              #77 [hci0] 10.056736
> ACL Data RX: Handle 2048 flags 0x01 dlen 27              #78 [hci0] 10.056739
> ACL Data RX: Handle 2048 flags 0x01 dlen 15              #79 [hci0] 10.056740
      SMP: Pairing Public Key (0x0c) len 64
        X: 4970529d6b6041df3e6d9ba18da4ea10e09a9e419b12ef858d122e9792ecc325
        Y: b998be5706a791cc7ac4f2d56e7fbc649dc2836bc1746a2d52e5ea92b24c0409
> ACL Data RX: Handle 2048 flags 0x02 dlen 21              #80 [hci0] 10.059727
      SMP: Pairing Confirm (0x03) len 16
        Confim value: e4caa804ae11dd6280c2a463e7c261e0
< ACL Data TX: Handle 2048 flags 0x00 dlen 21              #81 [hci0] 10.059874
      SMP: Pairing Random (0x04) len 16
        Random value: eb4f7a2d3549afa05528fa2f9f4905dc
> HCI Event: Number of Completed Packets (0x13) plen 5     #82 [hci0] 10.101126
        Num handles: 1
        Handle: 2048 Address: 5C:A0:04:A6:75:BE (Resolvable)
        Count: 1
        #81: len 21 (4 Kb/s)
        Latency: 41 msec (30-88 msec ~40 msec)
> ACL Data RX: Handle 2048 flags 0x02 dlen 21              #83 [hci0] 10.147757
      SMP: Pairing Random (0x04) len 16
        Random value: 14a9382306bc7d9d0f597610bad74d90
@ MGMT Event: User Confirmation R.. (0x000f) plen 12  {0x0001} [hci0] 10.147857
        LE Address: 5C:A0:04:A6:75:BE (Resolvable)
        Confirm hint: 0x01
        Value: 0x0007a5cf
bluetoothd[2915165]: @ MGMT Comman.. (0x001c) plen 7  {0x0001} [hci0] 10.148111
        LE Address: 5C:A0:04:A6:75:BE (Resolvable)
@ MGMT Event: Command Complete (0x0001) plen 10       {0x0001} [hci0] 10.148128
      User Confirmation Reply (0x001c) plen 7
        Status: Success (0x00)
        LE Address: 5C:A0:04:A6:75:BE (Resolvable)
< ACL Data TX: Handle 2048 flags 0x00 dlen 21              #84 [hci0] 10.148272
      SMP: Pairing DHKey Check (0x0d) len 16
        E: d77abc386807bfc6752db98530606fd9
> HCI Event: Number of Completed Packets (0x13) plen 5     #85 [hci0] 10.191122
        Num handles: 1
        Handle: 2048 Address: 5C:A0:04:A6:75:BE (Resolvable)
        Count: 1
        #84: len 21 (4 Kb/s)
        Latency: 42 msec (30-88 msec ~41 msec)
> HCI Event: Disconnect Complete (0x05) plen 4             #86 [hci0] 10.596119
        Status: Success (0x00)
        Handle: 2048 Address: 5C:A0:04:A6:75:BE (Resolvable)
        Reason: Connection Timeout (0x08)
@ MGMT Event: Device Disconnected (0x000c) plen 8     {0x0001} [hci0] 10.596268
        LE Address: 5C:A0:04:A6:75:BE (Resolvable)
        Reason: Connection timeout (0x01)
@ MGMT Event: Command Complete (0x0001) plen 10       {0x0001} [hci0] 10.596279
      Pair Device (0x0019) plen 7
        Status: Failed (0x03)
        LE Address: 5C:A0:04:A6:75:BE (Resolvable)
bluetoothd[2915165]: @ MGMT Comman.. (0x003a) plen 4  {0x0001} [hci0] 15.720987
        Address type: 0x01
          BR/EDR
        RSSI: invalid (0x7f)
        UUIDs: 0
< HCI Command: Inquiry (0x01|0x0001) plen 5                #87 [hci0] 15.721260
        Access code: 0x9e8b33 (General Inquiry)
        Length: 10.24s (0x08)
        Num responses: 0
> HCI Event: Command Status (0x0f) plen 4                  #88 [hci0] 15.815171
      Inquiry (0x01|0x0001) ncmd 1
        Status: Success (0x00)
@ MGMT Event: Command Complete (0x0001) plen 4        {0x0001} [hci0] 15.815404
      Start Service Discovery (0x003a) plen 1
        Status: Success (0x00)
        Address type: 0x01
          BR/EDR
@ MGMT Event: Discovering (0x0013) plen 2             {0x0001} [hci0] 15.815412
        Address type: 0x01
          BR/EDR
        Discovery: Enabled (0x01)
bluetoothctl[1471254]: @ MGMT Close: bluetoothctl            {0x0002} 21.894054
bluetoothctl[1472348]: @ MGMT Open: bluetoot.. version 1.23  {0x0002} 21.898910
> HCI Event: Inquiry Complete (0x01) plen 1                #89 [hci0] 26.119497
        Status: Success (0x00)
@ MGMT Event: Discovering (0x0013) plen 2             {0x0001} [hci0] 26.119645
        Address type: 0x01
          BR/EDR
        Discovery: Disabled (0x00)
bluetoothd[2915165]: @ MGMT Comman.. (0x003a) plen 4  {0x0001} [hci0] 26.119876
        Address type: 0x01
          BR/EDR
        RSSI: invalid (0x7f)
        UUIDs: 0
< HCI Command: Inquiry (0x01|0x0001) plen 5                #90 [hci0] 26.120085
        Access code: 0x9e8b33 (General Inquiry)
        Length: 10.24s (0x08)
        Num responses: 0
> HCI Event: Command Status (0x0f) plen 4                  #91 [hci0] 26.121374
      Inquiry (0x01|0x0001) ncmd 1
        Status: Success (0x00)
@ MGMT Event: Command Complete (0x0001) plen 4        {0x0001} [hci0] 26.121614
      Start Service Discovery (0x003a) plen 1
        Status: Success (0x00)
        Address type: 0x01
          BR/EDR
@ MGMT Event: Discovering (0x0013) plen 2             {0x0001} [hci0] 26.121620
        Address type: 0x01
          BR/EDR
        Discovery: Enabled (0x01)
bluetoothctl[1472348]: @ MGMT Close: bluetoothctl            {0x0002} 29.913569
bluetoothctl[1473025]: @ MGMT Open: bluetoot.. version 1.23  {0x0002} 29.921156
> HCI Event: Inquiry Complete (0x01) plen 1                #92 [hci0] 36.424611
        Status: Success (0x00)
@ MGMT Event: Discovering (0x0013) plen 2             {0x0001} [hci0] 36.424739
        Address type: 0x01
          BR/EDR
        Discovery: Disabled (0x00)
bluetoothd[2915165]: @ MGMT Comman.. (0x003a) plen 4  {0x0001} [hci0] 36.425044
        Address type: 0x01
          BR/EDR
        RSSI: invalid (0x7f)
        UUIDs: 0
< HCI Command: Inquiry (0x01|0x0001) plen 5                #93 [hci0] 36.425272
        Access code: 0x9e8b33 (General Inquiry)
        Length: 10.24s (0x08)
        Num responses: 0
> HCI Event: Command Status (0x0f) plen 4                  #94 [hci0] 36.426605
      Inquiry (0x01|0x0001) ncmd 1
        Status: Success (0x00)
@ MGMT Event: Command Complete (0x0001) plen 4        {0x0001} [hci0] 36.426871
      Start Service Discovery (0x003a) plen 1
        Status: Success (0x00)
        Address type: 0x01
          BR/EDR
@ MGMT Event: Discovering (0x0013) plen 2             {0x0001} [hci0] 36.426882
        Address type: 0x01
          BR/EDR
        Discovery: Enabled (0x01)
bluetoothctl[1473025]: @ MGMT Close: bluetoothctl            {0x0002} 37.932465
