Attempting to connect to 5C:A0:04:A6:75:BE
[[0;93mCHG[0m] Device 5C:A0:04:A6:75:BE Connected: yes
Connection successful
[[0;91mDEL[0m] Device CB:10:25:B9:AB:E6 CB-10-25-B9-AB-E6
[[0;92mNEW[0m] Primary Service (Handle 0x0000)
	/org/bluez/hci0/dev_5C_A0_04_A6_75_BE/service0001
	00001801-0000-1000-8000-00805f9b34fb
	Generic Attribute Profile
[[0;92mNEW[0m] Characteristic (Handle 0x0000)
	/org/bluez/hci0/dev_5C_A0_04_A6_75_BE/service0001/char0002
	00002a05-0000-1000-8000-00805f9b34fb
	Service Changed
[[0;92mNEW[0m] Descriptor (Handle 0x0000)
	/org/bluez/hci0/dev_5C_A0_04_A6_75_BE/service0001/char0002/desc0004
	00002902-0000-1000-8000-00805f9b34fb
	Client Characteristic Configuration
[[0;92mNEW[0m] Characteristic (Handle 0x0000)
	/org/bluez/hci0/dev_5C_A0_04_A6_75_BE/service0001/char0005
	00002b29-0000-1000-8000-00805f9b34fb
	Client Supported Features
[[0;92mNEW[0m] Characteristic (Handle 0x0000)
	/org/bluez/hci0/dev_5C_A0_04_A6_75_BE/service0001/char0007
	00002b2a-0000-1000-8000-00805f9b34fb
	Database Hash
[[0;93mCHG[0m] Device 5C:A0:04:A6:75:BE UUIDs: 00001800-0000-1000-8000-00805f9b34fb
[[0;93mCHG[0m] Device 5C:A0:04:A6:75:BE UUIDs: 00001801-0000-1000-8000-00805f9b34fb
[[0;93mCHG[0m] Device 5C:A0:04:A6:75:BE ServicesResolved: yes
