advertising
advertising
bond: none
advertising
advertising
advertising
advertising
advertising
bond: none
advertising
advertising
advertising
advertising
bond: none
advertising
advertising
advertising
advertising
advertising
bond: none
connected peer=68:34:21:E5:84:DF
encryption=ON ce=69
bond: none
encryption=OFF ce=70
link terminated
advertising
advertising
advertising
advertising
bond: none
advertising
advertising
advertising
advertising
bond: none
advertising
advertising
advertising
advertising
advertising
bond: none
advertising
advertising
advertising
advertising
