SetDiscoveryFilter success
Discovery started
[[0;92mNEW[0m] Device A4:C1:38:26:4E:DA ATC_264EDA
[[0;92mNEW[0m] Device C0:DE:54:15:00:51 X54-PAIR
[[0;92mNEW[0m] Device A4:C1:38:9D:41:32 ATC_9D4132
[[0;93mCHG[0m] Device C0:DE:54:15:00:51 RSSI: 0xffffffad (-83)
[[0;92mNEW[0m] Device 63:47:C1:F8:E8:E8 63-47-C1-F8-E8-E8
[[0;93mCHG[0m] Device 63:47:C1:F8:E8:E8 RSSI: 0xffffffa0 (-96)
[[0;93mCHG[0m] Device 63:47:C1:F8:E8:E8 RSSI: 0xffffffa3 (-93)
[[0;92mNEW[0m] Device 58:BB:A9:61:00:85 58-BB-A9-61-00-85
[[0;93mCHG[0m] Device C0:DE:54:15:00:51 RSSI: 0xffffffb1 (-79)
[[0;93mCHG[0m] Device 58:BB:A9:61:00:85 RSSI: 0xffffffa7 (-89)
[[0;93mCHG[0m] Device 58:BB:A9:61:00:85 RSSI: 0xffffffa8 (-88)
[[0;93mCHG[0m] Device C0:DE:54:15:00:51 RSSI: 0xffffffb0 (-80)
[[0;93mCHG[0m] Device 63:47:C1:F8:E8:E8 RSSI: 0xffffffa0 (-96)
[[0;92mNEW[0m] Device EB:77:C7:03:BC:F3 EB-77-C7-03-BC-F3
[[0;93mCHG[0m] Device A4:C1:38:9D:41:32 RSSI: 0xffffffa2 (-94)
[[0;93mCHG[0m] Device A4:C1:38:9D:41:32 ServiceData.0000181a-0000-1000-8000-00805f9b34fb:
  a4 c1 38 9d 41 32 00 c3 3a 52 0b 84 0e           ..8.A2..:R...   
[[0;92mNEW[0m] Device A4:C1:38:D0:E4:84 ATC_D0E484
[[0;93mCHG[0m] Device A4:C1:38:D0:E4:84 RSSI: 0xffffffad (-83)
[[0;93mCHG[0m] Device 63:47:C1:F8:E8:E8 RSSI: 0xffffffa3 (-93)
[[0;92mNEW[0m] Device A4:C1:38:8D:7D:4F ATC_8D7D4F
[[0;93mCHG[0m] Device 63:47:C1:F8:E8:E8 RSSI: 0xffffffa4 (-92)
[[0;93mCHG[0m] Device C0:DE:54:15:00:51 RSSI: 0xffffffad (-83)
[[0;93mCHG[0m] Device 63:47:C1:F8:E8:E8 RSSI: 0xffffffa5 (-91)
[[0;93mCHG[0m] Device 63:47:C1:F8:E8:E8 RSSI: 0xffffffa5 (-91)
[[0;93mCHG[0m] Device 63:47:C1:F8:E8:E8 RSSI: 0xffffffa1 (-95)
[[0;93mCHG[0m] Device 63:47:C1:F8:E8:E8 RSSI: 0xffffffa4 (-92)
[[0;92mNEW[0m] Device C4:5F:62:0A:3F:8C C4-5F-62-0A-3F-8C
[[0;93mCHG[0m] Device 63:47:C1:F8:E8:E8 RSSI: 0xffffffa0 (-96)
[[0;93mCHG[0m] Device A4:C1:38:8D:7D:4F RSSI: 0xffffffa2 (-94)
