SetDiscoveryFilter success
hci0 type 1 discovering off
hci0 type 7 discovering on
Discovery started
[[0;92mNEW[0m] Device A4:C1:38:26:4E:DA ATC_264EDA
[[0;92mNEW[0m] Device C0:DE:54:15:00:01 XIAO-54-CLN
[[0;93mCHG[0m] Device C0:DE:54:15:00:01 RSSI: 0xffffffac (-84)
[[0;93mCHG[0m] Device C0:DE:54:15:00:01 RSSI: 0xffffffa1 (-95)
[[0;93mCHG[0m] Device C0:DE:54:15:00:01 RSSI: 0xffffffa2 (-94)
[[0;92mNEW[0m] Device A4:C1:38:D0:E4:84 ATC_D0E484
[[0;92mNEW[0m] Device A4:C1:38:8D:7D:4F ATC_8D7D4F
[[0;92mNEW[0m] Device F1:82:84:CB:80:DA F1-82-84-CB-80-DA
[[0;93mCHG[0m] Device C0:DE:54:15:00:01 RSSI: 0xffffffac (-84)
[[0;93mCHG[0m] Device C0:DE:54:15:00:01 RSSI: 0xffffffaa (-86)
[[0;93mCHG[0m] Device C0:DE:54:15:00:01 RSSI: 0xffffffa2 (-94)
[[0;93mCHG[0m] Device C0:DE:54:15:00:01 RSSI: 0xffffffa1 (-95)
[[0;93mCHG[0m] Device C0:DE:54:15:00:01 RSSI: 0xffffffac (-84)
[[0;93mCHG[0m] Device C0:DE:54:15:00:01 RSSI: 0xffffffac (-84)
[[0;92mNEW[0m] Device A4:C1:38:9D:41:32 ATC_9D4132
[[0;92mNEW[0m] Device 40:00:00:BF:B0:9B 40-00-00-BF-B0-9B
[[0;93mCHG[0m] Device C0:DE:54:15:00:01 RSSI: 0xffffffaa (-86)
hci0 type 7 discovering off
hci0 type 7 discovering on
[[0;93mCHG[0m] Device F1:82:84:CB:80:DA RSSI: 0xffffffa7 (-89)
[[0;93mCHG[0m] Device C0:DE:54:15:00:01 RSSI: 0xffffffa1 (-95)
[[0;92mNEW[0m] Device 7C:11:F9:B4:8C:FC 7C-11-F9-B4-8C-FC
