SetDiscoveryFilter success
hci0 type 1 discovering off
hci0 type 7 discovering on
Discovery started
[[0;92mNEW[0m] Device C0:DE:54:15:00:21 XIAO54-LINK
[[0;92mNEW[0m] Device A4:C1:38:D0:E4:84 ATC_D0E484
[[0;91mDEL[0m] Descriptor (Handle 0x0000)
	/org/bluez/hci0/dev_C0_DE_54_15_00_11/service0008/char0009/desc000b
	00002902-0000-1000-8000-00805f9b34fb
	Client Characteristic Configuration
[[0;91mDEL[0m] Characteristic (Handle 0x0000)
	/org/bluez/hci0/dev_C0_DE_54_15_00_11/service0008/char0009
	00002a05-0000-1000-8000-00805f9b34fb
	Service Changed
[[0;91mDEL[0m] Primary Service (Handle 0x0000)
	/org/bluez/hci0/dev_C0_DE_54_15_00_11/service0008
	00001801-0000-1000-8000-00805f9b34fb
	Generic Attribute Profile
[[0;91mDEL[0m] Descriptor (Handle 0x0000)
	/org/bluez/hci0/dev_C0_DE_54_15_00_11/service0010/char0011/desc0013
	00002902-0000-1000-8000-00805f9b34fb
	Client Characteristic Configuration
[[0;91mDEL[0m] Characteristic (Handle 0x0000)
	/org/bluez/hci0/dev_C0_DE_54_15_00_11/service0010/char0011
	00002a19-0000-1000-8000-00805f9b34fb
	Battery Level
[[0;91mDEL[0m] Primary Service (Handle 0x0000)
	/org/bluez/hci0/dev_C0_DE_54_15_00_11/service0010
	0000180f-0000-1000-8000-00805f9b34fb
	Battery Service
[[0;91mDEL[0m] Device C0:DE:54:15:00:11 XIAO-nRF54L15
[[0;92mNEW[0m] Device C6:91:1D:C9:80:CC C6-91-1D-C9-80-CC
[[0;92mNEW[0m] Device 7C:11:F9:B4:8C:FC 7C-11-F9-B4-8C-FC
[[0;93mCHG[0m] Device C6:91:1D:C9:80:CC RSSI: 0xffffffaf (-81)
[[0;93mCHG[0m] Device 7C:11:F9:B4:8C:FC RSSI: 0xffffffa7 (-89)
[[0;92mNEW[0m] Device F1:82:84:CB:80:DA F1-82-84-CB-80-DA
[[0;93mCHG[0m] Device 7C:11:F9:B4:8C:FC RSSI: 0xffffffa8 (-88)
[[0;93mCHG[0m] Device C0:DE:54:15:00:21 RSSI: 0xffffffaa (-86)
hci0 type 7 discovering off
hci0 type 7 discovering on
[[0;93mCHG[0m] Device A4:C1:38:D0:E4:84 RSSI: 0xffffffb1 (-79)
