SetDiscoveryFilter success
hci0 type 1 discovering off
hci0 type 7 discovering on
[[0;92mNEW[0m] Device CB:53:48:C1:BA:11 CB-53-48-C1-BA-11
Discovery started
[[0;91mDEL[0m] Device 40:00:00:BF:B0:9B 40-00-00-BF-B0-9B
[[0;92mNEW[0m] Device 7C:11:F9:B4:8C:FC 7C-11-F9-B4-8C-FC
[[0;93mCHG[0m] Device CB:53:48:C1:BA:11 RSSI: 0xffffffb0 (-80)
[[0;92mNEW[0m] Device C0:DE:54:15:00:71 XIAO54-TIMING
[[0;93mCHG[0m] Device 7C:11:F9:B4:8C:FC RSSI: 0xffffffa6 (-90)
[[0;93mCHG[0m] Device CB:53:48:C1:BA:11 RSSI: 0xffffffb0 (-80)
[[0;93mCHG[0m] Device 7C:11:F9:B4:8C:FC RSSI: 0xffffffa6 (-90)
[[0;93mCHG[0m] Device 7C:11:F9:B4:8C:FC RSSI: 0xffffffa6 (-90)
[[0;93mCHG[0m] Device 7C:11:F9:B4:8C:FC RSSI: 0xffffffa6 (-90)
[[0;93mCHG[0m] Device CB:53:48:C1:BA:11 RSSI: 0xffffffaf (-81)
[[0;92mNEW[0m] Device A4:C1:38:8D:7D:4F ATC_8D7D4F
[[0;92mNEW[0m] Device 44:52:15:7D:78:7A 44-52-15-7D-78-7A
[[0;93mCHG[0m] Device 7C:11:F9:B4:8C:FC RSSI: 0xffffffa6 (-90)
hci0 type 7 discovering off
hci0 type 7 discovering on
[[0;92mNEW[0m] Device A4:C1:38:D0:E4:84 ATC_D0E484
[[0;93mCHG[0m] Device 7C:11:F9:B4:8C:FC RSSI: 0xffffffa6 (-90)
