SetDiscoveryFilter success
Discovery started
[[0;93mCHG[0m] Device C0:DE:54:15:00:01 RSSI: 0xffffffad (-83)
[[0;93mCHG[0m] Device 59:E1:5E:2D:DD:C3 RSSI: 0xffffff9f (-97)
[[0;93mCHG[0m] Device C0:DE:54:15:00:01 RSSI: 0xffffffad (-83)
[[0;93mCHG[0m] Device C0:DE:54:15:00:01 RSSI: 0xffffffab (-85)
[[0;93mCHG[0m] Device 59:E1:5E:2D:DD:C3 RSSI: 0xffffff9f (-97)
[[0;93mCHG[0m] Device 59:E1:5E:2D:DD:C3 RSSI: 0xffffff9e (-98)
[[0;93mCHG[0m] Device C0:DE:54:15:00:01 RSSI: 0xffffffab (-85)
[[0;93mCHG[0m] Device C0:DE:54:15:00:01 RSSI: 0xffffffa1 (-95)
[[0;93mCHG[0m] Device C0:DE:54:15:00:01 RSSI: 0xffffffad (-83)
[[0;93mCHG[0m] Device C0:DE:54:15:00:01 RSSI: 0xffffffab (-85)
[[0;93mCHG[0m] Device C0:DE:54:15:00:01 RSSI: 0xffffffad (-83)
[[0;93mCHG[0m] Device 61:A1:A1:B1:A4:D1 RSSI: 0xffffff9c (-100)
[[0;93mCHG[0m] Device 61:A1:A1:B1:A4:D1 UUIDs: 0000fe2c-0000-1000-8000-00805f9b34fb
[[0;93mCHG[0m] Device 61:A1:A1:B1:A4:D1 UUIDs: 0000fd82-0000-1000-8000-00805f9b34fb
[[0;93mCHG[0m] Device 61:A1:A1:B1:A4:D1 ManufacturerData.Key: 0x012d (301)
[[0;93mCHG[0m] Device 61:A1:A1:B1:A4:D1 ManufacturerData.Value:
  04 00 02 02 b0 31 09 0b d4 66 98 41 07 00 02 00  .....1...f.A....
  33 00 00 00                                      3...            
[[0;93mCHG[0m] Device C0:DE:54:15:00:01 RSSI: 0xffffffa2 (-94)
[[0;93mCHG[0m] Device C0:DE:54:15:00:01 RSSI: 0xffffffab (-85)
[[0;93mCHG[0m] Device C0:DE:54:15:00:01 RSSI: 0xffffffa1 (-95)
[[0;93mCHG[0m] Device C0:DE:54:15:00:01 RSSI: 0xffffffad (-83)
[[0;91mDEL[0m] Device FB:EA:DF:9A:C6:50 FB-EA-DF-9A-C6-50
[[0;93mCHG[0m] Device C0:DE:54:15:00:01 RSSI: 0xffffffab (-85)
