Attempting to connect to C0:DE:54:15:00:41
[[0;93mCHG[0m] Device A4:C1:38:26:4E:DA RSSI: 0xffffffc9 (-55)
[[0;93mCHG[0m] Device A4:C1:38:26:4E:DA ServiceData.0000181a-0000-1000-8000-00805f9b34fb:
  a4 c1 38 26 4e da 00 d7 32 25 0a 05 0e           ..8&N...2%...   
[[0;93mCHG[0m] Device F3:62:B9:D4:08:D5 RSSI: 0xffffff9e (-98)
[[0;91mDEL[0m] Descriptor (Handle 0x0000)
	/org/bluez/hci0/dev_C0_DE_54_15_00_31/service0008/char0009/desc000b
	00002902-0000-1000-8000-00805f9b34fb
	Client Characteristic Configuration
[[0;91mDEL[0m] Characteristic (Handle 0x0000)
	/org/bluez/hci0/dev_C0_DE_54_15_00_31/service0008/char0009
	00002a05-0000-1000-8000-00805f9b34fb
	Service Changed
[[0;91mDEL[0m] Primary Service (Handle 0x0000)
	/org/bluez/hci0/dev_C0_DE_54_15_00_31/service0008
	00001801-0000-1000-8000-00805f9b34fb
	Generic Attribute Profile
[[0;91mDEL[0m] Descriptor (Handle 0x0000)
	/org/bluez/hci0/dev_C0_DE_54_15_00_31/service0010/char0011/desc0013
	00002902-0000-1000-8000-00805f9b34fb
	Client Characteristic Configuration
[[0;91mDEL[0m] Characteristic (Handle 0x0000)
	/org/bluez/hci0/dev_C0_DE_54_15_00_31/service0010/char0011
	00002a19-0000-1000-8000-00805f9b34fb
	Battery Level
[[0;91mDEL[0m] Primary Service (Handle 0x0000)
	/org/bluez/hci0/dev_C0_DE_54_15_00_31/service0010
	0000180f-0000-1000-8000-00805f9b34fb
	Battery Service
[[0;91mDEL[0m] Device C0:DE:54:15:00:31 XIAO nRF54L15 Clean
[[0;93mCHG[0m] Device C0:DE:54:15:00:41 RSSI: 0xffffffa1 (-95)
[[0;93mCHG[0m] Device 59:E1:5E:2D:DD:C3 RSSI: 0xffffff9e (-98)
hci0 C0:DE:54:15:00:41 type LE Random connected eir_len 13
[[0;93mCHG[0m] Device C0:DE:54:15:00:41 Connected: yes
Connection successful
[[0;92mNEW[0m] Primary Service (Handle 0x0000)
	/org/bluez/hci0/dev_C0_DE_54_15_00_41/service0008
	00001801-0000-1000-8000-00805f9b34fb
	Generic Attribute Profile
[[0;92mNEW[0m] Characteristic (Handle 0x0000)
	/org/bluez/hci0/dev_C0_DE_54_15_00_41/service0008/char0009
	00002a05-0000-1000-8000-00805f9b34fb
	Service Changed
[[0;92mNEW[0m] Descriptor (Handle 0x0000)
	/org/bluez/hci0/dev_C0_DE_54_15_00_41/service0008/char0009/desc000b
	00002902-0000-1000-8000-00805f9b34fb
	Client Characteristic Configuration
[[0;92mNEW[0m] Primary Service (Handle 0x0000)
	/org/bluez/hci0/dev_C0_DE_54_15_00_41/service0010
	0000180f-0000-1000-8000-00805f9b34fb
	Battery Service
[[0;92mNEW[0m] Characteristic (Handle 0x0000)
	/org/bluez/hci0/dev_C0_DE_54_15_00_41/service0010/char0011
	00002a19-0000-1000-8000-00805f9b34fb
	Battery Level
[[0;92mNEW[0m] Descriptor (Handle 0x0000)
	/org/bluez/hci0/dev_C0_DE_54_15_00_41/service0010/char0011/desc0013
	00002902-0000-1000-8000-00805f9b34fb
	Client Characteristic Configuration
[[0;93mCHG[0m] Device C0:DE:54:15:00:41 UUIDs: 00001800-0000-1000-8000-00805f9b34fb
[[0;93mCHG[0m] Device C0:DE:54:15:00:41 UUIDs: 00001801-0000-1000-8000-00805f9b34fb
[[0;93mCHG[0m] Device C0:DE:54:15:00:41 UUIDs: 0000180f-0000-1000-8000-00805f9b34fb
[[0;93mCHG[0m] Device C0:DE:54:15:00:41 ServicesResolved: yes
[[0;93mCHG[0m] Device C0:DE:54:15:00:41 Name: XIAO nRF54L15 Battery
[[0;93mCHG[0m] Device C0:DE:54:15:00:41 Alias: XIAO nRF54L15 Battery
hci0 type 7 discovering off
hci0 type 7 discovering on
[[0;93mCHG[0m] Device A4:C1:38:26:4E:DA RSSI: 0xffffffc6 (-58)
[[0;93mCHG[0m] Device C5:68:44:B3:43:BF RSSI: 0xffffffb2 (-78)
[[0;92mNEW[0m] Device A4:C1:38:9D:41:32 ATC_9D4132
[[0;93mCHG[0m] Device A4:C1:38:26:4E:DA RSSI: 0xffffffbc (-68)
[[0;93mCHG[0m] Device 59:E1:5E:2D:DD:C3 RSSI: 0xffffffb1 (-79)
[[0;93mCHG[0m] Device A4:C1:38:75:8A:D6 RSSI: 0xffffffb3 (-77)
[[0;93mCHG[0m] Device 59:E1:5E:2D:DD:C3 RSSI: 0xffffffb1 (-79)
[[0;93mCHG[0m] Device 59:E1:5E:2D:DD:C3 RSSI: 0xffffffb1 (-79)
