Device C0:DE:54:15:00:41 (random)
	Name: XIAO nRF54L15 Battery
	Alias: XIAO nRF54L15 Battery
	Paired: no
	Bonded: no
	Trusted: no
	Blocked: no
	Connected: yes
	LegacyPairing: no
	UUID: Generic Access Profile    (00001800-0000-1000-8000-00805f9b34fb)
	UUID: Generic Attribute Profile (00001801-0000-1000-8000-00805f9b34fb)
	UUID: Battery Service           (0000180f-0000-1000-8000-00805f9b34fb)
	RSSI: 0xffffffa1 (-95)
	Battery Percentage: 0x63 (99)
[[0;93mCHG[0m] Device 59:E1:5E:2D:DD:C3 RSSI: 0xffffffb2 (-78)
[[0;92mNEW[0m] Device A4:C1:38:D0:E4:84 ATC_D0E484
[[0;93mCHG[0m] Device A4:C1:38:26:4E:DA RSSI: 0xffffffc8 (-56)
[[0;93mCHG[0m] Device A4:C1:38:D0:E4:84 RSSI: 0xffffffb4 (-76)
[[0;93mCHG[0m] Device A4:C1:38:D0:E4:84 UUIDs: 0000181a-0000-1000-8000-00805f9b34fb
[[0;93mCHG[0m] Device A4:C1:38:D0:E4:84 ServiceData.0000181a-0000-1000-8000-00805f9b34fb:
  a4 c1 38 d0 e4 84 00 cc 43 50 0b 70 0e           ..8.....CP.p.   
[[0;93mCHG[0m] Device 59:E1:5E:2D:DD:C3 RSSI: 0xffffffb1 (-79)
[[0;93mCHG[0m] Device A4:C1:38:9D:41:32 RSSI: 0xffffffab (-85)
[[0;93mCHG[0m] Device 59:E1:5E:2D:DD:C3 RSSI: 0xffffff9f (-97)
[[0;93mCHG[0m] Device C5:68:44:B3:43:BF RSSI: 0xffffffae (-82)
hci0 type 7 discovering off
hci0 type 7 discovering on
[[0;93mCHG[0m] Device 59:E1:5E:2D:DD:C3 RSSI: 0xffffffb1 (-79)
[[0;93mCHG[0m] Device C5:68:44:B3:43:BF RSSI: 0xffffffb0 (-80)
[[0;93mCHG[0m] Device F3:62:B9:D4:08:D5 RSSI: 0xffffffb1 (-79)
