Device C0:DE:54:15:00:61 (random)
	Name: X54 Bond Probe
	Alias: X54 Bond Probe
	Paired: no
	Bonded: no
	Trusted: no
	Blocked: no
	Connected: yes
	LegacyPairing: no
	UUID: Generic Access Profile    (00001800-0000-1000-8000-00805f9b34fb)
	UUID: Generic Attribute Profile (00001801-0000-1000-8000-00805f9b34fb)
	UUID: Battery Service           (0000180f-0000-1000-8000-00805f9b34fb)
	RSSI: 0xffffffaa (-86)
	Battery Percentage: 0x5f (95)
[[0;91mDEL[0m] Device A4:C1:38:75:8A:D6 LYWSD03MMC
[[0;93mCHG[0m] Device 59:E1:5E:2D:DD:C3 RSSI: 0xffffffac (-84)
[[0;93mCHG[0m] Device 59:E1:5E:2D:DD:C3 RSSI: 0xffffffa3 (-93)
[[0;93mCHG[0m] Device 59:E1:5E:2D:DD:C3 RSSI: 0xffffffac (-84)
[[0;93mCHG[0m] Device C0:13:1A:B3:49:E3 RSSI: 0xffffffb0 (-80)
[[0;92mNEW[0m] Device F3:62:B9:D4:08:D5 F3-62-B9-D4-08-D5
[[0;93mCHG[0m] Device A4:C1:38:26:4E:DA RSSI: 0xffffffc8 (-56)
[[0;93mCHG[0m] Device A4:C1:38:26:4E:DA ServiceData.0000181a-0000-1000-8000-00805f9b34fb:
  a4 c1 38 26 4e da 00 d7 32 25 0a 06 10           ..8&N...2%...   
[[0;93mCHG[0m] Device 59:E1:5E:2D:DD:C3 RSSI: 0xffffffb1 (-79)
[[0;93mCHG[0m] Device A4:C1:38:D0:E4:84 RSSI: 0xffffffb4 (-76)
[[0;93mCHG[0m] Device 59:E1:5E:2D:DD:C3 RSSI: 0xffffffb1 (-79)
hci0 type 7 discovering off
hci0 type 7 discovering on
