Device C0:DE:54:15:00:11 (random)
	Name: XIAO-nRF54L15
	Alias: XIAO-nRF54L15
	Appearance: 0x0080 (128)
	Icon: computer
	Paired: no
	Bonded: no
	Trusted: no
	Blocked: no
	Connected: no
	LegacyPairing: no
	UUID: Generic Access Profile    (00001800-0000-1000-8000-00805f9b34fb)
	UUID: Generic Attribute Profile (00001801-0000-1000-8000-00805f9b34fb)
	UUID: Battery Service           (0000180f-0000-1000-8000-00805f9b34fb)
	RSSI: 0xffffffad (-83)
[[0;93mCHG[0m] Device C5:68:44:B3:43:BF RSSI: 0xffffffb2 (-78)
[[0;93mCHG[0m] Device A4:C1:38:D0:E4:84 RSSI: 0xffffffb3 (-77)
[[0;92mNEW[0m] Device A4:C1:38:8D:7D:4F ATC_8D7D4F
[[0;91mDEL[0m] Device FB:EA:DF:9A:C6:50 FB-EA-DF-9A-C6-50
[[0;93mCHG[0m] Device 61:A1:A1:B1:A4:D1 RSSI: 0xffffff9d (-99)
[[0;93mCHG[0m] Device F3:62:B9:D4:08:D5 RSSI: 0xffffffb1 (-79)
