SetDiscoveryFilter success
Discovery started
[[0;91mDEL[0m] Device C0:DE:54:15:00:01 XIAO-54-CLN
[[0;93mCHG[0m] Device C0:DE:54:15:00:11 RSSI: 0xffffffa2 (-94)
[[0;93mCHG[0m] Device C0:DE:54:15:00:11 Appearance: 0x0080 (128)
[[0;93mCHG[0m] Device C0:DE:54:15:00:11 Icon: computer
[[0;93mCHG[0m] Device 59:E1:5E:2D:DD:C3 RSSI: 0xffffff9e (-98)
[[0;91mDEL[0m] Device A4:C1:38:9D:41:32 ATC_9D4132
[[0;93mCHG[0m] Device C0:DE:54:15:00:11 RSSI: 0xffffffab (-85)
[[0;93mCHG[0m] Device 59:E1:5E:2D:DD:C3 RSSI: 0xffffffb2 (-78)
[[0;93mCHG[0m] Device C0:DE:54:15:00:11 RSSI: 0xffffffab (-85)
[[0;93mCHG[0m] Device C5:68:44:B3:43:BF RSSI: 0xffffffb0 (-80)
[[0;91mDEL[0m] Device A4:C1:38:D0:E4:84 ATC_D0E484
[[0;93mCHG[0m] Device C0:DE:54:15:00:11 RSSI: 0xffffffad (-83)
[[0;92mNEW[0m] Device F3:62:B9:D4:08:D5 F3-62-B9-D4-08-D5
[[0;93mCHG[0m] Device 61:A1:A1:B1:A4:D1 RSSI: 0xffffff9d (-99)
[[0;93mCHG[0m] Device 59:E1:5E:2D:DD:C3 RSSI: 0xffffffa0 (-96)
hci0 type 7 discovering off
hci0 type 7 discovering on
[[0;93mCHG[0m] Device 61:A1:A1:B1:A4:D1 RSSI: 0xffffff9d (-99)
