Device C0:DE:54:15:00:71 XIAO54-TIMING
Device A4:C1:38:75:8A:D6 LYWSD03MMC
Device F3:62:B9:D4:08:D5 F3-62-B9-D4-08-D5
Device 61:A1:A1:B1:A4:D1 61-A1-A1-B1-A4-D1
Device A4:C1:38:26:4E:DA ATC_264EDA
Device C0:DE:54:15:00:61 X54 Bond Probe
Device C0:13:1A:B3:49:E3 C0-13-1A-B3-49-E3
Device A4:C1:38:D0:E4:84 ATC_D0E484
Device 59:E1:5E:2D:DD:C3 59-E1-5E-2D-DD-C3
Device 40:5E:F6:0D:B8:15 Galaxy Buds Live (B815)
[[0;93mCHG[0m] Device C0:DE:54:15:00:71 RSSI: 0xffffffad (-83)
[[0;93mCHG[0m] Device 59:E1:5E:2D:DD:C3 RSSI: 0xffffffac (-84)
[[0;91mDEL[0m] Device C0:13:1A:B3:49:E3 C0-13-1A-B3-49-E3
[[0;91mDEL[0m] Device A4:C1:38:26:4E:DA ATC_264EDA
[[0;93mCHG[0m] Device 59:E1:5E:2D:DD:C3 RSSI: 0xffffffb1 (-79)
[[0;92mNEW[0m] Device A4:C1:38:8D:7D:4F ATC_8D7D4F
hci0 type 7 discovering off
hci0 type 7 discovering on
[[0;93mCHG[0m] Device 59:E1:5E:2D:DD:C3 RSSI: 0xffffffa1 (-95)
[[0;92mNEW[0m] Device A4:C1:38:26:4E:DA ATC_264EDA
[[0;91mDEL[0m] Device A4:C1:38:75:8A:D6 LYWSD03MMC
