Waiting to connect to bluetoothd...[0;94m[bluetooth][0m# [C[C[C[C[C[C[C[CX54 Pairing Probeconnect C0:DE:54:15:00:51
Attempting to connect to C0:DE:54:15:00:51
[0;94m[X54 Pairing Probe][0m# pair C0:DE:54:15:00:51
Attempting to pair with C0:DE:54:15:00:51
[0;94m[X54 Pairing Probe][0m# info C0:DE:54:15:00:51
Device C0:DE:54:15:00:51 (random)
	Name: X54 Pairing Probe
	Alias: X54 Pairing Probe
	Paired: no
	Bonded: no
	Trusted: no
	Blocked: no
	Connected: yes
	LegacyPairing: no
	UUID: Generic Access Profile    (00001800-0000-1000-8000-00805f9b34fb)
	UUID: Generic Attribute Profile (00001801-0000-1000-8000-00805f9b34fb)
	UUID: Battery Service           (0000180f-0000-1000-8000-00805f9b34fb)
	RSSI: 0xffffffaa (-86)
	Battery Percentage: 0x60 (96)
[0;94m[X54 Pairing Probe][0m# 