Device A4:C1:38:75:8A:D6 LYWSD03MMC
Device C0:DE:54:15:00:51 X54-PAIR
Device 61:A1:A1:B1:A4:D1 61-A1-A1-B1-A4-D1
Device A4:C1:38:8D:7D:4F ATC_8D7D4F
Device A4:C1:38:D0:E4:84 ATC_D0E484
Device A4:C1:38:9D:41:32 ATC_9D4132
Device C5:68:44:B3:43:BF C5-68-44-B3-43-BF
Device C0:DE:54:15:00:41 XIAO nRF54L15 Battery
Device A4:C1:38:26:4E:DA ATC_264EDA
Device F3:62:B9:D4:08:D5 F3-62-B9-D4-08-D5
Device 59:E1:5E:2D:DD:C3 59-E1-5E-2D-DD-C3
Device 40:5E:F6:0D:B8:15 Galaxy Buds Live (B815)
[[0;93mCHG[0m] Device 59:E1:5E:2D:DD:C3 RSSI: 0xffffffac (-84)
[[0;93mCHG[0m] Device A4:C1:38:D0:E4:84 RSSI: 0xffffffb3 (-77)
[[0;93mCHG[0m] Device A4:C1:38:D0:E4:84 ServiceData.0000181a-0000-1000-8000-00805f9b34fb:
  a4 c1 38 d0 e4 84 00 cc 43 50 0b 70 0f           ..8.....CP.p.   
[[0;93mCHG[0m] Device 59:E1:5E:2D:DD:C3 RSSI: 0xffffffad (-83)
[[0;93mCHG[0m] Device 59:E1:5E:2D:DD:C3 RSSI: 0xffffffac (-84)
[[0;93mCHG[0m] Device A4:C1:38:9D:41:32 RSSI: 0xffffffa8 (-88)
[[0;93mCHG[0m] Device F3:62:B9:D4:08:D5 RSSI: 0xffffffb1 (-79)
[[0;93mCHG[0m] Device C0:DE:54:15:00:51 RSSI: 0xffffffb6 (-74)
[[0;93mCHG[0m] Device 61:A1:A1:B1:A4:D1 RSSI: 0xffffff9e (-98)
hci0 type 7 discovering off
hci0 type 7 discovering on
