Attempting to connect to C0:DE:54:15:00:21
[[0;93mCHG[0m] Device 59:E1:5E:2D:DD:C3 RSSI: 0xffffffa1 (-95)
[[0;92mNEW[0m] Device A4:C1:38:8D:7D:4F ATC_8D7D4F
hci0 type 7 discovering off
hci0 type 7 discovering on
[[0;93mCHG[0m] Device C0:DE:54:15:00:21 RSSI: 0xffffffa2 (-94)
hci0 C0:DE:54:15:00:21 type LE Random connected eir_len 16
[[0;93mCHG[0m] Device C0:DE:54:15:00:21 Connected: yes
Connection successful
[[0;92mNEW[0m] Primary Service (Handle 0x0000)
	/org/bluez/hci0/dev_C0_DE_54_15_00_21/service0008
	00001801-0000-1000-8000-00805f9b34fb
	Generic Attribute Profile
[[0;92mNEW[0m] Characteristic (Handle 0x0000)
	/org/bluez/hci0/dev_C0_DE_54_15_00_21/service0008/char0009
	00002a05-0000-1000-8000-00805f9b34fb
	Service Changed
[[0;92mNEW[0m] Descriptor (Handle 0x0000)
	/org/bluez/hci0/dev_C0_DE_54_15_00_21/service0008/char0009/desc000b
	00002902-0000-1000-8000-00805f9b34fb
	Client Characteristic Configuration
[[0;92mNEW[0m] Primary Service (Handle 0x0000)
	/org/bluez/hci0/dev_C0_DE_54_15_00_21/service0010
	0000180f-0000-1000-8000-00805f9b34fb
	Battery Service
[[0;92mNEW[0m] Characteristic (Handle 0x0000)
	/org/bluez/hci0/dev_C0_DE_54_15_00_21/service0010/char0011
	00002a19-0000-1000-8000-00805f9b34fb
	Battery Level
[[0;92mNEW[0m] Descriptor (Handle 0x0000)
	/org/bluez/hci0/dev_C0_DE_54_15_00_21/service0010/char0011/desc0013
	00002902-0000-1000-8000-00805f9b34fb
	Client Characteristic Configuration
[[0;93mCHG[0m] Device C0:DE:54:15:00:21 UUIDs: 00001800-0000-1000-8000-00805f9b34fb
[[0;93mCHG[0m] Device C0:DE:54:15:00:21 UUIDs: 00001801-0000-1000-8000-00805f9b34fb
[[0;93mCHG[0m] Device C0:DE:54:15:00:21 UUIDs: 0000180f-0000-1000-8000-00805f9b34fb
[[0;93mCHG[0m] Device C0:DE:54:15:00:21 ServicesResolved: yes
