Attempting to disconnect from C0:DE:54:15:00:21
hci0 type 7 discovering off
hci0 type 7 discovering on
[[0;93mCHG[0m] Device A4:C1:38:26:4E:DA RSSI: 0xffffffc6 (-58)
[[0;93mCHG[0m] Device A4:C1:38:26:4E:DA ServiceData.0000181a-0000-1000-8000-00805f9b34fb:
  a4 c1 38 26 4e da 00 d7 32 25 0a 06 12           ..8&N...2%...   
[[0;93mCHG[0m] Device C0:13:1A:B3:49:E3 RSSI: 0xffffffae (-82)
hci0 C0:DE:54:15:00:21 type LE Random disconnected with reason 2
[[0;93mCHG[0m] Device C0:DE:54:15:00:21 ServicesResolved: no
Successful disconnected
[[0;93mCHG[0m] Device C0:DE:54:15:00:21 Connected: no
[[0;93mCHG[0m] Device 59:E1:5E:2D:DD:C3 RSSI: 0xffffffac (-84)
[[0;91mDEL[0m] Descriptor (Handle 0x0000)
	/org/bluez/hci0/dev_C0_DE_54_15_00_71/service0008/char0009/desc000b
	00002902-0000-1000-8000-00805f9b34fb
	Client Characteristic Configuration
[[0;91mDEL[0m] Characteristic (Handle 0x0000)
	/org/bluez/hci0/dev_C0_DE_54_15_00_71/service0008/char0009
	00002a05-0000-1000-8000-00805f9b34fb
	Service Changed
[[0;91mDEL[0m] Primary Service (Handle 0x0000)
	/org/bluez/hci0/dev_C0_DE_54_15_00_71/service0008
	00001801-0000-1000-8000-00805f9b34fb
	Generic Attribute Profile
[[0;91mDEL[0m] Descriptor (Handle 0x0000)
	/org/bluez/hci0/dev_C0_DE_54_15_00_71/service0010/char0011/desc0013
	00002902-0000-1000-8000-00805f9b34fb
	Client Characteristic Configuration
[[0;91mDEL[0m] Characteristic (Handle 0x0000)
	/org/bluez/hci0/dev_C0_DE_54_15_00_71/service0010/char0011
	00002a19-0000-1000-8000-00805f9b34fb
	Battery Level
[[0;91mDEL[0m] Primary Service (Handle 0x0000)
	/org/bluez/hci0/dev_C0_DE_54_15_00_71/service0010
	0000180f-0000-1000-8000-00805f9b34fb
	Battery Service
[[0;91mDEL[0m] Device C0:DE:54:15:00:71 XIAO54-TIMING
