SetDiscoveryFilter success
hci0 type 1 discovering off
hci0 type 7 discovering on
[[0;92mNEW[0m] Device C0:DE:54:15:00:01 XIAO-54-CLN
Discovery started
[[0;92mNEW[0m] Device CB:53:48:C1:BA:11 CB-53-48-C1-BA-11
[[0;91mDEL[0m] Device 6D:C8:51:8E:AD:1C 6D-C8-51-8E-AD-1C
[[0;92mNEW[0m] Device A4:C1:38:75:8A:D6 LYWSD03MMC
[[0;93mCHG[0m] Device C0:DE:54:15:00:01 RSSI: 0xffffffaa (-86)
[[0;93mCHG[0m] Device C0:DE:54:15:00:01 RSSI: 0xffffffa2 (-94)
[[0;92mNEW[0m] Device 6D:C8:51:8E:AD:1C 6D-C8-51-8E-AD-1C
[[0;93mCHG[0m] Device C0:DE:54:15:00:01 RSSI: 0xffffffab (-85)
[[0;93mCHG[0m] Device 6D:C8:51:8E:AD:1C RSSI: 0xffffffa3 (-93)
[[0;93mCHG[0m] Device C0:DE:54:15:00:01 RSSI: 0xffffffab (-85)
[[0;93mCHG[0m] Device C0:DE:54:15:00:01 RSSI: 0xffffffa0 (-96)
[[0;93mCHG[0m] Device C0:DE:54:15:00:01 RSSI: 0xffffffab (-85)
[[0;93mCHG[0m] Device C0:DE:54:15:00:01 RSSI: 0xffffffab (-85)
[[0;93mCHG[0m] Device C0:DE:54:15:00:01 RSSI: 0xffffffab (-85)
[[0;93mCHG[0m] Device 6D:C8:51:8E:AD:1C RSSI: 0xffffffab (-85)
hci0 type 7 discovering off
hci0 type 7 discovering on
[[0;93mCHG[0m] Device C0:DE:54:15:00:01 RSSI: 0xffffffaa (-86)
