SetDiscoveryFilter success
hci0 type 1 discovering off
hci0 type 7 discovering on
Discovery started
[[0;92mNEW[0m] Device C0:DE:54:15:00:41 X54-BATT
[[0;92mNEW[0m] Device F5:DA:20:D6:D6:5D F5-DA-20-D6-D6-5D
[[0;92mNEW[0m] Device 6D:C8:51:8E:AD:1C 6D-C8-51-8E-AD-1C
[[0;93mCHG[0m] Device C0:DE:54:15:00:41 RSSI: 0xffffffab (-85)
[[0;92mNEW[0m] Device 61:A1:A1:1F:AF:12 61-A1-A1-1F-AF-12
[[0;92mNEW[0m] Device A4:C1:38:75:8A:D6 LYWSD03MMC
[[0;92mNEW[0m] Device A4:C1:38:26:4E:DA ATC_264EDA
[[0;93mCHG[0m] Device A4:C1:38:26:4E:DA RSSI: 0xffffffc9 (-55)
[[0;93mCHG[0m] Device 6D:C8:51:8E:AD:1C RSSI: 0xffffffab (-85)
[[0;93mCHG[0m] Device 61:A1:A1:1F:AF:12 RSSI: 0xffffff9f (-97)
[[0;93mCHG[0m] Device 61:A1:A1:1F:AF:12 UUIDs: 0000fe2c-0000-1000-8000-00805f9b34fb
[[0;93mCHG[0m] Device 61:A1:A1:1F:AF:12 UUIDs: 0000fd82-0000-1000-8000-00805f9b34fb
[[0;93mCHG[0m] Device 61:A1:A1:1F:AF:12 ManufacturerData.Key: 0x012d (301)
[[0;93mCHG[0m] Device 61:A1:A1:1F:AF:12 ManufacturerData.Value:
  04 00 02 02 b0 31 09 0b d4 66 98 41 07 00 02 00  .....1...f.A....
  33 00 00 00                                      3...            
[[0;92mNEW[0m] Device CB:53:48:C1:BA:11 CB-53-48-C1-BA-11
hci0 type 7 discovering off
hci0 type 7 discovering on
[[0;93mCHG[0m] Device 6D:C8:51:8E:AD:1C RSSI: 0xffffffa4 (-92)
