Device CB:53:48:C1:BA:11 CB-53-48-C1-BA-11
Device A4:C1:38:26:4E:DA ATC_264EDA
Device A4:C1:38:75:8A:D6 LYWSD03MMC
Device 61:A1:A1:1F:AF:12 61-A1-A1-1F-AF-12
Device 6D:C8:51:8E:AD:1C 6D-C8-51-8E-AD-1C
Device F5:DA:20:D6:D6:5D F5-DA-20-D6-D6-5D
Device C0:DE:54:15:00:41 X54-BATT
Device C0:DE:54:15:00:31 XIAO nRF54L15 Clean
Device 40:5E:F6:0D:B8:15 Galaxy Buds Live (B815)
hci0 type 7 discovering off
hci0 type 1 discovering on
[[0;91mDEL[0m] Descriptor (Handle 0x0000)
	/org/bluez/hci0/dev_C0_DE_54_15_00_31/service0008/char0009/desc000b
	00002902-0000-1000-8000-00805f9b34fb
	Client Characteristic Configuration
[[0;91mDEL[0m] Characteristic (Handle 0x0000)
	/org/bluez/hci0/dev_C0_DE_54_15_00_31/service0008/char0009
	00002a05-0000-1000-8000-00805f9b34fb
	Service Changed
[[0;91mDEL[0m] Primary Service (Handle 0x0000)
	/org/bluez/hci0/dev_C0_DE_54_15_00_31/service0008
	00001801-0000-1000-8000-00805f9b34fb
	Generic Attribute Profile
[[0;91mDEL[0m] Descriptor (Handle 0x0000)
	/org/bluez/hci0/dev_C0_DE_54_15_00_31/service0010/char0011/desc0013
	00002902-0000-1000-8000-00805f9b34fb
	Client Characteristic Configuration
[[0;91mDEL[0m] Characteristic (Handle 0x0000)
	/org/bluez/hci0/dev_C0_DE_54_15_00_31/service0010/char0011
	00002a19-0000-1000-8000-00805f9b34fb
	Battery Level
[[0;91mDEL[0m] Primary Service (Handle 0x0000)
	/org/bluez/hci0/dev_C0_DE_54_15_00_31/service0010
	0000180f-0000-1000-8000-00805f9b34fb
	Battery Service
[[0;91mDEL[0m] Device C0:DE:54:15:00:31 XIAO nRF54L15 Clean
