SetDiscoveryFilter success
hci0 type 1 discovering off
hci0 type 7 discovering on
Discovery started
[[0;92mNEW[0m] Device C0:DE:54:15:00:71 XIAO54-TIMING
[[0;92mNEW[0m] Device 6D:C8:51:8E:AD:1C 6D-C8-51-8E-AD-1C
[[0;92mNEW[0m] Device A4:C1:38:9D:41:32 ATC_9D4132
[[0;93mCHG[0m] Device C0:DE:54:15:00:71 RSSI: 0xffffffab (-85)
[[0;93mCHG[0m] Device 6D:C8:51:8E:AD:1C RSSI: 0xffffffb1 (-79)
[[0;93mCHG[0m] Device C0:DE:54:15:00:71 RSSI: 0xffffffa1 (-95)
[[0;93mCHG[0m] Device 6D:C8:51:8E:AD:1C RSSI: 0xffffffb1 (-79)
[[0;93mCHG[0m] Device 6D:C8:51:8E:AD:1C RSSI: 0xffffffb1 (-79)
[[0;92mNEW[0m] Device F5:DA:20:D6:D6:5D F5-DA-20-D6-D6-5D
[[0;93mCHG[0m] Device A4:C1:38:9D:41:32 RSSI: 0xffffffa9 (-87)
[[0;92mNEW[0m] Device 44:52:15:AF:0C:2C 44-52-15-AF-0C-2C
[[0;93mCHG[0m] Device 6D:C8:51:8E:AD:1C RSSI: 0xffffffb1 (-79)
[[0;93mCHG[0m] Device C0:DE:54:15:00:71 RSSI: 0xffffffab (-85)
[[0;92mNEW[0m] Device A4:C1:38:26:4E:DA ATC_264EDA
[[0;93mCHG[0m] Device 6D:C8:51:8E:AD:1C RSSI: 0xffffffb1 (-79)
[[0;92mNEW[0m] Device A4:C1:38:D0:E4:84 ATC_D0E484
[[0;93mCHG[0m] Device 6D:C8:51:8E:AD:1C RSSI: 0xffffffb1 (-79)
hci0 type 7 discovering off
hci0 type 7 discovering on
[[0;93mCHG[0m] Device 6D:C8:51:8E:AD:1C RSSI: 0xffffffa3 (-93)
