Device C0:DE:54:15:00:51 (random)
	Name: X54 Pairing Probe
	Alias: X54 Pairing Probe
	Paired: no
	Bonded: no
	Trusted: no
	Blocked: no
	Connected: yes
	LegacyPairing: no
	UUID: Generic Access Profile    (00001800-0000-1000-8000-00805f9b34fb)
	UUID: Generic Attribute Profile (00001801-0000-1000-8000-00805f9b34fb)
	UUID: Battery Service           (0000180f-0000-1000-8000-00805f9b34fb)
	RSSI: 0xffffffb2 (-78)
	Battery Percentage: 0x60 (96)
[[0;91mDEL[0m] Device F5:DA:20:D6:D6:5D F5-DA-20-D6-D6-5D
hci0 type 1 discovering off
hci0 type 1 discovering on
[[0;91mDEL[0m] Device 6D:C8:51:8E:AD:1C 6D-C8-51-8E-AD-1C
[[0;91mDEL[0m] Device 61:A1:A1:1F:AF:12 61-A1-A1-1F-AF-12
[[0;91mDEL[0m] Device CB:53:48:C1:BA:11 CB-53-48-C1-BA-11
[[0;91mDEL[0m] Device A4:C1:38:8D:7D:4F ATC_8D7D4F
