advertising
advertising
advertising
advertising
advertising
advertising
advertising
advertising
advertising
advertising
advertising
advertising
advertising
advertising
advertising
advertising
connected peer=68:34:21:E5:84:DF int=36
ce=1 rx=1 crc=1 new=0 llid=3 len=9 tx=1 txllid=1 txlen=0 term=0
ce=2 rx=1 crc=1 new=1 llid=3 len=9 tx=1 txllid=1 txlen=0 term=0
ce=3 rx=1 crc=1 new=1 llid=1 len=0 tx=1 txllid=3 txlen=9 term=0
ce=4 rx=1 crc=1 new=1 llid=3 len=6 tx=1 txllid=1 txlen=0 term=0
ce=5 rx=1 crc=1 new=1 llid=2 len=7 tx=1 txllid=3 txlen=6 term=0
ce=6 rx=1 crc=1 new=1 llid=1 len=0 tx=1 txllid=2 txlen=7 term=0
ce=7 rx=1 crc=1 new=1 llid=2 len=11 tx=1 txllid=1 txlen=0 term=0
ce=8 rx=1 crc=1 new=1 llid=1 len=0 tx=1 txllid=2 txlen=9 term=0
ce=9 rx=1 crc=1 new=1 llid=2 len=11 tx=1 txllid=1 txlen=0 term=0
ce=10 rx=1 crc=1 new=1 llid=1 len=0 tx=1 txllid=2 txlen=24 term=0
ce=11 rx=1 crc=1 new=1 llid=2 len=11 tx=1 txllid=1 txlen=0 term=0
ce=12 rx=1 crc=1 new=1 llid=1 len=0 tx=1 txllid=2 txlen=9 term=0
ce=13 rx=1 crc=1 new=1 llid=2 len=11 tx=1 txllid=1 txlen=0 term=0
ce=14 rx=1 crc=1 new=1 llid=1 len=0 tx=1 txllid=2 txlen=9 term=0
ce=15 rx=1 crc=1 new=1 llid=2 len=11 tx=1 txllid=1 txlen=0 term=0
ce=16 rx=1 crc=1 new=1 llid=1 len=0 tx=1 txllid=2 txlen=9 term=0
ce=17 rx=1 crc=1 new=1 llid=2 len=11 tx=1 txllid=1 txlen=0 term=0
ce=18 rx=1 crc=1 new=1 llid=1 len=0 tx=1 txllid=2 txlen=27 term=0
ce=19 rx=1 crc=1 new=1 llid=2 len=11 tx=1 txllid=1 txlen=0 term=0
ce=20 rx=1 crc=1 new=1 llid=1 len=0 tx=1 txllid=2 txlen=20 term=0
ce=21 rx=1 crc=1 new=1 llid=2 len=11 tx=1 txllid=1 txlen=0 term=0
ce=22 rx=1 crc=1 new=1 llid=1 len=0 tx=1 txllid=2 txlen=9 term=0
ce=23 rx=1 crc=1 new=1 llid=1 len=0 tx=1 txllid=1 txlen=0 term=0
ce=24 rx=1 crc=1 new=1 llid=1 len=0 tx=1 txllid=1 txlen=0 term=0
ce=25 rx=1 crc=1 new=1 llid=2 len=9 tx=1 txllid=1 txlen=0 term=0
ce=26 rx=1 crc=1 new=1 llid=1 len=0 tx=1 txllid=2 txlen=5 term=0
ce=27 rx=1 crc=1 new=1 llid=2 len=7 tx=1 txllid=2 txlen=11 term=0
ce=28 rx=1 crc=1 new=1 llid=2 len=5 tx=1 txllid=2 txlen=22 term=0
ce=29 rx=1 crc=1 new=1 llid=2 len=7 tx=1 txllid=1 txlen=0 term=0
ce=30 rx=1 crc=1 new=1 llid=1 len=0 tx=1 txllid=2 txlen=7 term=0
ce=31 rx=1 crc=1 new=1 llid=2 len=7 tx=1 txllid=1 txlen=0 term=0
ce=32 rx=1 crc=1 new=1 llid=1 len=0 tx=1 txllid=2 txlen=6 term=0
ce=33 rx=1 crc=1 new=1 llid=2 len=11 tx=1 txllid=1 txlen=0 term=0
ce=34 rx=1 crc=1 new=1 llid=1 len=0 tx=1 txllid=2 txlen=24 term=0
ce=35 rx=1 crc=1 new=1 llid=2 len=9 tx=1 txllid=1 txlen=0 term=0
ce=36 rx=1 crc=1 new=1 llid=1 len=0 tx=1 txllid=2 txlen=5 term=0
ce=37 rx=1 crc=1 new=1 llid=2 len=11 tx=1 txllid=2 txlen=8 term=0
ce=38 rx=1 crc=1 new=1 llid=1 len=0 tx=1 txllid=2 txlen=9 term=0
ce=39 rx=1 crc=1 new=1 llid=1 len=0 tx=1 txllid=1 txlen=0 term=0
ce=40 rx=1 crc=1 new=1 llid=1 len=0 tx=1 txllid=1 txlen=0 term=0
ce=41 rx=1 crc=1 new=0 llid=1 len=0 tx=1 txllid=1 txlen=0 term=0
ce=42 rx=1 crc=1 new=1 llid=1 len=0 tx=1 txllid=1 txlen=0 term=0
ce=43 rx=1 crc=1 new=1 llid=1 len=0 tx=1 txllid=1 txlen=0 term=0
ce=44 rx=1 crc=1 new=1 llid=1 len=0 tx=1 txllid=1 txlen=0 term=0
ce=45 rx=1 crc=1 new=1 llid=1 len=0 tx=1 txllid=1 txlen=0 term=0
ce=46 rx=1 crc=1 new=1 llid=1 len=0 tx=1 txllid=1 txlen=0 term=0
ce=47 rx=1 crc=1 new=1 llid=1 len=0 tx=1 txllid=1 txlen=0 term=0
ce=48 rx=1 crc=1 new=1 llid=1 len=0 tx=1 txllid=1 txlen=0 term=0
ce=49 rx=1 crc=1 new=1 llid=1 len=0 tx=1 txllid=1 txlen=0 term=0
ce=50 rx=1 crc=1 new=1 llid=1 len=0 tx=1 txllid=1 txlen=0 term=0
ce=51 rx=1 crc=1 new=1 llid=1 len=0 tx=1 txllid=1 txlen=0 term=0
ce=52 rx=1 crc=1 new=1 llid=1 len=0 tx=1 txllid=1 txlen=0 term=0
ce=53 rx=1 crc=1 new=1 llid=1 len=0 tx=1 txllid=1 txlen=0 term=0
ce=54 rx=1 crc=1 new=1 llid=1 len=0 tx=1 txllid=1 txlen=0 term=0
ce=55 rx=1 crc=1 new=1 llid=1 len=0 tx=1 txllid=1 txlen=0 term=0
ce=56 rx=1 crc=1 new=1 llid=1 len=0 tx=1 txllid=1 txlen=0 term=0
ce=57 rx=1 crc=1 new=1 llid=1 len=0 tx=1 txllid=1 txlen=0 term=0
ce=58 rx=1 crc=1 new=1 llid=1 len=0 tx=1 txllid=1 txlen=0 term=0
ce=59 rx=1 crc=1 new=1 llid=3 len=8 tx=1 txllid=1 txlen=0 term=0
ce=60 rx=1 crc=1 new=1 llid=1 len=0 tx=1 txllid=1 txlen=0 term=0
ce=61 rx=1 crc=1 new=1 llid=1 len=0 tx=1 txllid=1 txlen=0 term=0
ce=62 rx=1 crc=1 new=1 llid=1 len=0 tx=1 txllid=1 txlen=0 term=0
ce=63 rx=1 crc=1 new=1 llid=1 len=0 tx=1 txllid=1 txlen=0 term=0
ce=64 rx=1 crc=1 new=1 llid=1 len=0 tx=1 txllid=1 txlen=0 term=0
ce=65 rx=1 crc=1 new=1 llid=1 len=0 tx=1 txllid=1 txlen=0 term=0
ce=66 rx=1 crc=1 new=1 llid=1 len=0 tx=1 txllid=1 txlen=0 term=0
ce=67 rx=1 crc=1 new=1 llid=1 len=0 tx=1 txllid=1 txlen=0 term=0
ce=68 rx=1 crc=1 new=1 llid=1 len=0 tx=1 txllid=1 txlen=0 term=0
ce=69 rx=1 crc=1 new=1 llid=1 len=0 tx=1 txllid=1 txlen=0 term=0
ce=70 rx=1 crc=1 new=1 llid=1 len=0 tx=1 txllid=1 txlen=0 term=0
ce=71 rx=1 crc=1 new=1 llid=1 len=0 tx=1 txllid=1 txlen=0 term=0
ce=72 rx=1 crc=1 new=1 llid=2 len=11 tx=1 txllid=1 txlen=0 term=0
ce=73 rx=1 crc=1 new=1 llid=1 len=0 tx=1 txllid=2 txlen=11 term=0
ce=74 rx=1 crc=1 new=1 llid=2 len=21 tx=1 txllid=1 txlen=0 term=0
ce=75 rx=1 crc=1 new=1 llid=1 len=0 tx=1 txllid=2 txlen=21 term=0
ce=76 rx=1 crc=1 new=1 llid=2 len=21 tx=1 txllid=1 txlen=0 term=0
ce=77 rx=1 crc=1 new=1 llid=1 len=0 tx=1 txllid=2 txlen=21 term=0
ce=78 rx=1 crc=1 new=1 llid=3 len=23 tx=1 txllid=3 txlen=13 term=0
ce=79 rx=1 crc=1 new=1 llid=1 len=0 tx=1 txllid=3 txlen=1 term=0
encryption=ON ce=80
ce=80 rx=1 crc=1 new=1 llid=3 len=5 tx=1 txllid=1 txlen=0 term=0
encryption=OFF ce=81
ce=81 rx=1 crc=1 new=1 llid=1 len=0 tx=1 txllid=3 txlen=2 term=1
link terminated
enc_dbg followup_armed=1 end_seen=0 crc_ok=0 start_req=0 start_rsp_tx_ok=0 rx_llid1=0 rx_llid2=0 rx_llid3=0 last_hdr=0x00 last_llid=0 last_len=0 last_b0=0x00 main_enc_req=1 main_enc_rsp_tx_ok=1 main_start_req=0 main_start_req_dec=0 main_start_rsp_tx_ok=0 pend_ctrl_rx=0 pend_last_hdr=0x00 pend_last_len_raw=0 pend_last_b0=0x00 pend_last_dec=0 enc_rsp_txen_lag_last_us=2 enc_rsp_txen_lag_max_us=2 mic_fail=0 short_pdu=1 mic_ctr_lo=1 mic_hdr=0x05 mic_len_raw=0 mic_dir=1 mic_state=0x07 mic_b=0x00,00,00,00,00 start_rsp_rx=1 start_rsp_raw_len=0 start_rsp_dec=0 start_rsp_hdr=0x00 pause_req=0 pause_rsp=0 enc_clear=1 clear_reason=0x05 tx_lag_last=1 tx_lag_max=2 enc_tx_cnt=0 enc_tx_lag_last=0 enc_tx_lag_max=0 tx_ctr_lo=0 tx_hdr=0x0F tx_plen=2 tx_alen=2 tx_fresh=0 tx_enc=0 rx_ctr_lo=1 rx_hdr=0x05 rx_len_raw=0 rx_new=1 rx_dec=0 skdm=BA552D9CE1A6D3FB ivm=92473634 skds=5E58418F62BC1AF7 ivs=34272676 sk=CEA139E398E4538AA22EA2CD038579F2 sk_alt=EF5ACDC8F22E309035538201804E388E sk_ok=1 sk_alt_ok=1 rx_dir=0 tx_dir=1
advertising
advertising
advertising
advertising
advertising
advertising
advertising
advertising
advertising
advertising
advertising
advertising
advertising
advertising
advertising
advertising
advertising
advertising
advertising
advertising
advertising
advertising
advertising
advertising
