SetDiscoveryFilter success
Discovery started
[[0;92mNEW[0m] Device 75:15:44:87:D0:4B 75-15-44-87-D0-4B
[[0;92mNEW[0m] Device 48:FA:DA:B1:8F:65 48-FA-DA-B1-8F-65
[[0;93mCHG[0m] Device 48:FA:DA:B1:8F:65 RSSI: 0xffffffa4 (-92)
[[0;93mCHG[0m] Device 48:FA:DA:B1:8F:65 RSSI: 0xffffffa6 (-90)
[[0;92mNEW[0m] Device A4:C1:38:26:4E:DA ATC_264EDA
[[0;93mCHG[0m] Device 48:FA:DA:B1:8F:65 RSSI: 0xffffffa2 (-94)
[[0;93mCHG[0m] Device 48:FA:DA:B1:8F:65 RSSI: 0xffffffa5 (-91)
[[0;93mCHG[0m] Device 48:FA:DA:B1:8F:65 RSSI: 0xffffffa1 (-95)
[[0;92mNEW[0m] Device D0:0C:04:57:CA:70 D0-0C-04-57-CA-70
[[0;92mNEW[0m] Device A4:C1:38:8D:7D:4F ATC_8D7D4F
[[0;93mCHG[0m] Device 48:FA:DA:B1:8F:65 RSSI: 0xffffffa1 (-95)
[[0;93mCHG[0m] Device 75:15:44:87:D0:4B RSSI: 0xffffffae (-82)
[[0;93mCHG[0m] Device 48:FA:DA:B1:8F:65 RSSI: 0xffffffa3 (-93)
[[0;93mCHG[0m] Device 48:FA:DA:B1:8F:65 RSSI: 0xffffffa2 (-94)
[[0;93mCHG[0m] Device 48:FA:DA:B1:8F:65 RSSI: 0xffffffa0 (-96)
[[0;93mCHG[0m] Device 48:FA:DA:B1:8F:65 RSSI: 0xffffffa3 (-93)
[[0;93mCHG[0m] Device 48:FA:DA:B1:8F:65 RSSI: 0xffffffa3 (-93)
[[0;93mCHG[0m] Device 48:FA:DA:B1:8F:65 RSSI: 0xffffffa3 (-93)
[[0;92mNEW[0m] Device C0:DE:54:15:00:51 X54-PAIR
[[0;92mNEW[0m] Device C7:F9:6F:16:65:0A C7-F9-6F-16-65-0A
[[0;92mNEW[0m] Device A4:C1:38:D0:E4:84 ATC_D0E484
[[0;93mCHG[0m] Device 75:15:44:87:D0:4B RSSI: 0xffffffb0 (-80)
