advertising
advertising
advertising
advertising
advertising
advertising
advertising
advertising
advertising
advertising
advertising
advertising
advertising
advertising
connected peer=68:34:21:E5:84:DF int=36
ll_ctrl op=0x08 new=1 tx_ok=1 tx_llid=1 tx_len=0 ce=1
ll_ctrl op=0x0C new=1 tx_ok=1 tx_llid=1 tx_len=0 ce=3
rx_smp code=0x01 l2len=7 rx_len=11 new=1 ce=186
tx_smp code=0x02 l2len=7 tx_len=11 ce=187
rx_smp code=0x03 l2len=17 rx_len=21 new=1 ce=188
tx_smp code=0x03 l2len=17 tx_len=21 ce=189
rx_smp code=0x04 l2len=17 rx_len=21 new=1 ce=190
tx_smp code=0x04 l2len=17 tx_len=21 ce=191
ll_ctrl op=0x03 new=1 tx_ok=1 tx_llid=3 tx_len=13 tx_op=0x04 ce=192
ll_ctrl op=0x02 new=1 tx_ok=1 tx_llid=1 tx_len=0 ce=865
link terminated
advertising
advertising
advertising
advertising
advertising
advertising
advertising
advertising
advertising
advertising
advertising
advertising
advertising
advertising
advertising
advertising
advertising
advertising
advertising
advertising
advertising
advertising
advertising
