SetDiscoveryFilter success
Discovery started
[[0;93mCHG[0m] Device 42:39:35:CC:EE:74 RSSI: 0xffffffaa (-86)
[[0;93mCHG[0m] Device 42:39:35:CC:EE:74 RSSI: 0xffffffab (-85)
[[0;92mNEW[0m] Device A4:C1:38:26:4E:DA ATC_264EDA
[[0;93mCHG[0m] Device 59:9A:E1:16:C7:F1 RSSI: 0xffffffa2 (-94)
[[0;93mCHG[0m] Device 59:9A:E1:16:C7:F1 RSSI: 0xffffffa1 (-95)
[[0;93mCHG[0m] Device 59:9A:E1:16:C7:F1 RSSI: 0xffffff9c (-100)
[[0;93mCHG[0m] Device 42:39:35:CC:EE:74 RSSI: 0xffffffac (-84)
[[0;93mCHG[0m] Device 59:9A:E1:16:C7:F1 RSSI: 0xffffffa7 (-89)
[[0;93mCHG[0m] Device 42:39:35:CC:EE:74 RSSI: 0xffffffac (-84)
[[0;93mCHG[0m] Device 59:9A:E1:16:C7:F1 RSSI: 0xffffffa3 (-93)
[[0;93mCHG[0m] Device 42:39:35:CC:EE:74 RSSI: 0xffffffaa (-86)
[[0;93mCHG[0m] Device 59:9A:E1:16:C7:F1 RSSI: 0xffffffa6 (-90)
[[0;93mCHG[0m] Device A4:C1:38:D0:E4:84 RSSI: 0xffffffa6 (-90)
[[0;93mCHG[0m] Device A4:C1:38:D0:E4:84 UUIDs: 0000181a-0000-1000-8000-00805f9b34fb
[[0;93mCHG[0m] Device A4:C1:38:D0:E4:84 ServiceData.0000181a-0000-1000-8000-00805f9b34fb:
  a4 c1 38 d0 e4 84 00 ca 3a 50 0b 71 a0           ..8.....:P.q.   
[[0;93mCHG[0m] Device 42:39:35:CC:EE:74 RSSI: 0xffffffab (-85)
[[0;93mCHG[0m] Device 59:9A:E1:16:C7:F1 RSSI: 0xffffff9e (-98)
[[0;93mCHG[0m] Device 42:39:35:CC:EE:74 RSSI: 0xffffffae (-82)
[[0;93mCHG[0m] Device 59:9A:E1:16:C7:F1 RSSI: 0xffffffa7 (-89)
[[0;93mCHG[0m] Device 59:9A:E1:16:C7:F1 RSSI: 0xffffffa4 (-92)
