Bluetooth monitor ver 5.72
btmon[1201401]: = Note: Linux version 6.17.0-14-generic (x86_64)       0.251711
btmon[1201401]: = Note: Bluetooth subsystem version 2.22               0.251713
= New Index: 68:34:21:E5:84:DF (Primary,USB,hci0)               [hci0] 0.251714
= Open Index: 68:34:21:E5:84:DF                                 [hci0] 0.251714
= Index Info: 68:34:21:E5:84:DF (Intel Corp.)                   [hci0] 0.251714
bluetoothd[2915165]: @ MGMT Open.. (privileged) version 1.23  {0x0001} 0.251715
bluetoothctl[1201575]: @ MGMT Op.. (privileged) version 1.23  {0x0002} 2.255640
bluetoothctl[1201575]: @ MGMT Close: bluetoothctl             {0x0002} 2.260552
bluetoothd[2915165]: @ MGMT Command.. (0x001b) plen 8  {0x0001} [hci0] 2.268014
        LE Address: C0:DE:54:15:00:61 (Static)
        Disconnect: Enabled (0x01)
@ MGMT Event: Command Complete (0x0001) plen 10        {0x0001} [hci0] 2.268022
      Unpair Device (0x001b) plen 7
        Status: Success (0x00)
        LE Address: C0:DE:54:15:00:61 (Static)
bluetoothctl[1201590]: @ MGMT Op.. (privileged) version 1.23  {0x0002} 2.269362
bluetoothd[2915165]: @ MGMT Command.. (0x0023) plen 1  {0x0001} [hci0] 2.271541
        Address type: 0x07
          BR/EDR
          LE Public
          LE Random
< HCI Command: LE Set Address Resolu.. (0x08|0x002d) plen 1  #1 [hci0] 2.271563
        Address resolution: Disabled (0x00)
bluetoothctl[1201590]: @ MGMT Close: bluetoothctl             {0x0002} 2.271630
bluetoothctl[1201594]: @ MGMT Op.. (privileged) version 1.23  {0x0002} 2.279380
bluetoothctl[1201594]: @ MGMT Close: bluetoothctl             {0x0002} 2.282337
bluetoothctl[1201608]: @ MGMT Op.. (privileged) version 1.23  {0x0002} 2.290143
bluetoothctl[1201608]: @ MGMT Close: bluetoothctl             {0x0002} 2.293133
bluetoothctl[1201623]: @ MGMT Op.. (privileged) version 1.23  {0x0002} 2.300634
bluetoothctl[1201623]: @ MGMT Close: bluetoothctl             {0x0002} 2.303517
bluetoothctl[1201628]: @ MGMT Op.. (privileged) version 1.23  {0x0002} 2.310870
bluetoothctl[1201628]: @ MGMT Close: bluetoothctl             {0x0002} 2.313728
bluetoothctl[1201631]: @ MGMT Op.. (privileged) version 1.23  {0x0002} 2.322009
bluetoothctl[1201631]: @ MGMT Close: bluetoothctl             {0x0002} 2.330561
bluetoothctl[1201635]: @ MGMT Op.. (privileged) version 1.23  {0x0002} 2.339104
bluetoothctl[1201635]: @ MGMT Close: bluetoothctl             {0x0002} 2.346793
> HCI Event: Command Complete (0x0e) plen 4                  #2 [hci0] 2.365143
      LE Set Address Resolution Enable (0x08|0x002d) ncmd 1
        Status: Success (0x00)
< HCI Command: LE Set Random Address (0x08|0x0005) plen 6    #3 [hci0] 2.365276
        Address: 24:C8:C3:3F:68:B8 (Non-Resolvable)
> HCI Event: Command Complete (0x0e) plen 4                  #4 [hci0] 2.366141
      LE Set Random Address (0x08|0x0005) ncmd 1
        Status: Success (0x00)
< HCI Command: LE Set Extended Scan.. (0x08|0x0041) plen 13  #5 [hci0] 2.366224
        Own address type: Random (0x01)
        Filter policy: Accept all advertisement (0x00)
        PHYs: 0x05
        Entry 0: LE 1M
          Type: Active (0x01)
          Interval: 22.500 msec (0x0024)
          Window: 11.250 msec (0x0012)
        Entry 1: LE Coded
          Type: Active (0x01)
          Interval: 67.500 msec (0x006c)
          Window: 33.750 msec (0x0036)
> HCI Event: Command Complete (0x0e) plen 4                  #6 [hci0] 2.367152
      LE Set Extended Scan Parameters (0x08|0x0041) ncmd 1
        Status: Success (0x00)
< HCI Command: LE Set Extended Scan... (0x08|0x0042) plen 6  #7 [hci0] 2.367255
        Extended scan: Enabled (0x01)
        Filter duplicates: Enabled (0x01)
        Duration: 0 msec (0x0000)
        Period: 0.00 sec (0x0000)
> HCI Event: Command Complete (0x0e) plen 4                  #8 [hci0] 2.368141
      LE Set Extended Scan Enable (0x08|0x0042) ncmd 1
        Status: Success (0x00)
@ MGMT Event: Discovering (0x0013) plen 2              {0x0001} [hci0] 2.368254
        Address type: 0x07
          BR/EDR
          LE Public
          LE Random
        Discovery: Enabled (0x01)
< HCI Command: Inquiry (0x01|0x0001) plen 5                  #9 [hci0] 2.368265
        Access code: 0x9e8b33 (General Inquiry)
        Length: 10.24s (0x08)
        Num responses: 0
> HCI Event: Command Status (0x0f) plen 4                   #10 [hci0] 2.381145
      Inquiry (0x01|0x0001) ncmd 1
        Status: Success (0x00)
@ MGMT Event: Command Complete (0x0001) plen 4         {0x0001} [hci0] 2.381272
      Start Discovery (0x0023) plen 1
        Status: Success (0x00)
        Address type: 0x07
          BR/EDR
          LE Public
          LE Random
bluetoothd[2915165]: @ MGMT Command.. (0x0024) plen 1  {0x0001} [hci0] 2.381356
        Address type: 0x07
          BR/EDR
          LE Public
          LE Random
< HCI Command: Inquiry Cancel (0x01|0x0002) plen 0          #11 [hci0] 2.381372
> HCI Event: Command Complete (0x0e) plen 4                 #12 [hci0] 2.383144
      Inquiry Cancel (0x01|0x0002) ncmd 1
        Status: Success (0x00)
< HCI Command: LE Set Extended Scan.. (0x08|0x0042) plen 6  #13 [hci0] 2.383260
        Extended scan: Disabled (0x00)
        Filter duplicates: Disabled (0x00)
        Duration: 0 msec (0x0000)
        Period: 0.00 sec (0x0000)
> HCI Event: Command Complete (0x0e) plen 4                 #14 [hci0] 2.384142
      LE Set Extended Scan Enable (0x08|0x0042) ncmd 1
        Status: Success (0x00)
@ MGMT Event: Discovering (0x0013) plen 2              {0x0001} [hci0] 2.384148
        Address type: 0x07
          BR/EDR
          LE Public
          LE Random
        Discovery: Disabled (0x00)
@ MGMT Event: Command Complete (0x0001) plen 4         {0x0001} [hci0] 2.384156
      Stop Discovery (0x0024) plen 1
        Status: Success (0x00)
        Address type: 0x07
          BR/EDR
          LE Public
          LE Random
