SetDiscoveryFilter success
Discovery started
[[0;92mNEW[0m] Device C0:DE:54:15:00:51 X54-PAIR
[[0;92mNEW[0m] Device 66:CE:EE:9A:66:95 66-CE-EE-9A-66-95
[[0;92mNEW[0m] Device A4:C1:38:75:8A:D6 LYWSD03MMC
[[0;92mNEW[0m] Device 58:BB:A9:61:00:85 58-BB-A9-61-00-85
[[0;93mCHG[0m] Device 58:BB:A9:61:00:85 RSSI: 0xffffffad (-83)
[[0;93mCHG[0m] Device 58:BB:A9:61:00:85 RSSI: 0xffffffa6 (-90)
[[0;92mNEW[0m] Device A4:C1:38:26:4E:DA ATC_264EDA
[[0;93mCHG[0m] Device A4:C1:38:26:4E:DA RSSI: 0xffffffc9 (-55)
[[0;93mCHG[0m] Device A4:C1:38:75:8A:D6 RSSI: 0xffffffb6 (-74)
[[0;93mCHG[0m] Device A4:C1:38:75:8A:D6 UUIDs: 0000fe95-0000-1000-8000-00805f9b34fb
[[0;93mCHG[0m] Device A4:C1:38:75:8A:D6 ServiceData.0000fe95-0000-1000-8000-00805f9b34fb:
  30 58 5b 05 01 d6 8a 75 38 c1 a4 28 01 00        0X[....u8..(..  
[[0;92mNEW[0m] Device DA:34:A3:BC:18:88 DA-34-A3-BC-18-88
[[0;93mCHG[0m] Device 66:CE:EE:9A:66:95 RSSI: 0xffffffa3 (-93)
[[0;93mCHG[0m] Device 66:CE:EE:9A:66:95 RSSI: 0xffffff9f (-97)
[[0;92mNEW[0m] Device A4:C1:38:D0:E4:84 ATC_D0E484
[[0;93mCHG[0m] Device A4:C1:38:26:4E:DA RSSI: 0xffffffc6 (-58)
[[0;93mCHG[0m] Device A4:C1:38:26:4E:DA RSSI: 0xffffffc6 (-58)
[[0;92mNEW[0m] Device C4:5F:62:0A:3F:8C C4-5F-62-0A-3F-8C
[[0;93mCHG[0m] Device C0:DE:54:15:00:51 RSSI: 0xffffffaf (-81)
[[0;93mCHG[0m] Device 66:CE:EE:9A:66:95 RSSI: 0xffffffa2 (-94)
[[0;93mCHG[0m] Device C4:5F:62:0A:3F:8C RSSI: 0xffffffae (-82)
[[0;93mCHG[0m] Device 58:BB:A9:61:00:85 RSSI: 0xffffffaf (-81)
[[0;93mCHG[0m] Device 66:CE:EE:9A:66:95 RSSI: 0xffffffa0 (-96)
[[0;93mCHG[0m] Device 58:BB:A9:61:00:85 RSSI: 0xffffffae (-82)
[[0;93mCHG[0m] Device 58:BB:A9:61:00:85 RSSI: 0xffffffb1 (-79)
[[0;93mCHG[0m] Device C0:DE:54:15:00:51 RSSI: 0xffffffb0 (-80)
[[0;93mCHG[0m] Device 66:CE:EE:9A:66:95 RSSI: 0xffffffa2 (-94)
