SetDiscoveryFilter success
hci0 type 1 discovering off
hci0 type 7 discovering on
Discovery started
[[0;92mNEW[0m] Device 7B:D9:E9:4E:3A:35 7B-D9-E9-4E-3A-35
[[0;92mNEW[0m] Device 4B:21:C2:20:D7:B3 4B-21-C2-20-D7-B3
[[0;92mNEW[0m] Device A4:C1:38:75:8A:D6 LYWSD03MMC
[[0;93mCHG[0m] Device 4B:21:C2:20:D7:B3 RSSI: 0xffffffaf (-81)
[[0;92mNEW[0m] Device C0:DE:54:15:00:51 X54-PAIR
[[0;92mNEW[0m] Device A4:C1:38:9D:41:32 ATC_9D4132
[[0;93mCHG[0m] Device 7B:D9:E9:4E:3A:35 RSSI: 0xffffffa4 (-92)
[[0;93mCHG[0m] Device 7B:D9:E9:4E:3A:35 RSSI: 0xffffffa7 (-89)
[[0;93mCHG[0m] Device 7B:D9:E9:4E:3A:35 RSSI: 0xffffffa1 (-95)
[[0;93mCHG[0m] Device 4B:21:C2:20:D7:B3 RSSI: 0xffffffb0 (-80)
[[0;93mCHG[0m] Device C0:DE:54:15:00:51 RSSI: 0xffffffa7 (-89)
[[0;92mNEW[0m] Device A4:C1:38:D0:E4:84 ATC_D0E484
[[0;93mCHG[0m] Device C0:DE:54:15:00:51 RSSI: 0xffffffa7 (-89)
[[0;93mCHG[0m] Device 7B:D9:E9:4E:3A:35 RSSI: 0xffffffa7 (-89)
[[0;93mCHG[0m] Device 7B:D9:E9:4E:3A:35 RSSI: 0xffffffa8 (-88)
[[0;93mCHG[0m] Device 4B:21:C2:20:D7:B3 RSSI: 0xffffffb0 (-80)
[[0;93mCHG[0m] Device A4:C1:38:75:8A:D6 RSSI: 0xffffffb1 (-79)
[[0;93mCHG[0m] Device 7B:D9:E9:4E:3A:35 RSSI: 0xffffffa0 (-96)
[[0;92mNEW[0m] Device A4:C1:38:26:4E:DA ATC_264EDA
[[0;93mCHG[0m] Device 7B:D9:E9:4E:3A:35 RSSI: 0xffffffa3 (-93)
[[0;93mCHG[0m] Device 7B:D9:E9:4E:3A:35 RSSI: 0xffffffa1 (-95)
[[0;93mCHG[0m] Device 7B:D9:E9:4E:3A:35 RSSI: 0xffffffa5 (-91)
