advertising
advertising
advertising
advertising
advertising
advertising
advertising
advertising
advertising
advertising
advertising
advertising
advertising
advertising
advertising
advertising
advertising
[trace] CONNECTED
connected peer=68:34:21:E5:84:DF int=36
ce=1 rx=1 crc=1 new=0 llid=3 len=9 tx=1 txllid=1 txlen=0 term=0
ce=2 rx=1 crc=1 new=1 llid=3 len=9 tx=1 txllid=1 txlen=0 term=0
ce=3 rx=1 crc=1 new=1 llid=1 len=0 tx=1 txllid=3 txlen=9 term=0
ce=4 rx=1 crc=1 new=1 llid=3 len=6 tx=1 txllid=1 txlen=0 term=0
[trace] SMP_PAIRING_REQUEST_RX
ce=5 rx=1 crc=1 new=1 llid=2 len=11 tx=1 txllid=3 txlen=6 term=0
ce=6 rx=1 crc=1 new=1 llid=1 len=0 tx=1 txllid=2 txlen=11 term=0
ce=7 rx=1 crc=1 new=0 llid=1 len=0 tx=1 txllid=2 txlen=11 term=0
[trace] SMP_PAIRING_FAILED_RX
ce=8 rx=1 crc=1 new=1 llid=2 len=6 tx=1 txllid=1 txlen=0 term=0
ce=9 rx=1 crc=1 new=1 llid=1 len=0 tx=1 txllid=1 txlen=0 term=0
ce=10 rx=1 crc=1 new=0 llid=1 len=0 tx=1 txllid=1 txlen=0 term=0
ce=11 rx=1 crc=1 new=1 llid=1 len=0 tx=1 txllid=1 txlen=0 term=0
ce=12 rx=1 crc=1 new=1 llid=1 len=0 tx=1 txllid=1 txlen=0 term=0
ce=13 rx=1 crc=1 new=0 llid=1 len=0 tx=1 txllid=1 txlen=0 term=0
ce=14 rx=1 crc=1 new=1 llid=1 len=0 tx=1 txllid=1 txlen=0 term=0
ce=15 rx=1 crc=1 new=1 llid=1 len=0 tx=1 txllid=1 txlen=0 term=0
ce=16 rx=1 crc=1 new=1 llid=1 len=0 tx=1 txllid=1 txlen=0 term=0
ce=17 rx=1 crc=1 new=1 llid=1 len=0 tx=1 txllid=1 txlen=0 term=0
ce=18 rx=1 crc=1 new=1 llid=1 len=0 tx=1 txllid=1 txlen=0 term=0
ce=19 rx=1 crc=1 new=1 llid=1 len=0 tx=1 txllid=1 txlen=0 term=0
ce=20 rx=1 crc=1 new=1 llid=1 len=0 tx=1 txllid=1 txlen=0 term=0
ce=21 rx=1 crc=1 new=1 llid=1 len=0 tx=1 txllid=1 txlen=0 term=0
ce=22 rx=1 crc=1 new=1 llid=1 len=0 tx=1 txllid=1 txlen=0 term=0
ce=23 rx=1 crc=1 new=1 llid=1 len=0 tx=1 txllid=1 txlen=0 term=0
ce=24 rx=1 crc=1 new=0 llid=1 len=0 tx=1 txllid=1 txlen=0 term=0
ce=25 rx=1 crc=1 new=1 llid=1 len=0 tx=1 txllid=1 txlen=0 term=0
ce=26 rx=1 crc=1 new=1 llid=1 len=0 tx=1 txllid=1 txlen=0 term=0
ce=27 rx=1 crc=1 new=1 llid=1 len=0 tx=1 txllid=1 txlen=0 term=0
ce=28 rx=1 crc=1 new=1 llid=1 len=0 tx=1 txllid=1 txlen=0 term=0
ce=29 rx=1 crc=1 new=1 llid=1 len=0 tx=1 txllid=1 txlen=0 term=0
ce=30 rx=1 crc=1 new=1 llid=1 len=0 tx=1 txllid=1 txlen=0 term=0
ce=31 rx=1 crc=1 new=1 llid=1 len=0 tx=1 txllid=1 txlen=0 term=0
ce=32 rx=1 crc=1 new=1 llid=1 len=0 tx=1 txllid=1 txlen=0 term=0
ce=33 rx=1 crc=1 new=1 llid=1 len=0 tx=1 txllid=1 txlen=0 term=0
ce=34 rx=1 crc=1 new=1 llid=1 len=0 tx=1 txllid=1 txlen=0 term=0
ce=35 rx=1 crc=1 new=1 llid=1 len=0 tx=1 txllid=1 txlen=0 term=0
ce=36 rx=1 crc=1 new=1 llid=1 len=0 tx=1 txllid=1 txlen=0 term=0
ce=37 rx=1 crc=1 new=1 llid=1 len=0 tx=1 txllid=1 txlen=0 term=0
ce=38 rx=1 crc=1 new=1 llid=1 len=0 tx=1 txllid=1 txlen=0 term=0
ce=39 rx=1 crc=1 new=1 llid=1 len=0 tx=1 txllid=1 txlen=0 term=0
ce=40 rx=1 crc=1 new=1 llid=1 len=0 tx=1 txllid=1 txlen=0 term=0
ce=41 rx=1 crc=1 new=1 llid=1 len=0 tx=1 txllid=1 txlen=0 term=0
ce=42 rx=1 crc=1 new=1 llid=1 len=0 tx=1 txllid=1 txlen=0 term=0
ce=43 rx=1 crc=1 new=0 llid=1 len=0 tx=1 txllid=1 txlen=0 term=0
ce=44 rx=1 crc=1 new=1 llid=1 len=0 tx=1 txllid=1 txlen=0 term=0
ce=45 rx=1 crc=1 new=1 llid=1 len=0 tx=1 txllid=1 txlen=0 term=0
ce=46 rx=1 crc=1 new=1 llid=1 len=0 tx=1 txllid=1 txlen=0 term=0
ce=47 rx=1 crc=1 new=1 llid=1 len=0 tx=1 txllid=1 txlen=0 term=0
ce=48 rx=1 crc=1 new=1 llid=1 len=0 tx=1 txllid=1 txlen=0 term=0
ce=49 rx=1 crc=1 new=1 llid=1 len=0 tx=1 txllid=1 txlen=0 term=0
ce=50 rx=1 crc=1 new=1 llid=1 len=0 tx=1 txllid=1 txlen=0 term=0
ce=51 rx=1 crc=1 new=1 llid=1 len=0 tx=1 txllid=1 txlen=0 term=0
ce=52 rx=1 crc=1 new=1 llid=1 len=0 tx=1 txllid=1 txlen=0 term=0
ce=53 rx=1 crc=1 new=0 llid=1 len=0 tx=1 txllid=1 txlen=0 term=0
ce=54 rx=1 crc=1 new=1 llid=1 len=0 tx=1 txllid=1 txlen=0 term=0
ce=55 rx=1 crc=1 new=1 llid=1 len=0 tx=1 txllid=1 txlen=0 term=0
ce=56 rx=1 crc=1 new=1 llid=1 len=0 tx=1 txllid=1 txlen=0 term=0
ce=57 rx=1 crc=1 new=1 llid=1 len=0 tx=1 txllid=1 txlen=0 term=0
ce=58 rx=1 crc=1 new=1 llid=1 len=0 tx=1 txllid=1 txlen=0 term=0
ce=59 rx=1 crc=1 new=1 llid=1 len=0 tx=1 txllid=1 txlen=0 term=0
ce=60 rx=1 crc=1 new=1 llid=1 len=0 tx=1 txllid=1 txlen=0 term=0
ce=61 rx=1 crc=1 new=1 llid=1 len=0 tx=1 txllid=1 txlen=0 term=0
ce=62 rx=1 crc=1 new=1 llid=1 len=0 tx=1 txllid=1 txlen=0 term=0
ce=63 rx=1 crc=1 new=1 llid=1 len=0 tx=1 txllid=1 txlen=0 term=0
ce=64 rx=1 crc=1 new=1 llid=1 len=0 tx=1 txllid=1 txlen=0 term=0
ce=65 rx=1 crc=1 new=1 llid=1 len=0 tx=1 txllid=1 txlen=0 term=0
ce=66 rx=1 crc=1 new=1 llid=1 len=0 tx=1 txllid=1 txlen=0 term=0
ce=67 rx=1 crc=1 new=1 llid=1 len=0 tx=1 txllid=1 txlen=0 term=0
ce=68 rx=1 crc=1 new=1 llid=1 len=0 tx=1 txllid=1 txlen=0 term=0
ce=69 rx=1 crc=1 new=1 llid=1 len=0 tx=1 txllid=1 txlen=0 term=0
ce=70 rx=1 crc=1 new=1 llid=1 len=0 tx=1 txllid=1 txlen=0 term=0
ce=71 rx=1 crc=1 new=1 llid=1 len=0 tx=1 txllid=1 txlen=0 term=0
ce=72 rx=1 crc=1 new=1 llid=1 len=0 tx=1 txllid=1 txlen=0 term=0
ce=73 rx=1 crc=1 new=1 llid=1 len=0 tx=1 txllid=1 txlen=0 term=0
ce=74 rx=1 crc=1 new=1 llid=1 len=0 tx=1 txllid=1 txlen=0 term=0
ce=75 rx=1 crc=1 new=1 llid=1 len=0 tx=1 txllid=1 txlen=0 term=0
ce=76 rx=1 crc=1 new=0 llid=1 len=0 tx=1 txllid=1 txlen=0 term=0
ce=77 rx=1 crc=1 new=1 llid=1 len=0 tx=1 txllid=1 txlen=0 term=0
ce=78 rx=1 crc=1 new=1 llid=1 len=0 tx=1 txllid=1 txlen=0 term=0
ce=79 rx=1 crc=1 new=1 llid=1 len=0 tx=1 txllid=1 txlen=0 term=0
ce=80 rx=1 crc=1 new=1 llid=1 len=0 tx=1 txllid=1 txlen=0 term=0
ce=81 rx=1 crc=1 new=1 llid=1 len=0 tx=1 txllid=1 txlen=0 term=0
ce=82 rx=1 crc=1 new=1 llid=1 len=0 tx=1 txllid=1 txlen=0 term=0
ce=83 rx=1 crc=1 new=1 llid=1 len=0 tx=1 txllid=1 txlen=0 term=0
ce=84 rx=1 crc=1 new=1 llid=1 len=0 tx=1 txllid=1 txlen=0 term=0
ce=85 rx=1 crc=1 new=1 llid=1 len=0 tx=1 txllid=1 txlen=0 term=0
ce=86 rx=1 crc=1 new=1 llid=1 len=0 tx=1 txllid=1 txlen=0 term=0
ce=87 rx=1 crc=1 new=1 llid=1 len=0 tx=1 txllid=1 txlen=0 term=0
ce=88 rx=1 crc=1 new=1 llid=1 len=0 tx=1 txllid=1 txlen=0 term=0
ce=89 rx=1 crc=1 new=1 llid=1 len=0 tx=1 txllid=1 txlen=0 term=0
ce=90 rx=1 crc=1 new=1 llid=1 len=0 tx=1 txllid=1 txlen=0 term=0
ce=91 rx=1 crc=1 new=1 llid=1 len=0 tx=1 txllid=1 txlen=0 term=0
ce=92 rx=1 crc=1 new=1 llid=1 len=0 tx=1 txllid=1 txlen=0 term=0
ce=93 rx=1 crc=1 new=1 llid=1 len=0 tx=1 txllid=1 txlen=0 term=0
ce=94 rx=1 crc=1 new=1 llid=1 len=0 tx=1 txllid=1 txlen=0 term=0
ce=95 rx=1 crc=1 new=1 llid=1 len=0 tx=1 txllid=1 txlen=0 term=0
ce=96 rx=1 crc=1 new=1 llid=1 len=0 tx=1 txllid=1 txlen=0 term=0
ce=97 rx=1 crc=1 new=1 llid=1 len=0 tx=1 txllid=1 txlen=0 term=0
ce=98 rx=1 crc=1 new=1 llid=1 len=0 tx=1 txllid=1 txlen=0 term=0
ce=99 rx=1 crc=1 new=1 llid=1 len=0 tx=1 txllid=1 txlen=0 term=0
ce=100 rx=1 crc=1 new=1 llid=1 len=0 tx=1 txllid=1 txlen=0 term=0
ce=101 rx=1 crc=1 new=1 llid=1 len=0 tx=1 txllid=1 txlen=0 term=0
ce=102 rx=1 crc=1 new=1 llid=1 len=0 tx=1 txllid=1 txlen=0 term=0
ce=103 rx=1 crc=1 new=1 llid=1 len=0 tx=1 txllid=1 txlen=0 term=0
ce=104 rx=1 crc=1 new=1 llid=1 len=0 tx=1 txllid=1 txlen=0 term=0
ce=105 rx=1 crc=1 new=1 llid=1 len=0 tx=1 txllid=1 txlen=0 term=0
ce=106 rx=1 crc=0 new=0 llid=0 len=0 tx=0 txllid=1 txlen=0 term=0
ce=107 rx=1 crc=1 new=1 llid=1 len=0 tx=1 txllid=1 txlen=0 term=0
ce=108 rx=1 crc=1 new=1 llid=1 len=0 tx=1 txllid=1 txlen=0 term=0
[trace] EVT_RX_TIMEOUT
ce=109 rx=0 crc=0 new=0 llid=0 len=0 tx=0 txllid=1 txlen=0 term=0
ce=110 rx=1 crc=1 new=1 llid=1 len=0 tx=1 txllid=1 txlen=0 term=0
ce=111 rx=1 crc=1 new=1 llid=1 len=0 tx=1 txllid=1 txlen=0 term=0
ce=112 rx=1 crc=1 new=1 llid=1 len=0 tx=1 txllid=1 txlen=0 term=0
ce=113 rx=1 crc=1 new=1 llid=1 len=0 tx=1 txllid=1 txlen=0 term=0
ce=114 rx=1 crc=1 new=1 llid=3 len=8 tx=1 txllid=1 txlen=0 term=0
ce=115 rx=1 crc=1 new=1 llid=1 len=0 tx=1 txllid=1 txlen=0 term=0
ce=116 rx=1 crc=1 new=1 llid=1 len=0 tx=1 txllid=1 txlen=0 term=0
ce=117 rx=1 crc=1 new=1 llid=1 len=0 tx=1 txllid=1 txlen=0 term=0
ce=118 rx=1 crc=1 new=1 llid=1 len=0 tx=1 txllid=1 txlen=0 term=0
ce=119 rx=1 crc=1 new=1 llid=1 len=0 tx=1 txllid=1 txlen=0 term=0
ce=120 rx=1 crc=1 new=1 llid=1 len=0 tx=1 txllid=1 txlen=0 term=0
ce=121 rx=1 crc=1 new=1 llid=1 len=0 tx=1 txllid=1 txlen=0 term=0
ce=122 rx=1 crc=1 new=1 llid=1 len=0 tx=1 txllid=1 txlen=0 term=0
ce=123 rx=1 crc=1 new=1 llid=1 len=0 tx=1 txllid=1 txlen=0 term=0
ce=124 rx=1 crc=1 new=1 llid=1 len=0 tx=1 txllid=1 txlen=0 term=0
ce=125 rx=1 crc=1 new=1 llid=1 len=0 tx=1 txllid=1 txlen=0 term=0
ce=126 rx=1 crc=1 new=1 llid=1 len=0 tx=1 txllid=1 txlen=0 term=0
ce=127 rx=1 crc=1 new=1 llid=1 len=0 tx=1 txllid=1 txlen=0 term=0
ce=128 rx=1 crc=1 new=1 llid=1 len=0 tx=1 txllid=1 txlen=0 term=0
ce=129 rx=1 crc=1 new=1 llid=1 len=0 tx=1 txllid=1 txlen=0 term=0
ce=130 rx=1 crc=1 new=1 llid=1 len=0 tx=1 txllid=1 txlen=0 term=0
ce=131 rx=1 crc=1 new=1 llid=1 len=0 tx=1 txllid=1 txlen=0 term=0
ce=132 rx=1 crc=1 new=1 llid=1 len=0 tx=1 txllid=1 txlen=0 term=0
[trace] EVT_RX_TIMEOUT
ce=133 rx=0 crc=0 new=0 llid=0 len=0 tx=0 txllid=1 txlen=0 term=0
ce=134 rx=1 crc=1 new=1 llid=1 len=0 tx=1 txllid=1 txlen=0 term=0
ce=135 rx=1 crc=1 new=1 llid=1 len=0 tx=1 txllid=1 txlen=0 term=0
ce=136 rx=1 crc=1 new=1 llid=1 len=0 tx=1 txllid=1 txlen=0 term=0
ce=137 rx=1 crc=1 new=1 llid=1 len=0 tx=1 txllid=1 txlen=0 term=0
ce=138 rx=1 crc=1 new=1 llid=1 len=0 tx=1 txllid=1 txlen=0 term=0
ce=139 rx=1 crc=1 new=1 llid=1 len=0 tx=1 txllid=1 txlen=0 term=0
ce=140 rx=1 crc=1 new=1 llid=1 len=0 tx=1 txllid=1 txlen=0 term=0
ce=141 rx=1 crc=1 new=1 llid=1 len=0 tx=1 txllid=1 txlen=0 term=0
ce=142 rx=1 crc=1 new=1 llid=1 len=0 tx=1 txllid=1 txlen=0 term=0
ce=143 rx=1 crc=1 new=1 llid=1 len=0 tx=1 txllid=1 txlen=0 term=0
ce=144 rx=1 crc=1 new=1 llid=1 len=0 tx=1 txllid=1 txlen=0 term=0
ce=145 rx=1 crc=1 new=1 llid=1 len=0 tx=1 txllid=1 txlen=0 term=0
ce=146 rx=1 crc=1 new=1 llid=1 len=0 tx=1 txllid=1 txlen=0 term=0
ce=147 rx=1 crc=1 new=1 llid=1 len=0 tx=1 txllid=1 txlen=0 term=0
ce=148 rx=1 crc=1 new=1 llid=1 len=0 tx=1 txllid=1 txlen=0 term=0
ce=149 rx=1 crc=1 new=1 llid=1 len=0 tx=1 txllid=1 txlen=0 term=0
ce=150 rx=1 crc=1 new=1 llid=1 len=0 tx=1 txllid=1 txlen=0 term=0
ce=151 rx=1 crc=1 new=1 llid=1 len=0 tx=1 txllid=1 txlen=0 term=0
ce=152 rx=1 crc=1 new=1 llid=1 len=0 tx=1 txllid=1 txlen=0 term=0
ce=153 rx=1 crc=1 new=1 llid=1 len=0 tx=1 txllid=1 txlen=0 term=0
ce=154 rx=1 crc=1 new=1 llid=1 len=0 tx=1 txllid=1 txlen=0 term=0
ce=155 rx=1 crc=1 new=1 llid=1 len=0 tx=1 txllid=1 txlen=0 term=0
ce=156 rx=1 crc=1 new=1 llid=1 len=0 tx=1 txllid=1 txlen=0 term=0
ce=157 rx=1 crc=1 new=0 llid=1 len=0 tx=1 txllid=1 txlen=0 term=0
ce=158 rx=1 crc=1 new=1 llid=1 len=0 tx=1 txllid=1 txlen=0 term=0
ce=159 rx=1 crc=1 new=1 llid=1 len=0 tx=1 txllid=1 txlen=0 term=0
ce=160 rx=1 crc=1 new=1 llid=1 len=0 tx=1 txllid=1 txlen=0 term=0
ce=161 rx=1 crc=1 new=1 llid=1 len=0 tx=1 txllid=1 txlen=0 term=0
ce=162 rx=1 crc=1 new=1 llid=1 len=0 tx=1 txllid=1 txlen=0 term=0
ce=163 rx=1 crc=1 new=0 llid=1 len=0 tx=1 txllid=1 txlen=0 term=0
ce=164 rx=1 crc=1 new=1 llid=1 len=0 tx=1 txllid=1 txlen=0 term=0
ce=165 rx=1 crc=1 new=1 llid=1 len=0 tx=1 txllid=1 txlen=0 term=0
ce=166 rx=1 crc=1 new=0 llid=1 len=0 tx=1 txllid=1 txlen=0 term=0
ce=167 rx=1 crc=1 new=1 llid=1 len=0 tx=1 txllid=1 txlen=0 term=0
ce=168 rx=1 crc=1 new=1 llid=1 len=0 tx=1 txllid=1 txlen=0 term=0
ce=169 rx=1 crc=1 new=1 llid=1 len=0 tx=1 txllid=1 txlen=0 term=0
ce=170 rx=1 crc=1 new=0 llid=1 len=0 tx=1 txllid=1 txlen=0 term=0
ce=171 rx=1 crc=1 new=1 llid=1 len=0 tx=1 txllid=1 txlen=0 term=0
ce=172 rx=1 crc=0 new=0 llid=0 len=0 tx=0 txllid=1 txlen=0 term=0
ce=173 rx=1 crc=1 new=1 llid=1 len=0 tx=1 txllid=1 txlen=0 term=0
ce=174 rx=1 crc=1 new=1 llid=1 len=0 tx=1 txllid=1 txlen=0 term=0
ce=175 rx=1 crc=1 new=1 llid=1 len=0 tx=1 txllid=1 txlen=0 term=0
ce=176 rx=1 crc=1 new=1 llid=1 len=0 tx=1 txllid=1 txlen=0 term=0
ce=177 rx=1 crc=1 new=1 llid=1 len=0 tx=1 txllid=1 txlen=0 term=0
ce=178 rx=1 crc=1 new=0 llid=1 len=0 tx=1 txllid=1 txlen=0 term=0
ce=179 rx=1 crc=1 new=1 llid=1 len=0 tx=1 txllid=1 txlen=0 term=0
ce=180 rx=1 crc=1 new=1 llid=1 len=0 tx=1 txllid=1 txlen=0 term=0
ce=181 rx=1 crc=1 new=1 llid=1 len=0 tx=1 txllid=1 txlen=0 term=0
ce=182 rx=1 crc=1 new=1 llid=1 len=0 tx=1 txllid=1 txlen=0 term=0
ce=183 rx=1 crc=1 new=1 llid=1 len=0 tx=1 txllid=1 txlen=0 term=0
ce=184 rx=1 crc=1 new=1 llid=1 len=0 tx=1 txllid=1 txlen=0 term=0
ce=185 rx=1 crc=1 new=1 llid=1 len=0 tx=1 txllid=1 txlen=0 term=0
ce=186 rx=1 crc=1 new=1 llid=1 len=0 tx=1 txllid=1 txlen=0 term=0
ce=187 rx=1 crc=1 new=1 llid=1 len=0 tx=1 txllid=1 txlen=0 term=0
ce=188 rx=1 crc=1 new=1 llid=1 len=0 tx=1 txllid=1 txlen=0 term=0
ce=189 rx=1 crc=1 new=1 llid=1 len=0 tx=1 txllid=1 txlen=0 term=0
ce=190 rx=1 crc=1 new=1 llid=1 len=0 tx=1 txllid=1 txlen=0 term=0
ce=191 rx=1 crc=1 new=1 llid=3 len=8 tx=1 txllid=1 txlen=0 term=0
ce=192 rx=1 crc=1 new=1 llid=1 len=0 tx=1 txllid=1 txlen=0 term=0
ce=193 rx=1 crc=1 new=1 llid=1 len=0 tx=1 txllid=1 txlen=0 term=0
ce=194 rx=1 crc=1 new=1 llid=1 len=0 tx=1 txllid=1 txlen=0 term=0
ce=195 rx=1 crc=1 new=1 llid=1 len=0 tx=1 txllid=1 txlen=0 term=0
ce=196 rx=1 crc=1 new=1 llid=1 len=0 tx=1 txllid=1 txlen=0 term=0
ce=197 rx=1 crc=1 new=1 llid=1 len=0 tx=1 txllid=1 txlen=0 term=0
ce=198 rx=1 crc=1 new=1 llid=1 len=0 tx=1 txllid=1 txlen=0 term=0
ce=199 rx=1 crc=1 new=1 llid=1 len=0 tx=1 txllid=1 txlen=0 term=0
ce=200 rx=1 crc=1 new=1 llid=1 len=0 tx=1 txllid=1 txlen=0 term=0
ce=201 rx=1 crc=1 new=1 llid=1 len=0 tx=1 txllid=1 txlen=0 term=0
ce=202 rx=1 crc=1 new=1 llid=1 len=0 tx=1 txllid=1 txlen=0 term=0
ce=203 rx=1 crc=1 new=1 llid=1 len=0 tx=1 txllid=1 txlen=0 term=0
ce=204 rx=1 crc=1 new=1 llid=1 len=0 tx=1 txllid=1 txlen=0 term=0
ce=205 rx=1 crc=1 new=1 llid=1 len=0 tx=1 txllid=1 txlen=0 term=0
ce=206 rx=1 crc=1 new=1 llid=1 len=0 tx=1 txllid=1 txlen=0 term=0
ce=207 rx=1 crc=1 new=1 llid=1 len=0 tx=1 txllid=1 txlen=0 term=0
ce=208 rx=1 crc=1 new=1 llid=1 len=0 tx=1 txllid=1 txlen=0 term=0
ce=209 rx=1 crc=1 new=1 llid=1 len=0 tx=1 txllid=1 txlen=0 term=0
ce=210 rx=1 crc=1 new=1 llid=1 len=0 tx=1 txllid=1 txlen=0 term=0
ce=211 rx=1 crc=1 new=1 llid=1 len=0 tx=1 txllid=1 txlen=0 term=0
ce=212 rx=1 crc=1 new=1 llid=1 len=0 tx=1 txllid=1 txlen=0 term=0
ce=213 rx=1 crc=1 new=1 llid=1 len=0 tx=1 txllid=1 txlen=0 term=0
ce=214 rx=1 crc=1 new=1 llid=1 len=0 tx=1 txllid=1 txlen=0 term=0
ce=215 rx=1 crc=1 new=0 llid=1 len=0 tx=1 txllid=1 txlen=0 term=0
ce=216 rx=1 crc=1 new=1 llid=1 len=0 tx=1 txllid=1 txlen=0 term=0
ce=217 rx=1 crc=1 new=1 llid=1 len=0 tx=1 txllid=1 txlen=0 term=0
ce=218 rx=1 crc=1 new=1 llid=1 len=0 tx=1 txllid=1 txlen=0 term=0
ce=219 rx=1 crc=1 new=1 llid=1 len=0 tx=1 txllid=1 txlen=0 term=0
ce=220 rx=1 crc=1 new=1 llid=1 len=0 tx=1 txllid=1 txlen=0 term=0
ce=221 rx=1 crc=1 new=1 llid=1 len=0 tx=1 txllid=1 txlen=0 term=0
ce=222 rx=1 crc=1 new=1 llid=1 len=0 tx=1 txllid=1 txlen=0 term=0
ce=223 rx=1 crc=1 new=1 llid=1 len=0 tx=1 txllid=1 txlen=0 term=0
ce=224 rx=1 crc=1 new=1 llid=1 len=0 tx=1 txllid=1 txlen=0 term=0
ce=225 rx=1 crc=1 new=1 llid=1 len=0 tx=1 txllid=1 txlen=0 term=0
ce=226 rx=1 crc=1 new=1 llid=1 len=0 tx=1 txllid=1 txlen=0 term=0
ce=227 rx=1 crc=1 new=1 llid=1 len=0 tx=1 txllid=1 txlen=0 term=0
ce=228 rx=1 crc=1 new=1 llid=1 len=0 tx=1 txllid=1 txlen=0 term=0
ce=229 rx=1 crc=1 new=1 llid=1 len=0 tx=1 txllid=1 txlen=0 term=0
ce=230 rx=1 crc=1 new=1 llid=1 len=0 tx=1 txllid=1 txlen=0 term=0
ce=231 rx=1 crc=1 new=1 llid=1 len=0 tx=1 txllid=1 txlen=0 term=0
ce=232 rx=1 crc=1 new=1 llid=1 len=0 tx=1 txllid=1 txlen=0 term=0
ce=233 rx=1 crc=1 new=1 llid=1 len=0 tx=1 txllid=1 txlen=0 term=0
ce=234 rx=1 crc=1 new=1 llid=1 len=0 tx=1 txllid=1 txlen=0 term=0
ce=235 rx=1 crc=1 new=1 llid=1 len=0 tx=1 txllid=1 txlen=0 term=0
ce=236 rx=1 crc=1 new=1 llid=1 len=0 tx=1 txllid=1 txlen=0 term=0
ce=237 rx=1 crc=1 new=0 llid=1 len=0 tx=1 txllid=1 txlen=0 term=0
[trace] EVT_RX_TIMEOUT
ce=238 rx=0 crc=0 new=0 llid=0 len=0 tx=0 txllid=1 txlen=0 term=0
ce=239 rx=1 crc=1 new=1 llid=1 len=0 tx=1 txllid=1 txlen=0 term=0
ce=240 rx=1 crc=1 new=1 llid=1 len=0 tx=1 txllid=1 txlen=0 term=0
ce=241 rx=1 crc=1 new=1 llid=1 len=0 tx=1 txllid=1 txlen=0 term=0
ce=242 rx=1 crc=1 new=1 llid=1 len=0 tx=1 txllid=1 txlen=0 term=0
ce=243 rx=1 crc=1 new=1 llid=1 len=0 tx=1 txllid=1 txlen=0 term=0
ce=244 rx=1 crc=1 new=1 llid=1 len=0 tx=1 txllid=1 txlen=0 term=0
ce=245 rx=1 crc=1 new=1 llid=1 len=0 tx=1 txllid=1 txlen=0 term=0
ce=246 rx=1 crc=1 new=1 llid=1 len=0 tx=1 txllid=1 txlen=0 term=0
ce=247 rx=1 crc=1 new=1 llid=3 len=8 tx=1 txllid=1 txlen=0 term=0
ce=248 rx=1 crc=1 new=1 llid=1 len=0 tx=1 txllid=1 txlen=0 term=0
ce=249 rx=1 crc=1 new=1 llid=1 len=0 tx=1 txllid=1 txlen=0 term=0
ce=250 rx=1 crc=1 new=1 llid=1 len=0 tx=1 txllid=1 txlen=0 term=0
ce=251 rx=1 crc=1 new=1 llid=1 len=0 tx=1 txllid=1 txlen=0 term=0
ce=252 rx=1 crc=1 new=1 llid=1 len=0 tx=1 txllid=1 txlen=0 term=0
ce=253 rx=1 crc=1 new=1 llid=1 len=0 tx=1 txllid=1 txlen=0 term=0
ce=254 rx=1 crc=1 new=1 llid=1 len=0 tx=1 txllid=1 txlen=0 term=0
ce=255 rx=1 crc=1 new=1 llid=1 len=0 tx=1 txllid=1 txlen=0 term=0
ce=256 rx=1 crc=1 new=1 llid=1 len=0 tx=1 txllid=1 txlen=0 term=0
ce=257 rx=1 crc=1 new=0 llid=1 len=0 tx=1 txllid=1 txlen=0 term=0
ce=258 rx=1 crc=1 new=1 llid=1 len=0 tx=1 txllid=1 txlen=0 term=0
ce=259 rx=1 crc=1 new=1 llid=1 len=0 tx=1 txllid=1 txlen=0 term=0
ce=260 rx=1 crc=1 new=1 llid=1 len=0 tx=1 txllid=1 txlen=0 term=0
ce=261 rx=1 crc=1 new=1 llid=1 len=0 tx=1 txllid=1 txlen=0 term=0
ce=262 rx=1 crc=1 new=1 llid=1 len=0 tx=1 txllid=1 txlen=0 term=0
[trace] EVT_RX_TIMEOUT
ce=263 rx=0 crc=0 new=0 llid=0 len=0 tx=0 txllid=1 txlen=0 term=0
ce=264 rx=1 crc=1 new=1 llid=1 len=0 tx=1 txllid=1 txlen=0 term=0
ce=265 rx=1 crc=1 new=1 llid=1 len=0 tx=1 txllid=1 txlen=0 term=0
ce=266 rx=1 crc=1 new=0 llid=1 len=0 tx=1 txllid=1 txlen=0 term=0
ce=267 rx=1 crc=1 new=1 llid=1 len=0 tx=1 txllid=1 txlen=0 term=0
ce=268 rx=1 crc=1 new=1 llid=1 len=0 tx=1 txllid=1 txlen=0 term=0
ce=269 rx=1 crc=1 new=1 llid=1 len=0 tx=1 txllid=1 txlen=0 term=0
ce=270 rx=1 crc=1 new=1 llid=1 len=0 tx=1 txllid=1 txlen=0 term=0
ce=271 rx=1 crc=1 new=1 llid=1 len=0 tx=1 txllid=1 txlen=0 term=0
ce=272 rx=1 crc=1 new=1 llid=1 len=0 tx=1 txllid=1 txlen=0 term=0
ce=273 rx=1 crc=1 new=1 llid=1 len=0 tx=1 txllid=1 txlen=0 term=0
ce=274 rx=1 crc=1 new=1 llid=1 len=0 tx=1 txllid=1 txlen=0 term=0
ce=275 rx=1 crc=1 new=1 llid=1 len=0 tx=1 txllid=1 txlen=0 term=0
ce=276 rx=1 crc=1 new=1 llid=1 len=0 tx=1 txllid=1 txlen=0 term=0
ce=277 rx=1 crc=1 new=1 llid=1 len=0 tx=1 txllid=1 txlen=0 term=0
ce=278 rx=1 crc=1 new=1 llid=1 len=0 tx=1 txllid=1 txlen=0 term=0
ce=279 rx=1 crc=1 new=1 llid=1 len=0 tx=1 txllid=1 txlen=0 term=0
ce=280 rx=1 crc=1 new=1 llid=1 len=0 tx=1 txllid=1 txlen=0 term=0
ce=281 rx=1 crc=1 new=1 llid=1 len=0 tx=1 txllid=1 txlen=0 term=0
ce=282 rx=1 crc=1 new=1 llid=1 len=0 tx=1 txllid=1 txlen=0 term=0
ce=283 rx=1 crc=1 new=1 llid=1 len=0 tx=1 txllid=1 txlen=0 term=0
ce=284 rx=1 crc=1 new=1 llid=1 len=0 tx=1 txllid=1 txlen=0 term=0
ce=285 rx=1 crc=1 new=1 llid=1 len=0 tx=1 txllid=1 txlen=0 term=0
ce=286 rx=1 crc=1 new=1 llid=1 len=0 tx=1 txllid=1 txlen=0 term=0
ce=287 rx=1 crc=1 new=1 llid=1 len=0 tx=1 txllid=1 txlen=0 term=0
ce=288 rx=1 crc=1 new=1 llid=1 len=0 tx=1 txllid=1 txlen=0 term=0
ce=289 rx=1 crc=1 new=1 llid=1 len=0 tx=1 txllid=1 txlen=0 term=0
ce=290 rx=1 crc=1 new=1 llid=1 len=0 tx=1 txllid=1 txlen=0 term=0
ce=291 rx=1 crc=1 new=1 llid=1 len=0 tx=1 txllid=1 txlen=0 term=0
ce=292 rx=1 crc=1 new=1 llid=1 len=0 tx=1 txllid=1 txlen=0 term=0
ce=293 rx=1 crc=1 new=1 llid=1 len=0 tx=1 txllid=1 txlen=0 term=0
ce=294 rx=1 crc=1 new=1 llid=1 len=0 tx=1 txllid=1 txlen=0 term=0
ce=295 rx=1 crc=1 new=1 llid=1 len=0 tx=1 txllid=1 txlen=0 term=0
ce=296 rx=1 crc=1 new=1 llid=1 len=0 tx=1 txllid=1 txlen=0 term=0
ce=297 rx=1 crc=1 new=1 llid=1 len=0 tx=1 txllid=1 txlen=0 term=0
ce=298 rx=1 crc=1 new=0 llid=1 len=0 tx=1 txllid=1 txlen=0 term=0
ce=299 rx=1 crc=1 new=1 llid=1 len=0 tx=1 txllid=1 txlen=0 term=0
ce=300 rx=1 crc=1 new=1 llid=1 len=0 tx=1 txllid=1 txlen=0 term=0
ce=301 rx=1 crc=1 new=1 llid=1 len=0 tx=1 txllid=1 txlen=0 term=0
ce=302 rx=1 crc=1 new=1 llid=1 len=0 tx=1 txllid=1 txlen=0 term=0
ce=303 rx=1 crc=1 new=1 llid=3 len=8 tx=1 txllid=1 txlen=0 term=0
ce=304 rx=1 crc=1 new=1 llid=1 len=0 tx=1 txllid=1 txlen=0 term=0
ce=305 rx=1 crc=1 new=1 llid=1 len=0 tx=1 txllid=1 txlen=0 term=0
ce=306 rx=1 crc=1 new=1 llid=1 len=0 tx=1 txllid=1 txlen=0 term=0
ce=307 rx=1 crc=1 new=1 llid=1 len=0 tx=1 txllid=1 txlen=0 term=0
ce=308 rx=1 crc=1 new=1 llid=1 len=0 tx=1 txllid=1 txlen=0 term=0
ce=309 rx=1 crc=1 new=1 llid=1 len=0 tx=1 txllid=1 txlen=0 term=0
ce=310 rx=1 crc=1 new=1 llid=1 len=0 tx=1 txllid=1 txlen=0 term=0
ce=311 rx=1 crc=1 new=1 llid=1 len=0 tx=1 txllid=1 txlen=0 term=0
ce=312 rx=1 crc=1 new=1 llid=1 len=0 tx=1 txllid=1 txlen=0 term=0
ce=313 rx=1 crc=1 new=1 llid=1 len=0 tx=1 txllid=1 txlen=0 term=0
ce=314 rx=1 crc=1 new=1 llid=1 len=0 tx=1 txllid=1 txlen=0 term=0
ce=315 rx=1 crc=1 new=1 llid=1 len=0 tx=1 txllid=1 txlen=0 term=0
ce=316 rx=1 crc=1 new=0 llid=1 len=0 tx=1 txllid=1 txlen=0 term=0
ce=317 rx=1 crc=1 new=1 llid=1 len=0 tx=1 txllid=1 txlen=0 term=0
ce=318 rx=1 crc=1 new=1 llid=1 len=0 tx=1 txllid=1 txlen=0 term=0
ce=319 rx=1 crc=1 new=1 llid=1 len=0 tx=1 txllid=1 txlen=0 term=0
ce=320 rx=1 crc=1 new=1 llid=1 len=0 tx=1 txllid=1 txlen=0 term=0
ce=321 rx=1 crc=1 new=1 llid=1 len=0 tx=1 txllid=1 txlen=0 term=0
ce=322 rx=1 crc=1 new=1 llid=1 len=0 tx=1 txllid=1 txlen=0 term=0
ce=323 rx=1 crc=1 new=1 llid=1 len=0 tx=1 txllid=1 txlen=0 term=0
ce=324 rx=1 crc=1 new=1 llid=1 len=0 tx=1 txllid=1 txlen=0 term=0
ce=325 rx=1 crc=1 new=1 llid=1 len=0 tx=1 txllid=1 txlen=0 term=0
ce=326 rx=1 crc=1 new=1 llid=1 len=0 tx=1 txllid=1 txlen=0 term=0
ce=327 rx=1 crc=1 new=1 llid=1 len=0 tx=1 txllid=1 txlen=0 term=0
ce=328 rx=1 crc=1 new=1 llid=1 len=0 tx=1 txllid=1 txlen=0 term=0
ce=329 rx=1 crc=1 new=1 llid=1 len=0 tx=1 txllid=1 txlen=0 term=0
ce=330 rx=1 crc=1 new=0 llid=1 len=0 tx=1 txllid=1 txlen=0 term=0
ce=331 rx=1 crc=1 new=1 llid=1 len=0 tx=1 txllid=1 txlen=0 term=0
ce=332 rx=1 crc=1 new=1 llid=1 len=0 tx=1 txllid=1 txlen=0 term=0
ce=333 rx=1 crc=1 new=1 llid=1 len=0 tx=1 txllid=1 txlen=0 term=0
ce=334 rx=1 crc=1 new=1 llid=1 len=0 tx=1 txllid=1 txlen=0 term=0
ce=335 rx=1 crc=1 new=1 llid=1 len=0 tx=1 txllid=1 txlen=0 term=0
ce=336 rx=1 crc=1 new=1 llid=1 len=0 tx=1 txllid=1 txlen=0 term=0
ce=337 rx=1 crc=1 new=1 llid=1 len=0 tx=1 txllid=1 txlen=0 term=0
ce=338 rx=1 crc=1 new=1 llid=1 len=0 tx=1 txllid=1 txlen=0 term=0
ce=339 rx=1 crc=1 new=1 llid=1 len=0 tx=1 txllid=1 txlen=0 term=0
ce=340 rx=1 crc=1 new=1 llid=1 len=0 tx=1 txllid=1 txlen=0 term=0
ce=341 rx=1 crc=1 new=1 llid=1 len=0 tx=1 txllid=1 txlen=0 term=0
ce=342 rx=1 crc=1 new=1 llid=1 len=0 tx=1 txllid=1 txlen=0 term=0
ce=343 rx=1 crc=1 new=1 llid=1 len=0 tx=1 txllid=1 txlen=0 term=0
ce=344 rx=1 crc=1 new=1 llid=1 len=0 tx=1 txllid=1 txlen=0 term=0
ce=345 rx=1 crc=1 new=1 llid=1 len=0 tx=1 txllid=1 txlen=0 term=0
ce=346 rx=1 crc=1 new=1 llid=1 len=0 tx=1 txllid=1 txlen=0 term=0
ce=347 rx=1 crc=1 new=1 llid=1 len=0 tx=1 txllid=1 txlen=0 term=0
ce=348 rx=1 crc=1 new=1 llid=1 len=0 tx=1 txllid=1 txlen=0 term=0
ce=349 rx=1 crc=1 new=1 llid=1 len=0 tx=1 txllid=1 txlen=0 term=0
ce=350 rx=1 crc=1 new=1 llid=1 len=0 tx=1 txllid=1 txlen=0 term=0
ce=351 rx=1 crc=1 new=1 llid=1 len=0 tx=1 txllid=1 txlen=0 term=0
ce=352 rx=1 crc=1 new=1 llid=1 len=0 tx=1 txllid=1 txlen=0 term=0
ce=353 rx=1 crc=1 new=1 llid=1 len=0 tx=1 txllid=1 txlen=0 term=0
ce=354 rx=1 crc=1 new=1 llid=1 len=0 tx=1 txllid=1 txlen=0 term=0
ce=355 rx=1 crc=1 new=1 llid=1 len=0 tx=1 txllid=1 txlen=0 term=0
ce=356 rx=1 crc=1 new=1 llid=1 len=0 tx=1 txllid=1 txlen=0 term=0
ce=357 rx=1 crc=1 new=1 llid=1 len=0 tx=1 txllid=1 txlen=0 term=0
ce=358 rx=1 crc=1 new=1 llid=1 len=0 tx=1 txllid=1 txlen=0 term=0
ce=359 rx=1 crc=1 new=1 llid=3 len=8 tx=1 txllid=1 txlen=0 term=0
ce=360 rx=1 crc=1 new=1 llid=1 len=0 tx=1 txllid=1 txlen=0 term=0
ce=361 rx=1 crc=1 new=1 llid=1 len=0 tx=1 txllid=1 txlen=0 term=0
ce=362 rx=1 crc=1 new=1 llid=1 len=0 tx=1 txllid=1 txlen=0 term=0
ce=363 rx=1 crc=1 new=1 llid=1 len=0 tx=1 txllid=1 txlen=0 term=0
ce=364 rx=1 crc=1 new=1 llid=1 len=0 tx=1 txllid=1 txlen=0 term=0
ce=365 rx=1 crc=1 new=1 llid=1 len=0 tx=1 txllid=1 txlen=0 term=0
ce=366 rx=1 crc=1 new=1 llid=1 len=0 tx=1 txllid=1 txlen=0 term=0
ce=367 rx=1 crc=1 new=1 llid=1 len=0 tx=1 txllid=1 txlen=0 term=0
ce=368 rx=1 crc=1 new=1 llid=1 len=0 tx=1 txllid=1 txlen=0 term=0
ce=369 rx=1 crc=1 new=1 llid=1 len=0 tx=1 txllid=1 txlen=0 term=0
ce=370 rx=1 crc=1 new=1 llid=1 len=0 tx=1 txllid=1 txlen=0 term=0
ce=371 rx=1 crc=1 new=1 llid=1 len=0 tx=1 txllid=1 txlen=0 term=0
ce=372 rx=1 crc=1 new=1 llid=1 len=0 tx=1 txllid=1 txlen=0 term=0
ce=373 rx=1 crc=1 new=1 llid=1 len=0 tx=1 txllid=1 txlen=0 term=0
ce=374 rx=1 crc=1 new=1 llid=1 len=0 tx=1 txllid=1 txlen=0 term=0
ce=375 rx=1 crc=1 new=1 llid=1 len=0 tx=1 txllid=1 txlen=0 term=0
[trace] EVT_RX_TIMEOUT
ce=376 rx=0 crc=0 new=0 llid=0 len=0 tx=0 txllid=1 txlen=0 term=0
ce=377 rx=1 crc=1 new=1 llid=1 len=0 tx=1 txllid=1 txlen=0 term=0
ce=378 rx=1 crc=1 new=1 llid=1 len=0 tx=1 txllid=1 txlen=0 term=0
ce=379 rx=1 crc=1 new=1 llid=1 len=0 tx=1 txllid=1 txlen=0 term=0
ce=380 rx=1 crc=1 new=1 llid=1 len=0 tx=1 txllid=1 txlen=0 term=0
ce=381 rx=1 crc=1 new=1 llid=1 len=0 tx=1 txllid=1 txlen=0 term=0
ce=382 rx=1 crc=1 new=0 llid=1 len=0 tx=1 txllid=1 txlen=0 term=0
ce=383 rx=1 crc=1 new=0 llid=1 len=0 tx=1 txllid=1 txlen=0 term=0
ce=384 rx=1 crc=1 new=1 llid=1 len=0 tx=1 txllid=1 txlen=0 term=0
ce=385 rx=1 crc=1 new=1 llid=1 len=0 tx=1 txllid=1 txlen=0 term=0
ce=386 rx=1 crc=1 new=1 llid=1 len=0 tx=1 txllid=1 txlen=0 term=0
[trace] EVT_RX_TIMEOUT
ce=387 rx=0 crc=0 new=0 llid=0 len=0 tx=0 txllid=1 txlen=0 term=0
ce=388 rx=1 crc=1 new=1 llid=1 len=0 tx=1 txllid=1 txlen=0 term=0
ce=389 rx=1 crc=1 new=1 llid=1 len=0 tx=1 txllid=1 txlen=0 term=0
ce=390 rx=1 crc=1 new=1 llid=1 len=0 tx=1 txllid=1 txlen=0 term=0
ce=391 rx=1 crc=1 new=1 llid=1 len=0 tx=1 txllid=1 txlen=0 term=0
ce=392 rx=1 crc=1 new=1 llid=1 len=0 tx=1 txllid=1 txlen=0 term=0
ce=393 rx=1 crc=1 new=1 llid=1 len=0 tx=1 txllid=1 txlen=0 term=0
ce=394 rx=1 crc=1 new=1 llid=1 len=0 tx=1 txllid=1 txlen=0 term=0
ce=395 rx=1 crc=1 new=1 llid=1 len=0 tx=1 txllid=1 txlen=0 term=0
ce=396 rx=1 crc=1 new=1 llid=1 len=0 tx=1 txllid=1 txlen=0 term=0
ce=397 rx=1 crc=1 new=1 llid=1 len=0 tx=1 txllid=1 txlen=0 term=0
ce=398 rx=1 crc=1 new=1 llid=1 len=0 tx=1 txllid=1 txlen=0 term=0
ce=399 rx=1 crc=1 new=1 llid=1 len=0 tx=1 txllid=1 txlen=0 term=0
ce=400 rx=1 crc=1 new=1 llid=1 len=0 tx=1 txllid=1 txlen=0 term=0
ce=401 rx=1 crc=1 new=1 llid=1 len=0 tx=1 txllid=1 txlen=0 term=0
ce=402 rx=1 crc=1 new=1 llid=1 len=0 tx=1 txllid=1 txlen=0 term=0
ce=403 rx=1 crc=1 new=1 llid=1 len=0 tx=1 txllid=1 txlen=0 term=0
ce=404 rx=1 crc=1 new=1 llid=1 len=0 tx=1 txllid=1 txlen=0 term=0
ce=405 rx=1 crc=1 new=1 llid=1 len=0 tx=1 txllid=1 txlen=0 term=0
ce=406 rx=1 crc=1 new=0 llid=1 len=0 tx=1 txllid=1 txlen=0 term=0
ce=407 rx=1 crc=1 new=1 llid=1 len=0 tx=1 txllid=1 txlen=0 term=0
ce=408 rx=1 crc=1 new=1 llid=1 len=0 tx=1 txllid=1 txlen=0 term=0
