SetDiscoveryFilter success
Discovery started
[[0;92mNEW[0m] Device 66:FE:E7:5D:3A:8B 66-FE-E7-5D-3A-8B
[[0;92mNEW[0m] Device A4:C1:38:75:8A:D6 LYWSD03MMC
[[0;92mNEW[0m] Device A4:C1:38:8D:7D:4F ATC_8D7D4F
[[0;93mCHG[0m] Device A4:C1:38:75:8A:D6 RSSI: 0xffffffb1 (-79)
[[0;92mNEW[0m] Device C0:DE:54:15:00:51 X54-PAIR
[[0;92mNEW[0m] Device A4:C1:38:D0:E4:84 ATC_D0E484
[[0;93mCHG[0m] Device A4:C1:38:8D:7D:4F RSSI: 0xffffffa8 (-88)
[[0;92mNEW[0m] Device 56:9F:90:56:68:E2 56-9F-90-56-68-E2
[[0;93mCHG[0m] Device C0:DE:54:15:00:51 RSSI: 0xffffffa7 (-89)
[[0;93mCHG[0m] Device 66:FE:E7:5D:3A:8B RSSI: 0xffffffa9 (-87)
[[0;93mCHG[0m] Device 56:9F:90:56:68:E2 RSSI: 0xffffffa3 (-93)
[[0;93mCHG[0m] Device 56:9F:90:56:68:E2 RSSI: 0xffffffa3 (-93)
[[0;92mNEW[0m] Device F3:7B:9C:DB:48:AD F3-7B-9C-DB-48-AD
[[0;93mCHG[0m] Device 66:FE:E7:5D:3A:8B RSSI: 0xffffffa6 (-90)
[[0;93mCHG[0m] Device 66:FE:E7:5D:3A:8B RSSI: 0xffffffaa (-86)
[[0;93mCHG[0m] Device 56:9F:90:56:68:E2 RSSI: 0xffffffa3 (-93)
[[0;93mCHG[0m] Device C0:DE:54:15:00:51 RSSI: 0xffffffab (-85)
[[0;93mCHG[0m] Device 66:FE:E7:5D:3A:8B RSSI: 0xffffffaa (-86)
[[0;93mCHG[0m] Device 66:FE:E7:5D:3A:8B RSSI: 0xffffffa9 (-87)
